#
# A fatal error has been detected by the Java Runtime Environment:
#
#  SIGSEGV (0xb) at pc=0x00007f5a694d3009, pid=5968, tid=5970
#
# JRE version: OpenJDK Runtime Environment (9.0) (build 9-internal+0-2016-04-14-195246.buildd.src)
# Java VM: OpenJDK 64-Bit Server VM (9-internal+0-2016-04-14-195246.buildd.src, mixed mode, tiered, compressed oops, g1 gc, linux-amd64)
# Problematic frame:
# C  [libjava.so+0x1d009]  JNU_GetEnv+0x19
#
# Core dump will be written. Default location: Core dumps may be processed with "/usr/share/apport/apport %p %s %c %d %P" (or dumping to /home/zhang/myScript/tools/core.5968)
#
# If you would like to submit a bug report, please visit:
#   http://bugreport.java.com/bugreport/crash.jsp
# The crash happened outside the Java Virtual Machine in native code.
# See problematic frame for where to report the bug.
#

---------------  S U M M A R Y ------------

Command Line: plantuml.jar test.uml

Host: Intel(R) Xeon(R) CPU E5-4610 0 @ 2.40GHz, 8 cores, 15G, Ubuntu 16.04.3 LTS
Time: Thu Jun  6 16:10:40 2019 CST elapsed time: 0 seconds (0d 0h 0m 0s)

---------------  T H R E A D  ---------------

Current thread (0x00007f5a64010800):  JavaThread "main" [_thread_in_native, id=5970, stack(0x00007f5a6c247000,0x00007f5a6c348000)]

Stack: [0x00007f5a6c247000,0x00007f5a6c348000],  sp=0x00007f5a6c3456e0,  free space=1017k
Native frames: (J=compiled Java code, j=interpreted, Vv=VM code, C=native code)
C  [libjava.so+0x1d009]  JNU_GetEnv+0x19
C  [libfontmanager.so+0x33f8e]
C  [libfreetype.so.6+0x14d2b]  FT_Stream_Seek+0x1b

Java frames: (J=compiled Java code, j=interpreted, Vv=VM code)
j  sun.font.FreetypeFontScaler.initNativeScaler(Lsun/font/Font2D;IIZI)J+0 java.desktop@9-internal
j  sun.font.FreetypeFontScaler.<init>(Lsun/font/Font2D;IZI)V+26 java.desktop@9-internal
v  ~StubRoutines::call_stub
j  sun.reflect.NativeConstructorAccessorImpl.newInstance0(Ljava/lang/reflect/Constructor;[Ljava/lang/Object;)Ljava/lang/Object;+0 java.base@9-internal
j  sun.reflect.NativeConstructorAccessorImpl.newInstance([Ljava/lang/Object;)Ljava/lang/Object;+85 java.base@9-internal
j  sun.reflect.DelegatingConstructorAccessorImpl.newInstance([Ljava/lang/Object;)Ljava/lang/Object;+5 java.base@9-internal
j  java.lang.reflect.Constructor.newInstance([Ljava/lang/Object;)Ljava/lang/Object;+65 java.base@9-internal
j  sun.font.FontScaler.getScaler(Lsun/font/Font2D;IZI)Lsun/font/FontScaler;+39 java.desktop@9-internal
j  sun.font.TrueTypeFont.getScaler()Lsun/font/FontScaler;+21 java.desktop@9-internal
j  sun.font.FileFontStrike.<init>(Lsun/font/FileFont;Lsun/font/FontStrikeDesc;)V+204 java.desktop@9-internal
j  sun.font.FileFont.createStrike(Lsun/font/FontStrikeDesc;)Lsun/font/FontStrike;+18 java.desktop@9-internal
j  sun.font.Font2D.getStrike(Lsun/font/FontStrikeDesc;Z)Lsun/font/FontStrike;+92 java.desktop@9-internal
j  sun.font.Font2D.getStrike(Lsun/font/FontStrikeDesc;)Lsun/font/FontStrike;+3 java.desktop@9-internal
j  sun.font.CompositeStrike.getStrikeForSlot(I)Lsun/font/PhysicalStrike;+23 java.desktop@9-internal
j  sun.font.CompositeStrike.getFontMetrics()Lsun/font/StrikeMetrics;+31 java.desktop@9-internal
j  sun.font.FontDesignMetrics.initMatrixAndMetrics()V+28 java.desktop@9-internal
j  sun.font.FontDesignMetrics.<init>(Ljava/awt/Font;Ljava/awt/font/FontRenderContext;)V+62 java.desktop@9-internal
j  sun.font.FontDesignMetrics.getMetrics(Ljava/awt/Font;Ljava/awt/font/FontRenderContext;)Lsun/font/FontDesignMetrics;+128 java.desktop@9-internal
j  sun.java2d.SunGraphics2D.getFontMetrics(Ljava/awt/Font;)Ljava/awt/FontMetrics;+25 java.desktop@9-internal
j  net.sourceforge.plantuml.Run.forceOpenJdkResourceLoad()V+47
j  net.sourceforge.plantuml.Run.main([Ljava/lang/String;)V+271
v  ~StubRoutines::call_stub

siginfo: si_signo: 11 (SIGSEGV), si_code: 1 (SEGV_MAPERR), si_addr: 0x0000000000000000

Register to memory mapping:

RAX=0x0000000000000000 is an unknown value
RBX=0x0000000000000000 is an unknown value
RCX=0x0000000000000000 is an unknown value
RDX=0x0000000000010002 is an unknown value
RSP=0x00007f5a6c3456e0 is pointing into the stack for thread: 0x00007f5a64010800
RBP=0x00007f5a6c3456f0 is pointing into the stack for thread: 0x00007f5a64010800
RSI=0x0000000000010002 is an unknown value
RDI=0x0000000000000000 is an unknown value
R8 =0x0000000000000000 is an unknown value
R9 =0x0000000000000000 is an unknown value
R10=0x00000000000001db is an unknown value
R11=0x00007f5a694d2ff0: JNU_GetEnv+0x0000000000000000 in /usr/lib/jvm/java-9-openjdk-amd64/lib/amd64/libjava.so at 0x00007f5a694b6000
R12=0x00007f5a643ef6f0 is an unknown value
R13=0x0000000000000000 is an unknown value
R14=0x0000000000000000 is an unknown value
R15=0x00007f5a643ef750 is an unknown value


Registers:
RAX=0x0000000000000000, RBX=0x0000000000000000, RCX=0x0000000000000000, RDX=0x0000000000010002
RSP=0x00007f5a6c3456e0, RBP=0x00007f5a6c3456f0, RSI=0x0000000000010002, RDI=0x0000000000000000
R8 =0x0000000000000000, R9 =0x0000000000000000, R10=0x00000000000001db, R11=0x00007f5a694d2ff0
R12=0x00007f5a643ef6f0, R13=0x0000000000000000, R14=0x0000000000000000, R15=0x00007f5a643ef750
RIP=0x00007f5a694d3009, EFLAGS=0x0000000000010246, CSGSFS=0x0000000000000033, ERR=0x0000000000000004
  TRAPNO=0x000000000000000e

Top of Stack: (sp=0x00007f5a6c3456e0)
0x00007f5a6c3456e0:   0000000000000000 764609fb76b59200
0x00007f5a6c3456f0:   00007f5a6c345730 00007f59ed091f8e
0x00007f5a6c345700:   00007f5a643eeba0 00007f5a643ef6f0
0x00007f5a6c345710:   0000000000000000 0000000000000000
0x00007f5a6c345720:   00007f5a643ef6f0 00007f5a643ef750
0x00007f5a6c345730:   0000000000000000 00007f59ecdc8d2b
0x00007f5a6c345740:   0000000000000000 00007f59ed05ad80
0x00007f5a6c345750:   0000000000000000 00007f59ecddc8e0
0x00007f5a6c345760:   0000000000000002 0000003200000008
0x00007f5a6c345770:   0000000000000000 0000000000000000
0x00007f5a6c345780:   0000006e0000005b 0000000000000000
0x00007f5a6c345790:   0000000000000000 0000007c00000077
0x00007f5a6c3457a0:   0202020202020202 0202020202020202
0x00007f5a6c3457b0:   0000000000000000 0000000000000000
0x00007f5a6c3457c0:   0101010101010101 00007f5a64000020
0x00007f5a6c3457d0:   0000000000000070 00007f5a6c345884
0x00007f5a6c3457e0:   00007f5a643eeba0 00007f5a643ef750
0x00007f5a6c3457f0:   00007f5a6c345884 00007f5a6bbe1184
0x00007f5a6c345800:   00007f5a6ab58f00 00007f5a6c345834
0x00007f5a6c345810:   00007f59ed0579e0 764609fb76b59200
0x00007f5a6c345820:   0000000000000070 00007f5a643e8b40
0x00007f5a6c345830:   00007f59ed0579e0 00007f5a6c345948
0x00007f5a6c345840:   00007f5a643eeba0 00007f5a643ef750
0x00007f5a6c345850:   00007f5a643efc80 00007f59ecdcb4c2
0x00007f5a6c345860:   0000000100000000 00007f5a6c345950
0x00007f5a6c345870:   0000000000000000 0000000000000000
0x00007f5a6c345880:   000000006c345948 764609fb76b59200
0x00007f5a6c345890:   00007f5a643e8b40 00007f5a6c345950
0x00007f5a6c3458a0:   0000000000000000 00007f5a643eeac8
0x00007f5a6c3458b0:   00007f5a6c345b50 00007f5a643eea28
0x00007f5a6c3458c0:   00007f5a643eeba0 00007f59ecdcd581
0x00007f5a6c3458d0:   00007f5a6c345950 00007f59ecdcd376 

Instructions: (pc=0x00007f5a694d3009)
0x00007f5a694d2fe9:   ff eb ea 0f 1f 40 00 55 89 f2 48 89 e5 48 83 ec
0x00007f5a694d2ff9:   10 64 48 8b 04 25 28 00 00 00 48 89 45 f8 31 c0
0x00007f5a694d3009:   48 8b 07 48 8d 75 f0 ff 50 30 48 8b 4d f8 64 48
0x00007f5a694d3019:   33 0c 25 28 00 00 00 48 8b 45 f0 75 02 c9 c3 e8 


---------------  P R O C E S S  ---------------

Java Threads: ( => current thread )
  0x00007f5a643b3800 JavaThread "Java2D Disposer" daemon [_thread_blocked, id=6004, stack(0x00007f59ed328000,0x00007f59ed429000)]
  0x00007f5a642b6000 JavaThread "Service Thread" daemon [_thread_blocked, id=6002, stack(0x00007f59eda02000,0x00007f59edb03000)]
  0x00007f5a64282800 JavaThread "Common-Cleaner" daemon [_thread_blocked, id=6001, stack(0x00007f59edb03000,0x00007f59edc04000)]
  0x00007f5a64263000 JavaThread "Sweeper thread" daemon [_thread_blocked, id=6000, stack(0x00007f59ee32e000,0x00007f59ee42f000)]
  0x00007f5a64259000 JavaThread "C1 CompilerThread3" daemon [_thread_blocked, id=5999, stack(0x00007f59ee42f000,0x00007f59ee530000)]
  0x00007f5a64257000 JavaThread "C2 CompilerThread2" daemon [_thread_in_native, id=5998, stack(0x00007f59ee530000,0x00007f59ee631000)]
  0x00007f5a64255000 JavaThread "C2 CompilerThread1" daemon [_thread_blocked, id=5997, stack(0x00007f59ee631000,0x00007f59ee732000)]
  0x00007f5a64253800 JavaThread "C2 CompilerThread0" daemon [_thread_blocked, id=5996, stack(0x00007f59ee732000,0x00007f59ee833000)]
  0x00007f5a6424f000 JavaThread "Signal Dispatcher" daemon [_thread_blocked, id=5995, stack(0x00007f59ee833000,0x00007f59ee934000)]
  0x00007f5a6424d000 JavaThread "Surrogate Locker Thread (Concurrent GC)" daemon [_thread_blocked, id=5994, stack(0x00007f59ee934000,0x00007f59eea35000)]
  0x00007f5a6423b800 JavaThread "Finalizer" daemon [_thread_blocked, id=5993, stack(0x00007f59eed0d000,0x00007f59eee0e000)]
  0x00007f5a64237800 JavaThread "Reference Handler" daemon [_thread_blocked, id=5992, stack(0x00007f59eee0e000,0x00007f59eef0f000)]
=>0x00007f5a64010800 JavaThread "main" [_thread_in_native, id=5970, stack(0x00007f5a6c247000,0x00007f5a6c348000)]

Other Threads:
  0x00007f5a6422d800 VMThread [stack: 0x00007f59eef0f000,0x00007f59ef010000] [id=5991]
  0x00007f5a6432a800 WatcherThread [stack: 0x00007f59ed901000,0x00007f59eda02000] [id=6003]

Threads with active compile tasks:
C2 CompilerThread2 365       4       java.util.HashMap::putVal (300 bytes)

VM state:not at safepoint (normal execution)

VM Mutex/Monitor currently owned by a thread: None

heap address: 0x00000006c5400000, size: 4012 MB, Compressed Oops mode: Zero based, Oop shift amount: 3
Narrow klass base: 0x0000000000000000, Narrow klass shift: 3
Compressed class space size: 1073741824 Address: 0x00000007c0000000

Heap:
 garbage-first heap   total 258048K, used 5120K [0x00000006c5400000, 0x00000006c55007e0, 0x00000007c0000000)
  region size 1024K, 6 young (6144K), 0 survivors (0K)
 Metaspace       used 7668K, capacity 7892K, committed 8064K, reserved 1056768K
  class space    used 807K, capacity 881K, committed 896K, reserved 1048576K

Heap Regions: E=young(eden), S=young(survivor), O=old, HS=humongous(starts), HC=humongous(continues), CS=collection set, F=free, A=archive, TS=gc time stamp, AC=allocation context, TAMS=top-at-mark-start (previous, next)
|   0|0x00000006c5400000, 0x00000006c5400000, 0x00000006c5500000|  0%| F|  |TS  0|AC  0|TAMS 0x00000006c5400000, 0x00000006c5400000|
|   1|0x00000006c5500000, 0x00000006c5500000, 0x00000006c5600000|  0%| F|  |TS  0|AC  0|TAMS 0x00000006c5500000, 0x00000006c5500000|
|   2|0x00000006c5600000, 0x00000006c5600000, 0x00000006c5700000|  0%| F|  |TS  0|AC  0|TAMS 0x00000006c5600000, 0x00000006c5600000|
|   3|0x00000006c5700000, 0x00000006c5700000, 0x00000006c5800000|  0%| F|  |TS  0|AC  0|TAMS 0x00000006c5700000, 0x00000006c5700000|
|   4|0x00000006c5800000, 0x00000006c5800000, 0x00000006c5900000|  0%| F|  |TS  0|AC  0|TAMS 0x00000006c5800000, 0x00000006c5800000|
|   5|0x00000006c5900000, 0x00000006c5900000, 0x00000006c5a00000|  0%| F|  |TS  0|AC  0|TAMS 0x00000006c5900000, 0x00000006c5900000|
|   6|0x00000006c5a00000, 0x00000006c5a00000, 0x00000006c5b00000|  0%| F|  |TS  0|AC  0|TAMS 0x00000006c5a00000, 0x00000006c5a00000|
|   7|0x00000006c5b00000, 0x00000006c5b00000, 0x00000006c5c00000|  0%| F|  |TS  0|AC  0|TAMS 0x00000006c5b00000, 0x00000006c5b00000|
|   8|0x00000006c5c00000, 0x00000006c5c00000, 0x00000006c5d00000|  0%| F|  |TS  0|AC  0|TAMS 0x00000006c5c00000, 0x00000006c5c00000|
|   9|0x00000006c5d00000, 0x00000006c5d00000, 0x00000006c5e00000|  0%| F|  |TS  0|AC  0|TAMS 0x00000006c5d00000, 0x00000006c5d00000|
|  10|0x00000006c5e00000, 0x00000006c5e00000, 0x00000006c5f00000|  0%| F|  |TS  0|AC  0|TAMS 0x00000006c5e00000, 0x00000006c5e00000|
|  11|0x00000006c5f00000, 0x00000006c5f00000, 0x00000006c6000000|  0%| F|  |TS  0|AC  0|TAMS 0x00000006c5f00000, 0x00000006c5f00000|
|  12|0x00000006c6000000, 0x00000006c6000000, 0x00000006c6100000|  0%| F|  |TS  0|AC  0|TAMS 0x00000006c6000000, 0x00000006c6000000|
|  13|0x00000006c6100000, 0x00000006c6100000, 0x00000006c6200000|  0%| F|  |TS  0|AC  0|TAMS 0x00000006c6100000, 0x00000006c6100000|
|  14|0x00000006c6200000, 0x00000006c6200000, 0x00000006c6300000|  0%| F|  |TS  0|AC  0|TAMS 0x00000006c6200000, 0x00000006c6200000|
|  15|0x00000006c6300000, 0x00000006c6300000, 0x00000006c6400000|  0%| F|  |TS  0|AC  0|TAMS 0x00000006c6300000, 0x00000006c6300000|
|  16|0x00000006c6400000, 0x00000006c6400000, 0x00000006c6500000|  0%| F|  |TS  0|AC  0|TAMS 0x00000006c6400000, 0x00000006c6400000|
|  17|0x00000006c6500000, 0x00000006c6500000, 0x00000006c6600000|  0%| F|  |TS  0|AC  0|TAMS 0x00000006c6500000, 0x00000006c6500000|
|  18|0x00000006c6600000, 0x00000006c6600000, 0x00000006c6700000|  0%| F|  |TS  0|AC  0|TAMS 0x00000006c6600000, 0x00000006c6600000|
|  19|0x00000006c6700000, 0x00000006c6700000, 0x00000006c6800000|  0%| F|  |TS  0|AC  0|TAMS 0x00000006c6700000, 0x00000006c6700000|
|  20|0x00000006c6800000, 0x00000006c6800000, 0x00000006c6900000|  0%| F|  |TS  0|AC  0|TAMS 0x00000006c6800000, 0x00000006c6800000|
|  21|0x00000006c6900000, 0x00000006c6900000, 0x00000006c6a00000|  0%| F|  |TS  0|AC  0|TAMS 0x00000006c6900000, 0x00000006c6900000|
|  22|0x00000006c6a00000, 0x00000006c6a00000, 0x00000006c6b00000|  0%| F|  |TS  0|AC  0|TAMS 0x00000006c6a00000, 0x00000006c6a00000|
|  23|0x00000006c6b00000, 0x00000006c6b00000, 0x00000006c6c00000|  0%| F|  |TS  0|AC  0|TAMS 0x00000006c6b00000, 0x00000006c6b00000|
|  24|0x00000006c6c00000, 0x00000006c6c00000, 0x00000006c6d00000|  0%| F|  |TS  0|AC  0|TAMS 0x00000006c6c00000, 0x00000006c6c00000|
|  25|0x00000006c6d00000, 0x00000006c6d00000, 0x00000006c6e00000|  0%| F|  |TS  0|AC  0|TAMS 0x00000006c6d00000, 0x00000006c6d00000|
|  26|0x00000006c6e00000, 0x00000006c6e00000, 0x00000006c6f00000|  0%| F|  |TS  0|AC  0|TAMS 0x00000006c6e00000, 0x00000006c6e00000|
|  27|0x00000006c6f00000, 0x00000006c6f00000, 0x00000006c7000000|  0%| F|  |TS  0|AC  0|TAMS 0x00000006c6f00000, 0x00000006c6f00000|
|  28|0x00000006c7000000, 0x00000006c7000000, 0x00000006c7100000|  0%| F|  |TS  0|AC  0|TAMS 0x00000006c7000000, 0x00000006c7000000|
|  29|0x00000006c7100000, 0x00000006c7100000, 0x00000006c7200000|  0%| F|  |TS  0|AC  0|TAMS 0x00000006c7100000, 0x00000006c7100000|
|  30|0x00000006c7200000, 0x00000006c7200000, 0x00000006c7300000|  0%| F|  |TS  0|AC  0|TAMS 0x00000006c7200000, 0x00000006c7200000|
|  31|0x00000006c7300000, 0x00000006c7300000, 0x00000006c7400000|  0%| F|  |TS  0|AC  0|TAMS 0x00000006c7300000, 0x00000006c7300000|
|  32|0x00000006c7400000, 0x00000006c7400000, 0x00000006c7500000|  0%| F|  |TS  0|AC  0|TAMS 0x00000006c7400000, 0x00000006c7400000|
|  33|0x00000006c7500000, 0x00000006c7500000, 0x00000006c7600000|  0%| F|  |TS  0|AC  0|TAMS 0x00000006c7500000, 0x00000006c7500000|
|  34|0x00000006c7600000, 0x00000006c7600000, 0x00000006c7700000|  0%| F|  |TS  0|AC  0|TAMS 0x00000006c7600000, 0x00000006c7600000|
|  35|0x00000006c7700000, 0x00000006c7700000, 0x00000006c7800000|  0%| F|  |TS  0|AC  0|TAMS 0x00000006c7700000, 0x00000006c7700000|
|  36|0x00000006c7800000, 0x00000006c7800000, 0x00000006c7900000|  0%| F|  |TS  0|AC  0|TAMS 0x00000006c7800000, 0x00000006c7800000|
|  37|0x00000006c7900000, 0x00000006c7900000, 0x00000006c7a00000|  0%| F|  |TS  0|AC  0|TAMS 0x00000006c7900000, 0x00000006c7900000|
|  38|0x00000006c7a00000, 0x00000006c7a00000, 0x00000006c7b00000|  0%| F|  |TS  0|AC  0|TAMS 0x00000006c7a00000, 0x00000006c7a00000|
|  39|0x00000006c7b00000, 0x00000006c7b00000, 0x00000006c7c00000|  0%| F|  |TS  0|AC  0|TAMS 0x00000006c7b00000, 0x00000006c7b00000|
|  40|0x00000006c7c00000, 0x00000006c7c00000, 0x00000006c7d00000|  0%| F|  |TS  0|AC  0|TAMS 0x00000006c7c00000, 0x00000006c7c00000|
|  41|0x00000006c7d00000, 0x00000006c7d00000, 0x00000006c7e00000|  0%| F|  |TS  0|AC  0|TAMS 0x00000006c7d00000, 0x00000006c7d00000|
|  42|0x00000006c7e00000, 0x00000006c7e00000, 0x00000006c7f00000|  0%| F|  |TS  0|AC  0|TAMS 0x00000006c7e00000, 0x00000006c7e00000|
|  43|0x00000006c7f00000, 0x00000006c7f00000, 0x00000006c8000000|  0%| F|  |TS  0|AC  0|TAMS 0x00000006c7f00000, 0x00000006c7f00000|
|  44|0x00000006c8000000, 0x00000006c8000000, 0x00000006c8100000|  0%| F|  |TS  0|AC  0|TAMS 0x00000006c8000000, 0x00000006c8000000|
|  45|0x00000006c8100000, 0x00000006c8100000, 0x00000006c8200000|  0%| F|  |TS  0|AC  0|TAMS 0x00000006c8100000, 0x00000006c8100000|
|  46|0x00000006c8200000, 0x00000006c8200000, 0x00000006c8300000|  0%| F|  |TS  0|AC  0|TAMS 0x00000006c8200000, 0x00000006c8200000|
|  47|0x00000006c8300000, 0x00000006c8300000, 0x00000006c8400000|  0%| F|  |TS  0|AC  0|TAMS 0x00000006c8300000, 0x00000006c8300000|
|  48|0x00000006c8400000, 0x00000006c8400000, 0x00000006c8500000|  0%| F|  |TS  0|AC  0|TAMS 0x00000006c8400000, 0x00000006c8400000|
|  49|0x00000006c8500000, 0x00000006c8500000, 0x00000006c8600000|  0%| F|  |TS  0|AC  0|TAMS 0x00000006c8500000, 0x00000006c8500000|
|  50|0x00000006c8600000, 0x00000006c8600000, 0x00000006c8700000|  0%| F|  |TS  0|AC  0|TAMS 0x00000006c8600000, 0x00000006c8600000|
|  51|0x00000006c8700000, 0x00000006c8700000, 0x00000006c8800000|  0%| F|  |TS  0|AC  0|TAMS 0x00000006c8700000, 0x00000006c8700000|
|  52|0x00000006c8800000, 0x00000006c8800000, 0x00000006c8900000|  0%| F|  |TS  0|AC  0|TAMS 0x00000006c8800000, 0x00000006c8800000|
|  53|0x00000006c8900000, 0x00000006c8900000, 0x00000006c8a00000|  0%| F|  |TS  0|AC  0|TAMS 0x00000006c8900000, 0x00000006c8900000|
|  54|0x00000006c8a00000, 0x00000006c8a00000, 0x00000006c8b00000|  0%| F|  |TS  0|AC  0|TAMS 0x00000006c8a00000, 0x00000006c8a00000|
|  55|0x00000006c8b00000, 0x00000006c8b00000, 0x00000006c8c00000|  0%| F|  |TS  0|AC  0|TAMS 0x00000006c8b00000, 0x00000006c8b00000|
|  56|0x00000006c8c00000, 0x00000006c8c00000, 0x00000006c8d00000|  0%| F|  |TS  0|AC  0|TAMS 0x00000006c8c00000, 0x00000006c8c00000|
|  57|0x00000006c8d00000, 0x00000006c8d00000, 0x00000006c8e00000|  0%| F|  |TS  0|AC  0|TAMS 0x00000006c8d00000, 0x00000006c8d00000|
|  58|0x00000006c8e00000, 0x00000006c8e00000, 0x00000006c8f00000|  0%| F|  |TS  0|AC  0|TAMS 0x00000006c8e00000, 0x00000006c8e00000|
|  59|0x00000006c8f00000, 0x00000006c8f00000, 0x00000006c9000000|  0%| F|  |TS  0|AC  0|TAMS 0x00000006c8f00000, 0x00000006c8f00000|
|  60|0x00000006c9000000, 0x00000006c9000000, 0x00000006c9100000|  0%| F|  |TS  0|AC  0|TAMS 0x00000006c9000000, 0x00000006c9000000|
|  61|0x00000006c9100000, 0x00000006c9100000, 0x00000006c9200000|  0%| F|  |TS  0|AC  0|TAMS 0x00000006c9100000, 0x00000006c9100000|
|  62|0x00000006c9200000, 0x00000006c9200000, 0x00000006c9300000|  0%| F|  |TS  0|AC  0|TAMS 0x00000006c9200000, 0x00000006c9200000|
|  63|0x00000006c9300000, 0x00000006c9300000, 0x00000006c9400000|  0%| F|  |TS  0|AC  0|TAMS 0x00000006c9300000, 0x00000006c9300000|
|  64|0x00000006c9400000, 0x00000006c9400000, 0x00000006c9500000|  0%| F|  |TS  0|AC  0|TAMS 0x00000006c9400000, 0x00000006c9400000|
|  65|0x00000006c9500000, 0x00000006c9500000, 0x00000006c9600000|  0%| F|  |TS  0|AC  0|TAMS 0x00000006c9500000, 0x00000006c9500000|
|  66|0x00000006c9600000, 0x00000006c9600000, 0x00000006c9700000|  0%| F|  |TS  0|AC  0|TAMS 0x00000006c9600000, 0x00000006c9600000|
|  67|0x00000006c9700000, 0x00000006c9700000, 0x00000006c9800000|  0%| F|  |TS  0|AC  0|TAMS 0x00000006c9700000, 0x00000006c9700000|
|  68|0x00000006c9800000, 0x00000006c9800000, 0x00000006c9900000|  0%| F|  |TS  0|AC  0|TAMS 0x00000006c9800000, 0x00000006c9800000|
|  69|0x00000006c9900000, 0x00000006c9900000, 0x00000006c9a00000|  0%| F|  |TS  0|AC  0|TAMS 0x00000006c9900000, 0x00000006c9900000|
|  70|0x00000006c9a00000, 0x00000006c9a00000, 0x00000006c9b00000|  0%| F|  |TS  0|AC  0|TAMS 0x00000006c9a00000, 0x00000006c9a00000|
|  71|0x00000006c9b00000, 0x00000006c9b00000, 0x00000006c9c00000|  0%| F|  |TS  0|AC  0|TAMS 0x00000006c9b00000, 0x00000006c9b00000|
|  72|0x00000006c9c00000, 0x00000006c9c00000, 0x00000006c9d00000|  0%| F|  |TS  0|AC  0|TAMS 0x00000006c9c00000, 0x00000006c9c00000|
|  73|0x00000006c9d00000, 0x00000006c9d00000, 0x00000006c9e00000|  0%| F|  |TS  0|AC  0|TAMS 0x00000006c9d00000, 0x00000006c9d00000|
|  74|0x00000006c9e00000, 0x00000006c9e00000, 0x00000006c9f00000|  0%| F|  |TS  0|AC  0|TAMS 0x00000006c9e00000, 0x00000006c9e00000|
|  75|0x00000006c9f00000, 0x00000006c9f00000, 0x00000006ca000000|  0%| F|  |TS  0|AC  0|TAMS 0x00000006c9f00000, 0x00000006c9f00000|
|  76|0x00000006ca000000, 0x00000006ca000000, 0x00000006ca100000|  0%| F|  |TS  0|AC  0|TAMS 0x00000006ca000000, 0x00000006ca000000|
|  77|0x00000006ca100000, 0x00000006ca100000, 0x00000006ca200000|  0%| F|  |TS  0|AC  0|TAMS 0x00000006ca100000, 0x00000006ca100000|
|  78|0x00000006ca200000, 0x00000006ca200000, 0x00000006ca300000|  0%| F|  |TS  0|AC  0|TAMS 0x00000006ca200000, 0x00000006ca200000|
|  79|0x00000006ca300000, 0x00000006ca300000, 0x00000006ca400000|  0%| F|  |TS  0|AC  0|TAMS 0x00000006ca300000, 0x00000006ca300000|
|  80|0x00000006ca400000, 0x00000006ca400000, 0x00000006ca500000|  0%| F|  |TS  0|AC  0|TAMS 0x00000006ca400000, 0x00000006ca400000|
|  81|0x00000006ca500000, 0x00000006ca500000, 0x00000006ca600000|  0%| F|  |TS  0|AC  0|TAMS 0x00000006ca500000, 0x00000006ca500000|
|  82|0x00000006ca600000, 0x00000006ca600000, 0x00000006ca700000|  0%| F|  |TS  0|AC  0|TAMS 0x00000006ca600000, 0x00000006ca600000|
|  83|0x00000006ca700000, 0x00000006ca700000, 0x00000006ca800000|  0%| F|  |TS  0|AC  0|TAMS 0x00000006ca700000, 0x00000006ca700000|
|  84|0x00000006ca800000, 0x00000006ca800000, 0x00000006ca900000|  0%| F|  |TS  0|AC  0|TAMS 0x00000006ca800000, 0x00000006ca800000|
|  85|0x00000006ca900000, 0x00000006ca900000, 0x00000006caa00000|  0%| F|  |TS  0|AC  0|TAMS 0x00000006ca900000, 0x00000006ca900000|
|  86|0x00000006caa00000, 0x00000006caa00000, 0x00000006cab00000|  0%| F|  |TS  0|AC  0|TAMS 0x00000006caa00000, 0x00000006caa00000|
|  87|0x00000006cab00000, 0x00000006cab00000, 0x00000006cac00000|  0%| F|  |TS  0|AC  0|TAMS 0x00000006cab00000, 0x00000006cab00000|
|  88|0x00000006cac00000, 0x00000006cac00000, 0x00000006cad00000|  0%| F|  |TS  0|AC  0|TAMS 0x00000006cac00000, 0x00000006cac00000|
|  89|0x00000006cad00000, 0x00000006cad00000, 0x00000006cae00000|  0%| F|  |TS  0|AC  0|TAMS 0x00000006cad00000, 0x00000006cad00000|
|  90|0x00000006cae00000, 0x00000006cae00000, 0x00000006caf00000|  0%| F|  |TS  0|AC  0|TAMS 0x00000006cae00000, 0x00000006cae00000|
|  91|0x00000006caf00000, 0x00000006caf00000, 0x00000006cb000000|  0%| F|  |TS  0|AC  0|TAMS 0x00000006caf00000, 0x00000006caf00000|
|  92|0x00000006cb000000, 0x00000006cb000000, 0x00000006cb100000|  0%| F|  |TS  0|AC  0|TAMS 0x00000006cb000000, 0x00000006cb000000|
|  93|0x00000006cb100000, 0x00000006cb100000, 0x00000006cb200000|  0%| F|  |TS  0|AC  0|TAMS 0x00000006cb100000, 0x00000006cb100000|
|  94|0x00000006cb200000, 0x00000006cb200000, 0x00000006cb300000|  0%| F|  |TS  0|AC  0|TAMS 0x00000006cb200000, 0x00000006cb200000|
|  95|0x00000006cb300000, 0x00000006cb300000, 0x00000006cb400000|  0%| F|  |TS  0|AC  0|TAMS 0x00000006cb300000, 0x00000006cb300000|
|  96|0x00000006cb400000, 0x00000006cb400000, 0x00000006cb500000|  0%| F|  |TS  0|AC  0|TAMS 0x00000006cb400000, 0x00000006cb400000|
|  97|0x00000006cb500000, 0x00000006cb500000, 0x00000006cb600000|  0%| F|  |TS  0|AC  0|TAMS 0x00000006cb500000, 0x00000006cb500000|
|  98|0x00000006cb600000, 0x00000006cb600000, 0x00000006cb700000|  0%| F|  |TS  0|AC  0|TAMS 0x00000006cb600000, 0x00000006cb600000|
|  99|0x00000006cb700000, 0x00000006cb700000, 0x00000006cb800000|  0%| F|  |TS  0|AC  0|TAMS 0x00000006cb700000, 0x00000006cb700000|
| 100|0x00000006cb800000, 0x00000006cb800000, 0x00000006cb900000|  0%| F|  |TS  0|AC  0|TAMS 0x00000006cb800000, 0x00000006cb800000|
| 101|0x00000006cb900000, 0x00000006cb900000, 0x00000006cba00000|  0%| F|  |TS  0|AC  0|TAMS 0x00000006cb900000, 0x00000006cb900000|
| 102|0x00000006cba00000, 0x00000006cba00000, 0x00000006cbb00000|  0%| F|  |TS  0|AC  0|TAMS 0x00000006cba00000, 0x00000006cba00000|
| 103|0x00000006cbb00000, 0x00000006cbb00000, 0x00000006cbc00000|  0%| F|  |TS  0|AC  0|TAMS 0x00000006cbb00000, 0x00000006cbb00000|
| 104|0x00000006cbc00000, 0x00000006cbc00000, 0x00000006cbd00000|  0%| F|  |TS  0|AC  0|TAMS 0x00000006cbc00000, 0x00000006cbc00000|
| 105|0x00000006cbd00000, 0x00000006cbd00000, 0x00000006cbe00000|  0%| F|  |TS  0|AC  0|TAMS 0x00000006cbd00000, 0x00000006cbd00000|
| 106|0x00000006cbe00000, 0x00000006cbe00000, 0x00000006cbf00000|  0%| F|  |TS  0|AC  0|TAMS 0x00000006cbe00000, 0x00000006cbe00000|
| 107|0x00000006cbf00000, 0x00000006cbf00000, 0x00000006cc000000|  0%| F|  |TS  0|AC  0|TAMS 0x00000006cbf00000, 0x00000006cbf00000|
| 108|0x00000006cc000000, 0x00000006cc000000, 0x00000006cc100000|  0%| F|  |TS  0|AC  0|TAMS 0x00000006cc000000, 0x00000006cc000000|
| 109|0x00000006cc100000, 0x00000006cc100000, 0x00000006cc200000|  0%| F|  |TS  0|AC  0|TAMS 0x00000006cc100000, 0x00000006cc100000|
| 110|0x00000006cc200000, 0x00000006cc200000, 0x00000006cc300000|  0%| F|  |TS  0|AC  0|TAMS 0x00000006cc200000, 0x00000006cc200000|
| 111|0x00000006cc300000, 0x00000006cc300000, 0x00000006cc400000|  0%| F|  |TS  0|AC  0|TAMS 0x00000006cc300000, 0x00000006cc300000|
| 112|0x00000006cc400000, 0x00000006cc400000, 0x00000006cc500000|  0%| F|  |TS  0|AC  0|TAMS 0x00000006cc400000, 0x00000006cc400000|
| 113|0x00000006cc500000, 0x00000006cc500000, 0x00000006cc600000|  0%| F|  |TS  0|AC  0|TAMS 0x00000006cc500000, 0x00000006cc500000|
| 114|0x00000006cc600000, 0x00000006cc600000, 0x00000006cc700000|  0%| F|  |TS  0|AC  0|TAMS 0x00000006cc600000, 0x00000006cc600000|
| 115|0x00000006cc700000, 0x00000006cc700000, 0x00000006cc800000|  0%| F|  |TS  0|AC  0|TAMS 0x00000006cc700000, 0x00000006cc700000|
| 116|0x00000006cc800000, 0x00000006cc800000, 0x00000006cc900000|  0%| F|  |TS  0|AC  0|TAMS 0x00000006cc800000, 0x00000006cc800000|
| 117|0x00000006cc900000, 0x00000006cc900000, 0x00000006cca00000|  0%| F|  |TS  0|AC  0|TAMS 0x00000006cc900000, 0x00000006cc900000|
| 118|0x00000006cca00000, 0x00000006cca00000, 0x00000006ccb00000|  0%| F|  |TS  0|AC  0|TAMS 0x00000006cca00000, 0x00000006cca00000|
| 119|0x00000006ccb00000, 0x00000006ccb00000, 0x00000006ccc00000|  0%| F|  |TS  0|AC  0|TAMS 0x00000006ccb00000, 0x00000006ccb00000|
| 120|0x00000006ccc00000, 0x00000006ccc00000, 0x00000006ccd00000|  0%| F|  |TS  0|AC  0|TAMS 0x00000006ccc00000, 0x00000006ccc00000|
| 121|0x00000006ccd00000, 0x00000006ccd00000, 0x00000006cce00000|  0%| F|  |TS  0|AC  0|TAMS 0x00000006ccd00000, 0x00000006ccd00000|
| 122|0x00000006cce00000, 0x00000006cce00000, 0x00000006ccf00000|  0%| F|  |TS  0|AC  0|TAMS 0x00000006cce00000, 0x00000006cce00000|
| 123|0x00000006ccf00000, 0x00000006ccf00000, 0x00000006cd000000|  0%| F|  |TS  0|AC  0|TAMS 0x00000006ccf00000, 0x00000006ccf00000|
| 124|0x00000006cd000000, 0x00000006cd000000, 0x00000006cd100000|  0%| F|  |TS  0|AC  0|TAMS 0x00000006cd000000, 0x00000006cd000000|
| 125|0x00000006cd100000, 0x00000006cd100000, 0x00000006cd200000|  0%| F|  |TS  0|AC  0|TAMS 0x00000006cd100000, 0x00000006cd100000|
| 126|0x00000006cd200000, 0x00000006cd200000, 0x00000006cd300000|  0%| F|  |TS  0|AC  0|TAMS 0x00000006cd200000, 0x00000006cd200000|
| 127|0x00000006cd300000, 0x00000006cd300000, 0x00000006cd400000|  0%| F|  |TS  0|AC  0|TAMS 0x00000006cd300000, 0x00000006cd300000|
| 128|0x00000006cd400000, 0x00000006cd400000, 0x00000006cd500000|  0%| F|  |TS  0|AC  0|TAMS 0x00000006cd400000, 0x00000006cd400000|
| 129|0x00000006cd500000, 0x00000006cd500000, 0x00000006cd600000|  0%| F|  |TS  0|AC  0|TAMS 0x00000006cd500000, 0x00000006cd500000|
| 130|0x00000006cd600000, 0x00000006cd600000, 0x00000006cd700000|  0%| F|  |TS  0|AC  0|TAMS 0x00000006cd600000, 0x00000006cd600000|
| 131|0x00000006cd700000, 0x00000006cd700000, 0x00000006cd800000|  0%| F|  |TS  0|AC  0|TAMS 0x00000006cd700000, 0x00000006cd700000|
| 132|0x00000006cd800000, 0x00000006cd800000, 0x00000006cd900000|  0%| F|  |TS  0|AC  0|TAMS 0x00000006cd800000, 0x00000006cd800000|
| 133|0x00000006cd900000, 0x00000006cd900000, 0x00000006cda00000|  0%| F|  |TS  0|AC  0|TAMS 0x00000006cd900000, 0x00000006cd900000|
| 134|0x00000006cda00000, 0x00000006cda00000, 0x00000006cdb00000|  0%| F|  |TS  0|AC  0|TAMS 0x00000006cda00000, 0x00000006cda00000|
| 135|0x00000006cdb00000, 0x00000006cdb00000, 0x00000006cdc00000|  0%| F|  |TS  0|AC  0|TAMS 0x00000006cdb00000, 0x00000006cdb00000|
| 136|0x00000006cdc00000, 0x00000006cdc00000, 0x00000006cdd00000|  0%| F|  |TS  0|AC  0|TAMS 0x00000006cdc00000, 0x00000006cdc00000|
| 137|0x00000006cdd00000, 0x00000006cdd00000, 0x00000006cde00000|  0%| F|  |TS  0|AC  0|TAMS 0x00000006cdd00000, 0x00000006cdd00000|
| 138|0x00000006cde00000, 0x00000006cde00000, 0x00000006cdf00000|  0%| F|  |TS  0|AC  0|TAMS 0x00000006cde00000, 0x00000006cde00000|
| 139|0x00000006cdf00000, 0x00000006cdf00000, 0x00000006ce000000|  0%| F|  |TS  0|AC  0|TAMS 0x00000006cdf00000, 0x00000006cdf00000|
| 140|0x00000006ce000000, 0x00000006ce000000, 0x00000006ce100000|  0%| F|  |TS  0|AC  0|TAMS 0x00000006ce000000, 0x00000006ce000000|
| 141|0x00000006ce100000, 0x00000006ce100000, 0x00000006ce200000|  0%| F|  |TS  0|AC  0|TAMS 0x00000006ce100000, 0x00000006ce100000|
| 142|0x00000006ce200000, 0x00000006ce200000, 0x00000006ce300000|  0%| F|  |TS  0|AC  0|TAMS 0x00000006ce200000, 0x00000006ce200000|
| 143|0x00000006ce300000, 0x00000006ce300000, 0x00000006ce400000|  0%| F|  |TS  0|AC  0|TAMS 0x00000006ce300000, 0x00000006ce300000|
| 144|0x00000006ce400000, 0x00000006ce400000, 0x00000006ce500000|  0%| F|  |TS  0|AC  0|TAMS 0x00000006ce400000, 0x00000006ce400000|
| 145|0x00000006ce500000, 0x00000006ce500000, 0x00000006ce600000|  0%| F|  |TS  0|AC  0|TAMS 0x00000006ce500000, 0x00000006ce500000|
| 146|0x00000006ce600000, 0x00000006ce600000, 0x00000006ce700000|  0%| F|  |TS  0|AC  0|TAMS 0x00000006ce600000, 0x00000006ce600000|
| 147|0x00000006ce700000, 0x00000006ce700000, 0x00000006ce800000|  0%| F|  |TS  0|AC  0|TAMS 0x00000006ce700000, 0x00000006ce700000|
| 148|0x00000006ce800000, 0x00000006ce800000, 0x00000006ce900000|  0%| F|  |TS  0|AC  0|TAMS 0x00000006ce800000, 0x00000006ce800000|
| 149|0x00000006ce900000, 0x00000006ce900000, 0x00000006cea00000|  0%| F|  |TS  0|AC  0|TAMS 0x00000006ce900000, 0x00000006ce900000|
| 150|0x00000006cea00000, 0x00000006cea00000, 0x00000006ceb00000|  0%| F|  |TS  0|AC  0|TAMS 0x00000006cea00000, 0x00000006cea00000|
| 151|0x00000006ceb00000, 0x00000006ceb00000, 0x00000006cec00000|  0%| F|  |TS  0|AC  0|TAMS 0x00000006ceb00000, 0x00000006ceb00000|
| 152|0x00000006cec00000, 0x00000006cec00000, 0x00000006ced00000|  0%| F|  |TS  0|AC  0|TAMS 0x00000006cec00000, 0x00000006cec00000|
| 153|0x00000006ced00000, 0x00000006ced00000, 0x00000006cee00000|  0%| F|  |TS  0|AC  0|TAMS 0x00000006ced00000, 0x00000006ced00000|
| 154|0x00000006cee00000, 0x00000006cee00000, 0x00000006cef00000|  0%| F|  |TS  0|AC  0|TAMS 0x00000006cee00000, 0x00000006cee00000|
| 155|0x00000006cef00000, 0x00000006cef00000, 0x00000006cf000000|  0%| F|  |TS  0|AC  0|TAMS 0x00000006cef00000, 0x00000006cef00000|
| 156|0x00000006cf000000, 0x00000006cf000000, 0x00000006cf100000|  0%| F|  |TS  0|AC  0|TAMS 0x00000006cf000000, 0x00000006cf000000|
| 157|0x00000006cf100000, 0x00000006cf100000, 0x00000006cf200000|  0%| F|  |TS  0|AC  0|TAMS 0x00000006cf100000, 0x00000006cf100000|
| 158|0x00000006cf200000, 0x00000006cf200000, 0x00000006cf300000|  0%| F|  |TS  0|AC  0|TAMS 0x00000006cf200000, 0x00000006cf200000|
| 159|0x00000006cf300000, 0x00000006cf300000, 0x00000006cf400000|  0%| F|  |TS  0|AC  0|TAMS 0x00000006cf300000, 0x00000006cf300000|
| 160|0x00000006cf400000, 0x00000006cf400000, 0x00000006cf500000|  0%| F|  |TS  0|AC  0|TAMS 0x00000006cf400000, 0x00000006cf400000|
| 161|0x00000006cf500000, 0x00000006cf500000, 0x00000006cf600000|  0%| F|  |TS  0|AC  0|TAMS 0x00000006cf500000, 0x00000006cf500000|
| 162|0x00000006cf600000, 0x00000006cf600000, 0x00000006cf700000|  0%| F|  |TS  0|AC  0|TAMS 0x00000006cf600000, 0x00000006cf600000|
| 163|0x00000006cf700000, 0x00000006cf700000, 0x00000006cf800000|  0%| F|  |TS  0|AC  0|TAMS 0x00000006cf700000, 0x00000006cf700000|
| 164|0x00000006cf800000, 0x00000006cf800000, 0x00000006cf900000|  0%| F|  |TS  0|AC  0|TAMS 0x00000006cf800000, 0x00000006cf800000|
| 165|0x00000006cf900000, 0x00000006cf900000, 0x00000006cfa00000|  0%| F|  |TS  0|AC  0|TAMS 0x00000006cf900000, 0x00000006cf900000|
| 166|0x00000006cfa00000, 0x00000006cfa00000, 0x00000006cfb00000|  0%| F|  |TS  0|AC  0|TAMS 0x00000006cfa00000, 0x00000006cfa00000|
| 167|0x00000006cfb00000, 0x00000006cfb00000, 0x00000006cfc00000|  0%| F|  |TS  0|AC  0|TAMS 0x00000006cfb00000, 0x00000006cfb00000|
| 168|0x00000006cfc00000, 0x00000006cfc00000, 0x00000006cfd00000|  0%| F|  |TS  0|AC  0|TAMS 0x00000006cfc00000, 0x00000006cfc00000|
| 169|0x00000006cfd00000, 0x00000006cfd00000, 0x00000006cfe00000|  0%| F|  |TS  0|AC  0|TAMS 0x00000006cfd00000, 0x00000006cfd00000|
| 170|0x00000006cfe00000, 0x00000006cfe00000, 0x00000006cff00000|  0%| F|  |TS  0|AC  0|TAMS 0x00000006cfe00000, 0x00000006cfe00000|
| 171|0x00000006cff00000, 0x00000006cff00000, 0x00000006d0000000|  0%| F|  |TS  0|AC  0|TAMS 0x00000006cff00000, 0x00000006cff00000|
| 172|0x00000006d0000000, 0x00000006d0000000, 0x00000006d0100000|  0%| F|  |TS  0|AC  0|TAMS 0x00000006d0000000, 0x00000006d0000000|
| 173|0x00000006d0100000, 0x00000006d0100000, 0x00000006d0200000|  0%| F|  |TS  0|AC  0|TAMS 0x00000006d0100000, 0x00000006d0100000|
| 174|0x00000006d0200000, 0x00000006d0200000, 0x00000006d0300000|  0%| F|  |TS  0|AC  0|TAMS 0x00000006d0200000, 0x00000006d0200000|
| 175|0x00000006d0300000, 0x00000006d0300000, 0x00000006d0400000|  0%| F|  |TS  0|AC  0|TAMS 0x00000006d0300000, 0x00000006d0300000|
| 176|0x00000006d0400000, 0x00000006d0400000, 0x00000006d0500000|  0%| F|  |TS  0|AC  0|TAMS 0x00000006d0400000, 0x00000006d0400000|
| 177|0x00000006d0500000, 0x00000006d0500000, 0x00000006d0600000|  0%| F|  |TS  0|AC  0|TAMS 0x00000006d0500000, 0x00000006d0500000|
| 178|0x00000006d0600000, 0x00000006d0600000, 0x00000006d0700000|  0%| F|  |TS  0|AC  0|TAMS 0x00000006d0600000, 0x00000006d0600000|
| 179|0x00000006d0700000, 0x00000006d0700000, 0x00000006d0800000|  0%| F|  |TS  0|AC  0|TAMS 0x00000006d0700000, 0x00000006d0700000|
| 180|0x00000006d0800000, 0x00000006d0800000, 0x00000006d0900000|  0%| F|  |TS  0|AC  0|TAMS 0x00000006d0800000, 0x00000006d0800000|
| 181|0x00000006d0900000, 0x00000006d0900000, 0x00000006d0a00000|  0%| F|  |TS  0|AC  0|TAMS 0x00000006d0900000, 0x00000006d0900000|
| 182|0x00000006d0a00000, 0x00000006d0a00000, 0x00000006d0b00000|  0%| F|  |TS  0|AC  0|TAMS 0x00000006d0a00000, 0x00000006d0a00000|
| 183|0x00000006d0b00000, 0x00000006d0b00000, 0x00000006d0c00000|  0%| F|  |TS  0|AC  0|TAMS 0x00000006d0b00000, 0x00000006d0b00000|
| 184|0x00000006d0c00000, 0x00000006d0c00000, 0x00000006d0d00000|  0%| F|  |TS  0|AC  0|TAMS 0x00000006d0c00000, 0x00000006d0c00000|
| 185|0x00000006d0d00000, 0x00000006d0d00000, 0x00000006d0e00000|  0%| F|  |TS  0|AC  0|TAMS 0x00000006d0d00000, 0x00000006d0d00000|
| 186|0x00000006d0e00000, 0x00000006d0e00000, 0x00000006d0f00000|  0%| F|  |TS  0|AC  0|TAMS 0x00000006d0e00000, 0x00000006d0e00000|
| 187|0x00000006d0f00000, 0x00000006d0f00000, 0x00000006d1000000|  0%| F|  |TS  0|AC  0|TAMS 0x00000006d0f00000, 0x00000006d0f00000|
| 188|0x00000006d1000000, 0x00000006d1000000, 0x00000006d1100000|  0%| F|  |TS  0|AC  0|TAMS 0x00000006d1000000, 0x00000006d1000000|
| 189|0x00000006d1100000, 0x00000006d1100000, 0x00000006d1200000|  0%| F|  |TS  0|AC  0|TAMS 0x00000006d1100000, 0x00000006d1100000|
| 190|0x00000006d1200000, 0x00000006d1200000, 0x00000006d1300000|  0%| F|  |TS  0|AC  0|TAMS 0x00000006d1200000, 0x00000006d1200000|
| 191|0x00000006d1300000, 0x00000006d1300000, 0x00000006d1400000|  0%| F|  |TS  0|AC  0|TAMS 0x00000006d1300000, 0x00000006d1300000|
| 192|0x00000006d1400000, 0x00000006d1400000, 0x00000006d1500000|  0%| F|  |TS  0|AC  0|TAMS 0x00000006d1400000, 0x00000006d1400000|
| 193|0x00000006d1500000, 0x00000006d1500000, 0x00000006d1600000|  0%| F|  |TS  0|AC  0|TAMS 0x00000006d1500000, 0x00000006d1500000|
| 194|0x00000006d1600000, 0x00000006d1600000, 0x00000006d1700000|  0%| F|  |TS  0|AC  0|TAMS 0x00000006d1600000, 0x00000006d1600000|
| 195|0x00000006d1700000, 0x00000006d1700000, 0x00000006d1800000|  0%| F|  |TS  0|AC  0|TAMS 0x00000006d1700000, 0x00000006d1700000|
| 196|0x00000006d1800000, 0x00000006d1800000, 0x00000006d1900000|  0%| F|  |TS  0|AC  0|TAMS 0x00000006d1800000, 0x00000006d1800000|
| 197|0x00000006d1900000, 0x00000006d1900000, 0x00000006d1a00000|  0%| F|  |TS  0|AC  0|TAMS 0x00000006d1900000, 0x00000006d1900000|
| 198|0x00000006d1a00000, 0x00000006d1a00000, 0x00000006d1b00000|  0%| F|  |TS  0|AC  0|TAMS 0x00000006d1a00000, 0x00000006d1a00000|
| 199|0x00000006d1b00000, 0x00000006d1b00000, 0x00000006d1c00000|  0%| F|  |TS  0|AC  0|TAMS 0x00000006d1b00000, 0x00000006d1b00000|
| 200|0x00000006d1c00000, 0x00000006d1c00000, 0x00000006d1d00000|  0%| F|  |TS  0|AC  0|TAMS 0x00000006d1c00000, 0x00000006d1c00000|
| 201|0x00000006d1d00000, 0x00000006d1d00000, 0x00000006d1e00000|  0%| F|  |TS  0|AC  0|TAMS 0x00000006d1d00000, 0x00000006d1d00000|
| 202|0x00000006d1e00000, 0x00000006d1e00000, 0x00000006d1f00000|  0%| F|  |TS  0|AC  0|TAMS 0x00000006d1e00000, 0x00000006d1e00000|
| 203|0x00000006d1f00000, 0x00000006d1f00000, 0x00000006d2000000|  0%| F|  |TS  0|AC  0|TAMS 0x00000006d1f00000, 0x00000006d1f00000|
| 204|0x00000006d2000000, 0x00000006d2000000, 0x00000006d2100000|  0%| F|  |TS  0|AC  0|TAMS 0x00000006d2000000, 0x00000006d2000000|
| 205|0x00000006d2100000, 0x00000006d2100000, 0x00000006d2200000|  0%| F|  |TS  0|AC  0|TAMS 0x00000006d2100000, 0x00000006d2100000|
| 206|0x00000006d2200000, 0x00000006d2200000, 0x00000006d2300000|  0%| F|  |TS  0|AC  0|TAMS 0x00000006d2200000, 0x00000006d2200000|
| 207|0x00000006d2300000, 0x00000006d2300000, 0x00000006d2400000|  0%| F|  |TS  0|AC  0|TAMS 0x00000006d2300000, 0x00000006d2300000|
| 208|0x00000006d2400000, 0x00000006d2400000, 0x00000006d2500000|  0%| F|  |TS  0|AC  0|TAMS 0x00000006d2400000, 0x00000006d2400000|
| 209|0x00000006d2500000, 0x00000006d2500000, 0x00000006d2600000|  0%| F|  |TS  0|AC  0|TAMS 0x00000006d2500000, 0x00000006d2500000|
| 210|0x00000006d2600000, 0x00000006d2600000, 0x00000006d2700000|  0%| F|  |TS  0|AC  0|TAMS 0x00000006d2600000, 0x00000006d2600000|
| 211|0x00000006d2700000, 0x00000006d2700000, 0x00000006d2800000|  0%| F|  |TS  0|AC  0|TAMS 0x00000006d2700000, 0x00000006d2700000|
| 212|0x00000006d2800000, 0x00000006d2800000, 0x00000006d2900000|  0%| F|  |TS  0|AC  0|TAMS 0x00000006d2800000, 0x00000006d2800000|
| 213|0x00000006d2900000, 0x00000006d2900000, 0x00000006d2a00000|  0%| F|  |TS  0|AC  0|TAMS 0x00000006d2900000, 0x00000006d2900000|
| 214|0x00000006d2a00000, 0x00000006d2a00000, 0x00000006d2b00000|  0%| F|  |TS  0|AC  0|TAMS 0x00000006d2a00000, 0x00000006d2a00000|
| 215|0x00000006d2b00000, 0x00000006d2b00000, 0x00000006d2c00000|  0%| F|  |TS  0|AC  0|TAMS 0x00000006d2b00000, 0x00000006d2b00000|
| 216|0x00000006d2c00000, 0x00000006d2c00000, 0x00000006d2d00000|  0%| F|  |TS  0|AC  0|TAMS 0x00000006d2c00000, 0x00000006d2c00000|
| 217|0x00000006d2d00000, 0x00000006d2d00000, 0x00000006d2e00000|  0%| F|  |TS  0|AC  0|TAMS 0x00000006d2d00000, 0x00000006d2d00000|
| 218|0x00000006d2e00000, 0x00000006d2e00000, 0x00000006d2f00000|  0%| F|  |TS  0|AC  0|TAMS 0x00000006d2e00000, 0x00000006d2e00000|
| 219|0x00000006d2f00000, 0x00000006d2f00000, 0x00000006d3000000|  0%| F|  |TS  0|AC  0|TAMS 0x00000006d2f00000, 0x00000006d2f00000|
| 220|0x00000006d3000000, 0x00000006d3000000, 0x00000006d3100000|  0%| F|  |TS  0|AC  0|TAMS 0x00000006d3000000, 0x00000006d3000000|
| 221|0x00000006d3100000, 0x00000006d3100000, 0x00000006d3200000|  0%| F|  |TS  0|AC  0|TAMS 0x00000006d3100000, 0x00000006d3100000|
| 222|0x00000006d3200000, 0x00000006d3200000, 0x00000006d3300000|  0%| F|  |TS  0|AC  0|TAMS 0x00000006d3200000, 0x00000006d3200000|
| 223|0x00000006d3300000, 0x00000006d3300000, 0x00000006d3400000|  0%| F|  |TS  0|AC  0|TAMS 0x00000006d3300000, 0x00000006d3300000|
| 224|0x00000006d3400000, 0x00000006d3400000, 0x00000006d3500000|  0%| F|  |TS  0|AC  0|TAMS 0x00000006d3400000, 0x00000006d3400000|
| 225|0x00000006d3500000, 0x00000006d3500000, 0x00000006d3600000|  0%| F|  |TS  0|AC  0|TAMS 0x00000006d3500000, 0x00000006d3500000|
| 226|0x00000006d3600000, 0x00000006d3600000, 0x00000006d3700000|  0%| F|  |TS  0|AC  0|TAMS 0x00000006d3600000, 0x00000006d3600000|
| 227|0x00000006d3700000, 0x00000006d3700000, 0x00000006d3800000|  0%| F|  |TS  0|AC  0|TAMS 0x00000006d3700000, 0x00000006d3700000|
| 228|0x00000006d3800000, 0x00000006d3800000, 0x00000006d3900000|  0%| F|  |TS  0|AC  0|TAMS 0x00000006d3800000, 0x00000006d3800000|
| 229|0x00000006d3900000, 0x00000006d3900000, 0x00000006d3a00000|  0%| F|  |TS  0|AC  0|TAMS 0x00000006d3900000, 0x00000006d3900000|
| 230|0x00000006d3a00000, 0x00000006d3a00000, 0x00000006d3b00000|  0%| F|  |TS  0|AC  0|TAMS 0x00000006d3a00000, 0x00000006d3a00000|
| 231|0x00000006d3b00000, 0x00000006d3b00000, 0x00000006d3c00000|  0%| F|  |TS  0|AC  0|TAMS 0x00000006d3b00000, 0x00000006d3b00000|
| 232|0x00000006d3c00000, 0x00000006d3c00000, 0x00000006d3d00000|  0%| F|  |TS  0|AC  0|TAMS 0x00000006d3c00000, 0x00000006d3c00000|
| 233|0x00000006d3d00000, 0x00000006d3d00000, 0x00000006d3e00000|  0%| F|  |TS  0|AC  0|TAMS 0x00000006d3d00000, 0x00000006d3d00000|
| 234|0x00000006d3e00000, 0x00000006d3e00000, 0x00000006d3f00000|  0%| F|  |TS  0|AC  0|TAMS 0x00000006d3e00000, 0x00000006d3e00000|
| 235|0x00000006d3f00000, 0x00000006d3f00000, 0x00000006d4000000|  0%| F|  |TS  0|AC  0|TAMS 0x00000006d3f00000, 0x00000006d3f00000|
| 236|0x00000006d4000000, 0x00000006d4000000, 0x00000006d4100000|  0%| F|  |TS  0|AC  0|TAMS 0x00000006d4000000, 0x00000006d4000000|
| 237|0x00000006d4100000, 0x00000006d4100000, 0x00000006d4200000|  0%| F|  |TS  0|AC  0|TAMS 0x00000006d4100000, 0x00000006d4100000|
| 238|0x00000006d4200000, 0x00000006d4200000, 0x00000006d4300000|  0%| F|  |TS  0|AC  0|TAMS 0x00000006d4200000, 0x00000006d4200000|
| 239|0x00000006d4300000, 0x00000006d4300000, 0x00000006d4400000|  0%| F|  |TS  0|AC  0|TAMS 0x00000006d4300000, 0x00000006d4300000|
| 240|0x00000006d4400000, 0x00000006d4400000, 0x00000006d4500000|  0%| F|  |TS  0|AC  0|TAMS 0x00000006d4400000, 0x00000006d4400000|
| 241|0x00000006d4500000, 0x00000006d4500000, 0x00000006d4600000|  0%| F|  |TS  0|AC  0|TAMS 0x00000006d4500000, 0x00000006d4500000|
| 242|0x00000006d4600000, 0x00000006d4600000, 0x00000006d4700000|  0%| F|  |TS  0|AC  0|TAMS 0x00000006d4600000, 0x00000006d4600000|
| 243|0x00000006d4700000, 0x00000006d4700000, 0x00000006d4800000|  0%| F|  |TS  0|AC  0|TAMS 0x00000006d4700000, 0x00000006d4700000|
| 244|0x00000006d4800000, 0x00000006d4800000, 0x00000006d4900000|  0%| F|  |TS  0|AC  0|TAMS 0x00000006d4800000, 0x00000006d4800000|
| 245|0x00000006d4900000, 0x00000006d4900000, 0x00000006d4a00000|  0%| F|  |TS  0|AC  0|TAMS 0x00000006d4900000, 0x00000006d4900000|
| 246|0x00000006d4a00000, 0x00000006d4abcdf8, 0x00000006d4b00000| 73%| E|  |TS  0|AC  0|TAMS 0x00000006d4a00000, 0x00000006d4a00000|
| 247|0x00000006d4b00000, 0x00000006d4c00000, 0x00000006d4c00000|100%| E|CS|TS  0|AC  0|TAMS 0x00000006d4b00000, 0x00000006d4b00000|
| 248|0x00000006d4c00000, 0x00000006d4d00000, 0x00000006d4d00000|100%| E|CS|TS  0|AC  0|TAMS 0x00000006d4c00000, 0x00000006d4c00000|
| 249|0x00000006d4d00000, 0x00000006d4e00000, 0x00000006d4e00000|100%| E|CS|TS  0|AC  0|TAMS 0x00000006d4d00000, 0x00000006d4d00000|
| 250|0x00000006d4e00000, 0x00000006d4f00000, 0x00000006d4f00000|100%| E|CS|TS  0|AC  0|TAMS 0x00000006d4e00000, 0x00000006d4e00000|
| 251|0x00000006d4f00000, 0x00000006d5000000, 0x00000006d5000000|100%| E|CS|TS  0|AC  0|TAMS 0x00000006d4f00000, 0x00000006d4f00000|

Card table byte_map: [0x00007f5a07054000,0x00007f5a0782a000] byte_map_base: 0x00007f5a03a2a000

Marking Bits (Prev, Next): (CMBitMap*) 0x00007f5a64077690, (CMBitMap*) 0x00007f5a640776e8
 Prev Bits: [0x00007f5a029ce000, 0x00007f5a0687e000)
 Next Bits: [0x00007f59feb1e000, 0x00007f5a029ce000)

Polling page: 0x00007f5a6c358000

CodeHeap 'non-nmethods': size=5700Kb used=1205Kb max_used=1208Kb free=4494Kb
 bounds [0x00007f5a4dc51000, 0x00007f5a4dec1000, 0x00007f5a4e1e2000]
CodeHeap 'profiled nmethods': size=120028Kb used=539Kb max_used=539Kb free=119488Kb
 bounds [0x00007f5a4e1e2000, 0x00007f5a4e452000, 0x00007f5a55719000]
CodeHeap 'non-profiled nmethods': size=120032Kb used=122Kb max_used=122Kb free=119910Kb
 bounds [0x00007f5a55719000, 0x00007f5a55989000, 0x00007f5a5cc51000]
 total_blobs=929 nmethods=377 adapters=341
 compilation: enabled

Compilation events (10 events):
Event: 0.323 Thread 0x00007f5a64259000  374       3       java.lang.ThreadLocal::get (38 bytes)
Event: 0.323 Thread 0x00007f5a64259000 nmethod 374 0x00007f5a4e267810 code [0x00007f5a4e2679c0, 0x00007f5a4e267d78]
Event: 0.323 Thread 0x00007f5a64259000  375       3       java.lang.ThreadLocal$ThreadLocalMap::access$000 (6 bytes)
Event: 0.323 Thread 0x00007f5a64259000 nmethod 375 0x00007f5a4e267f10 code [0x00007f5a4e2680a0, 0x00007f5a4e268208]
Event: 0.323 Thread 0x00007f5a64259000  376       3       java.nio.HeapByteBuffer::_get (7 bytes)
Event: 0.324 Thread 0x00007f5a64259000 nmethod 376 0x00007f5a4e268310 code [0x00007f5a4e268480, 0x00007f5a4e2685f0]
Event: 0.324 Thread 0x00007f5a64259000  377       3       java.lang.Number::<init> (5 bytes)
Event: 0.324 Thread 0x00007f5a64259000 nmethod 377 0x00007f5a4e268710 code [0x00007f5a4e268880, 0x00007f5a4e268a30]
Event: 0.325 Thread 0x00007f5a64259000  378       3       java.nio.Buffer::nextGetIndex (31 bytes)
Event: 0.325 Thread 0x00007f5a64259000 nmethod 378 0x00007f5a4e268b10 code [0x00007f5a4e268ca0, 0x00007f5a4e268ea8]

GC Heap History (0 events):
No events

Deoptimization events (9 events):
Event: 0.091 Thread 0x00007f5a64010800 Uncommon trap: reason=unstable_if action=reinterpret pc=0x00007f5a5571af54 method=java.lang.String.hashCode()I @ 12
Event: 0.130 Thread 0x00007f5a64010800 Uncommon trap: reason=bimorphic_or_optimized_type_check action=maybe_recompile pc=0x00007f5a5571ecc0 method=java.util.Collections$UnmodifiableCollection$1.next()Ljava/lang/Object; @ 4
Event: 0.131 Thread 0x00007f5a64010800 Uncommon trap: reason=bimorphic_or_optimized_type_check action=maybe_recompile pc=0x00007f5a5571ecc0 method=java.util.Collections$UnmodifiableCollection$1.next()Ljava/lang/Object; @ 4
Event: 0.131 Thread 0x00007f5a64010800 Uncommon trap: reason=bimorphic_or_optimized_type_check action=maybe_recompile pc=0x00007f5a5571ecc0 method=java.util.Collections$UnmodifiableCollection$1.next()Ljava/lang/Object; @ 4
Event: 0.131 Thread 0x00007f5a64010800 Uncommon trap: reason=bimorphic_or_optimized_type_check action=maybe_recompile pc=0x00007f5a5571ecc0 method=java.util.Collections$UnmodifiableCollection$1.next()Ljava/lang/Object; @ 4
Event: 0.313 Thread 0x00007f5a64010800 Uncommon trap: reason=class_check action=maybe_recompile pc=0x00007f5a5571fe04 method=java.util.HashMap.putVal(ILjava/lang/Object;Ljava/lang/Object;ZZ)Ljava/lang/Object; @ 203
Event: 0.313 Thread 0x00007f5a64010800 Uncommon trap: reason=class_check action=maybe_recompile pc=0x00007f5a5571fdb8 method=java.util.HashMap.putVal(ILjava/lang/Object;Ljava/lang/Object;ZZ)Ljava/lang/Object; @ 91
Event: 0.314 Thread 0x00007f5a64010800 Uncommon trap: reason=class_check action=maybe_recompile pc=0x00007f5a5571fdb8 method=java.util.HashMap.putVal(ILjava/lang/Object;Ljava/lang/Object;ZZ)Ljava/lang/Object; @ 91
Event: 0.314 Thread 0x00007f5a64010800 Uncommon trap: reason=class_check action=maybe_recompile pc=0x00007f5a5571fdb8 method=java.util.HashMap.putVal(ILjava/lang/Object;Ljava/lang/Object;ZZ)Ljava/lang/Object; @ 91

Classes redefined (0 events):
No events

Internal exceptions (10 events):
Event: 0.236 Thread 0x00007f5a64010800 Exception <a 'java/security/PrivilegedActionException'> (0x00000006d4b96a20) thrown at [/build/openjdk-9-argm_o/openjdk-9-9~b114/src/hotspot/src/share/vm/prims/jvm.cpp, line 1375]
Event: 0.236 Thread 0x00007f5a64010800 Exception <a 'java/security/PrivilegedActionException'> (0x00000006d4b96c30) thrown at [/build/openjdk-9-argm_o/openjdk-9-9~b114/src/hotspot/src/share/vm/prims/jvm.cpp, line 1375]
Event: 0.236 Thread 0x00007f5a64010800 Exception <a 'java/security/PrivilegedActionException'> (0x00000006d4b97698) thrown at [/build/openjdk-9-argm_o/openjdk-9-9~b114/src/hotspot/src/share/vm/prims/jvm.cpp, line 1375]
Event: 0.236 Thread 0x00007f5a64010800 Exception <a 'java/security/PrivilegedActionException'> (0x00000006d4b978a8) thrown at [/build/openjdk-9-argm_o/openjdk-9-9~b114/src/hotspot/src/share/vm/prims/jvm.cpp, line 1375]
Event: 0.236 Thread 0x00007f5a64010800 Exception <a 'java/security/PrivilegedActionException'> (0x00000006d4b983d8) thrown at [/build/openjdk-9-argm_o/openjdk-9-9~b114/src/hotspot/src/share/vm/prims/jvm.cpp, line 1375]
Event: 0.236 Thread 0x00007f5a64010800 Exception <a 'java/security/PrivilegedActionException'> (0x00000006d4b985e8) thrown at [/build/openjdk-9-argm_o/openjdk-9-9~b114/src/hotspot/src/share/vm/prims/jvm.cpp, line 1375]
Event: 0.236 Thread 0x00007f5a64010800 Exception <a 'java/security/PrivilegedActionException'> (0x00000006d4b99118) thrown at [/build/openjdk-9-argm_o/openjdk-9-9~b114/src/hotspot/src/share/vm/prims/jvm.cpp, line 1375]
Event: 0.236 Thread 0x00007f5a64010800 Exception <a 'java/security/PrivilegedActionException'> (0x00000006d4b99328) thrown at [/build/openjdk-9-argm_o/openjdk-9-9~b114/src/hotspot/src/share/vm/prims/jvm.cpp, line 1375]
Event: 0.236 Thread 0x00007f5a64010800 Exception <a 'java/security/PrivilegedActionException'> (0x00000006d4b99e60) thrown at [/build/openjdk-9-argm_o/openjdk-9-9~b114/src/hotspot/src/share/vm/prims/jvm.cpp, line 1375]
Event: 0.236 Thread 0x00007f5a64010800 Exception <a 'java/security/PrivilegedActionException'> (0x00000006d4b9a070) thrown at [/build/openjdk-9-argm_o/openjdk-9-9~b114/src/hotspot/src/share/vm/prims/jvm.cpp, line 1375]

Events (10 events):
Event: 0.324 loading class sun/nio/cs/UTF_16$Decoder
Event: 0.324 loading class sun/nio/cs/UnicodeDecoder
Event: 0.324 loading class sun/nio/cs/UnicodeDecoder done
Event: 0.324 loading class sun/nio/cs/UTF_16$Decoder done
Event: 0.325 loading class sun/font/FileFontStrike
Event: 0.325 loading class sun/font/FileFontStrike done
Event: 0.325 loading class sun/font/FontScaler
Event: 0.325 loading class sun/font/FontScaler done
Event: 0.325 loading class sun/font/FreetypeFontScaler
Event: 0.326 loading class sun/font/FreetypeFontScaler done


Dynamic libraries:
00400000-00401000 r-xp 00000000 fd:01 922754                             /usr/lib/jvm/java-9-openjdk-amd64/bin/java
00600000-00601000 r--p 00000000 fd:01 922754                             /usr/lib/jvm/java-9-openjdk-amd64/bin/java
00601000-00602000 rw-p 00001000 fd:01 922754                             /usr/lib/jvm/java-9-openjdk-amd64/bin/java
00bd8000-00bf9000 rw-p 00000000 00:00 0                                  [heap]
6c5400000-6d5000000 rw-p 00000000 00:00 0 
6d5000000-7c0000000 ---p 00000000 00:00 0 
7c0000000-7c00e0000 rw-p 00000000 00:00 0 
7c00e0000-800000000 ---p 00000000 00:00 0 
7f59b0000000-7f59b0021000 rw-p 00000000 00:00 0 
7f59b0021000-7f59b4000000 ---p 00000000 00:00 0 
7f59b8000000-7f59b8021000 rw-p 00000000 00:00 0 
7f59b8021000-7f59bc000000 ---p 00000000 00:00 0 
7f59bc000000-7f59bc021000 rw-p 00000000 00:00 0 
7f59bc021000-7f59c0000000 ---p 00000000 00:00 0 
7f59c0000000-7f59c0021000 rw-p 00000000 00:00 0 
7f59c0021000-7f59c4000000 ---p 00000000 00:00 0 
7f59c4000000-7f59c4021000 rw-p 00000000 00:00 0 
7f59c4021000-7f59c8000000 ---p 00000000 00:00 0 
7f59c8000000-7f59c81f0000 rw-p 00000000 00:00 0 
7f59c81f0000-7f59cc000000 ---p 00000000 00:00 0 
7f59cc000000-7f59cc068000 rw-p 00000000 00:00 0 
7f59cc068000-7f59d0000000 ---p 00000000 00:00 0 
7f59d0000000-7f59d01d9000 rw-p 00000000 00:00 0 
7f59d01d9000-7f59d4000000 ---p 00000000 00:00 0 
7f59d4000000-7f59d411f000 rw-p 00000000 00:00 0 
7f59d411f000-7f59d8000000 ---p 00000000 00:00 0 
7f59d8000000-7f59d8021000 rw-p 00000000 00:00 0 
7f59d8021000-7f59dc000000 ---p 00000000 00:00 0 
7f59dc000000-7f59dc021000 rw-p 00000000 00:00 0 
7f59dc021000-7f59e0000000 ---p 00000000 00:00 0 
7f59e0000000-7f59e0021000 rw-p 00000000 00:00 0 
7f59e0021000-7f59e4000000 ---p 00000000 00:00 0 
7f59e4000000-7f59e4021000 rw-p 00000000 00:00 0 
7f59e4021000-7f59e8000000 ---p 00000000 00:00 0 
7f59e8000000-7f59e8021000 rw-p 00000000 00:00 0 
7f59e8021000-7f59ec000000 ---p 00000000 00:00 0 
7f59ecb8f000-7f59ecbb3000 r-xp 00000000 fd:01 1048837                    /lib/x86_64-linux-gnu/libpng12.so.0.54.0
7f59ecbb3000-7f59ecdb2000 ---p 00024000 fd:01 1048837                    /lib/x86_64-linux-gnu/libpng12.so.0.54.0
7f59ecdb2000-7f59ecdb3000 r--p 00023000 fd:01 1048837                    /lib/x86_64-linux-gnu/libpng12.so.0.54.0
7f59ecdb3000-7f59ecdb4000 rw-p 00024000 fd:01 1048837                    /lib/x86_64-linux-gnu/libpng12.so.0.54.0
7f59ecdb4000-7f59ece58000 r-xp 00000000 fd:01 658480                     /usr/lib/x86_64-linux-gnu/libfreetype.so.6.12.1
7f59ece58000-7f59ed057000 ---p 000a4000 fd:01 658480                     /usr/lib/x86_64-linux-gnu/libfreetype.so.6.12.1
7f59ed057000-7f59ed05d000 r--p 000a3000 fd:01 658480                     /usr/lib/x86_64-linux-gnu/libfreetype.so.6.12.1
7f59ed05d000-7f59ed05e000 rw-p 000a9000 fd:01 658480                     /usr/lib/x86_64-linux-gnu/libfreetype.so.6.12.1
7f59ed05e000-7f59ed124000 r-xp 00000000 fd:01 922781                     /usr/lib/jvm/java-9-openjdk-amd64/lib/amd64/libfontmanager.so
7f59ed124000-7f59ed323000 ---p 000c6000 fd:01 922781                     /usr/lib/jvm/java-9-openjdk-amd64/lib/amd64/libfontmanager.so
7f59ed323000-7f59ed326000 r--p 000c5000 fd:01 922781                     /usr/lib/jvm/java-9-openjdk-amd64/lib/amd64/libfontmanager.so
7f59ed326000-7f59ed327000 rw-p 000c8000 fd:01 922781                     /usr/lib/jvm/java-9-openjdk-amd64/lib/amd64/libfontmanager.so
7f59ed327000-7f59ed328000 rw-p 00000000 00:00 0 
7f59ed328000-7f59ed32c000 ---p 00000000 00:00 0 
7f59ed32c000-7f59ed429000 rw-p 00000000 00:00 0 
7f59ed429000-7f59ed430000 r-xp 00000000 fd:01 922797                     /usr/lib/jvm/java-9-openjdk-amd64/lib/amd64/libawt_headless.so
7f59ed430000-7f59ed62f000 ---p 00007000 fd:01 922797                     /usr/lib/jvm/java-9-openjdk-amd64/lib/amd64/libawt_headless.so
7f59ed62f000-7f59ed630000 r--p 00006000 fd:01 922797                     /usr/lib/jvm/java-9-openjdk-amd64/lib/amd64/libawt_headless.so
7f59ed630000-7f59ed631000 rw-p 00007000 fd:01 922797                     /usr/lib/jvm/java-9-openjdk-amd64/lib/amd64/libawt_headless.so
7f59ed631000-7f59ed6d1000 r-xp 00000000 fd:01 922780                     /usr/lib/jvm/java-9-openjdk-amd64/lib/amd64/libawt.so
7f59ed6d1000-7f59ed8d0000 ---p 000a0000 fd:01 922780                     /usr/lib/jvm/java-9-openjdk-amd64/lib/amd64/libawt.so
7f59ed8d0000-7f59ed8d1000 r--p 0009f000 fd:01 922780                     /usr/lib/jvm/java-9-openjdk-amd64/lib/amd64/libawt.so
7f59ed8d1000-7f59ed8dc000 rw-p 000a0000 fd:01 922780                     /usr/lib/jvm/java-9-openjdk-amd64/lib/amd64/libawt.so
7f59ed8dc000-7f59ed901000 rw-p 00000000 00:00 0 
7f59ed901000-7f59ed902000 ---p 00000000 00:00 0 
7f59ed902000-7f59eda02000 rw-p 00000000 00:00 0 
7f59eda02000-7f59eda06000 ---p 00000000 00:00 0 
7f59eda06000-7f59edb03000 rw-p 00000000 00:00 0 
7f59edb03000-7f59edb07000 ---p 00000000 00:00 0 
7f59edb07000-7f59edf04000 rw-p 00000000 00:00 0 
7f59edf04000-7f59edf1a000 r-xp 00000000 fd:01 922782                     /usr/lib/jvm/java-9-openjdk-amd64/lib/amd64/libnet.so
7f59edf1a000-7f59ee119000 ---p 00016000 fd:01 922782                     /usr/lib/jvm/java-9-openjdk-amd64/lib/amd64/libnet.so
7f59ee119000-7f59ee11a000 r--p 00015000 fd:01 922782                     /usr/lib/jvm/java-9-openjdk-amd64/lib/amd64/libnet.so
7f59ee11a000-7f59ee11b000 rw-p 00016000 fd:01 922782                     /usr/lib/jvm/java-9-openjdk-amd64/lib/amd64/libnet.so
7f59ee11b000-7f59ee12c000 r-xp 00000000 fd:01 922809                     /usr/lib/jvm/java-9-openjdk-amd64/lib/amd64/libnio.so
7f59ee12c000-7f59ee32c000 ---p 00011000 fd:01 922809                     /usr/lib/jvm/java-9-openjdk-amd64/lib/amd64/libnio.so
7f59ee32c000-7f59ee32d000 r--p 00011000 fd:01 922809                     /usr/lib/jvm/java-9-openjdk-amd64/lib/amd64/libnio.so
7f59ee32d000-7f59ee32e000 rw-p 00012000 fd:01 922809                     /usr/lib/jvm/java-9-openjdk-amd64/lib/amd64/libnio.so
7f59ee32e000-7f59ee332000 ---p 00000000 00:00 0 
7f59ee332000-7f59ee42f000 rw-p 00000000 00:00 0 
7f59ee42f000-7f59ee433000 ---p 00000000 00:00 0 
7f59ee433000-7f59ee530000 rw-p 00000000 00:00 0 
7f59ee530000-7f59ee534000 ---p 00000000 00:00 0 
7f59ee534000-7f59ee631000 rw-p 00000000 00:00 0 
7f59ee631000-7f59ee635000 ---p 00000000 00:00 0 
7f59ee635000-7f59ee732000 rw-p 00000000 00:00 0 
7f59ee732000-7f59ee736000 ---p 00000000 00:00 0 
7f59ee736000-7f59ee833000 rw-p 00000000 00:00 0 
7f59ee833000-7f59ee837000 ---p 00000000 00:00 0 
7f59ee837000-7f59ee934000 rw-p 00000000 00:00 0 
7f59ee934000-7f59ee938000 ---p 00000000 00:00 0 
7f59ee938000-7f59eea35000 rw-p 00000000 00:00 0 
7f59eea35000-7f59eed0d000 r--p 00000000 fd:01 661649                     /usr/lib/locale/locale-archive
7f59eed0d000-7f59eed11000 ---p 00000000 00:00 0 
7f59eed11000-7f59eee0e000 rw-p 00000000 00:00 0 
7f59eee0e000-7f59eee12000 ---p 00000000 00:00 0 
7f59eee12000-7f59eef0f000 rw-p 00000000 00:00 0 
7f59eef0f000-7f59eef10000 ---p 00000000 00:00 0 
7f59eef10000-7f59ef710000 rw-p 00000000 00:00 0 
7f59ef710000-7f59ef810000 ---p 00000000 00:00 0 
7f59ef810000-7f59f0000000 rw-p 00000000 00:00 0 
7f59f0000000-7f59f0021000 rw-p 00000000 00:00 0 
7f59f0021000-7f59f4000000 ---p 00000000 00:00 0 
7f59f4000000-7f59f4021000 rw-p 00000000 00:00 0 
7f59f4021000-7f59f8000000 ---p 00000000 00:00 0 
7f59f8000000-7f59f8021000 rw-p 00000000 00:00 0 
7f59f8021000-7f59fc000000 ---p 00000000 00:00 0 
7f59fc02b000-7f59fe81b000 rw-p 00000000 00:00 0 
7f59fe81b000-7f59fe81c000 ---p 00000000 00:00 0 
7f59fe81c000-7f59fe91c000 rw-p 00000000 00:00 0 
7f59fe91c000-7f59fe91d000 ---p 00000000 00:00 0 
7f59fe91d000-7f59fea1d000 rw-p 00000000 00:00 0 
7f59fea1d000-7f59fea1e000 ---p 00000000 00:00 0 
7f59fea1e000-7f59fef0e000 rw-p 00000000 00:00 0 
7f59fef0e000-7f5a029ce000 ---p 00000000 00:00 0 
7f5a029ce000-7f5a02dbe000 rw-p 00000000 00:00 0 
7f5a02dbe000-7f5a0687e000 ---p 00000000 00:00 0 
7f5a0687e000-7f5a068fc000 rw-p 00000000 00:00 0 
7f5a068fc000-7f5a07054000 ---p 00000000 00:00 0 
7f5a07054000-7f5a070d2000 rw-p 00000000 00:00 0 
7f5a070d2000-7f5a08000000 ---p 00000000 00:00 0 
7f5a08000000-7f5a08021000 rw-p 00000000 00:00 0 
7f5a08021000-7f5a0c000000 ---p 00000000 00:00 0 
7f5a0c000000-7f5a0c021000 rw-p 00000000 00:00 0 
7f5a0c021000-7f5a10000000 ---p 00000000 00:00 0 
7f5a10000000-7f5a10021000 rw-p 00000000 00:00 0 
7f5a10021000-7f5a14000000 ---p 00000000 00:00 0 
7f5a14000000-7f5a14021000 rw-p 00000000 00:00 0 
7f5a14021000-7f5a18000000 ---p 00000000 00:00 0 
7f5a18000000-7f5a18021000 rw-p 00000000 00:00 0 
7f5a18021000-7f5a1c000000 ---p 00000000 00:00 0 
7f5a1c000000-7f5a1c021000 rw-p 00000000 00:00 0 
7f5a1c021000-7f5a20000000 ---p 00000000 00:00 0 
7f5a20000000-7f5a20021000 rw-p 00000000 00:00 0 
7f5a20021000-7f5a24000000 ---p 00000000 00:00 0 
7f5a24000000-7f5a24021000 rw-p 00000000 00:00 0 
7f5a24021000-7f5a28000000 ---p 00000000 00:00 0 
7f5a28000000-7f5a28021000 rw-p 00000000 00:00 0 
7f5a28021000-7f5a2c000000 ---p 00000000 00:00 0 
7f5a2c000000-7f5a2c021000 rw-p 00000000 00:00 0 
7f5a2c021000-7f5a30000000 ---p 00000000 00:00 0 
7f5a30000000-7f5a30021000 rw-p 00000000 00:00 0 
7f5a30021000-7f5a34000000 ---p 00000000 00:00 0 
7f5a34000000-7f5a34021000 rw-p 00000000 00:00 0 
7f5a34021000-7f5a38000000 ---p 00000000 00:00 0 
7f5a38000000-7f5a38021000 rw-p 00000000 00:00 0 
7f5a38021000-7f5a3c000000 ---p 00000000 00:00 0 
7f5a3c000000-7f5a3c021000 rw-p 00000000 00:00 0 
7f5a3c021000-7f5a40000000 ---p 00000000 00:00 0 
7f5a40000000-7f5a40021000 rw-p 00000000 00:00 0 
7f5a40021000-7f5a44000000 ---p 00000000 00:00 0 
7f5a44000000-7f5a44021000 rw-p 00000000 00:00 0 
7f5a44021000-7f5a48000000 ---p 00000000 00:00 0 
7f5a48000000-7f5a48021000 rw-p 00000000 00:00 0 
7f5a48021000-7f5a4c000000 ---p 00000000 00:00 0 
7f5a4c06d000-7f5a4c1e6000 rw-p 00000000 00:00 0 
7f5a4c1e6000-7f5a4c93e000 ---p 00000000 00:00 0 
7f5a4c93e000-7f5a4c93f000 ---p 00000000 00:00 0 
7f5a4c93f000-7f5a4ca3f000 rw-p 00000000 00:00 0 
7f5a4ca3f000-7f5a4ca40000 ---p 00000000 00:00 0 
7f5a4ca40000-7f5a4cb40000 rw-p 00000000 00:00 0 
7f5a4cb40000-7f5a4cb41000 ---p 00000000 00:00 0 
7f5a4cb41000-7f5a4cc41000 rw-p 00000000 00:00 0 
7f5a4cc41000-7f5a4cc42000 ---p 00000000 00:00 0 
7f5a4cc42000-7f5a4cd42000 rw-p 00000000 00:00 0 
7f5a4cd42000-7f5a4cd43000 ---p 00000000 00:00 0 
7f5a4cd43000-7f5a4ce43000 rw-p 00000000 00:00 0 
7f5a4ce43000-7f5a4ce44000 ---p 00000000 00:00 0 
7f5a4ce44000-7f5a4cf44000 rw-p 00000000 00:00 0 
7f5a4cf44000-7f5a4cf45000 ---p 00000000 00:00 0 
7f5a4cf45000-7f5a4d045000 rw-p 00000000 00:00 0 
7f5a4d045000-7f5a4d046000 ---p 00000000 00:00 0 
7f5a4d046000-7f5a4d146000 rw-p 00000000 00:00 0 
7f5a4d146000-7f5a4d147000 ---p 00000000 00:00 0 
7f5a4d147000-7f5a4da4f000 rw-p 00000000 00:00 0 
7f5a4da4f000-7f5a4da50000 ---p 00000000 00:00 0 
7f5a4da50000-7f5a4db50000 rw-p 00000000 00:00 0 
7f5a4db50000-7f5a4db51000 ---p 00000000 00:00 0 
7f5a4db51000-7f5a4dc51000 rw-p 00000000 00:00 0 
7f5a4dc51000-7f5a4dec1000 rwxp 00000000 00:00 0 
7f5a4dec1000-7f5a4e1e2000 ---p 00000000 00:00 0 
7f5a4e1e2000-7f5a4e452000 rwxp 00000000 00:00 0 
7f5a4e452000-7f5a55719000 ---p 00000000 00:00 0 
7f5a55719000-7f5a55989000 rwxp 00000000 00:00 0 
7f5a55989000-7f5a5cc51000 ---p 00000000 00:00 0 
7f5a5cc51000-7f5a64000000 r--s 00000000 fd:01 922763                     /usr/lib/jvm/java-9-openjdk-amd64/lib/modules
7f5a64000000-7f5a643f3000 rw-p 00000000 00:00 0 
7f5a643f3000-7f5a68000000 ---p 00000000 00:00 0 
7f5a68016000-7f5a6808c000 rw-p 00000000 00:00 0 
7f5a6808c000-7f5a6808d000 ---p 00000000 00:00 0 
7f5a6808d000-7f5a6818d000 rw-p 00000000 00:00 0 
7f5a6818d000-7f5a6818e000 ---p 00000000 00:00 0 
7f5a6818e000-7f5a6828e000 rw-p 00000000 00:00 0 
7f5a6828e000-7f5a6828f000 ---p 00000000 00:00 0 
7f5a6828f000-7f5a6838f000 rw-p 00000000 00:00 0 
7f5a6838f000-7f5a68390000 ---p 00000000 00:00 0 
7f5a68390000-7f5a68490000 rw-p 00000000 00:00 0 
7f5a68490000-7f5a68491000 ---p 00000000 00:00 0 
7f5a68491000-7f5a68591000 rw-p 00000000 00:00 0 
7f5a68591000-7f5a68592000 ---p 00000000 00:00 0 
7f5a68592000-7f5a68697000 rw-p 00000000 00:00 0 
7f5a68697000-7f5a6877d000 ---p 00000000 00:00 0 
7f5a6877d000-7f5a68782000 rw-p 00000000 00:00 0 
7f5a68782000-7f5a68868000 ---p 00000000 00:00 0 
7f5a68868000-7f5a6886d000 r-xp 00000000 fd:01 922796                     /usr/lib/jvm/java-9-openjdk-amd64/lib/amd64/libjimage.so
7f5a6886d000-7f5a68a6c000 ---p 00005000 fd:01 922796                     /usr/lib/jvm/java-9-openjdk-amd64/lib/amd64/libjimage.so
7f5a68a6c000-7f5a68a6d000 r--p 00004000 fd:01 922796                     /usr/lib/jvm/java-9-openjdk-amd64/lib/amd64/libjimage.so
7f5a68a6d000-7f5a68a6e000 rw-p 00005000 fd:01 922796                     /usr/lib/jvm/java-9-openjdk-amd64/lib/amd64/libjimage.so
7f5a68a6e000-7f5a68a75000 r-xp 00000000 fd:01 922792                     /usr/lib/jvm/java-9-openjdk-amd64/lib/amd64/libzip.so
7f5a68a75000-7f5a68c74000 ---p 00007000 fd:01 922792                     /usr/lib/jvm/java-9-openjdk-amd64/lib/amd64/libzip.so
7f5a68c74000-7f5a68c75000 r--p 00006000 fd:01 922792                     /usr/lib/jvm/java-9-openjdk-amd64/lib/amd64/libzip.so
7f5a68c75000-7f5a68c76000 rw-p 00007000 fd:01 922792                     /usr/lib/jvm/java-9-openjdk-amd64/lib/amd64/libzip.so
7f5a68c76000-7f5a68c81000 r-xp 00000000 fd:01 1050458                    /lib/x86_64-linux-gnu/libnss_files-2.23.so
7f5a68c81000-7f5a68e80000 ---p 0000b000 fd:01 1050458                    /lib/x86_64-linux-gnu/libnss_files-2.23.so
7f5a68e80000-7f5a68e81000 r--p 0000a000 fd:01 1050458                    /lib/x86_64-linux-gnu/libnss_files-2.23.so
7f5a68e81000-7f5a68e82000 rw-p 0000b000 fd:01 1050458                    /lib/x86_64-linux-gnu/libnss_files-2.23.so
7f5a68e82000-7f5a68e88000 rw-p 00000000 00:00 0 
7f5a68e88000-7f5a68e93000 r-xp 00000000 fd:01 1050464                    /lib/x86_64-linux-gnu/libnss_nis-2.23.so
7f5a68e93000-7f5a69092000 ---p 0000b000 fd:01 1050464                    /lib/x86_64-linux-gnu/libnss_nis-2.23.so
7f5a69092000-7f5a69093000 r--p 0000a000 fd:01 1050464                    /lib/x86_64-linux-gnu/libnss_nis-2.23.so
7f5a69093000-7f5a69094000 rw-p 0000b000 fd:01 1050464                    /lib/x86_64-linux-gnu/libnss_nis-2.23.so
7f5a69094000-7f5a690aa000 r-xp 00000000 fd:01 1050453                    /lib/x86_64-linux-gnu/libnsl-2.23.so
7f5a690aa000-7f5a692a9000 ---p 00016000 fd:01 1050453                    /lib/x86_64-linux-gnu/libnsl-2.23.so
7f5a692a9000-7f5a692aa000 r--p 00015000 fd:01 1050453                    /lib/x86_64-linux-gnu/libnsl-2.23.so
7f5a692aa000-7f5a692ab000 rw-p 00016000 fd:01 1050453                    /lib/x86_64-linux-gnu/libnsl-2.23.so
7f5a692ab000-7f5a692ad000 rw-p 00000000 00:00 0 
7f5a692ad000-7f5a692b5000 r-xp 00000000 fd:01 1050472                    /lib/x86_64-linux-gnu/libnss_compat-2.23.so
7f5a692b5000-7f5a694b4000 ---p 00008000 fd:01 1050472                    /lib/x86_64-linux-gnu/libnss_compat-2.23.so
7f5a694b4000-7f5a694b5000 r--p 00007000 fd:01 1050472                    /lib/x86_64-linux-gnu/libnss_compat-2.23.so
7f5a694b5000-7f5a694b6000 rw-p 00008000 fd:01 1050472                    /lib/x86_64-linux-gnu/libnss_compat-2.23.so
7f5a694b6000-7f5a694e1000 r-xp 00000000 fd:01 922775                     /usr/lib/jvm/java-9-openjdk-amd64/lib/amd64/libjava.so
7f5a694e1000-7f5a696e0000 ---p 0002b000 fd:01 922775                     /usr/lib/jvm/java-9-openjdk-amd64/lib/amd64/libjava.so
7f5a696e0000-7f5a696e1000 r--p 0002a000 fd:01 922775                     /usr/lib/jvm/java-9-openjdk-amd64/lib/amd64/libjava.so
7f5a696e1000-7f5a696e3000 rw-p 0002b000 fd:01 922775                     /usr/lib/jvm/java-9-openjdk-amd64/lib/amd64/libjava.so
7f5a696e3000-7f5a696f0000 r-xp 00000000 fd:01 922776                     /usr/lib/jvm/java-9-openjdk-amd64/lib/amd64/libverify.so
7f5a696f0000-7f5a698ef000 ---p 0000d000 fd:01 922776                     /usr/lib/jvm/java-9-openjdk-amd64/lib/amd64/libverify.so
7f5a698ef000-7f5a698f1000 r--p 0000c000 fd:01 922776                     /usr/lib/jvm/java-9-openjdk-amd64/lib/amd64/libverify.so
7f5a698f1000-7f5a698f2000 rw-p 0000e000 fd:01 922776                     /usr/lib/jvm/java-9-openjdk-amd64/lib/amd64/libverify.so
7f5a698f2000-7f5a698f9000 r-xp 00000000 fd:01 1050467                    /lib/x86_64-linux-gnu/librt-2.23.so
7f5a698f9000-7f5a69af8000 ---p 00007000 fd:01 1050467                    /lib/x86_64-linux-gnu/librt-2.23.so
7f5a69af8000-7f5a69af9000 r--p 00006000 fd:01 1050467                    /lib/x86_64-linux-gnu/librt-2.23.so
7f5a69af9000-7f5a69afa000 rw-p 00007000 fd:01 1050467                    /lib/x86_64-linux-gnu/librt-2.23.so
7f5a69afa000-7f5a69b10000 r-xp 00000000 fd:01 1048791                    /lib/x86_64-linux-gnu/libgcc_s.so.1
7f5a69b10000-7f5a69d0f000 ---p 00016000 fd:01 1048791                    /lib/x86_64-linux-gnu/libgcc_s.so.1
7f5a69d0f000-7f5a69d10000 rw-p 00015000 fd:01 1048791                    /lib/x86_64-linux-gnu/libgcc_s.so.1
7f5a69d10000-7f5a69e18000 r-xp 00000000 fd:01 1050478                    /lib/x86_64-linux-gnu/libm-2.23.so
7f5a69e18000-7f5a6a017000 ---p 00108000 fd:01 1050478                    /lib/x86_64-linux-gnu/libm-2.23.so
7f5a6a017000-7f5a6a018000 r--p 00107000 fd:01 1050478                    /lib/x86_64-linux-gnu/libm-2.23.so
7f5a6a018000-7f5a6a019000 rw-p 00108000 fd:01 1050478                    /lib/x86_64-linux-gnu/libm-2.23.so
7f5a6a019000-7f5a6a18b000 r-xp 00000000 fd:01 660770                     /usr/lib/x86_64-linux-gnu/libstdc++.so.6.0.21
7f5a6a18b000-7f5a6a38b000 ---p 00172000 fd:01 660770                     /usr/lib/x86_64-linux-gnu/libstdc++.so.6.0.21
7f5a6a38b000-7f5a6a395000 r--p 00172000 fd:01 660770                     /usr/lib/x86_64-linux-gnu/libstdc++.so.6.0.21
7f5a6a395000-7f5a6a397000 rw-p 0017c000 fd:01 660770                     /usr/lib/x86_64-linux-gnu/libstdc++.so.6.0.21
7f5a6a397000-7f5a6a39b000 rw-p 00000000 00:00 0 
7f5a6a39b000-7f5a6b1f9000 r-xp 00000000 fd:01 922789                     /usr/lib/jvm/java-9-openjdk-amd64/lib/amd64/server/libjvm.so
7f5a6b1f9000-7f5a6b3f9000 ---p 00e5e000 fd:01 922789                     /usr/lib/jvm/java-9-openjdk-amd64/lib/amd64/server/libjvm.so
7f5a6b3f9000-7f5a6b4ab000 r--p 00e5e000 fd:01 922789                     /usr/lib/jvm/java-9-openjdk-amd64/lib/amd64/server/libjvm.so
7f5a6b4ab000-7f5a6b4dd000 rw-p 00f10000 fd:01 922789                     /usr/lib/jvm/java-9-openjdk-amd64/lib/amd64/server/libjvm.so
7f5a6b4dd000-7f5a6b522000 rw-p 00000000 00:00 0 
7f5a6b522000-7f5a6b53a000 r-xp 00000000 fd:01 1050462                    /lib/x86_64-linux-gnu/libpthread-2.23.so
7f5a6b53a000-7f5a6b739000 ---p 00018000 fd:01 1050462                    /lib/x86_64-linux-gnu/libpthread-2.23.so
7f5a6b739000-7f5a6b73a000 r--p 00017000 fd:01 1050462                    /lib/x86_64-linux-gnu/libpthread-2.23.so
7f5a6b73a000-7f5a6b73b000 rw-p 00018000 fd:01 1050462                    /lib/x86_64-linux-gnu/libpthread-2.23.so
7f5a6b73b000-7f5a6b73f000 rw-p 00000000 00:00 0 
7f5a6b73f000-7f5a6b742000 r-xp 00000000 fd:01 1050471                    /lib/x86_64-linux-gnu/libdl-2.23.so
7f5a6b742000-7f5a6b941000 ---p 00003000 fd:01 1050471                    /lib/x86_64-linux-gnu/libdl-2.23.so
7f5a6b941000-7f5a6b942000 r--p 00002000 fd:01 1050471                    /lib/x86_64-linux-gnu/libdl-2.23.so
7f5a6b942000-7f5a6b943000 rw-p 00003000 fd:01 1050471                    /lib/x86_64-linux-gnu/libdl-2.23.so
7f5a6b943000-7f5a6b95c000 r-xp 00000000 fd:01 1048873                    /lib/x86_64-linux-gnu/libz.so.1.2.8
7f5a6b95c000-7f5a6bb5b000 ---p 00019000 fd:01 1048873                    /lib/x86_64-linux-gnu/libz.so.1.2.8
7f5a6bb5b000-7f5a6bb5c000 r--p 00018000 fd:01 1048873                    /lib/x86_64-linux-gnu/libz.so.1.2.8
7f5a6bb5c000-7f5a6bb5d000 rw-p 00019000 fd:01 1048873                    /lib/x86_64-linux-gnu/libz.so.1.2.8
7f5a6bb5d000-7f5a6bd1d000 r-xp 00000000 fd:01 1050483                    /lib/x86_64-linux-gnu/libc-2.23.so
7f5a6bd1d000-7f5a6bf1d000 ---p 001c0000 fd:01 1050483                    /lib/x86_64-linux-gnu/libc-2.23.so
7f5a6bf1d000-7f5a6bf21000 r--p 001c0000 fd:01 1050483                    /lib/x86_64-linux-gnu/libc-2.23.so
7f5a6bf21000-7f5a6bf23000 rw-p 001c4000 fd:01 1050483                    /lib/x86_64-linux-gnu/libc-2.23.so
7f5a6bf23000-7f5a6bf27000 rw-p 00000000 00:00 0 
7f5a6bf27000-7f5a6bf35000 r-xp 00000000 fd:01 922806                     /usr/lib/jvm/java-9-openjdk-amd64/lib/amd64/jli/libjli.so
7f5a6bf35000-7f5a6c134000 ---p 0000e000 fd:01 922806                     /usr/lib/jvm/java-9-openjdk-amd64/lib/amd64/jli/libjli.so
7f5a6c134000-7f5a6c135000 r--p 0000d000 fd:01 922806                     /usr/lib/jvm/java-9-openjdk-amd64/lib/amd64/jli/libjli.so
7f5a6c135000-7f5a6c136000 rw-p 0000e000 fd:01 922806                     /usr/lib/jvm/java-9-openjdk-amd64/lib/amd64/jli/libjli.so
7f5a6c136000-7f5a6c15c000 r-xp 00000000 fd:01 1050454                    /lib/x86_64-linux-gnu/ld-2.23.so
7f5a6c1a0000-7f5a6c240000 rw-p 00000000 00:00 0 
7f5a6c240000-7f5a6c247000 ---p 00000000 00:00 0 
7f5a6c247000-7f5a6c24b000 ---p 00000000 00:00 0 
7f5a6c24b000-7f5a6c34d000 rw-p 00000000 00:00 0 
7f5a6c34f000-7f5a6c357000 rw-s 00000000 fd:01 922979                     /tmp/hsperfdata_zhang/5968
7f5a6c357000-7f5a6c358000 rw-p 00000000 00:00 0 
7f5a6c358000-7f5a6c359000 r--p 00000000 00:00 0 
7f5a6c359000-7f5a6c35b000 rw-p 00000000 00:00 0 
7f5a6c35b000-7f5a6c35c000 r--p 00025000 fd:01 1050454                    /lib/x86_64-linux-gnu/ld-2.23.so
7f5a6c35c000-7f5a6c35d000 rw-p 00026000 fd:01 1050454                    /lib/x86_64-linux-gnu/ld-2.23.so
7f5a6c35d000-7f5a6c35e000 rw-p 00000000 00:00 0 
7ffcd0da5000-7ffcd0dc6000 rw-p 00000000 00:00 0                          [stack]
7ffcd0ddf000-7ffcd0de1000 r--p 00000000 00:00 0                          [vvar]
7ffcd0de1000-7ffcd0de3000 r-xp 00000000 00:00 0                          [vdso]
ffffffffff600000-ffffffffff601000 r-xp 00000000 00:00 0                  [vsyscall]

VM Arguments:
java_command: plantuml.jar test.uml
java_class_path (initial): plantuml.jar
Launcher Type: SUN_STANDARD

Environment Variables:
PATH=/usr/local/sbin:/usr/local/bin:/usr/sbin:/usr/bin:/sbin:/bin:/usr/games:/usr/local/games
SHELL=/usr/bin/zsh

Signal Handlers:
SIGSEGV: [libjvm.so+0xc12c20], sa_mask[0]=11111111011111111101111111111110, sa_flags=SA_RESTART|SA_SIGINFO
SIGBUS: [libjvm.so+0xc12c20], sa_mask[0]=11111111011111111101111111111110, sa_flags=SA_RESTART|SA_SIGINFO
SIGFPE: [libjvm.so+0xc12c20], sa_mask[0]=11111111011111111101111111111110, sa_flags=SA_RESTART|SA_SIGINFO
SIGPIPE: [libjvm.so+0xa3b600], sa_mask[0]=11111111011111111101111111111110, sa_flags=SA_RESTART|SA_SIGINFO
SIGXFSZ: [libjvm.so+0xa3b600], sa_mask[0]=11111111011111111101111111111110, sa_flags=SA_RESTART|SA_SIGINFO
SIGILL: [libjvm.so+0xc12c20], sa_mask[0]=11111111011111111101111111111110, sa_flags=SA_RESTART|SA_SIGINFO
SIGUSR2: [libjvm.so+0xa3b4a0], sa_mask[0]=00000000000000000000000000000000, sa_flags=SA_RESTART|SA_SIGINFO
SIGHUP: [libjvm.so+0xa3b870], sa_mask[0]=11111111011111111101111111111110, sa_flags=SA_RESTART|SA_SIGINFO
SIGINT: [libjvm.so+0xa3b870], sa_mask[0]=11111111011111111101111111111110, sa_flags=SA_RESTART|SA_SIGINFO
SIGTERM: [libjvm.so+0xa3b870], sa_mask[0]=11111111011111111101111111111110, sa_flags=SA_RESTART|SA_SIGINFO
SIGQUIT: [libjvm.so+0xa3b870], sa_mask[0]=11111111011111111101111111111110, sa_flags=SA_RESTART|SA_SIGINFO


---------------  S Y S T E M  ---------------

OS:DISTRIB_ID=Ubuntu
DISTRIB_RELEASE=16.04
DISTRIB_CODENAME=xenial
DISTRIB_DESCRIPTION="Ubuntu 16.04.3 LTS"
uname:Linux 4.4.0-78-generic #99-Ubuntu SMP Thu Apr 27 15:29:09 UTC 2017 x86_64
libc:glibc 2.23 NPTL 2.23 
rlimit: STACK 8192k, CORE 0k, NPROC 64042, NOFILE 65535, AS infinity
load average:0.51 0.60 0.63

/proc/meminfo:
MemTotal:       16431932 kB
MemFree:         1693812 kB
MemAvailable:   14200344 kB
Buffers:          276584 kB
Cached:         11359292 kB
SwapCached:            0 kB
Active:         10281980 kB
Inactive:        2850096 kB
Active(anon):    1559044 kB
Inactive(anon):   110944 kB
Active(file):    8722936 kB
Inactive(file):  2739152 kB
Unevictable:           0 kB
Mlocked:               0 kB
SwapTotal:             0 kB
SwapFree:              0 kB
Dirty:             49940 kB
Writeback:             0 kB
AnonPages:       1496476 kB
Mapped:           518576 kB
Shmem:            173796 kB
Slab:            1502036 kB
SReclaimable:    1382784 kB
SUnreclaim:       119252 kB
KernelStack:       20768 kB
PageTables:        16856 kB
NFS_Unstable:          0 kB
Bounce:                0 kB
WritebackTmp:          0 kB
CommitLimit:     8215964 kB
Committed_AS:    7083504 kB
VmallocTotal:   34359738367 kB
VmallocUsed:           0 kB
VmallocChunk:          0 kB
HardwareCorrupted:     0 kB
AnonHugePages:    450560 kB
CmaTotal:              0 kB
CmaFree:               0 kB
HugePages_Total:       0
HugePages_Free:        0
HugePages_Rsvd:        0
HugePages_Surp:        0
Hugepagesize:       2048 kB
DirectMap4k:      208764 kB
DirectMap2M:    14471168 kB
DirectMap1G:     4194304 kB


CPU:total 8 (1 cores per cpu, 1 threads per core) family 6 model 45 stepping 7, cmov, cx8, fxsr, mmx, sse, sse2, sse3, ssse3, sse4.1, sse4.2, popcnt, avx, aes, clmul, tsc

CPU Model and flags from /proc/cpuinfo:
model name	: Intel(R) Xeon(R) CPU E5-4610 0 @ 2.40GHz
flags		: fpu vme de pse tsc msr pae mce cx8 apic sep mtrr pge mca cmov pat pse36 clflush mmx fxsr sse sse2 ss syscall nx pdpe1gb rdtscp lm constant_tsc arch_perfmon rep_good nopl eagerfpu pni pclmulqdq vmx ssse3 cx16 pcid sse4_1 sse4_2 x2apic popcnt tsc_deadline_timer aes xsave avx hypervisor lahf_lm tpr_shadow vnmi flexpriority ept tsc_adjust xsaveopt

Memory: 4k page, physical 16431932k(1693812k free), swap 0k(0k free)

vm_info: OpenJDK 64-Bit Server VM (9-internal+0-2016-04-14-195246.buildd.src) for linux-amd64 JRE (9-internal+0-2016-04-14-195246.buildd.src), built on Apr 14 2016 20:05:37 by "buildd" with gcc 5.3.1 20160413

END.
