#
# A fatal error has been detected by the Java Runtime Environment:
#
#  SIGSEGV (0xb) at pc=0x00007f1a65696009, pid=1309, tid=1310
#
# JRE version: OpenJDK Runtime Environment (9.0) (build 9-internal+0-2016-04-14-195246.buildd.src)
# Java VM: OpenJDK 64-Bit Server VM (9-internal+0-2016-04-14-195246.buildd.src, mixed mode, tiered, compressed oops, g1 gc, linux-amd64)
# Problematic frame:
# C  [libjava.so+0x1d009]  JNU_GetEnv+0x19
#
# Core dump will be written. Default location: Core dumps may be processed with "/usr/share/apport/apport %p %s %c %d %P" (or dumping to /home/zhang/myScript/tools/core.1309)
#
# If you would like to submit a bug report, please visit:
#   http://bugreport.java.com/bugreport/crash.jsp
# The crash happened outside the Java Virtual Machine in native code.
# See problematic frame for where to report the bug.
#

---------------  S U M M A R Y ------------

Command Line: plantuml.jar test.uml

Host: Intel(R) Xeon(R) CPU E5-4610 0 @ 2.40GHz, 8 cores, 15G, Ubuntu 16.04.3 LTS
Time: Thu Jun  6 16:07:32 2019 CST elapsed time: 5 seconds (0d 0h 0m 5s)

---------------  T H R E A D  ---------------

Current thread (0x00007f1a60010800):  JavaThread "main" [_thread_in_native, id=1310, stack(0x00007f1a6840a000,0x00007f1a6850b000)]

Stack: [0x00007f1a6840a000,0x00007f1a6850b000],  sp=0x00007f1a685086e0,  free space=1017k
Native frames: (J=compiled Java code, j=interpreted, Vv=VM code, C=native code)
C  [libjava.so+0x1d009]  JNU_GetEnv+0x19
C  [libfontmanager.so+0x33f8e]
C  [libfreetype.so.6+0x14d2b]  FT_Stream_Seek+0x1b

Java frames: (J=compiled Java code, j=interpreted, Vv=VM code)
j  sun.font.FreetypeFontScaler.initNativeScaler(Lsun/font/Font2D;IIZI)J+0 java.desktop@9-internal
j  sun.font.FreetypeFontScaler.<init>(Lsun/font/Font2D;IZI)V+26 java.desktop@9-internal
v  ~StubRoutines::call_stub
j  sun.reflect.NativeConstructorAccessorImpl.newInstance0(Ljava/lang/reflect/Constructor;[Ljava/lang/Object;)Ljava/lang/Object;+0 java.base@9-internal
j  sun.reflect.NativeConstructorAccessorImpl.newInstance([Ljava/lang/Object;)Ljava/lang/Object;+85 java.base@9-internal
j  sun.reflect.DelegatingConstructorAccessorImpl.newInstance([Ljava/lang/Object;)Ljava/lang/Object;+5 java.base@9-internal
j  java.lang.reflect.Constructor.newInstance([Ljava/lang/Object;)Ljava/lang/Object;+65 java.base@9-internal
j  sun.font.FontScaler.getScaler(Lsun/font/Font2D;IZI)Lsun/font/FontScaler;+39 java.desktop@9-internal
j  sun.font.TrueTypeFont.getScaler()Lsun/font/FontScaler;+21 java.desktop@9-internal
j  sun.font.FileFontStrike.<init>(Lsun/font/FileFont;Lsun/font/FontStrikeDesc;)V+204 java.desktop@9-internal
j  sun.font.FileFont.createStrike(Lsun/font/FontStrikeDesc;)Lsun/font/FontStrike;+18 java.desktop@9-internal
j  sun.font.Font2D.getStrike(Lsun/font/FontStrikeDesc;Z)Lsun/font/FontStrike;+92 java.desktop@9-internal
j  sun.font.Font2D.getStrike(Lsun/font/FontStrikeDesc;)Lsun/font/FontStrike;+3 java.desktop@9-internal
j  sun.font.CompositeStrike.getStrikeForSlot(I)Lsun/font/PhysicalStrike;+23 java.desktop@9-internal
j  sun.font.CompositeStrike.getFontMetrics()Lsun/font/StrikeMetrics;+31 java.desktop@9-internal
j  sun.font.FontDesignMetrics.initMatrixAndMetrics()V+28 java.desktop@9-internal
j  sun.font.FontDesignMetrics.<init>(Ljava/awt/Font;Ljava/awt/font/FontRenderContext;)V+62 java.desktop@9-internal
j  sun.font.FontDesignMetrics.getMetrics(Ljava/awt/Font;Ljava/awt/font/FontRenderContext;)Lsun/font/FontDesignMetrics;+128 java.desktop@9-internal
j  sun.java2d.SunGraphics2D.getFontMetrics(Ljava/awt/Font;)Ljava/awt/FontMetrics;+25 java.desktop@9-internal
j  net.sourceforge.plantuml.Run.forceOpenJdkResourceLoad()V+47
j  net.sourceforge.plantuml.Run.main([Ljava/lang/String;)V+271
v  ~StubRoutines::call_stub

siginfo: si_signo: 11 (SIGSEGV), si_code: 1 (SEGV_MAPERR), si_addr: 0x0000000000000000

Register to memory mapping:

RAX=0x0000000000000000 is an unknown value
RBX=0x0000000000000000 is an unknown value
RCX=0x0000000000000000 is an unknown value
RDX=0x0000000000010002 is an unknown value
RSP=0x00007f1a685086e0 is pointing into the stack for thread: 0x00007f1a60010800
RBP=0x00007f1a685086f0 is pointing into the stack for thread: 0x00007f1a60010800
RSI=0x0000000000010002 is an unknown value
RDI=0x0000000000000000 is an unknown value
R8 =0x0000000000000000 is an unknown value
R9 =0x0000000000000000 is an unknown value
R10=0x00000000000001db is an unknown value
R11=0x00007f1a65695ff0: JNU_GetEnv+0x0000000000000000 in /usr/lib/jvm/java-9-openjdk-amd64/lib/amd64/libjava.so at 0x00007f1a65679000
R12=0x00007f1a6037df60 is an unknown value
R13=0x0000000000000000 is an unknown value
R14=0x0000000000000000 is an unknown value
R15=0x00007f1a6030f650 is an unknown value


Registers:
RAX=0x0000000000000000, RBX=0x0000000000000000, RCX=0x0000000000000000, RDX=0x0000000000010002
RSP=0x00007f1a685086e0, RBP=0x00007f1a685086f0, RSI=0x0000000000010002, RDI=0x0000000000000000
R8 =0x0000000000000000, R9 =0x0000000000000000, R10=0x00000000000001db, R11=0x00007f1a65695ff0
R12=0x00007f1a6037df60, R13=0x0000000000000000, R14=0x0000000000000000, R15=0x00007f1a6030f650
RIP=0x00007f1a65696009, EFLAGS=0x0000000000010246, CSGSFS=0x0000000000000033, ERR=0x0000000000000004
  TRAPNO=0x000000000000000e

Top of Stack: (sp=0x00007f1a685086e0)
0x00007f1a685086e0:   0000000000000000 c440fb424a07f800
0x00007f1a685086f0:   00007f1a68508730 00007f19e9217f8e
0x00007f1a68508700:   00007f1a602b9900 00007f1a6037df60
0x00007f1a68508710:   0000000000000000 0000000000000000
0x00007f1a68508720:   00007f1a6037df60 00007f1a6030f650
0x00007f1a68508730:   0000000000000000 00007f19e8f4ed2b
0x00007f1a68508740:   0000000000000000 00007f19e91e0d80
0x00007f1a68508750:   0000000000000000 00007f19e8f628e0
0x00007f1a68508760:   0000000000000002 0000003200000008
0x00007f1a68508770:   0000000000000000 0000000000000000
0x00007f1a68508780:   0000006e0000005b 0000000000000000
0x00007f1a68508790:   0000000000000000 0000007c00000077
0x00007f1a685087a0:   0202020202020202 0202020202020202
0x00007f1a685087b0:   0000000000000000 0000000000000000
0x00007f1a685087c0:   0101010101010101 00007f1a60000020
0x00007f1a685087d0:   0000000000000070 00007f1a68508884
0x00007f1a685087e0:   00007f1a602b9900 00007f1a6030f650
0x00007f1a685087f0:   00007f1a68508884 00007f1a67da4184
0x00007f1a68508800:   00007f1a66d1bf00 00007f1a68508834
0x00007f1a68508810:   00007f19e91dd9e0 c440fb424a07f800
0x00007f1a68508820:   0000000000000070 00007f1a602a2790
0x00007f1a68508830:   00007f19e91dd9e0 00007f1a68508948
0x00007f1a68508840:   00007f1a602b9900 00007f1a6030f650
0x00007f1a68508850:   00007f1a6037e020 00007f19e8f514c2
0x00007f1a68508860:   0000000100000000 00007f1a68508950
0x00007f1a68508870:   0000000000000000 0000000000000000
0x00007f1a68508880:   0000000068508948 c440fb424a07f800
0x00007f1a68508890:   00007f1a602a2790 00007f1a68508950
0x00007f1a685088a0:   0000000000000000 00007f1a602b9828
0x00007f1a685088b0:   00007f1a68508b50 00007f1a602b9788
0x00007f1a685088c0:   00007f1a602b9900 00007f19e8f53581
0x00007f1a685088d0:   00007f1a68508950 00007f19e8f53376 

Instructions: (pc=0x00007f1a65696009)
0x00007f1a65695fe9:   ff eb ea 0f 1f 40 00 55 89 f2 48 89 e5 48 83 ec
0x00007f1a65695ff9:   10 64 48 8b 04 25 28 00 00 00 48 89 45 f8 31 c0
0x00007f1a65696009:   48 8b 07 48 8d 75 f0 ff 50 30 48 8b 4d f8 64 48
0x00007f1a65696019:   33 0c 25 28 00 00 00 48 8b 45 f0 75 02 c9 c3 e8 


---------------  P R O C E S S  ---------------

Java Threads: ( => current thread )
  0x00007f19b0001000 JavaThread "SeedGenerator Thread" daemon [_thread_blocked, id=1489, stack(0x00007f19e8b13000,0x00007f19e8c14000)]
  0x00007f1a6046e000 JavaThread "SeedGenerator Thread" daemon [_thread_in_Java, id=1345, stack(0x00007f19e8c14000,0x00007f19e8d15000)]
  0x00007f1a603b2800 JavaThread "Java2D Disposer" daemon [_thread_blocked, id=1344, stack(0x00007f19e94ae000,0x00007f19e95af000)]
  0x00007f1a60318800 JavaThread "Service Thread" daemon [_thread_blocked, id=1342, stack(0x00007f19e9b88000,0x00007f19e9c89000)]
  0x00007f1a60272800 JavaThread "Common-Cleaner" daemon [_thread_blocked, id=1341, stack(0x00007f19e9c89000,0x00007f19e9d8a000)]
  0x00007f1a60263000 JavaThread "Sweeper thread" daemon [_thread_blocked, id=1340, stack(0x00007f19ea4b4000,0x00007f19ea5b5000)]
  0x00007f1a60259000 JavaThread "C1 CompilerThread3" daemon [_thread_blocked, id=1339, stack(0x00007f19ea5b5000,0x00007f19ea6b6000)]
  0x00007f1a60257000 JavaThread "C2 CompilerThread2" daemon [_thread_blocked, id=1338, stack(0x00007f19ea6b6000,0x00007f19ea7b7000)]
  0x00007f1a60255000 JavaThread "C2 CompilerThread1" daemon [_thread_in_native, id=1337, stack(0x00007f19ea7b7000,0x00007f19ea8b8000)]
  0x00007f1a60253800 JavaThread "C2 CompilerThread0" daemon [_thread_blocked, id=1336, stack(0x00007f19ea8b8000,0x00007f19ea9b9000)]
  0x00007f1a6024f000 JavaThread "Signal Dispatcher" daemon [_thread_blocked, id=1335, stack(0x00007f19ea9b9000,0x00007f19eaaba000)]
  0x00007f1a6024d000 JavaThread "Surrogate Locker Thread (Concurrent GC)" daemon [_thread_blocked, id=1334, stack(0x00007f19eaaba000,0x00007f19eabbb000)]
  0x00007f1a6023b800 JavaThread "Finalizer" daemon [_thread_blocked, id=1333, stack(0x00007f19eae93000,0x00007f19eaf94000)]
  0x00007f1a60237800 JavaThread "Reference Handler" daemon [_thread_blocked, id=1332, stack(0x00007f19eaf94000,0x00007f19eb095000)]
=>0x00007f1a60010800 JavaThread "main" [_thread_in_native, id=1310, stack(0x00007f1a6840a000,0x00007f1a6850b000)]

Other Threads:
  0x00007f1a6022d800 VMThread [stack: 0x00007f19eb095000,0x00007f19eb196000] [id=1331]
  0x00007f1a6031b800 WatcherThread [stack: 0x00007f19e9a87000,0x00007f19e9b88000] [id=1343]

Threads with active compile tasks:
C2 CompilerThread1 432       4       java.util.HashMap::putVal (300 bytes)

VM state:not at safepoint (normal execution)

VM Mutex/Monitor currently owned by a thread: None

heap address: 0x00000006c5400000, size: 4012 MB, Compressed Oops mode: Zero based, Oop shift amount: 3
Narrow klass base: 0x0000000000000000, Narrow klass shift: 3
Compressed class space size: 1073741824 Address: 0x00000007c0000000

Heap:
 garbage-first heap   total 258048K, used 6144K [0x00000006c5400000, 0x00000006c55007e0, 0x00000007c0000000)
  region size 1024K, 7 young (7168K), 0 survivors (0K)
 Metaspace       used 8597K, capacity 8820K, committed 8960K, reserved 1056768K
  class space    used 916K, capacity 1016K, committed 1024K, reserved 1048576K

Heap Regions: E=young(eden), S=young(survivor), O=old, HS=humongous(starts), HC=humongous(continues), CS=collection set, F=free, A=archive, TS=gc time stamp, AC=allocation context, TAMS=top-at-mark-start (previous, next)
|   0|0x00000006c5400000, 0x00000006c5400000, 0x00000006c5500000|  0%| F|  |TS  0|AC  0|TAMS 0x00000006c5400000, 0x00000006c5400000|
|   1|0x00000006c5500000, 0x00000006c5500000, 0x00000006c5600000|  0%| F|  |TS  0|AC  0|TAMS 0x00000006c5500000, 0x00000006c5500000|
|   2|0x00000006c5600000, 0x00000006c5600000, 0x00000006c5700000|  0%| F|  |TS  0|AC  0|TAMS 0x00000006c5600000, 0x00000006c5600000|
|   3|0x00000006c5700000, 0x00000006c5700000, 0x00000006c5800000|  0%| F|  |TS  0|AC  0|TAMS 0x00000006c5700000, 0x00000006c5700000|
|   4|0x00000006c5800000, 0x00000006c5800000, 0x00000006c5900000|  0%| F|  |TS  0|AC  0|TAMS 0x00000006c5800000, 0x00000006c5800000|
|   5|0x00000006c5900000, 0x00000006c5900000, 0x00000006c5a00000|  0%| F|  |TS  0|AC  0|TAMS 0x00000006c5900000, 0x00000006c5900000|
|   6|0x00000006c5a00000, 0x00000006c5a00000, 0x00000006c5b00000|  0%| F|  |TS  0|AC  0|TAMS 0x00000006c5a00000, 0x00000006c5a00000|
|   7|0x00000006c5b00000, 0x00000006c5b00000, 0x00000006c5c00000|  0%| F|  |TS  0|AC  0|TAMS 0x00000006c5b00000, 0x00000006c5b00000|
|   8|0x00000006c5c00000, 0x00000006c5c00000, 0x00000006c5d00000|  0%| F|  |TS  0|AC  0|TAMS 0x00000006c5c00000, 0x00000006c5c00000|
|   9|0x00000006c5d00000, 0x00000006c5d00000, 0x00000006c5e00000|  0%| F|  |TS  0|AC  0|TAMS 0x00000006c5d00000, 0x00000006c5d00000|
|  10|0x00000006c5e00000, 0x00000006c5e00000, 0x00000006c5f00000|  0%| F|  |TS  0|AC  0|TAMS 0x00000006c5e00000, 0x00000006c5e00000|
|  11|0x00000006c5f00000, 0x00000006c5f00000, 0x00000006c6000000|  0%| F|  |TS  0|AC  0|TAMS 0x00000006c5f00000, 0x00000006c5f00000|
|  12|0x00000006c6000000, 0x00000006c6000000, 0x00000006c6100000|  0%| F|  |TS  0|AC  0|TAMS 0x00000006c6000000, 0x00000006c6000000|
|  13|0x00000006c6100000, 0x00000006c6100000, 0x00000006c6200000|  0%| F|  |TS  0|AC  0|TAMS 0x00000006c6100000, 0x00000006c6100000|
|  14|0x00000006c6200000, 0x00000006c6200000, 0x00000006c6300000|  0%| F|  |TS  0|AC  0|TAMS 0x00000006c6200000, 0x00000006c6200000|
|  15|0x00000006c6300000, 0x00000006c6300000, 0x00000006c6400000|  0%| F|  |TS  0|AC  0|TAMS 0x00000006c6300000, 0x00000006c6300000|
|  16|0x00000006c6400000, 0x00000006c6400000, 0x00000006c6500000|  0%| F|  |TS  0|AC  0|TAMS 0x00000006c6400000, 0x00000006c6400000|
|  17|0x00000006c6500000, 0x00000006c6500000, 0x00000006c6600000|  0%| F|  |TS  0|AC  0|TAMS 0x00000006c6500000, 0x00000006c6500000|
|  18|0x00000006c6600000, 0x00000006c6600000, 0x00000006c6700000|  0%| F|  |TS  0|AC  0|TAMS 0x00000006c6600000, 0x00000006c6600000|
|  19|0x00000006c6700000, 0x00000006c6700000, 0x00000006c6800000|  0%| F|  |TS  0|AC  0|TAMS 0x00000006c6700000, 0x00000006c6700000|
|  20|0x00000006c6800000, 0x00000006c6800000, 0x00000006c6900000|  0%| F|  |TS  0|AC  0|TAMS 0x00000006c6800000, 0x00000006c6800000|
|  21|0x00000006c6900000, 0x00000006c6900000, 0x00000006c6a00000|  0%| F|  |TS  0|AC  0|TAMS 0x00000006c6900000, 0x00000006c6900000|
|  22|0x00000006c6a00000, 0x00000006c6a00000, 0x00000006c6b00000|  0%| F|  |TS  0|AC  0|TAMS 0x00000006c6a00000, 0x00000006c6a00000|
|  23|0x00000006c6b00000, 0x00000006c6b00000, 0x00000006c6c00000|  0%| F|  |TS  0|AC  0|TAMS 0x00000006c6b00000, 0x00000006c6b00000|
|  24|0x00000006c6c00000, 0x00000006c6c00000, 0x00000006c6d00000|  0%| F|  |TS  0|AC  0|TAMS 0x00000006c6c00000, 0x00000006c6c00000|
|  25|0x00000006c6d00000, 0x00000006c6d00000, 0x00000006c6e00000|  0%| F|  |TS  0|AC  0|TAMS 0x00000006c6d00000, 0x00000006c6d00000|
|  26|0x00000006c6e00000, 0x00000006c6e00000, 0x00000006c6f00000|  0%| F|  |TS  0|AC  0|TAMS 0x00000006c6e00000, 0x00000006c6e00000|
|  27|0x00000006c6f00000, 0x00000006c6f00000, 0x00000006c7000000|  0%| F|  |TS  0|AC  0|TAMS 0x00000006c6f00000, 0x00000006c6f00000|
|  28|0x00000006c7000000, 0x00000006c7000000, 0x00000006c7100000|  0%| F|  |TS  0|AC  0|TAMS 0x00000006c7000000, 0x00000006c7000000|
|  29|0x00000006c7100000, 0x00000006c7100000, 0x00000006c7200000|  0%| F|  |TS  0|AC  0|TAMS 0x00000006c7100000, 0x00000006c7100000|
|  30|0x00000006c7200000, 0x00000006c7200000, 0x00000006c7300000|  0%| F|  |TS  0|AC  0|TAMS 0x00000006c7200000, 0x00000006c7200000|
|  31|0x00000006c7300000, 0x00000006c7300000, 0x00000006c7400000|  0%| F|  |TS  0|AC  0|TAMS 0x00000006c7300000, 0x00000006c7300000|
|  32|0x00000006c7400000, 0x00000006c7400000, 0x00000006c7500000|  0%| F|  |TS  0|AC  0|TAMS 0x00000006c7400000, 0x00000006c7400000|
|  33|0x00000006c7500000, 0x00000006c7500000, 0x00000006c7600000|  0%| F|  |TS  0|AC  0|TAMS 0x00000006c7500000, 0x00000006c7500000|
|  34|0x00000006c7600000, 0x00000006c7600000, 0x00000006c7700000|  0%| F|  |TS  0|AC  0|TAMS 0x00000006c7600000, 0x00000006c7600000|
|  35|0x00000006c7700000, 0x00000006c7700000, 0x00000006c7800000|  0%| F|  |TS  0|AC  0|TAMS 0x00000006c7700000, 0x00000006c7700000|
|  36|0x00000006c7800000, 0x00000006c7800000, 0x00000006c7900000|  0%| F|  |TS  0|AC  0|TAMS 0x00000006c7800000, 0x00000006c7800000|
|  37|0x00000006c7900000, 0x00000006c7900000, 0x00000006c7a00000|  0%| F|  |TS  0|AC  0|TAMS 0x00000006c7900000, 0x00000006c7900000|
|  38|0x00000006c7a00000, 0x00000006c7a00000, 0x00000006c7b00000|  0%| F|  |TS  0|AC  0|TAMS 0x00000006c7a00000, 0x00000006c7a00000|
|  39|0x00000006c7b00000, 0x00000006c7b00000, 0x00000006c7c00000|  0%| F|  |TS  0|AC  0|TAMS 0x00000006c7b00000, 0x00000006c7b00000|
|  40|0x00000006c7c00000, 0x00000006c7c00000, 0x00000006c7d00000|  0%| F|  |TS  0|AC  0|TAMS 0x00000006c7c00000, 0x00000006c7c00000|
|  41|0x00000006c7d00000, 0x00000006c7d00000, 0x00000006c7e00000|  0%| F|  |TS  0|AC  0|TAMS 0x00000006c7d00000, 0x00000006c7d00000|
|  42|0x00000006c7e00000, 0x00000006c7e00000, 0x00000006c7f00000|  0%| F|  |TS  0|AC  0|TAMS 0x00000006c7e00000, 0x00000006c7e00000|
|  43|0x00000006c7f00000, 0x00000006c7f00000, 0x00000006c8000000|  0%| F|  |TS  0|AC  0|TAMS 0x00000006c7f00000, 0x00000006c7f00000|
|  44|0x00000006c8000000, 0x00000006c8000000, 0x00000006c8100000|  0%| F|  |TS  0|AC  0|TAMS 0x00000006c8000000, 0x00000006c8000000|
|  45|0x00000006c8100000, 0x00000006c8100000, 0x00000006c8200000|  0%| F|  |TS  0|AC  0|TAMS 0x00000006c8100000, 0x00000006c8100000|
|  46|0x00000006c8200000, 0x00000006c8200000, 0x00000006c8300000|  0%| F|  |TS  0|AC  0|TAMS 0x00000006c8200000, 0x00000006c8200000|
|  47|0x00000006c8300000, 0x00000006c8300000, 0x00000006c8400000|  0%| F|  |TS  0|AC  0|TAMS 0x00000006c8300000, 0x00000006c8300000|
|  48|0x00000006c8400000, 0x00000006c8400000, 0x00000006c8500000|  0%| F|  |TS  0|AC  0|TAMS 0x00000006c8400000, 0x00000006c8400000|
|  49|0x00000006c8500000, 0x00000006c8500000, 0x00000006c8600000|  0%| F|  |TS  0|AC  0|TAMS 0x00000006c8500000, 0x00000006c8500000|
|  50|0x00000006c8600000, 0x00000006c8600000, 0x00000006c8700000|  0%| F|  |TS  0|AC  0|TAMS 0x00000006c8600000, 0x00000006c8600000|
|  51|0x00000006c8700000, 0x00000006c8700000, 0x00000006c8800000|  0%| F|  |TS  0|AC  0|TAMS 0x00000006c8700000, 0x00000006c8700000|
|  52|0x00000006c8800000, 0x00000006c8800000, 0x00000006c8900000|  0%| F|  |TS  0|AC  0|TAMS 0x00000006c8800000, 0x00000006c8800000|
|  53|0x00000006c8900000, 0x00000006c8900000, 0x00000006c8a00000|  0%| F|  |TS  0|AC  0|TAMS 0x00000006c8900000, 0x00000006c8900000|
|  54|0x00000006c8a00000, 0x00000006c8a00000, 0x00000006c8b00000|  0%| F|  |TS  0|AC  0|TAMS 0x00000006c8a00000, 0x00000006c8a00000|
|  55|0x00000006c8b00000, 0x00000006c8b00000, 0x00000006c8c00000|  0%| F|  |TS  0|AC  0|TAMS 0x00000006c8b00000, 0x00000006c8b00000|
|  56|0x00000006c8c00000, 0x00000006c8c00000, 0x00000006c8d00000|  0%| F|  |TS  0|AC  0|TAMS 0x00000006c8c00000, 0x00000006c8c00000|
|  57|0x00000006c8d00000, 0x00000006c8d00000, 0x00000006c8e00000|  0%| F|  |TS  0|AC  0|TAMS 0x00000006c8d00000, 0x00000006c8d00000|
|  58|0x00000006c8e00000, 0x00000006c8e00000, 0x00000006c8f00000|  0%| F|  |TS  0|AC  0|TAMS 0x00000006c8e00000, 0x00000006c8e00000|
|  59|0x00000006c8f00000, 0x00000006c8f00000, 0x00000006c9000000|  0%| F|  |TS  0|AC  0|TAMS 0x00000006c8f00000, 0x00000006c8f00000|
|  60|0x00000006c9000000, 0x00000006c9000000, 0x00000006c9100000|  0%| F|  |TS  0|AC  0|TAMS 0x00000006c9000000, 0x00000006c9000000|
|  61|0x00000006c9100000, 0x00000006c9100000, 0x00000006c9200000|  0%| F|  |TS  0|AC  0|TAMS 0x00000006c9100000, 0x00000006c9100000|
|  62|0x00000006c9200000, 0x00000006c9200000, 0x00000006c9300000|  0%| F|  |TS  0|AC  0|TAMS 0x00000006c9200000, 0x00000006c9200000|
|  63|0x00000006c9300000, 0x00000006c9300000, 0x00000006c9400000|  0%| F|  |TS  0|AC  0|TAMS 0x00000006c9300000, 0x00000006c9300000|
|  64|0x00000006c9400000, 0x00000006c9400000, 0x00000006c9500000|  0%| F|  |TS  0|AC  0|TAMS 0x00000006c9400000, 0x00000006c9400000|
|  65|0x00000006c9500000, 0x00000006c9500000, 0x00000006c9600000|  0%| F|  |TS  0|AC  0|TAMS 0x00000006c9500000, 0x00000006c9500000|
|  66|0x00000006c9600000, 0x00000006c9600000, 0x00000006c9700000|  0%| F|  |TS  0|AC  0|TAMS 0x00000006c9600000, 0x00000006c9600000|
|  67|0x00000006c9700000, 0x00000006c9700000, 0x00000006c9800000|  0%| F|  |TS  0|AC  0|TAMS 0x00000006c9700000, 0x00000006c9700000|
|  68|0x00000006c9800000, 0x00000006c9800000, 0x00000006c9900000|  0%| F|  |TS  0|AC  0|TAMS 0x00000006c9800000, 0x00000006c9800000|
|  69|0x00000006c9900000, 0x00000006c9900000, 0x00000006c9a00000|  0%| F|  |TS  0|AC  0|TAMS 0x00000006c9900000, 0x00000006c9900000|
|  70|0x00000006c9a00000, 0x00000006c9a00000, 0x00000006c9b00000|  0%| F|  |TS  0|AC  0|TAMS 0x00000006c9a00000, 0x00000006c9a00000|
|  71|0x00000006c9b00000, 0x00000006c9b00000, 0x00000006c9c00000|  0%| F|  |TS  0|AC  0|TAMS 0x00000006c9b00000, 0x00000006c9b00000|
|  72|0x00000006c9c00000, 0x00000006c9c00000, 0x00000006c9d00000|  0%| F|  |TS  0|AC  0|TAMS 0x00000006c9c00000, 0x00000006c9c00000|
|  73|0x00000006c9d00000, 0x00000006c9d00000, 0x00000006c9e00000|  0%| F|  |TS  0|AC  0|TAMS 0x00000006c9d00000, 0x00000006c9d00000|
|  74|0x00000006c9e00000, 0x00000006c9e00000, 0x00000006c9f00000|  0%| F|  |TS  0|AC  0|TAMS 0x00000006c9e00000, 0x00000006c9e00000|
|  75|0x00000006c9f00000, 0x00000006c9f00000, 0x00000006ca000000|  0%| F|  |TS  0|AC  0|TAMS 0x00000006c9f00000, 0x00000006c9f00000|
|  76|0x00000006ca000000, 0x00000006ca000000, 0x00000006ca100000|  0%| F|  |TS  0|AC  0|TAMS 0x00000006ca000000, 0x00000006ca000000|
|  77|0x00000006ca100000, 0x00000006ca100000, 0x00000006ca200000|  0%| F|  |TS  0|AC  0|TAMS 0x00000006ca100000, 0x00000006ca100000|
|  78|0x00000006ca200000, 0x00000006ca200000, 0x00000006ca300000|  0%| F|  |TS  0|AC  0|TAMS 0x00000006ca200000, 0x00000006ca200000|
|  79|0x00000006ca300000, 0x00000006ca300000, 0x00000006ca400000|  0%| F|  |TS  0|AC  0|TAMS 0x00000006ca300000, 0x00000006ca300000|
|  80|0x00000006ca400000, 0x00000006ca400000, 0x00000006ca500000|  0%| F|  |TS  0|AC  0|TAMS 0x00000006ca400000, 0x00000006ca400000|
|  81|0x00000006ca500000, 0x00000006ca500000, 0x00000006ca600000|  0%| F|  |TS  0|AC  0|TAMS 0x00000006ca500000, 0x00000006ca500000|
|  82|0x00000006ca600000, 0x00000006ca600000, 0x00000006ca700000|  0%| F|  |TS  0|AC  0|TAMS 0x00000006ca600000, 0x00000006ca600000|
|  83|0x00000006ca700000, 0x00000006ca700000, 0x00000006ca800000|  0%| F|  |TS  0|AC  0|TAMS 0x00000006ca700000, 0x00000006ca700000|
|  84|0x00000006ca800000, 0x00000006ca800000, 0x00000006ca900000|  0%| F|  |TS  0|AC  0|TAMS 0x00000006ca800000, 0x00000006ca800000|
|  85|0x00000006ca900000, 0x00000006ca900000, 0x00000006caa00000|  0%| F|  |TS  0|AC  0|TAMS 0x00000006ca900000, 0x00000006ca900000|
|  86|0x00000006caa00000, 0x00000006caa00000, 0x00000006cab00000|  0%| F|  |TS  0|AC  0|TAMS 0x00000006caa00000, 0x00000006caa00000|
|  87|0x00000006cab00000, 0x00000006cab00000, 0x00000006cac00000|  0%| F|  |TS  0|AC  0|TAMS 0x00000006cab00000, 0x00000006cab00000|
|  88|0x00000006cac00000, 0x00000006cac00000, 0x00000006cad00000|  0%| F|  |TS  0|AC  0|TAMS 0x00000006cac00000, 0x00000006cac00000|
|  89|0x00000006cad00000, 0x00000006cad00000, 0x00000006cae00000|  0%| F|  |TS  0|AC  0|TAMS 0x00000006cad00000, 0x00000006cad00000|
|  90|0x00000006cae00000, 0x00000006cae00000, 0x00000006caf00000|  0%| F|  |TS  0|AC  0|TAMS 0x00000006cae00000, 0x00000006cae00000|
|  91|0x00000006caf00000, 0x00000006caf00000, 0x00000006cb000000|  0%| F|  |TS  0|AC  0|TAMS 0x00000006caf00000, 0x00000006caf00000|
|  92|0x00000006cb000000, 0x00000006cb000000, 0x00000006cb100000|  0%| F|  |TS  0|AC  0|TAMS 0x00000006cb000000, 0x00000006cb000000|
|  93|0x00000006cb100000, 0x00000006cb100000, 0x00000006cb200000|  0%| F|  |TS  0|AC  0|TAMS 0x00000006cb100000, 0x00000006cb100000|
|  94|0x00000006cb200000, 0x00000006cb200000, 0x00000006cb300000|  0%| F|  |TS  0|AC  0|TAMS 0x00000006cb200000, 0x00000006cb200000|
|  95|0x00000006cb300000, 0x00000006cb300000, 0x00000006cb400000|  0%| F|  |TS  0|AC  0|TAMS 0x00000006cb300000, 0x00000006cb300000|
|  96|0x00000006cb400000, 0x00000006cb400000, 0x00000006cb500000|  0%| F|  |TS  0|AC  0|TAMS 0x00000006cb400000, 0x00000006cb400000|
|  97|0x00000006cb500000, 0x00000006cb500000, 0x00000006cb600000|  0%| F|  |TS  0|AC  0|TAMS 0x00000006cb500000, 0x00000006cb500000|
|  98|0x00000006cb600000, 0x00000006cb600000, 0x00000006cb700000|  0%| F|  |TS  0|AC  0|TAMS 0x00000006cb600000, 0x00000006cb600000|
|  99|0x00000006cb700000, 0x00000006cb700000, 0x00000006cb800000|  0%| F|  |TS  0|AC  0|TAMS 0x00000006cb700000, 0x00000006cb700000|
| 100|0x00000006cb800000, 0x00000006cb800000, 0x00000006cb900000|  0%| F|  |TS  0|AC  0|TAMS 0x00000006cb800000, 0x00000006cb800000|
| 101|0x00000006cb900000, 0x00000006cb900000, 0x00000006cba00000|  0%| F|  |TS  0|AC  0|TAMS 0x00000006cb900000, 0x00000006cb900000|
| 102|0x00000006cba00000, 0x00000006cba00000, 0x00000006cbb00000|  0%| F|  |TS  0|AC  0|TAMS 0x00000006cba00000, 0x00000006cba00000|
| 103|0x00000006cbb00000, 0x00000006cbb00000, 0x00000006cbc00000|  0%| F|  |TS  0|AC  0|TAMS 0x00000006cbb00000, 0x00000006cbb00000|
| 104|0x00000006cbc00000, 0x00000006cbc00000, 0x00000006cbd00000|  0%| F|  |TS  0|AC  0|TAMS 0x00000006cbc00000, 0x00000006cbc00000|
| 105|0x00000006cbd00000, 0x00000006cbd00000, 0x00000006cbe00000|  0%| F|  |TS  0|AC  0|TAMS 0x00000006cbd00000, 0x00000006cbd00000|
| 106|0x00000006cbe00000, 0x00000006cbe00000, 0x00000006cbf00000|  0%| F|  |TS  0|AC  0|TAMS 0x00000006cbe00000, 0x00000006cbe00000|
| 107|0x00000006cbf00000, 0x00000006cbf00000, 0x00000006cc000000|  0%| F|  |TS  0|AC  0|TAMS 0x00000006cbf00000, 0x00000006cbf00000|
| 108|0x00000006cc000000, 0x00000006cc000000, 0x00000006cc100000|  0%| F|  |TS  0|AC  0|TAMS 0x00000006cc000000, 0x00000006cc000000|
| 109|0x00000006cc100000, 0x00000006cc100000, 0x00000006cc200000|  0%| F|  |TS  0|AC  0|TAMS 0x00000006cc100000, 0x00000006cc100000|
| 110|0x00000006cc200000, 0x00000006cc200000, 0x00000006cc300000|  0%| F|  |TS  0|AC  0|TAMS 0x00000006cc200000, 0x00000006cc200000|
| 111|0x00000006cc300000, 0x00000006cc300000, 0x00000006cc400000|  0%| F|  |TS  0|AC  0|TAMS 0x00000006cc300000, 0x00000006cc300000|
| 112|0x00000006cc400000, 0x00000006cc400000, 0x00000006cc500000|  0%| F|  |TS  0|AC  0|TAMS 0x00000006cc400000, 0x00000006cc400000|
| 113|0x00000006cc500000, 0x00000006cc500000, 0x00000006cc600000|  0%| F|  |TS  0|AC  0|TAMS 0x00000006cc500000, 0x00000006cc500000|
| 114|0x00000006cc600000, 0x00000006cc600000, 0x00000006cc700000|  0%| F|  |TS  0|AC  0|TAMS 0x00000006cc600000, 0x00000006cc600000|
| 115|0x00000006cc700000, 0x00000006cc700000, 0x00000006cc800000|  0%| F|  |TS  0|AC  0|TAMS 0x00000006cc700000, 0x00000006cc700000|
| 116|0x00000006cc800000, 0x00000006cc800000, 0x00000006cc900000|  0%| F|  |TS  0|AC  0|TAMS 0x00000006cc800000, 0x00000006cc800000|
| 117|0x00000006cc900000, 0x00000006cc900000, 0x00000006cca00000|  0%| F|  |TS  0|AC  0|TAMS 0x00000006cc900000, 0x00000006cc900000|
| 118|0x00000006cca00000, 0x00000006cca00000, 0x00000006ccb00000|  0%| F|  |TS  0|AC  0|TAMS 0x00000006cca00000, 0x00000006cca00000|
| 119|0x00000006ccb00000, 0x00000006ccb00000, 0x00000006ccc00000|  0%| F|  |TS  0|AC  0|TAMS 0x00000006ccb00000, 0x00000006ccb00000|
| 120|0x00000006ccc00000, 0x00000006ccc00000, 0x00000006ccd00000|  0%| F|  |TS  0|AC  0|TAMS 0x00000006ccc00000, 0x00000006ccc00000|
| 121|0x00000006ccd00000, 0x00000006ccd00000, 0x00000006cce00000|  0%| F|  |TS  0|AC  0|TAMS 0x00000006ccd00000, 0x00000006ccd00000|
| 122|0x00000006cce00000, 0x00000006cce00000, 0x00000006ccf00000|  0%| F|  |TS  0|AC  0|TAMS 0x00000006cce00000, 0x00000006cce00000|
| 123|0x00000006ccf00000, 0x00000006ccf00000, 0x00000006cd000000|  0%| F|  |TS  0|AC  0|TAMS 0x00000006ccf00000, 0x00000006ccf00000|
| 124|0x00000006cd000000, 0x00000006cd000000, 0x00000006cd100000|  0%| F|  |TS  0|AC  0|TAMS 0x00000006cd000000, 0x00000006cd000000|
| 125|0x00000006cd100000, 0x00000006cd100000, 0x00000006cd200000|  0%| F|  |TS  0|AC  0|TAMS 0x00000006cd100000, 0x00000006cd100000|
| 126|0x00000006cd200000, 0x00000006cd200000, 0x00000006cd300000|  0%| F|  |TS  0|AC  0|TAMS 0x00000006cd200000, 0x00000006cd200000|
| 127|0x00000006cd300000, 0x00000006cd300000, 0x00000006cd400000|  0%| F|  |TS  0|AC  0|TAMS 0x00000006cd300000, 0x00000006cd300000|
| 128|0x00000006cd400000, 0x00000006cd400000, 0x00000006cd500000|  0%| F|  |TS  0|AC  0|TAMS 0x00000006cd400000, 0x00000006cd400000|
| 129|0x00000006cd500000, 0x00000006cd500000, 0x00000006cd600000|  0%| F|  |TS  0|AC  0|TAMS 0x00000006cd500000, 0x00000006cd500000|
| 130|0x00000006cd600000, 0x00000006cd600000, 0x00000006cd700000|  0%| F|  |TS  0|AC  0|TAMS 0x00000006cd600000, 0x00000006cd600000|
| 131|0x00000006cd700000, 0x00000006cd700000, 0x00000006cd800000|  0%| F|  |TS  0|AC  0|TAMS 0x00000006cd700000, 0x00000006cd700000|
| 132|0x00000006cd800000, 0x00000006cd800000, 0x00000006cd900000|  0%| F|  |TS  0|AC  0|TAMS 0x00000006cd800000, 0x00000006cd800000|
| 133|0x00000006cd900000, 0x00000006cd900000, 0x00000006cda00000|  0%| F|  |TS  0|AC  0|TAMS 0x00000006cd900000, 0x00000006cd900000|
| 134|0x00000006cda00000, 0x00000006cda00000, 0x00000006cdb00000|  0%| F|  |TS  0|AC  0|TAMS 0x00000006cda00000, 0x00000006cda00000|
| 135|0x00000006cdb00000, 0x00000006cdb00000, 0x00000006cdc00000|  0%| F|  |TS  0|AC  0|TAMS 0x00000006cdb00000, 0x00000006cdb00000|
| 136|0x00000006cdc00000, 0x00000006cdc00000, 0x00000006cdd00000|  0%| F|  |TS  0|AC  0|TAMS 0x00000006cdc00000, 0x00000006cdc00000|
| 137|0x00000006cdd00000, 0x00000006cdd00000, 0x00000006cde00000|  0%| F|  |TS  0|AC  0|TAMS 0x00000006cdd00000, 0x00000006cdd00000|
| 138|0x00000006cde00000, 0x00000006cde00000, 0x00000006cdf00000|  0%| F|  |TS  0|AC  0|TAMS 0x00000006cde00000, 0x00000006cde00000|
| 139|0x00000006cdf00000, 0x00000006cdf00000, 0x00000006ce000000|  0%| F|  |TS  0|AC  0|TAMS 0x00000006cdf00000, 0x00000006cdf00000|
| 140|0x00000006ce000000, 0x00000006ce000000, 0x00000006ce100000|  0%| F|  |TS  0|AC  0|TAMS 0x00000006ce000000, 0x00000006ce000000|
| 141|0x00000006ce100000, 0x00000006ce100000, 0x00000006ce200000|  0%| F|  |TS  0|AC  0|TAMS 0x00000006ce100000, 0x00000006ce100000|
| 142|0x00000006ce200000, 0x00000006ce200000, 0x00000006ce300000|  0%| F|  |TS  0|AC  0|TAMS 0x00000006ce200000, 0x00000006ce200000|
| 143|0x00000006ce300000, 0x00000006ce300000, 0x00000006ce400000|  0%| F|  |TS  0|AC  0|TAMS 0x00000006ce300000, 0x00000006ce300000|
| 144|0x00000006ce400000, 0x00000006ce400000, 0x00000006ce500000|  0%| F|  |TS  0|AC  0|TAMS 0x00000006ce400000, 0x00000006ce400000|
| 145|0x00000006ce500000, 0x00000006ce500000, 0x00000006ce600000|  0%| F|  |TS  0|AC  0|TAMS 0x00000006ce500000, 0x00000006ce500000|
| 146|0x00000006ce600000, 0x00000006ce600000, 0x00000006ce700000|  0%| F|  |TS  0|AC  0|TAMS 0x00000006ce600000, 0x00000006ce600000|
| 147|0x00000006ce700000, 0x00000006ce700000, 0x00000006ce800000|  0%| F|  |TS  0|AC  0|TAMS 0x00000006ce700000, 0x00000006ce700000|
| 148|0x00000006ce800000, 0x00000006ce800000, 0x00000006ce900000|  0%| F|  |TS  0|AC  0|TAMS 0x00000006ce800000, 0x00000006ce800000|
| 149|0x00000006ce900000, 0x00000006ce900000, 0x00000006cea00000|  0%| F|  |TS  0|AC  0|TAMS 0x00000006ce900000, 0x00000006ce900000|
| 150|0x00000006cea00000, 0x00000006cea00000, 0x00000006ceb00000|  0%| F|  |TS  0|AC  0|TAMS 0x00000006cea00000, 0x00000006cea00000|
| 151|0x00000006ceb00000, 0x00000006ceb00000, 0x00000006cec00000|  0%| F|  |TS  0|AC  0|TAMS 0x00000006ceb00000, 0x00000006ceb00000|
| 152|0x00000006cec00000, 0x00000006cec00000, 0x00000006ced00000|  0%| F|  |TS  0|AC  0|TAMS 0x00000006cec00000, 0x00000006cec00000|
| 153|0x00000006ced00000, 0x00000006ced00000, 0x00000006cee00000|  0%| F|  |TS  0|AC  0|TAMS 0x00000006ced00000, 0x00000006ced00000|
| 154|0x00000006cee00000, 0x00000006cee00000, 0x00000006cef00000|  0%| F|  |TS  0|AC  0|TAMS 0x00000006cee00000, 0x00000006cee00000|
| 155|0x00000006cef00000, 0x00000006cef00000, 0x00000006cf000000|  0%| F|  |TS  0|AC  0|TAMS 0x00000006cef00000, 0x00000006cef00000|
| 156|0x00000006cf000000, 0x00000006cf000000, 0x00000006cf100000|  0%| F|  |TS  0|AC  0|TAMS 0x00000006cf000000, 0x00000006cf000000|
| 157|0x00000006cf100000, 0x00000006cf100000, 0x00000006cf200000|  0%| F|  |TS  0|AC  0|TAMS 0x00000006cf100000, 0x00000006cf100000|
| 158|0x00000006cf200000, 0x00000006cf200000, 0x00000006cf300000|  0%| F|  |TS  0|AC  0|TAMS 0x00000006cf200000, 0x00000006cf200000|
| 159|0x00000006cf300000, 0x00000006cf300000, 0x00000006cf400000|  0%| F|  |TS  0|AC  0|TAMS 0x00000006cf300000, 0x00000006cf300000|
| 160|0x00000006cf400000, 0x00000006cf400000, 0x00000006cf500000|  0%| F|  |TS  0|AC  0|TAMS 0x00000006cf400000, 0x00000006cf400000|
| 161|0x00000006cf500000, 0x00000006cf500000, 0x00000006cf600000|  0%| F|  |TS  0|AC  0|TAMS 0x00000006cf500000, 0x00000006cf500000|
| 162|0x00000006cf600000, 0x00000006cf600000, 0x00000006cf700000|  0%| F|  |TS  0|AC  0|TAMS 0x00000006cf600000, 0x00000006cf600000|
| 163|0x00000006cf700000, 0x00000006cf700000, 0x00000006cf800000|  0%| F|  |TS  0|AC  0|TAMS 0x00000006cf700000, 0x00000006cf700000|
| 164|0x00000006cf800000, 0x00000006cf800000, 0x00000006cf900000|  0%| F|  |TS  0|AC  0|TAMS 0x00000006cf800000, 0x00000006cf800000|
| 165|0x00000006cf900000, 0x00000006cf900000, 0x00000006cfa00000|  0%| F|  |TS  0|AC  0|TAMS 0x00000006cf900000, 0x00000006cf900000|
| 166|0x00000006cfa00000, 0x00000006cfa00000, 0x00000006cfb00000|  0%| F|  |TS  0|AC  0|TAMS 0x00000006cfa00000, 0x00000006cfa00000|
| 167|0x00000006cfb00000, 0x00000006cfb00000, 0x00000006cfc00000|  0%| F|  |TS  0|AC  0|TAMS 0x00000006cfb00000, 0x00000006cfb00000|
| 168|0x00000006cfc00000, 0x00000006cfc00000, 0x00000006cfd00000|  0%| F|  |TS  0|AC  0|TAMS 0x00000006cfc00000, 0x00000006cfc00000|
| 169|0x00000006cfd00000, 0x00000006cfd00000, 0x00000006cfe00000|  0%| F|  |TS  0|AC  0|TAMS 0x00000006cfd00000, 0x00000006cfd00000|
| 170|0x00000006cfe00000, 0x00000006cfe00000, 0x00000006cff00000|  0%| F|  |TS  0|AC  0|TAMS 0x00000006cfe00000, 0x00000006cfe00000|
| 171|0x00000006cff00000, 0x00000006cff00000, 0x00000006d0000000|  0%| F|  |TS  0|AC  0|TAMS 0x00000006cff00000, 0x00000006cff00000|
| 172|0x00000006d0000000, 0x00000006d0000000, 0x00000006d0100000|  0%| F|  |TS  0|AC  0|TAMS 0x00000006d0000000, 0x00000006d0000000|
| 173|0x00000006d0100000, 0x00000006d0100000, 0x00000006d0200000|  0%| F|  |TS  0|AC  0|TAMS 0x00000006d0100000, 0x00000006d0100000|
| 174|0x00000006d0200000, 0x00000006d0200000, 0x00000006d0300000|  0%| F|  |TS  0|AC  0|TAMS 0x00000006d0200000, 0x00000006d0200000|
| 175|0x00000006d0300000, 0x00000006d0300000, 0x00000006d0400000|  0%| F|  |TS  0|AC  0|TAMS 0x00000006d0300000, 0x00000006d0300000|
| 176|0x00000006d0400000, 0x00000006d0400000, 0x00000006d0500000|  0%| F|  |TS  0|AC  0|TAMS 0x00000006d0400000, 0x00000006d0400000|
| 177|0x00000006d0500000, 0x00000006d0500000, 0x00000006d0600000|  0%| F|  |TS  0|AC  0|TAMS 0x00000006d0500000, 0x00000006d0500000|
| 178|0x00000006d0600000, 0x00000006d0600000, 0x00000006d0700000|  0%| F|  |TS  0|AC  0|TAMS 0x00000006d0600000, 0x00000006d0600000|
| 179|0x00000006d0700000, 0x00000006d0700000, 0x00000006d0800000|  0%| F|  |TS  0|AC  0|TAMS 0x00000006d0700000, 0x00000006d0700000|
| 180|0x00000006d0800000, 0x00000006d0800000, 0x00000006d0900000|  0%| F|  |TS  0|AC  0|TAMS 0x00000006d0800000, 0x00000006d0800000|
| 181|0x00000006d0900000, 0x00000006d0900000, 0x00000006d0a00000|  0%| F|  |TS  0|AC  0|TAMS 0x00000006d0900000, 0x00000006d0900000|
| 182|0x00000006d0a00000, 0x00000006d0a00000, 0x00000006d0b00000|  0%| F|  |TS  0|AC  0|TAMS 0x00000006d0a00000, 0x00000006d0a00000|
| 183|0x00000006d0b00000, 0x00000006d0b00000, 0x00000006d0c00000|  0%| F|  |TS  0|AC  0|TAMS 0x00000006d0b00000, 0x00000006d0b00000|
| 184|0x00000006d0c00000, 0x00000006d0c00000, 0x00000006d0d00000|  0%| F|  |TS  0|AC  0|TAMS 0x00000006d0c00000, 0x00000006d0c00000|
| 185|0x00000006d0d00000, 0x00000006d0d00000, 0x00000006d0e00000|  0%| F|  |TS  0|AC  0|TAMS 0x00000006d0d00000, 0x00000006d0d00000|
| 186|0x00000006d0e00000, 0x00000006d0e00000, 0x00000006d0f00000|  0%| F|  |TS  0|AC  0|TAMS 0x00000006d0e00000, 0x00000006d0e00000|
| 187|0x00000006d0f00000, 0x00000006d0f00000, 0x00000006d1000000|  0%| F|  |TS  0|AC  0|TAMS 0x00000006d0f00000, 0x00000006d0f00000|
| 188|0x00000006d1000000, 0x00000006d1000000, 0x00000006d1100000|  0%| F|  |TS  0|AC  0|TAMS 0x00000006d1000000, 0x00000006d1000000|
| 189|0x00000006d1100000, 0x00000006d1100000, 0x00000006d1200000|  0%| F|  |TS  0|AC  0|TAMS 0x00000006d1100000, 0x00000006d1100000|
| 190|0x00000006d1200000, 0x00000006d1200000, 0x00000006d1300000|  0%| F|  |TS  0|AC  0|TAMS 0x00000006d1200000, 0x00000006d1200000|
| 191|0x00000006d1300000, 0x00000006d1300000, 0x00000006d1400000|  0%| F|  |TS  0|AC  0|TAMS 0x00000006d1300000, 0x00000006d1300000|
| 192|0x00000006d1400000, 0x00000006d1400000, 0x00000006d1500000|  0%| F|  |TS  0|AC  0|TAMS 0x00000006d1400000, 0x00000006d1400000|
| 193|0x00000006d1500000, 0x00000006d1500000, 0x00000006d1600000|  0%| F|  |TS  0|AC  0|TAMS 0x00000006d1500000, 0x00000006d1500000|
| 194|0x00000006d1600000, 0x00000006d1600000, 0x00000006d1700000|  0%| F|  |TS  0|AC  0|TAMS 0x00000006d1600000, 0x00000006d1600000|
| 195|0x00000006d1700000, 0x00000006d1700000, 0x00000006d1800000|  0%| F|  |TS  0|AC  0|TAMS 0x00000006d1700000, 0x00000006d1700000|
| 196|0x00000006d1800000, 0x00000006d1800000, 0x00000006d1900000|  0%| F|  |TS  0|AC  0|TAMS 0x00000006d1800000, 0x00000006d1800000|
| 197|0x00000006d1900000, 0x00000006d1900000, 0x00000006d1a00000|  0%| F|  |TS  0|AC  0|TAMS 0x00000006d1900000, 0x00000006d1900000|
| 198|0x00000006d1a00000, 0x00000006d1a00000, 0x00000006d1b00000|  0%| F|  |TS  0|AC  0|TAMS 0x00000006d1a00000, 0x00000006d1a00000|
| 199|0x00000006d1b00000, 0x00000006d1b00000, 0x00000006d1c00000|  0%| F|  |TS  0|AC  0|TAMS 0x00000006d1b00000, 0x00000006d1b00000|
| 200|0x00000006d1c00000, 0x00000006d1c00000, 0x00000006d1d00000|  0%| F|  |TS  0|AC  0|TAMS 0x00000006d1c00000, 0x00000006d1c00000|
| 201|0x00000006d1d00000, 0x00000006d1d00000, 0x00000006d1e00000|  0%| F|  |TS  0|AC  0|TAMS 0x00000006d1d00000, 0x00000006d1d00000|
| 202|0x00000006d1e00000, 0x00000006d1e00000, 0x00000006d1f00000|  0%| F|  |TS  0|AC  0|TAMS 0x00000006d1e00000, 0x00000006d1e00000|
| 203|0x00000006d1f00000, 0x00000006d1f00000, 0x00000006d2000000|  0%| F|  |TS  0|AC  0|TAMS 0x00000006d1f00000, 0x00000006d1f00000|
| 204|0x00000006d2000000, 0x00000006d2000000, 0x00000006d2100000|  0%| F|  |TS  0|AC  0|TAMS 0x00000006d2000000, 0x00000006d2000000|
| 205|0x00000006d2100000, 0x00000006d2100000, 0x00000006d2200000|  0%| F|  |TS  0|AC  0|TAMS 0x00000006d2100000, 0x00000006d2100000|
| 206|0x00000006d2200000, 0x00000006d2200000, 0x00000006d2300000|  0%| F|  |TS  0|AC  0|TAMS 0x00000006d2200000, 0x00000006d2200000|
| 207|0x00000006d2300000, 0x00000006d2300000, 0x00000006d2400000|  0%| F|  |TS  0|AC  0|TAMS 0x00000006d2300000, 0x00000006d2300000|
| 208|0x00000006d2400000, 0x00000006d2400000, 0x00000006d2500000|  0%| F|  |TS  0|AC  0|TAMS 0x00000006d2400000, 0x00000006d2400000|
| 209|0x00000006d2500000, 0x00000006d2500000, 0x00000006d2600000|  0%| F|  |TS  0|AC  0|TAMS 0x00000006d2500000, 0x00000006d2500000|
| 210|0x00000006d2600000, 0x00000006d2600000, 0x00000006d2700000|  0%| F|  |TS  0|AC  0|TAMS 0x00000006d2600000, 0x00000006d2600000|
| 211|0x00000006d2700000, 0x00000006d2700000, 0x00000006d2800000|  0%| F|  |TS  0|AC  0|TAMS 0x00000006d2700000, 0x00000006d2700000|
| 212|0x00000006d2800000, 0x00000006d2800000, 0x00000006d2900000|  0%| F|  |TS  0|AC  0|TAMS 0x00000006d2800000, 0x00000006d2800000|
| 213|0x00000006d2900000, 0x00000006d2900000, 0x00000006d2a00000|  0%| F|  |TS  0|AC  0|TAMS 0x00000006d2900000, 0x00000006d2900000|
| 214|0x00000006d2a00000, 0x00000006d2a00000, 0x00000006d2b00000|  0%| F|  |TS  0|AC  0|TAMS 0x00000006d2a00000, 0x00000006d2a00000|
| 215|0x00000006d2b00000, 0x00000006d2b00000, 0x00000006d2c00000|  0%| F|  |TS  0|AC  0|TAMS 0x00000006d2b00000, 0x00000006d2b00000|
| 216|0x00000006d2c00000, 0x00000006d2c00000, 0x00000006d2d00000|  0%| F|  |TS  0|AC  0|TAMS 0x00000006d2c00000, 0x00000006d2c00000|
| 217|0x00000006d2d00000, 0x00000006d2d00000, 0x00000006d2e00000|  0%| F|  |TS  0|AC  0|TAMS 0x00000006d2d00000, 0x00000006d2d00000|
| 218|0x00000006d2e00000, 0x00000006d2e00000, 0x00000006d2f00000|  0%| F|  |TS  0|AC  0|TAMS 0x00000006d2e00000, 0x00000006d2e00000|
| 219|0x00000006d2f00000, 0x00000006d2f00000, 0x00000006d3000000|  0%| F|  |TS  0|AC  0|TAMS 0x00000006d2f00000, 0x00000006d2f00000|
| 220|0x00000006d3000000, 0x00000006d3000000, 0x00000006d3100000|  0%| F|  |TS  0|AC  0|TAMS 0x00000006d3000000, 0x00000006d3000000|
| 221|0x00000006d3100000, 0x00000006d3100000, 0x00000006d3200000|  0%| F|  |TS  0|AC  0|TAMS 0x00000006d3100000, 0x00000006d3100000|
| 222|0x00000006d3200000, 0x00000006d3200000, 0x00000006d3300000|  0%| F|  |TS  0|AC  0|TAMS 0x00000006d3200000, 0x00000006d3200000|
| 223|0x00000006d3300000, 0x00000006d3300000, 0x00000006d3400000|  0%| F|  |TS  0|AC  0|TAMS 0x00000006d3300000, 0x00000006d3300000|
| 224|0x00000006d3400000, 0x00000006d3400000, 0x00000006d3500000|  0%| F|  |TS  0|AC  0|TAMS 0x00000006d3400000, 0x00000006d3400000|
| 225|0x00000006d3500000, 0x00000006d3500000, 0x00000006d3600000|  0%| F|  |TS  0|AC  0|TAMS 0x00000006d3500000, 0x00000006d3500000|
| 226|0x00000006d3600000, 0x00000006d3600000, 0x00000006d3700000|  0%| F|  |TS  0|AC  0|TAMS 0x00000006d3600000, 0x00000006d3600000|
| 227|0x00000006d3700000, 0x00000006d3700000, 0x00000006d3800000|  0%| F|  |TS  0|AC  0|TAMS 0x00000006d3700000, 0x00000006d3700000|
| 228|0x00000006d3800000, 0x00000006d3800000, 0x00000006d3900000|  0%| F|  |TS  0|AC  0|TAMS 0x00000006d3800000, 0x00000006d3800000|
| 229|0x00000006d3900000, 0x00000006d3900000, 0x00000006d3a00000|  0%| F|  |TS  0|AC  0|TAMS 0x00000006d3900000, 0x00000006d3900000|
| 230|0x00000006d3a00000, 0x00000006d3a00000, 0x00000006d3b00000|  0%| F|  |TS  0|AC  0|TAMS 0x00000006d3a00000, 0x00000006d3a00000|
| 231|0x00000006d3b00000, 0x00000006d3b00000, 0x00000006d3c00000|  0%| F|  |TS  0|AC  0|TAMS 0x00000006d3b00000, 0x00000006d3b00000|
| 232|0x00000006d3c00000, 0x00000006d3c00000, 0x00000006d3d00000|  0%| F|  |TS  0|AC  0|TAMS 0x00000006d3c00000, 0x00000006d3c00000|
| 233|0x00000006d3d00000, 0x00000006d3d00000, 0x00000006d3e00000|  0%| F|  |TS  0|AC  0|TAMS 0x00000006d3d00000, 0x00000006d3d00000|
| 234|0x00000006d3e00000, 0x00000006d3e00000, 0x00000006d3f00000|  0%| F|  |TS  0|AC  0|TAMS 0x00000006d3e00000, 0x00000006d3e00000|
| 235|0x00000006d3f00000, 0x00000006d3f00000, 0x00000006d4000000|  0%| F|  |TS  0|AC  0|TAMS 0x00000006d3f00000, 0x00000006d3f00000|
| 236|0x00000006d4000000, 0x00000006d4000000, 0x00000006d4100000|  0%| F|  |TS  0|AC  0|TAMS 0x00000006d4000000, 0x00000006d4000000|
| 237|0x00000006d4100000, 0x00000006d4100000, 0x00000006d4200000|  0%| F|  |TS  0|AC  0|TAMS 0x00000006d4100000, 0x00000006d4100000|
| 238|0x00000006d4200000, 0x00000006d4200000, 0x00000006d4300000|  0%| F|  |TS  0|AC  0|TAMS 0x00000006d4200000, 0x00000006d4200000|
| 239|0x00000006d4300000, 0x00000006d4300000, 0x00000006d4400000|  0%| F|  |TS  0|AC  0|TAMS 0x00000006d4300000, 0x00000006d4300000|
| 240|0x00000006d4400000, 0x00000006d4400000, 0x00000006d4500000|  0%| F|  |TS  0|AC  0|TAMS 0x00000006d4400000, 0x00000006d4400000|
| 241|0x00000006d4500000, 0x00000006d4500000, 0x00000006d4600000|  0%| F|  |TS  0|AC  0|TAMS 0x00000006d4500000, 0x00000006d4500000|
| 242|0x00000006d4600000, 0x00000006d4600000, 0x00000006d4700000|  0%| F|  |TS  0|AC  0|TAMS 0x00000006d4600000, 0x00000006d4600000|
| 243|0x00000006d4700000, 0x00000006d4700000, 0x00000006d4800000|  0%| F|  |TS  0|AC  0|TAMS 0x00000006d4700000, 0x00000006d4700000|
| 244|0x00000006d4800000, 0x00000006d4800000, 0x00000006d4900000|  0%| F|  |TS  0|AC  0|TAMS 0x00000006d4800000, 0x00000006d4800000|
| 245|0x00000006d4900000, 0x00000006d49bb968, 0x00000006d4a00000| 73%| E|  |TS  0|AC  0|TAMS 0x00000006d4900000, 0x00000006d4900000|
| 246|0x00000006d4a00000, 0x00000006d4b00000, 0x00000006d4b00000|100%| E|CS|TS  0|AC  0|TAMS 0x00000006d4a00000, 0x00000006d4a00000|
| 247|0x00000006d4b00000, 0x00000006d4c00000, 0x00000006d4c00000|100%| E|CS|TS  0|AC  0|TAMS 0x00000006d4b00000, 0x00000006d4b00000|
| 248|0x00000006d4c00000, 0x00000006d4d00000, 0x00000006d4d00000|100%| E|CS|TS  0|AC  0|TAMS 0x00000006d4c00000, 0x00000006d4c00000|
| 249|0x00000006d4d00000, 0x00000006d4e00000, 0x00000006d4e00000|100%| E|CS|TS  0|AC  0|TAMS 0x00000006d4d00000, 0x00000006d4d00000|
| 250|0x00000006d4e00000, 0x00000006d4f00000, 0x00000006d4f00000|100%| E|CS|TS  0|AC  0|TAMS 0x00000006d4e00000, 0x00000006d4e00000|
| 251|0x00000006d4f00000, 0x00000006d5000000, 0x00000006d5000000|100%| E|CS|TS  0|AC  0|TAMS 0x00000006d4f00000, 0x00000006d4f00000|

Card table byte_map: [0x00007f1a03054000,0x00007f1a0382a000] byte_map_base: 0x00007f19ffa2a000

Marking Bits (Prev, Next): (CMBitMap*) 0x00007f1a60077690, (CMBitMap*) 0x00007f1a600776e8
 Prev Bits: [0x00007f19fe9ce000, 0x00007f1a0287e000)
 Next Bits: [0x00007f19fab1e000, 0x00007f19fe9ce000)

Polling page: 0x00007f1a6851b000

CodeHeap 'non-nmethods': size=5700Kb used=1211Kb max_used=1219Kb free=4488Kb
 bounds [0x00007f1a49c51000, 0x00007f1a49ec1000, 0x00007f1a4a1e2000]
CodeHeap 'profiled nmethods': size=120028Kb used=696Kb max_used=696Kb free=119331Kb
 bounds [0x00007f1a4a1e2000, 0x00007f1a4a452000, 0x00007f1a51719000]
CodeHeap 'non-profiled nmethods': size=120032Kb used=153Kb max_used=153Kb free=119878Kb
 bounds [0x00007f1a51719000, 0x00007f1a51989000, 0x00007f1a58c51000]
 total_blobs=1042 nmethods=460 adapters=353
 compilation: enabled

Compilation events (10 events):
Event: 5.351 Thread 0x00007f1a60257000 nmethod 455 0x00007f1a5173e390 code [0x00007f1a5173e500, 0x00007f1a5173e5d8]
Event: 5.351 Thread 0x00007f1a60253800 nmethod 442 0x00007f1a5173e690 code [0x00007f1a5173e820, 0x00007f1a5173ecd8]
Event: 5.353 Thread 0x00007f1a60259000  459       3       java.nio.HeapByteBuffer::_get (7 bytes)
Event: 5.353 Thread 0x00007f1a60259000 nmethod 459 0x00007f1a4a28f990 code [0x00007f1a4a28fb00, 0x00007f1a4a28fc70]
Event: 5.353 Thread 0x00007f1a60259000  460       3       java.lang.Number::<init> (5 bytes)
Event: 5.353 Thread 0x00007f1a60259000 nmethod 460 0x00007f1a4a28fd90 code [0x00007f1a4a28ff00, 0x00007f1a4a2900b0]
Event: 5.353 Thread 0x00007f1a60259000  461       1       java.lang.StringCoding$StringDecoder::requestedCharsetName (5 bytes)
Event: 5.354 Thread 0x00007f1a60259000 nmethod 461 0x00007f1a5173ef90 code [0x00007f1a5173f100, 0x00007f1a5173f210]
Event: 5.354 Thread 0x00007f1a60259000  462       1       java.nio.Buffer::position (5 bytes)
Event: 5.354 Thread 0x00007f1a60259000 nmethod 462 0x00007f1a5173f290 code [0x00007f1a5173f400, 0x00007f1a5173f510]

GC Heap History (0 events):
No events

Deoptimization events (10 events):
Event: 0.173 Thread 0x00007f1a60010800 Uncommon trap: reason=bimorphic_or_optimized_type_check action=maybe_recompile pc=0x00007f1a51721fc0 method=java.util.Collections$UnmodifiableCollection$1.next()Ljava/lang/Object; @ 4
Event: 0.173 Thread 0x00007f1a60010800 Uncommon trap: reason=bimorphic_or_optimized_type_check action=maybe_recompile pc=0x00007f1a51721fc0 method=java.util.Collections$UnmodifiableCollection$1.next()Ljava/lang/Object; @ 4
Event: 0.173 Thread 0x00007f1a60010800 Uncommon trap: reason=bimorphic_or_optimized_type_check action=maybe_recompile pc=0x00007f1a51721fc0 method=java.util.Collections$UnmodifiableCollection$1.next()Ljava/lang/Object; @ 4
Event: 0.177 Thread 0x00007f1a60010800 Uncommon trap: reason=bimorphic_or_optimized_type_check action=maybe_recompile pc=0x00007f1a51721fc0 method=java.util.Collections$UnmodifiableCollection$1.next()Ljava/lang/Object; @ 4
Event: 0.313 Thread 0x00007f1a60010800 Uncommon trap: reason=class_check action=maybe_recompile pc=0x00007f1a51722b68 method=java.util.HashMap.putVal(ILjava/lang/Object;Ljava/lang/Object;ZZ)Ljava/lang/Object; @ 253
Event: 0.313 Thread 0x00007f1a60010800 Uncommon trap: reason=class_check action=maybe_recompile pc=0x00007f1a51722b68 method=java.util.HashMap.putVal(ILjava/lang/Object;Ljava/lang/Object;ZZ)Ljava/lang/Object; @ 253
Event: 0.313 Thread 0x00007f1a60010800 Uncommon trap: reason=class_check action=maybe_recompile pc=0x00007f1a51722b68 method=java.util.HashMap.putVal(ILjava/lang/Object;Ljava/lang/Object;ZZ)Ljava/lang/Object; @ 253
Event: 0.313 Thread 0x00007f1a60010800 Uncommon trap: reason=class_check action=maybe_recompile pc=0x00007f1a51722b68 method=java.util.HashMap.putVal(ILjava/lang/Object;Ljava/lang/Object;ZZ)Ljava/lang/Object; @ 253
Event: 0.566 Thread 0x00007f1a6046e000 Uncommon trap: reason=unstable_if action=reinterpret pc=0x00007f1a517394c0 method=sun.security.provider.SeedGenerator$ThreadedSeedGenerator.run()V @ 120
Event: 5.342 Thread 0x00007f1a60010800 Uncommon trap: reason=unstable_if action=reinterpret pc=0x00007f1a51736774 method=java.lang.String.equals(Ljava/lang/Object;)Z @ 27

Classes redefined (0 events):
No events

Internal exceptions (10 events):
Event: 0.224 Thread 0x00007f1a60010800 Exception <a 'java/security/PrivilegedActionException'> (0x00000006d4b96a20) thrown at [/build/openjdk-9-argm_o/openjdk-9-9~b114/src/hotspot/src/share/vm/prims/jvm.cpp, line 1375]
Event: 0.224 Thread 0x00007f1a60010800 Exception <a 'java/security/PrivilegedActionException'> (0x00000006d4b96c30) thrown at [/build/openjdk-9-argm_o/openjdk-9-9~b114/src/hotspot/src/share/vm/prims/jvm.cpp, line 1375]
Event: 0.224 Thread 0x00007f1a60010800 Exception <a 'java/security/PrivilegedActionException'> (0x00000006d4b97698) thrown at [/build/openjdk-9-argm_o/openjdk-9-9~b114/src/hotspot/src/share/vm/prims/jvm.cpp, line 1375]
Event: 0.224 Thread 0x00007f1a60010800 Exception <a 'java/security/PrivilegedActionException'> (0x00000006d4b978a8) thrown at [/build/openjdk-9-argm_o/openjdk-9-9~b114/src/hotspot/src/share/vm/prims/jvm.cpp, line 1375]
Event: 0.225 Thread 0x00007f1a60010800 Exception <a 'java/security/PrivilegedActionException'> (0x00000006d4b983d8) thrown at [/build/openjdk-9-argm_o/openjdk-9-9~b114/src/hotspot/src/share/vm/prims/jvm.cpp, line 1375]
Event: 0.225 Thread 0x00007f1a60010800 Exception <a 'java/security/PrivilegedActionException'> (0x00000006d4b985e8) thrown at [/build/openjdk-9-argm_o/openjdk-9-9~b114/src/hotspot/src/share/vm/prims/jvm.cpp, line 1375]
Event: 0.225 Thread 0x00007f1a60010800 Exception <a 'java/security/PrivilegedActionException'> (0x00000006d4b99118) thrown at [/build/openjdk-9-argm_o/openjdk-9-9~b114/src/hotspot/src/share/vm/prims/jvm.cpp, line 1375]
Event: 0.225 Thread 0x00007f1a60010800 Exception <a 'java/security/PrivilegedActionException'> (0x00000006d4b99328) thrown at [/build/openjdk-9-argm_o/openjdk-9-9~b114/src/hotspot/src/share/vm/prims/jvm.cpp, line 1375]
Event: 0.225 Thread 0x00007f1a60010800 Exception <a 'java/security/PrivilegedActionException'> (0x00000006d4b99e60) thrown at [/build/openjdk-9-argm_o/openjdk-9-9~b114/src/hotspot/src/share/vm/prims/jvm.cpp, line 1375]
Event: 0.225 Thread 0x00007f1a60010800 Exception <a 'java/security/PrivilegedActionException'> (0x00000006d4b9a070) thrown at [/build/openjdk-9-argm_o/openjdk-9-9~b114/src/hotspot/src/share/vm/prims/jvm.cpp, line 1375]

Events (10 events):
Event: 5.353 loading class sun/nio/cs/UTF_16$Decoder
Event: 5.354 loading class sun/nio/cs/UnicodeDecoder
Event: 5.354 loading class sun/nio/cs/UnicodeDecoder done
Event: 5.354 loading class sun/nio/cs/UTF_16$Decoder done
Event: 5.354 loading class sun/font/FileFontStrike
Event: 5.354 loading class sun/font/FileFontStrike done
Event: 5.354 loading class sun/font/FontScaler
Event: 5.354 loading class sun/font/FontScaler done
Event: 5.354 loading class sun/font/FreetypeFontScaler
Event: 5.354 loading class sun/font/FreetypeFontScaler done


Dynamic libraries:
00400000-00401000 r-xp 00000000 fd:01 922754                             /usr/lib/jvm/java-9-openjdk-amd64/bin/java
00600000-00601000 r--p 00000000 fd:01 922754                             /usr/lib/jvm/java-9-openjdk-amd64/bin/java
00601000-00602000 rw-p 00001000 fd:01 922754                             /usr/lib/jvm/java-9-openjdk-amd64/bin/java
00bb2000-00bd3000 rw-p 00000000 00:00 0                                  [heap]
6c5400000-6d5000000 rw-p 00000000 00:00 0 
6d5000000-7c0000000 ---p 00000000 00:00 0 
7c0000000-7c0100000 rw-p 00000000 00:00 0 
7c0100000-800000000 ---p 00000000 00:00 0 
7f19a4000000-7f19a4021000 rw-p 00000000 00:00 0 
7f19a4021000-7f19a8000000 ---p 00000000 00:00 0 
7f19a8000000-7f19a8021000 rw-p 00000000 00:00 0 
7f19a8021000-7f19ac000000 ---p 00000000 00:00 0 
7f19ac000000-7f19ac021000 rw-p 00000000 00:00 0 
7f19ac021000-7f19b0000000 ---p 00000000 00:00 0 
7f19b0000000-7f19b0021000 rw-p 00000000 00:00 0 
7f19b0021000-7f19b4000000 ---p 00000000 00:00 0 
7f19b4000000-7f19b4021000 rw-p 00000000 00:00 0 
7f19b4021000-7f19b8000000 ---p 00000000 00:00 0 
7f19b8000000-7f19b8021000 rw-p 00000000 00:00 0 
7f19b8021000-7f19bc000000 ---p 00000000 00:00 0 
7f19bc000000-7f19bc021000 rw-p 00000000 00:00 0 
7f19bc021000-7f19c0000000 ---p 00000000 00:00 0 
7f19c0000000-7f19c0021000 rw-p 00000000 00:00 0 
7f19c0021000-7f19c4000000 ---p 00000000 00:00 0 
7f19c4000000-7f19c418f000 rw-p 00000000 00:00 0 
7f19c418f000-7f19c8000000 ---p 00000000 00:00 0 
7f19c8000000-7f19c8179000 rw-p 00000000 00:00 0 
7f19c8179000-7f19cc000000 ---p 00000000 00:00 0 
7f19cc000000-7f19cc1ca000 rw-p 00000000 00:00 0 
7f19cc1ca000-7f19d0000000 ---p 00000000 00:00 0 
7f19d0000000-7f19d01d9000 rw-p 00000000 00:00 0 
7f19d01d9000-7f19d4000000 ---p 00000000 00:00 0 
7f19d4000000-7f19d4021000 rw-p 00000000 00:00 0 
7f19d4021000-7f19d8000000 ---p 00000000 00:00 0 
7f19d8000000-7f19d8021000 rw-p 00000000 00:00 0 
7f19d8021000-7f19dc000000 ---p 00000000 00:00 0 
7f19dc000000-7f19dc021000 rw-p 00000000 00:00 0 
7f19dc021000-7f19e0000000 ---p 00000000 00:00 0 
7f19e0000000-7f19e0021000 rw-p 00000000 00:00 0 
7f19e0021000-7f19e4000000 ---p 00000000 00:00 0 
7f19e4000000-7f19e4021000 rw-p 00000000 00:00 0 
7f19e4021000-7f19e8000000 ---p 00000000 00:00 0 
7f19e8a12000-7f19e8a16000 ---p 00000000 00:00 0 
7f19e8a16000-7f19e8b13000 rw-p 00000000 00:00 0 
7f19e8b13000-7f19e8b17000 ---p 00000000 00:00 0 
7f19e8b17000-7f19e8c14000 rw-p 00000000 00:00 0 
7f19e8c14000-7f19e8c18000 ---p 00000000 00:00 0 
7f19e8c18000-7f19e8d15000 rw-p 00000000 00:00 0 
7f19e8d15000-7f19e8d39000 r-xp 00000000 fd:01 1048837                    /lib/x86_64-linux-gnu/libpng12.so.0.54.0
7f19e8d39000-7f19e8f38000 ---p 00024000 fd:01 1048837                    /lib/x86_64-linux-gnu/libpng12.so.0.54.0
7f19e8f38000-7f19e8f39000 r--p 00023000 fd:01 1048837                    /lib/x86_64-linux-gnu/libpng12.so.0.54.0
7f19e8f39000-7f19e8f3a000 rw-p 00024000 fd:01 1048837                    /lib/x86_64-linux-gnu/libpng12.so.0.54.0
7f19e8f3a000-7f19e8fde000 r-xp 00000000 fd:01 658480                     /usr/lib/x86_64-linux-gnu/libfreetype.so.6.12.1
7f19e8fde000-7f19e91dd000 ---p 000a4000 fd:01 658480                     /usr/lib/x86_64-linux-gnu/libfreetype.so.6.12.1
7f19e91dd000-7f19e91e3000 r--p 000a3000 fd:01 658480                     /usr/lib/x86_64-linux-gnu/libfreetype.so.6.12.1
7f19e91e3000-7f19e91e4000 rw-p 000a9000 fd:01 658480                     /usr/lib/x86_64-linux-gnu/libfreetype.so.6.12.1
7f19e91e4000-7f19e92aa000 r-xp 00000000 fd:01 922781                     /usr/lib/jvm/java-9-openjdk-amd64/lib/amd64/libfontmanager.so
7f19e92aa000-7f19e94a9000 ---p 000c6000 fd:01 922781                     /usr/lib/jvm/java-9-openjdk-amd64/lib/amd64/libfontmanager.so
7f19e94a9000-7f19e94ac000 r--p 000c5000 fd:01 922781                     /usr/lib/jvm/java-9-openjdk-amd64/lib/amd64/libfontmanager.so
7f19e94ac000-7f19e94ad000 rw-p 000c8000 fd:01 922781                     /usr/lib/jvm/java-9-openjdk-amd64/lib/amd64/libfontmanager.so
7f19e94ad000-7f19e94ae000 rw-p 00000000 00:00 0 
7f19e94ae000-7f19e94b2000 ---p 00000000 00:00 0 
7f19e94b2000-7f19e95af000 rw-p 00000000 00:00 0 
7f19e95af000-7f19e95b6000 r-xp 00000000 fd:01 922797                     /usr/lib/jvm/java-9-openjdk-amd64/lib/amd64/libawt_headless.so
7f19e95b6000-7f19e97b5000 ---p 00007000 fd:01 922797                     /usr/lib/jvm/java-9-openjdk-amd64/lib/amd64/libawt_headless.so
7f19e97b5000-7f19e97b6000 r--p 00006000 fd:01 922797                     /usr/lib/jvm/java-9-openjdk-amd64/lib/amd64/libawt_headless.so
7f19e97b6000-7f19e97b7000 rw-p 00007000 fd:01 922797                     /usr/lib/jvm/java-9-openjdk-amd64/lib/amd64/libawt_headless.so
7f19e97b7000-7f19e9857000 r-xp 00000000 fd:01 922780                     /usr/lib/jvm/java-9-openjdk-amd64/lib/amd64/libawt.so
7f19e9857000-7f19e9a56000 ---p 000a0000 fd:01 922780                     /usr/lib/jvm/java-9-openjdk-amd64/lib/amd64/libawt.so
7f19e9a56000-7f19e9a57000 r--p 0009f000 fd:01 922780                     /usr/lib/jvm/java-9-openjdk-amd64/lib/amd64/libawt.so
7f19e9a57000-7f19e9a62000 rw-p 000a0000 fd:01 922780                     /usr/lib/jvm/java-9-openjdk-amd64/lib/amd64/libawt.so
7f19e9a62000-7f19e9a87000 rw-p 00000000 00:00 0 
7f19e9a87000-7f19e9a88000 ---p 00000000 00:00 0 
7f19e9a88000-7f19e9b88000 rw-p 00000000 00:00 0 
7f19e9b88000-7f19e9b8c000 ---p 00000000 00:00 0 
7f19e9b8c000-7f19e9c89000 rw-p 00000000 00:00 0 
7f19e9c89000-7f19e9c8d000 ---p 00000000 00:00 0 
7f19e9c8d000-7f19ea08a000 rw-p 00000000 00:00 0 
7f19ea08a000-7f19ea0a0000 r-xp 00000000 fd:01 922782                     /usr/lib/jvm/java-9-openjdk-amd64/lib/amd64/libnet.so
7f19ea0a0000-7f19ea29f000 ---p 00016000 fd:01 922782                     /usr/lib/jvm/java-9-openjdk-amd64/lib/amd64/libnet.so
7f19ea29f000-7f19ea2a0000 r--p 00015000 fd:01 922782                     /usr/lib/jvm/java-9-openjdk-amd64/lib/amd64/libnet.so
7f19ea2a0000-7f19ea2a1000 rw-p 00016000 fd:01 922782                     /usr/lib/jvm/java-9-openjdk-amd64/lib/amd64/libnet.so
7f19ea2a1000-7f19ea2b2000 r-xp 00000000 fd:01 922809                     /usr/lib/jvm/java-9-openjdk-amd64/lib/amd64/libnio.so
7f19ea2b2000-7f19ea4b2000 ---p 00011000 fd:01 922809                     /usr/lib/jvm/java-9-openjdk-amd64/lib/amd64/libnio.so
7f19ea4b2000-7f19ea4b3000 r--p 00011000 fd:01 922809                     /usr/lib/jvm/java-9-openjdk-amd64/lib/amd64/libnio.so
7f19ea4b3000-7f19ea4b4000 rw-p 00012000 fd:01 922809                     /usr/lib/jvm/java-9-openjdk-amd64/lib/amd64/libnio.so
7f19ea4b4000-7f19ea4b8000 ---p 00000000 00:00 0 
7f19ea4b8000-7f19ea5b5000 rw-p 00000000 00:00 0 
7f19ea5b5000-7f19ea5b9000 ---p 00000000 00:00 0 
7f19ea5b9000-7f19ea6b6000 rw-p 00000000 00:00 0 
7f19ea6b6000-7f19ea6ba000 ---p 00000000 00:00 0 
7f19ea6ba000-7f19ea7b7000 rw-p 00000000 00:00 0 
7f19ea7b7000-7f19ea7bb000 ---p 00000000 00:00 0 
7f19ea7bb000-7f19ea8b8000 rw-p 00000000 00:00 0 
7f19ea8b8000-7f19ea8bc000 ---p 00000000 00:00 0 
7f19ea8bc000-7f19ea9b9000 rw-p 00000000 00:00 0 
7f19ea9b9000-7f19ea9bd000 ---p 00000000 00:00 0 
7f19ea9bd000-7f19eaaba000 rw-p 00000000 00:00 0 
7f19eaaba000-7f19eaabe000 ---p 00000000 00:00 0 
7f19eaabe000-7f19eabbb000 rw-p 00000000 00:00 0 
7f19eabbb000-7f19eae93000 r--p 00000000 fd:01 661649                     /usr/lib/locale/locale-archive
7f19eae93000-7f19eae97000 ---p 00000000 00:00 0 
7f19eae97000-7f19eaf94000 rw-p 00000000 00:00 0 
7f19eaf94000-7f19eaf98000 ---p 00000000 00:00 0 
7f19eaf98000-7f19eb095000 rw-p 00000000 00:00 0 
7f19eb095000-7f19eb096000 ---p 00000000 00:00 0 
7f19eb096000-7f19eb9cc000 rw-p 00000000 00:00 0 
7f19eb9cc000-7f19eba0c000 ---p 00000000 00:00 0 
7f19eba0c000-7f19ec000000 rw-p 00000000 00:00 0 
7f19ec000000-7f19ec021000 rw-p 00000000 00:00 0 
7f19ec021000-7f19f0000000 ---p 00000000 00:00 0 
7f19f0000000-7f19f0021000 rw-p 00000000 00:00 0 
7f19f0021000-7f19f4000000 ---p 00000000 00:00 0 
7f19f4000000-7f19f4021000 rw-p 00000000 00:00 0 
7f19f4021000-7f19f8000000 ---p 00000000 00:00 0 
7f19f8031000-7f19faa1d000 rw-p 00000000 00:00 0 
7f19faa1d000-7f19faa1e000 ---p 00000000 00:00 0 
7f19faa1e000-7f19faf0e000 rw-p 00000000 00:00 0 
7f19faf0e000-7f19fe9ce000 ---p 00000000 00:00 0 
7f19fe9ce000-7f19fedbe000 rw-p 00000000 00:00 0 
7f19fedbe000-7f1a0287e000 ---p 00000000 00:00 0 
7f1a0287e000-7f1a028fc000 rw-p 00000000 00:00 0 
7f1a028fc000-7f1a03054000 ---p 00000000 00:00 0 
7f1a03054000-7f1a030d2000 rw-p 00000000 00:00 0 
7f1a030d2000-7f1a04000000 ---p 00000000 00:00 0 
7f1a04000000-7f1a04021000 rw-p 00000000 00:00 0 
7f1a04021000-7f1a08000000 ---p 00000000 00:00 0 
7f1a08000000-7f1a08021000 rw-p 00000000 00:00 0 
7f1a08021000-7f1a0c000000 ---p 00000000 00:00 0 
7f1a0c000000-7f1a0c021000 rw-p 00000000 00:00 0 
7f1a0c021000-7f1a10000000 ---p 00000000 00:00 0 
7f1a10000000-7f1a10021000 rw-p 00000000 00:00 0 
7f1a10021000-7f1a14000000 ---p 00000000 00:00 0 
7f1a14000000-7f1a14021000 rw-p 00000000 00:00 0 
7f1a14021000-7f1a18000000 ---p 00000000 00:00 0 
7f1a18000000-7f1a18021000 rw-p 00000000 00:00 0 
7f1a18021000-7f1a1c000000 ---p 00000000 00:00 0 
7f1a1c000000-7f1a1c021000 rw-p 00000000 00:00 0 
7f1a1c021000-7f1a20000000 ---p 00000000 00:00 0 
7f1a20000000-7f1a20021000 rw-p 00000000 00:00 0 
7f1a20021000-7f1a24000000 ---p 00000000 00:00 0 
7f1a24000000-7f1a24021000 rw-p 00000000 00:00 0 
7f1a24021000-7f1a28000000 ---p 00000000 00:00 0 
7f1a28000000-7f1a28021000 rw-p 00000000 00:00 0 
7f1a28021000-7f1a2c000000 ---p 00000000 00:00 0 
7f1a2c000000-7f1a2c021000 rw-p 00000000 00:00 0 
7f1a2c021000-7f1a30000000 ---p 00000000 00:00 0 
7f1a30000000-7f1a30021000 rw-p 00000000 00:00 0 
7f1a30021000-7f1a34000000 ---p 00000000 00:00 0 
7f1a34000000-7f1a34021000 rw-p 00000000 00:00 0 
7f1a34021000-7f1a38000000 ---p 00000000 00:00 0 
7f1a38000000-7f1a38021000 rw-p 00000000 00:00 0 
7f1a38021000-7f1a3c000000 ---p 00000000 00:00 0 
7f1a3c000000-7f1a3c021000 rw-p 00000000 00:00 0 
7f1a3c021000-7f1a40000000 ---p 00000000 00:00 0 
7f1a40000000-7f1a40021000 rw-p 00000000 00:00 0 
7f1a40021000-7f1a44000000 ---p 00000000 00:00 0 
7f1a44000000-7f1a44021000 rw-p 00000000 00:00 0 
7f1a44021000-7f1a48000000 ---p 00000000 00:00 0 
7f1a4806d000-7f1a4806e000 ---p 00000000 00:00 0 
7f1a4806e000-7f1a4816e000 rw-p 00000000 00:00 0 
7f1a4816e000-7f1a4816f000 ---p 00000000 00:00 0 
7f1a4816f000-7f1a483e8000 rw-p 00000000 00:00 0 
7f1a483e8000-7f1a48b40000 ---p 00000000 00:00 0 
7f1a48b40000-7f1a48b41000 ---p 00000000 00:00 0 
7f1a48b41000-7f1a48c41000 rw-p 00000000 00:00 0 
7f1a48c41000-7f1a48c42000 ---p 00000000 00:00 0 
7f1a48c42000-7f1a48d42000 rw-p 00000000 00:00 0 
7f1a48d42000-7f1a48d43000 ---p 00000000 00:00 0 
7f1a48d43000-7f1a48e43000 rw-p 00000000 00:00 0 
7f1a48e43000-7f1a48e44000 ---p 00000000 00:00 0 
7f1a48e44000-7f1a48f44000 rw-p 00000000 00:00 0 
7f1a48f44000-7f1a48f45000 ---p 00000000 00:00 0 
7f1a48f45000-7f1a49045000 rw-p 00000000 00:00 0 
7f1a49045000-7f1a49046000 ---p 00000000 00:00 0 
7f1a49046000-7f1a49146000 rw-p 00000000 00:00 0 
7f1a49146000-7f1a49147000 ---p 00000000 00:00 0 
7f1a49147000-7f1a49247000 rw-p 00000000 00:00 0 
7f1a49247000-7f1a49248000 ---p 00000000 00:00 0 
7f1a49248000-7f1a49348000 rw-p 00000000 00:00 0 
7f1a49348000-7f1a49349000 ---p 00000000 00:00 0 
7f1a49349000-7f1a49c51000 rw-p 00000000 00:00 0 
7f1a49c51000-7f1a49ec1000 rwxp 00000000 00:00 0 
7f1a49ec1000-7f1a4a1e2000 ---p 00000000 00:00 0 
7f1a4a1e2000-7f1a4a452000 rwxp 00000000 00:00 0 
7f1a4a452000-7f1a51719000 ---p 00000000 00:00 0 
7f1a51719000-7f1a51989000 rwxp 00000000 00:00 0 
7f1a51989000-7f1a58c51000 ---p 00000000 00:00 0 
7f1a58c51000-7f1a60000000 r--s 00000000 fd:01 922763                     /usr/lib/jvm/java-9-openjdk-amd64/lib/modules
7f1a60000000-7f1a6047e000 rw-p 00000000 00:00 0 
7f1a6047e000-7f1a64000000 ---p 00000000 00:00 0 
7f1a6404d000-7f1a6404e000 ---p 00000000 00:00 0 
7f1a6404e000-7f1a6414e000 rw-p 00000000 00:00 0 
7f1a6414e000-7f1a6414f000 ---p 00000000 00:00 0 
7f1a6414f000-7f1a6424f000 rw-p 00000000 00:00 0 
7f1a6424f000-7f1a64250000 ---p 00000000 00:00 0 
7f1a64250000-7f1a64350000 rw-p 00000000 00:00 0 
7f1a64350000-7f1a64351000 ---p 00000000 00:00 0 
7f1a64351000-7f1a64451000 rw-p 00000000 00:00 0 
7f1a64451000-7f1a64452000 ---p 00000000 00:00 0 
7f1a64452000-7f1a64552000 rw-p 00000000 00:00 0 
7f1a64552000-7f1a64553000 ---p 00000000 00:00 0 
7f1a64553000-7f1a64653000 rw-p 00000000 00:00 0 
7f1a64653000-7f1a64654000 ---p 00000000 00:00 0 
7f1a64654000-7f1a64754000 rw-p 00000000 00:00 0 
7f1a64754000-7f1a64755000 ---p 00000000 00:00 0 
7f1a64755000-7f1a6485a000 rw-p 00000000 00:00 0 
7f1a6485a000-7f1a64940000 ---p 00000000 00:00 0 
7f1a64940000-7f1a64945000 rw-p 00000000 00:00 0 
7f1a64945000-7f1a64a2b000 ---p 00000000 00:00 0 
7f1a64a2b000-7f1a64a30000 r-xp 00000000 fd:01 922796                     /usr/lib/jvm/java-9-openjdk-amd64/lib/amd64/libjimage.so
7f1a64a30000-7f1a64c2f000 ---p 00005000 fd:01 922796                     /usr/lib/jvm/java-9-openjdk-amd64/lib/amd64/libjimage.so
7f1a64c2f000-7f1a64c30000 r--p 00004000 fd:01 922796                     /usr/lib/jvm/java-9-openjdk-amd64/lib/amd64/libjimage.so
7f1a64c30000-7f1a64c31000 rw-p 00005000 fd:01 922796                     /usr/lib/jvm/java-9-openjdk-amd64/lib/amd64/libjimage.so
7f1a64c31000-7f1a64c38000 r-xp 00000000 fd:01 922792                     /usr/lib/jvm/java-9-openjdk-amd64/lib/amd64/libzip.so
7f1a64c38000-7f1a64e37000 ---p 00007000 fd:01 922792                     /usr/lib/jvm/java-9-openjdk-amd64/lib/amd64/libzip.so
7f1a64e37000-7f1a64e38000 r--p 00006000 fd:01 922792                     /usr/lib/jvm/java-9-openjdk-amd64/lib/amd64/libzip.so
7f1a64e38000-7f1a64e39000 rw-p 00007000 fd:01 922792                     /usr/lib/jvm/java-9-openjdk-amd64/lib/amd64/libzip.so
7f1a64e39000-7f1a64e44000 r-xp 00000000 fd:01 1050458                    /lib/x86_64-linux-gnu/libnss_files-2.23.so
7f1a64e44000-7f1a65043000 ---p 0000b000 fd:01 1050458                    /lib/x86_64-linux-gnu/libnss_files-2.23.so
7f1a65043000-7f1a65044000 r--p 0000a000 fd:01 1050458                    /lib/x86_64-linux-gnu/libnss_files-2.23.so
7f1a65044000-7f1a65045000 rw-p 0000b000 fd:01 1050458                    /lib/x86_64-linux-gnu/libnss_files-2.23.so
7f1a65045000-7f1a6504b000 rw-p 00000000 00:00 0 
7f1a6504b000-7f1a65056000 r-xp 00000000 fd:01 1050464                    /lib/x86_64-linux-gnu/libnss_nis-2.23.so
7f1a65056000-7f1a65255000 ---p 0000b000 fd:01 1050464                    /lib/x86_64-linux-gnu/libnss_nis-2.23.so
7f1a65255000-7f1a65256000 r--p 0000a000 fd:01 1050464                    /lib/x86_64-linux-gnu/libnss_nis-2.23.so
7f1a65256000-7f1a65257000 rw-p 0000b000 fd:01 1050464                    /lib/x86_64-linux-gnu/libnss_nis-2.23.so
7f1a65257000-7f1a6526d000 r-xp 00000000 fd:01 1050453                    /lib/x86_64-linux-gnu/libnsl-2.23.so
7f1a6526d000-7f1a6546c000 ---p 00016000 fd:01 1050453                    /lib/x86_64-linux-gnu/libnsl-2.23.so
7f1a6546c000-7f1a6546d000 r--p 00015000 fd:01 1050453                    /lib/x86_64-linux-gnu/libnsl-2.23.so
7f1a6546d000-7f1a6546e000 rw-p 00016000 fd:01 1050453                    /lib/x86_64-linux-gnu/libnsl-2.23.so
7f1a6546e000-7f1a65470000 rw-p 00000000 00:00 0 
7f1a65470000-7f1a65478000 r-xp 00000000 fd:01 1050472                    /lib/x86_64-linux-gnu/libnss_compat-2.23.so
7f1a65478000-7f1a65677000 ---p 00008000 fd:01 1050472                    /lib/x86_64-linux-gnu/libnss_compat-2.23.so
7f1a65677000-7f1a65678000 r--p 00007000 fd:01 1050472                    /lib/x86_64-linux-gnu/libnss_compat-2.23.so
7f1a65678000-7f1a65679000 rw-p 00008000 fd:01 1050472                    /lib/x86_64-linux-gnu/libnss_compat-2.23.so
7f1a65679000-7f1a656a4000 r-xp 00000000 fd:01 922775                     /usr/lib/jvm/java-9-openjdk-amd64/lib/amd64/libjava.so
7f1a656a4000-7f1a658a3000 ---p 0002b000 fd:01 922775                     /usr/lib/jvm/java-9-openjdk-amd64/lib/amd64/libjava.so
7f1a658a3000-7f1a658a4000 r--p 0002a000 fd:01 922775                     /usr/lib/jvm/java-9-openjdk-amd64/lib/amd64/libjava.so
7f1a658a4000-7f1a658a6000 rw-p 0002b000 fd:01 922775                     /usr/lib/jvm/java-9-openjdk-amd64/lib/amd64/libjava.so
7f1a658a6000-7f1a658b3000 r-xp 00000000 fd:01 922776                     /usr/lib/jvm/java-9-openjdk-amd64/lib/amd64/libverify.so
7f1a658b3000-7f1a65ab2000 ---p 0000d000 fd:01 922776                     /usr/lib/jvm/java-9-openjdk-amd64/lib/amd64/libverify.so
7f1a65ab2000-7f1a65ab4000 r--p 0000c000 fd:01 922776                     /usr/lib/jvm/java-9-openjdk-amd64/lib/amd64/libverify.so
7f1a65ab4000-7f1a65ab5000 rw-p 0000e000 fd:01 922776                     /usr/lib/jvm/java-9-openjdk-amd64/lib/amd64/libverify.so
7f1a65ab5000-7f1a65abc000 r-xp 00000000 fd:01 1050467                    /lib/x86_64-linux-gnu/librt-2.23.so
7f1a65abc000-7f1a65cbb000 ---p 00007000 fd:01 1050467                    /lib/x86_64-linux-gnu/librt-2.23.so
7f1a65cbb000-7f1a65cbc000 r--p 00006000 fd:01 1050467                    /lib/x86_64-linux-gnu/librt-2.23.so
7f1a65cbc000-7f1a65cbd000 rw-p 00007000 fd:01 1050467                    /lib/x86_64-linux-gnu/librt-2.23.so
7f1a65cbd000-7f1a65cd3000 r-xp 00000000 fd:01 1048791                    /lib/x86_64-linux-gnu/libgcc_s.so.1
7f1a65cd3000-7f1a65ed2000 ---p 00016000 fd:01 1048791                    /lib/x86_64-linux-gnu/libgcc_s.so.1
7f1a65ed2000-7f1a65ed3000 rw-p 00015000 fd:01 1048791                    /lib/x86_64-linux-gnu/libgcc_s.so.1
7f1a65ed3000-7f1a65fdb000 r-xp 00000000 fd:01 1050478                    /lib/x86_64-linux-gnu/libm-2.23.so
7f1a65fdb000-7f1a661da000 ---p 00108000 fd:01 1050478                    /lib/x86_64-linux-gnu/libm-2.23.so
7f1a661da000-7f1a661db000 r--p 00107000 fd:01 1050478                    /lib/x86_64-linux-gnu/libm-2.23.so
7f1a661db000-7f1a661dc000 rw-p 00108000 fd:01 1050478                    /lib/x86_64-linux-gnu/libm-2.23.so
7f1a661dc000-7f1a6634e000 r-xp 00000000 fd:01 660770                     /usr/lib/x86_64-linux-gnu/libstdc++.so.6.0.21
7f1a6634e000-7f1a6654e000 ---p 00172000 fd:01 660770                     /usr/lib/x86_64-linux-gnu/libstdc++.so.6.0.21
7f1a6654e000-7f1a66558000 r--p 00172000 fd:01 660770                     /usr/lib/x86_64-linux-gnu/libstdc++.so.6.0.21
7f1a66558000-7f1a6655a000 rw-p 0017c000 fd:01 660770                     /usr/lib/x86_64-linux-gnu/libstdc++.so.6.0.21
7f1a6655a000-7f1a6655e000 rw-p 00000000 00:00 0 
7f1a6655e000-7f1a673bc000 r-xp 00000000 fd:01 922789                     /usr/lib/jvm/java-9-openjdk-amd64/lib/amd64/server/libjvm.so
7f1a673bc000-7f1a675bc000 ---p 00e5e000 fd:01 922789                     /usr/lib/jvm/java-9-openjdk-amd64/lib/amd64/server/libjvm.so
7f1a675bc000-7f1a6766e000 r--p 00e5e000 fd:01 922789                     /usr/lib/jvm/java-9-openjdk-amd64/lib/amd64/server/libjvm.so
7f1a6766e000-7f1a676a0000 rw-p 00f10000 fd:01 922789                     /usr/lib/jvm/java-9-openjdk-amd64/lib/amd64/server/libjvm.so
7f1a676a0000-7f1a676e5000 rw-p 00000000 00:00 0 
7f1a676e5000-7f1a676fd000 r-xp 00000000 fd:01 1050462                    /lib/x86_64-linux-gnu/libpthread-2.23.so
7f1a676fd000-7f1a678fc000 ---p 00018000 fd:01 1050462                    /lib/x86_64-linux-gnu/libpthread-2.23.so
7f1a678fc000-7f1a678fd000 r--p 00017000 fd:01 1050462                    /lib/x86_64-linux-gnu/libpthread-2.23.so
7f1a678fd000-7f1a678fe000 rw-p 00018000 fd:01 1050462                    /lib/x86_64-linux-gnu/libpthread-2.23.so
7f1a678fe000-7f1a67902000 rw-p 00000000 00:00 0 
7f1a67902000-7f1a67905000 r-xp 00000000 fd:01 1050471                    /lib/x86_64-linux-gnu/libdl-2.23.so
7f1a67905000-7f1a67b04000 ---p 00003000 fd:01 1050471                    /lib/x86_64-linux-gnu/libdl-2.23.so
7f1a67b04000-7f1a67b05000 r--p 00002000 fd:01 1050471                    /lib/x86_64-linux-gnu/libdl-2.23.so
7f1a67b05000-7f1a67b06000 rw-p 00003000 fd:01 1050471                    /lib/x86_64-linux-gnu/libdl-2.23.so
7f1a67b06000-7f1a67b1f000 r-xp 00000000 fd:01 1048873                    /lib/x86_64-linux-gnu/libz.so.1.2.8
7f1a67b1f000-7f1a67d1e000 ---p 00019000 fd:01 1048873                    /lib/x86_64-linux-gnu/libz.so.1.2.8
7f1a67d1e000-7f1a67d1f000 r--p 00018000 fd:01 1048873                    /lib/x86_64-linux-gnu/libz.so.1.2.8
7f1a67d1f000-7f1a67d20000 rw-p 00019000 fd:01 1048873                    /lib/x86_64-linux-gnu/libz.so.1.2.8
7f1a67d20000-7f1a67ee0000 r-xp 00000000 fd:01 1050483                    /lib/x86_64-linux-gnu/libc-2.23.so
7f1a67ee0000-7f1a680e0000 ---p 001c0000 fd:01 1050483                    /lib/x86_64-linux-gnu/libc-2.23.so
7f1a680e0000-7f1a680e4000 r--p 001c0000 fd:01 1050483                    /lib/x86_64-linux-gnu/libc-2.23.so
7f1a680e4000-7f1a680e6000 rw-p 001c4000 fd:01 1050483                    /lib/x86_64-linux-gnu/libc-2.23.so
7f1a680e6000-7f1a680ea000 rw-p 00000000 00:00 0 
7f1a680ea000-7f1a680f8000 r-xp 00000000 fd:01 922806                     /usr/lib/jvm/java-9-openjdk-amd64/lib/amd64/jli/libjli.so
7f1a680f8000-7f1a682f7000 ---p 0000e000 fd:01 922806                     /usr/lib/jvm/java-9-openjdk-amd64/lib/amd64/jli/libjli.so
7f1a682f7000-7f1a682f8000 r--p 0000d000 fd:01 922806                     /usr/lib/jvm/java-9-openjdk-amd64/lib/amd64/jli/libjli.so
7f1a682f8000-7f1a682f9000 rw-p 0000e000 fd:01 922806                     /usr/lib/jvm/java-9-openjdk-amd64/lib/amd64/jli/libjli.so
7f1a682f9000-7f1a6831f000 r-xp 00000000 fd:01 1050454                    /lib/x86_64-linux-gnu/ld-2.23.so
7f1a68349000-7f1a68350000 r--s 00000000 fd:01 396573                     /var/cache/fontconfig/3047814df9a2f067bd2d96a2b9c36e5a-le64.cache-6
7f1a68350000-7f1a68358000 r--s 00000000 fd:01 397035                     /var/cache/fontconfig/bf3b770c553c462765856025a94f1ce6-le64.cache-6
7f1a68358000-7f1a68363000 r--s 00000000 fd:01 396571                     /var/cache/fontconfig/d589a48862398ed80a3d6066f4f56f4c-le64.cache-6
7f1a68363000-7f1a68403000 rw-p 00000000 00:00 0 
7f1a68403000-7f1a6840a000 ---p 00000000 00:00 0 
7f1a6840a000-7f1a6840e000 ---p 00000000 00:00 0 
7f1a6840e000-7f1a68510000 rw-p 00000000 00:00 0 
7f1a68511000-7f1a68512000 r--s 00000000 fd:01 1316981                    /home/zhang/.cache/fontconfig/af7010e40b8dc9ecc4e354723ffcf4aa-le64.cache-6
7f1a68512000-7f1a6851a000 rw-s 00000000 fd:01 923388                     /tmp/hsperfdata_zhang/1309
7f1a6851a000-7f1a6851b000 rw-p 00000000 00:00 0 
7f1a6851b000-7f1a6851c000 r--p 00000000 00:00 0 
7f1a6851c000-7f1a6851e000 rw-p 00000000 00:00 0 
7f1a6851e000-7f1a6851f000 r--p 00025000 fd:01 1050454                    /lib/x86_64-linux-gnu/ld-2.23.so
7f1a6851f000-7f1a68520000 rw-p 00026000 fd:01 1050454                    /lib/x86_64-linux-gnu/ld-2.23.so
7f1a68520000-7f1a68521000 rw-p 00000000 00:00 0 
7ffe0671e000-7ffe0673f000 rw-p 00000000 00:00 0                          [stack]
7ffe067c4000-7ffe067c6000 r--p 00000000 00:00 0                          [vvar]
7ffe067c6000-7ffe067c8000 r-xp 00000000 00:00 0                          [vdso]
ffffffffff600000-ffffffffff601000 r-xp 00000000 00:00 0                  [vsyscall]

VM Arguments:
java_command: plantuml.jar test.uml
java_class_path (initial): plantuml.jar
Launcher Type: SUN_STANDARD

Environment Variables:
PATH=/usr/local/sbin:/usr/local/bin:/usr/sbin:/usr/bin:/sbin:/bin:/usr/games:/usr/local/games
SHELL=/usr/bin/zsh

Signal Handlers:
SIGSEGV: [libjvm.so+0xc12c20], sa_mask[0]=11111111011111111101111111111110, sa_flags=SA_RESTART|SA_SIGINFO
SIGBUS: [libjvm.so+0xc12c20], sa_mask[0]=11111111011111111101111111111110, sa_flags=SA_RESTART|SA_SIGINFO
SIGFPE: [libjvm.so+0xc12c20], sa_mask[0]=11111111011111111101111111111110, sa_flags=SA_RESTART|SA_SIGINFO
SIGPIPE: [libjvm.so+0xa3b600], sa_mask[0]=11111111011111111101111111111110, sa_flags=SA_RESTART|SA_SIGINFO
SIGXFSZ: [libjvm.so+0xa3b600], sa_mask[0]=11111111011111111101111111111110, sa_flags=SA_RESTART|SA_SIGINFO
SIGILL: [libjvm.so+0xc12c20], sa_mask[0]=11111111011111111101111111111110, sa_flags=SA_RESTART|SA_SIGINFO
SIGUSR2: [libjvm.so+0xa3b4a0], sa_mask[0]=00000000000000000000000000000000, sa_flags=SA_RESTART|SA_SIGINFO
SIGHUP: [libjvm.so+0xa3b870], sa_mask[0]=11111111011111111101111111111110, sa_flags=SA_RESTART|SA_SIGINFO
SIGINT: [libjvm.so+0xa3b870], sa_mask[0]=11111111011111111101111111111110, sa_flags=SA_RESTART|SA_SIGINFO
SIGTERM: [libjvm.so+0xa3b870], sa_mask[0]=11111111011111111101111111111110, sa_flags=SA_RESTART|SA_SIGINFO
SIGQUIT: [libjvm.so+0xa3b870], sa_mask[0]=11111111011111111101111111111110, sa_flags=SA_RESTART|SA_SIGINFO


---------------  S Y S T E M  ---------------

OS:DISTRIB_ID=Ubuntu
DISTRIB_RELEASE=16.04
DISTRIB_CODENAME=xenial
DISTRIB_DESCRIPTION="Ubuntu 16.04.3 LTS"
uname:Linux 4.4.0-78-generic #99-Ubuntu SMP Thu Apr 27 15:29:09 UTC 2017 x86_64
libc:glibc 2.23 NPTL 2.23 
rlimit: STACK 8192k, CORE 0k, NPROC 64042, NOFILE 65535, AS infinity
load average:0.37 0.63 0.66

/proc/meminfo:
MemTotal:       16431932 kB
MemFree:         1686996 kB
MemAvailable:   14192940 kB
Buffers:          276572 kB
Cached:         11358544 kB
SwapCached:            0 kB
Active:         10286664 kB
Inactive:        2850096 kB
Active(anon):    1564488 kB
Inactive(anon):   110944 kB
Active(file):    8722176 kB
Inactive(file):  2739152 kB
Unevictable:           0 kB
Mlocked:               0 kB
SwapTotal:             0 kB
SwapFree:              0 kB
Dirty:             50924 kB
Writeback:             0 kB
AnonPages:       1501636 kB
Mapped:           519096 kB
Shmem:            173796 kB
Slab:            1502628 kB
SReclaimable:    1382956 kB
SUnreclaim:       119672 kB
KernelStack:       21088 kB
PageTables:        17520 kB
NFS_Unstable:          0 kB
Bounce:                0 kB
WritebackTmp:          0 kB
CommitLimit:     8215964 kB
Committed_AS:    7090004 kB
VmallocTotal:   34359738367 kB
VmallocUsed:           0 kB
VmallocChunk:          0 kB
HardwareCorrupted:     0 kB
AnonHugePages:    448512 kB
CmaTotal:              0 kB
CmaFree:               0 kB
HugePages_Total:       0
HugePages_Free:        0
HugePages_Rsvd:        0
HugePages_Surp:        0
Hugepagesize:       2048 kB
DirectMap4k:      208764 kB
DirectMap2M:    14471168 kB
DirectMap1G:     4194304 kB


CPU:total 8 (1 cores per cpu, 1 threads per core) family 6 model 45 stepping 7, cmov, cx8, fxsr, mmx, sse, sse2, sse3, ssse3, sse4.1, sse4.2, popcnt, avx, aes, clmul, tsc

CPU Model and flags from /proc/cpuinfo:
model name	: Intel(R) Xeon(R) CPU E5-4610 0 @ 2.40GHz
flags		: fpu vme de pse tsc msr pae mce cx8 apic sep mtrr pge mca cmov pat pse36 clflush mmx fxsr sse sse2 ss syscall nx pdpe1gb rdtscp lm constant_tsc arch_perfmon rep_good nopl eagerfpu pni pclmulqdq vmx ssse3 cx16 pcid sse4_1 sse4_2 x2apic popcnt tsc_deadline_timer aes xsave avx hypervisor lahf_lm tpr_shadow vnmi flexpriority ept tsc_adjust xsaveopt

Memory: 4k page, physical 16431932k(1686996k free), swap 0k(0k free)

vm_info: OpenJDK 64-Bit Server VM (9-internal+0-2016-04-14-195246.buildd.src) for linux-amd64 JRE (9-internal+0-2016-04-14-195246.buildd.src), built on Apr 14 2016 20:05:37 by "buildd" with gcc 5.3.1 20160413

END.
