#
# A fatal error has been detected by the Java Runtime Environment:
#
#  SIGSEGV (0xb) at pc=0x00007f2a66c93009, pid=2445, tid=2446
#
# JRE version: OpenJDK Runtime Environment (9.0) (build 9-internal+0-2016-04-14-195246.buildd.src)
# Java VM: OpenJDK 64-Bit Server VM (9-internal+0-2016-04-14-195246.buildd.src, mixed mode, tiered, compressed oops, g1 gc, linux-amd64)
# Problematic frame:
# C  [libjava.so+0x1d009]  JNU_GetEnv+0x19
#
# Core dump will be written. Default location: Core dumps may be processed with "/usr/share/apport/apport %p %s %c %d %P" (or dumping to /home/zhang/myScript/tools/core.2445)
#
# If you would like to submit a bug report, please visit:
#   http://bugreport.java.com/bugreport/crash.jsp
# The crash happened outside the Java Virtual Machine in native code.
# See problematic frame for where to report the bug.
#

---------------  S U M M A R Y ------------

Command Line: plantuml.jar test.uml

Host: Intel(R) Xeon(R) CPU E5-4610 0 @ 2.40GHz, 8 cores, 15G, Ubuntu 16.04.3 LTS
Time: Thu Jun  6 16:08:13 2019 CST elapsed time: 0 seconds (0d 0h 0m 0s)

---------------  T H R E A D  ---------------

Current thread (0x00007f2a60010800):  JavaThread "main" [_thread_in_native, id=2446, stack(0x00007f2a69a07000,0x00007f2a69b08000)]

Stack: [0x00007f2a69a07000,0x00007f2a69b08000],  sp=0x00007f2a69b056e0,  free space=1017k
Native frames: (J=compiled Java code, j=interpreted, Vv=VM code, C=native code)
C  [libjava.so+0x1d009]  JNU_GetEnv+0x19
C  [libfontmanager.so+0x33f8e]
C  [libfreetype.so.6+0x14d2b]  FT_Stream_Seek+0x1b

Java frames: (J=compiled Java code, j=interpreted, Vv=VM code)
j  sun.font.FreetypeFontScaler.initNativeScaler(Lsun/font/Font2D;IIZI)J+0 java.desktop@9-internal
j  sun.font.FreetypeFontScaler.<init>(Lsun/font/Font2D;IZI)V+26 java.desktop@9-internal
v  ~StubRoutines::call_stub
j  sun.reflect.NativeConstructorAccessorImpl.newInstance0(Ljava/lang/reflect/Constructor;[Ljava/lang/Object;)Ljava/lang/Object;+0 java.base@9-internal
j  sun.reflect.NativeConstructorAccessorImpl.newInstance([Ljava/lang/Object;)Ljava/lang/Object;+85 java.base@9-internal
j  sun.reflect.DelegatingConstructorAccessorImpl.newInstance([Ljava/lang/Object;)Ljava/lang/Object;+5 java.base@9-internal
j  java.lang.reflect.Constructor.newInstance([Ljava/lang/Object;)Ljava/lang/Object;+65 java.base@9-internal
j  sun.font.FontScaler.getScaler(Lsun/font/Font2D;IZI)Lsun/font/FontScaler;+39 java.desktop@9-internal
j  sun.font.TrueTypeFont.getScaler()Lsun/font/FontScaler;+21 java.desktop@9-internal
j  sun.font.FileFontStrike.<init>(Lsun/font/FileFont;Lsun/font/FontStrikeDesc;)V+204 java.desktop@9-internal
j  sun.font.FileFont.createStrike(Lsun/font/FontStrikeDesc;)Lsun/font/FontStrike;+18 java.desktop@9-internal
j  sun.font.Font2D.getStrike(Lsun/font/FontStrikeDesc;Z)Lsun/font/FontStrike;+92 java.desktop@9-internal
j  sun.font.Font2D.getStrike(Lsun/font/FontStrikeDesc;)Lsun/font/FontStrike;+3 java.desktop@9-internal
j  sun.font.CompositeStrike.getStrikeForSlot(I)Lsun/font/PhysicalStrike;+23 java.desktop@9-internal
j  sun.font.CompositeStrike.getFontMetrics()Lsun/font/StrikeMetrics;+31 java.desktop@9-internal
j  sun.font.FontDesignMetrics.initMatrixAndMetrics()V+28 java.desktop@9-internal
j  sun.font.FontDesignMetrics.<init>(Ljava/awt/Font;Ljava/awt/font/FontRenderContext;)V+62 java.desktop@9-internal
j  sun.font.FontDesignMetrics.getMetrics(Ljava/awt/Font;Ljava/awt/font/FontRenderContext;)Lsun/font/FontDesignMetrics;+128 java.desktop@9-internal
j  sun.java2d.SunGraphics2D.getFontMetrics(Ljava/awt/Font;)Ljava/awt/FontMetrics;+25 java.desktop@9-internal
j  net.sourceforge.plantuml.Run.forceOpenJdkResourceLoad()V+47
j  net.sourceforge.plantuml.Run.main([Ljava/lang/String;)V+271
v  ~StubRoutines::call_stub

siginfo: si_signo: 11 (SIGSEGV), si_code: 1 (SEGV_MAPERR), si_addr: 0x0000000000000000

Register to memory mapping:

RAX=0x0000000000000000 is an unknown value
RBX=0x0000000000000000 is an unknown value
RCX=0x0000000000000000 is an unknown value
RDX=0x0000000000010002 is an unknown value
RSP=0x00007f2a69b056e0 is pointing into the stack for thread: 0x00007f2a60010800
RBP=0x00007f2a69b056f0 is pointing into the stack for thread: 0x00007f2a60010800
RSI=0x0000000000010002 is an unknown value
RDI=0x0000000000000000 is an unknown value
R8 =0x0000000000000000 is an unknown value
R9 =0x0000000000000000 is an unknown value
R10=0x00000000000001db is an unknown value
R11=0x00007f2a66c92ff0: JNU_GetEnv+0x0000000000000000 in /usr/lib/jvm/java-9-openjdk-amd64/lib/amd64/libjava.so at 0x00007f2a66c76000
R12=0x00007f2a603d74c0 is an unknown value
R13=0x0000000000000000 is an unknown value
R14=0x0000000000000000 is an unknown value
R15=0x00007f2a603de200 is an unknown value


Registers:
RAX=0x0000000000000000, RBX=0x0000000000000000, RCX=0x0000000000000000, RDX=0x0000000000010002
RSP=0x00007f2a69b056e0, RBP=0x00007f2a69b056f0, RSI=0x0000000000010002, RDI=0x0000000000000000
R8 =0x0000000000000000, R9 =0x0000000000000000, R10=0x00000000000001db, R11=0x00007f2a66c92ff0
R12=0x00007f2a603d74c0, R13=0x0000000000000000, R14=0x0000000000000000, R15=0x00007f2a603de200
RIP=0x00007f2a66c93009, EFLAGS=0x0000000000010246, CSGSFS=0x0000000000000033, ERR=0x0000000000000004
  TRAPNO=0x000000000000000e

Top of Stack: (sp=0x00007f2a69b056e0)
0x00007f2a69b056e0:   0000000000000000 1fe0d5a1765ea200
0x00007f2a69b056f0:   00007f2a69b05730 00007f29da85ef8e
0x00007f2a69b05700:   00007f2a603dd630 00007f2a603d74c0
0x00007f2a69b05710:   0000000000000000 0000000000000000
0x00007f2a69b05720:   00007f2a603d74c0 00007f2a603de200
0x00007f2a69b05730:   0000000000000000 00007f29da595d2b
0x00007f2a69b05740:   0000000000000000 00007f29da827d80
0x00007f2a69b05750:   0000000000000000 00007f29da5a98e0
0x00007f2a69b05760:   0000000000000002 0000003200000008
0x00007f2a69b05770:   0000000000000000 0000000000000000
0x00007f2a69b05780:   0000006e0000005b 0000000000000000
0x00007f2a69b05790:   0000000000000000 0000007c00000077
0x00007f2a69b057a0:   0202020202020202 0202020202020202
0x00007f2a69b057b0:   0000000000000000 0000000000000000
0x00007f2a69b057c0:   0101010101010101 00007f2a60000020
0x00007f2a69b057d0:   0000000000000070 00007f2a69b05884
0x00007f2a69b057e0:   00007f2a603dd630 00007f2a603de200
0x00007f2a69b057f0:   00007f2a69b05884 00007f2a693a1184
0x00007f2a69b05800:   00007f2a68318f00 00007f2a69b05834
0x00007f2a69b05810:   00007f29da8249e0 1fe0d5a1765ea200
0x00007f2a69b05820:   0000000000000070 00007f2a603d75d0
0x00007f2a69b05830:   00007f29da8249e0 00007f2a69b05948
0x00007f2a69b05840:   00007f2a603dd630 00007f2a603de200
0x00007f2a69b05850:   00007f2a603de730 00007f29da5984c2
0x00007f2a69b05860:   0000000100000000 00007f2a69b05950
0x00007f2a69b05870:   0000000000000000 0000000000000000
0x00007f2a69b05880:   0000000069b05948 1fe0d5a1765ea200
0x00007f2a69b05890:   00007f2a603d75d0 00007f2a69b05950
0x00007f2a69b058a0:   0000000000000000 00007f2a603dd558
0x00007f2a69b058b0:   00007f2a69b05b50 00007f2a603dd4b8
0x00007f2a69b058c0:   00007f2a603dd630 00007f29da59a581
0x00007f2a69b058d0:   00007f2a69b05950 00007f29da59a376 

Instructions: (pc=0x00007f2a66c93009)
0x00007f2a66c92fe9:   ff eb ea 0f 1f 40 00 55 89 f2 48 89 e5 48 83 ec
0x00007f2a66c92ff9:   10 64 48 8b 04 25 28 00 00 00 48 89 45 f8 31 c0
0x00007f2a66c93009:   48 8b 07 48 8d 75 f0 ff 50 30 48 8b 4d f8 64 48
0x00007f2a66c93019:   33 0c 25 28 00 00 00 48 8b 45 f0 75 02 c9 c3 e8 


---------------  P R O C E S S  ---------------

Java Threads: ( => current thread )
  0x00007f2a603a2000 JavaThread "Java2D Disposer" daemon [_thread_blocked, id=2480, stack(0x00007f29daaf5000,0x00007f29dabf6000)]
  0x00007f2a60310800 JavaThread "Service Thread" daemon [_thread_blocked, id=2478, stack(0x00007f29db1cf000,0x00007f29db2d0000)]
  0x00007f2a60282800 JavaThread "Common-Cleaner" daemon [_thread_blocked, id=2477, stack(0x00007f29db2d0000,0x00007f29db3d1000)]
  0x00007f2a60263000 JavaThread "Sweeper thread" daemon [_thread_blocked, id=2476, stack(0x00007f29dbafb000,0x00007f29dbbfc000)]
  0x00007f2a60259000 JavaThread "C1 CompilerThread3" daemon [_thread_blocked, id=2475, stack(0x00007f29dbbfc000,0x00007f29dbcfd000)]
  0x00007f2a60257000 JavaThread "C2 CompilerThread2" daemon [_thread_blocked, id=2474, stack(0x00007f29dbcfd000,0x00007f29dbdfe000)]
  0x00007f2a60255000 JavaThread "C2 CompilerThread1" daemon [_thread_in_native, id=2473, stack(0x00007f29dbdfe000,0x00007f29dbeff000)]
  0x00007f2a60253800 JavaThread "C2 CompilerThread0" daemon [_thread_blocked, id=2472, stack(0x00007f29dbeff000,0x00007f29dc000000)]
  0x00007f2a6024f000 JavaThread "Signal Dispatcher" daemon [_thread_blocked, id=2471, stack(0x00007f29f8006000,0x00007f29f8107000)]
  0x00007f2a6024d000 JavaThread "Surrogate Locker Thread (Concurrent GC)" daemon [_thread_blocked, id=2470, stack(0x00007f29f8107000,0x00007f29f8208000)]
  0x00007f2a6023b800 JavaThread "Finalizer" daemon [_thread_blocked, id=2469, stack(0x00007f29f84e0000,0x00007f29f85e1000)]
  0x00007f2a60237800 JavaThread "Reference Handler" daemon [_thread_blocked, id=2468, stack(0x00007f29f85e1000,0x00007f29f86e2000)]
=>0x00007f2a60010800 JavaThread "main" [_thread_in_native, id=2446, stack(0x00007f2a69a07000,0x00007f2a69b08000)]

Other Threads:
  0x00007f2a6022d800 VMThread [stack: 0x00007f29f86e2000,0x00007f29f87e3000] [id=2467]
  0x00007f2a60313800 WatcherThread [stack: 0x00007f29db0ce000,0x00007f29db1cf000] [id=2479]

Threads with active compile tasks:
C2 CompilerThread1 375       4       java.util.HashMap::putVal (300 bytes)

VM state:not at safepoint (normal execution)

VM Mutex/Monitor currently owned by a thread: None

heap address: 0x00000006c5400000, size: 4012 MB, Compressed Oops mode: Zero based, Oop shift amount: 3
Narrow klass base: 0x0000000000000000, Narrow klass shift: 3
Compressed class space size: 1073741824 Address: 0x00000007c0000000

Heap:
 garbage-first heap   total 258048K, used 5120K [0x00000006c5400000, 0x00000006c55007e0, 0x00000007c0000000)
  region size 1024K, 6 young (6144K), 0 survivors (0K)
 Metaspace       used 7669K, capacity 7896K, committed 8064K, reserved 1056768K
  class space    used 807K, capacity 881K, committed 896K, reserved 1048576K

Heap Regions: E=young(eden), S=young(survivor), O=old, HS=humongous(starts), HC=humongous(continues), CS=collection set, F=free, A=archive, TS=gc time stamp, AC=allocation context, TAMS=top-at-mark-start (previous, next)
|   0|0x00000006c5400000, 0x00000006c5400000, 0x00000006c5500000|  0%| F|  |TS  0|AC  0|TAMS 0x00000006c5400000, 0x00000006c5400000|
|   1|0x00000006c5500000, 0x00000006c5500000, 0x00000006c5600000|  0%| F|  |TS  0|AC  0|TAMS 0x00000006c5500000, 0x00000006c5500000|
|   2|0x00000006c5600000, 0x00000006c5600000, 0x00000006c5700000|  0%| F|  |TS  0|AC  0|TAMS 0x00000006c5600000, 0x00000006c5600000|
|   3|0x00000006c5700000, 0x00000006c5700000, 0x00000006c5800000|  0%| F|  |TS  0|AC  0|TAMS 0x00000006c5700000, 0x00000006c5700000|
|   4|0x00000006c5800000, 0x00000006c5800000, 0x00000006c5900000|  0%| F|  |TS  0|AC  0|TAMS 0x00000006c5800000, 0x00000006c5800000|
|   5|0x00000006c5900000, 0x00000006c5900000, 0x00000006c5a00000|  0%| F|  |TS  0|AC  0|TAMS 0x00000006c5900000, 0x00000006c5900000|
|   6|0x00000006c5a00000, 0x00000006c5a00000, 0x00000006c5b00000|  0%| F|  |TS  0|AC  0|TAMS 0x00000006c5a00000, 0x00000006c5a00000|
|   7|0x00000006c5b00000, 0x00000006c5b00000, 0x00000006c5c00000|  0%| F|  |TS  0|AC  0|TAMS 0x00000006c5b00000, 0x00000006c5b00000|
|   8|0x00000006c5c00000, 0x00000006c5c00000, 0x00000006c5d00000|  0%| F|  |TS  0|AC  0|TAMS 0x00000006c5c00000, 0x00000006c5c00000|
|   9|0x00000006c5d00000, 0x00000006c5d00000, 0x00000006c5e00000|  0%| F|  |TS  0|AC  0|TAMS 0x00000006c5d00000, 0x00000006c5d00000|
|  10|0x00000006c5e00000, 0x00000006c5e00000, 0x00000006c5f00000|  0%| F|  |TS  0|AC  0|TAMS 0x00000006c5e00000, 0x00000006c5e00000|
|  11|0x00000006c5f00000, 0x00000006c5f00000, 0x00000006c6000000|  0%| F|  |TS  0|AC  0|TAMS 0x00000006c5f00000, 0x00000006c5f00000|
|  12|0x00000006c6000000, 0x00000006c6000000, 0x00000006c6100000|  0%| F|  |TS  0|AC  0|TAMS 0x00000006c6000000, 0x00000006c6000000|
|  13|0x00000006c6100000, 0x00000006c6100000, 0x00000006c6200000|  0%| F|  |TS  0|AC  0|TAMS 0x00000006c6100000, 0x00000006c6100000|
|  14|0x00000006c6200000, 0x00000006c6200000, 0x00000006c6300000|  0%| F|  |TS  0|AC  0|TAMS 0x00000006c6200000, 0x00000006c6200000|
|  15|0x00000006c6300000, 0x00000006c6300000, 0x00000006c6400000|  0%| F|  |TS  0|AC  0|TAMS 0x00000006c6300000, 0x00000006c6300000|
|  16|0x00000006c6400000, 0x00000006c6400000, 0x00000006c6500000|  0%| F|  |TS  0|AC  0|TAMS 0x00000006c6400000, 0x00000006c6400000|
|  17|0x00000006c6500000, 0x00000006c6500000, 0x00000006c6600000|  0%| F|  |TS  0|AC  0|TAMS 0x00000006c6500000, 0x00000006c6500000|
|  18|0x00000006c6600000, 0x00000006c6600000, 0x00000006c6700000|  0%| F|  |TS  0|AC  0|TAMS 0x00000006c6600000, 0x00000006c6600000|
|  19|0x00000006c6700000, 0x00000006c6700000, 0x00000006c6800000|  0%| F|  |TS  0|AC  0|TAMS 0x00000006c6700000, 0x00000006c6700000|
|  20|0x00000006c6800000, 0x00000006c6800000, 0x00000006c6900000|  0%| F|  |TS  0|AC  0|TAMS 0x00000006c6800000, 0x00000006c6800000|
|  21|0x00000006c6900000, 0x00000006c6900000, 0x00000006c6a00000|  0%| F|  |TS  0|AC  0|TAMS 0x00000006c6900000, 0x00000006c6900000|
|  22|0x00000006c6a00000, 0x00000006c6a00000, 0x00000006c6b00000|  0%| F|  |TS  0|AC  0|TAMS 0x00000006c6a00000, 0x00000006c6a00000|
|  23|0x00000006c6b00000, 0x00000006c6b00000, 0x00000006c6c00000|  0%| F|  |TS  0|AC  0|TAMS 0x00000006c6b00000, 0x00000006c6b00000|
|  24|0x00000006c6c00000, 0x00000006c6c00000, 0x00000006c6d00000|  0%| F|  |TS  0|AC  0|TAMS 0x00000006c6c00000, 0x00000006c6c00000|
|  25|0x00000006c6d00000, 0x00000006c6d00000, 0x00000006c6e00000|  0%| F|  |TS  0|AC  0|TAMS 0x00000006c6d00000, 0x00000006c6d00000|
|  26|0x00000006c6e00000, 0x00000006c6e00000, 0x00000006c6f00000|  0%| F|  |TS  0|AC  0|TAMS 0x00000006c6e00000, 0x00000006c6e00000|
|  27|0x00000006c6f00000, 0x00000006c6f00000, 0x00000006c7000000|  0%| F|  |TS  0|AC  0|TAMS 0x00000006c6f00000, 0x00000006c6f00000|
|  28|0x00000006c7000000, 0x00000006c7000000, 0x00000006c7100000|  0%| F|  |TS  0|AC  0|TAMS 0x00000006c7000000, 0x00000006c7000000|
|  29|0x00000006c7100000, 0x00000006c7100000, 0x00000006c7200000|  0%| F|  |TS  0|AC  0|TAMS 0x00000006c7100000, 0x00000006c7100000|
|  30|0x00000006c7200000, 0x00000006c7200000, 0x00000006c7300000|  0%| F|  |TS  0|AC  0|TAMS 0x00000006c7200000, 0x00000006c7200000|
|  31|0x00000006c7300000, 0x00000006c7300000, 0x00000006c7400000|  0%| F|  |TS  0|AC  0|TAMS 0x00000006c7300000, 0x00000006c7300000|
|  32|0x00000006c7400000, 0x00000006c7400000, 0x00000006c7500000|  0%| F|  |TS  0|AC  0|TAMS 0x00000006c7400000, 0x00000006c7400000|
|  33|0x00000006c7500000, 0x00000006c7500000, 0x00000006c7600000|  0%| F|  |TS  0|AC  0|TAMS 0x00000006c7500000, 0x00000006c7500000|
|  34|0x00000006c7600000, 0x00000006c7600000, 0x00000006c7700000|  0%| F|  |TS  0|AC  0|TAMS 0x00000006c7600000, 0x00000006c7600000|
|  35|0x00000006c7700000, 0x00000006c7700000, 0x00000006c7800000|  0%| F|  |TS  0|AC  0|TAMS 0x00000006c7700000, 0x00000006c7700000|
|  36|0x00000006c7800000, 0x00000006c7800000, 0x00000006c7900000|  0%| F|  |TS  0|AC  0|TAMS 0x00000006c7800000, 0x00000006c7800000|
|  37|0x00000006c7900000, 0x00000006c7900000, 0x00000006c7a00000|  0%| F|  |TS  0|AC  0|TAMS 0x00000006c7900000, 0x00000006c7900000|
|  38|0x00000006c7a00000, 0x00000006c7a00000, 0x00000006c7b00000|  0%| F|  |TS  0|AC  0|TAMS 0x00000006c7a00000, 0x00000006c7a00000|
|  39|0x00000006c7b00000, 0x00000006c7b00000, 0x00000006c7c00000|  0%| F|  |TS  0|AC  0|TAMS 0x00000006c7b00000, 0x00000006c7b00000|
|  40|0x00000006c7c00000, 0x00000006c7c00000, 0x00000006c7d00000|  0%| F|  |TS  0|AC  0|TAMS 0x00000006c7c00000, 0x00000006c7c00000|
|  41|0x00000006c7d00000, 0x00000006c7d00000, 0x00000006c7e00000|  0%| F|  |TS  0|AC  0|TAMS 0x00000006c7d00000, 0x00000006c7d00000|
|  42|0x00000006c7e00000, 0x00000006c7e00000, 0x00000006c7f00000|  0%| F|  |TS  0|AC  0|TAMS 0x00000006c7e00000, 0x00000006c7e00000|
|  43|0x00000006c7f00000, 0x00000006c7f00000, 0x00000006c8000000|  0%| F|  |TS  0|AC  0|TAMS 0x00000006c7f00000, 0x00000006c7f00000|
|  44|0x00000006c8000000, 0x00000006c8000000, 0x00000006c8100000|  0%| F|  |TS  0|AC  0|TAMS 0x00000006c8000000, 0x00000006c8000000|
|  45|0x00000006c8100000, 0x00000006c8100000, 0x00000006c8200000|  0%| F|  |TS  0|AC  0|TAMS 0x00000006c8100000, 0x00000006c8100000|
|  46|0x00000006c8200000, 0x00000006c8200000, 0x00000006c8300000|  0%| F|  |TS  0|AC  0|TAMS 0x00000006c8200000, 0x00000006c8200000|
|  47|0x00000006c8300000, 0x00000006c8300000, 0x00000006c8400000|  0%| F|  |TS  0|AC  0|TAMS 0x00000006c8300000, 0x00000006c8300000|
|  48|0x00000006c8400000, 0x00000006c8400000, 0x00000006c8500000|  0%| F|  |TS  0|AC  0|TAMS 0x00000006c8400000, 0x00000006c8400000|
|  49|0x00000006c8500000, 0x00000006c8500000, 0x00000006c8600000|  0%| F|  |TS  0|AC  0|TAMS 0x00000006c8500000, 0x00000006c8500000|
|  50|0x00000006c8600000, 0x00000006c8600000, 0x00000006c8700000|  0%| F|  |TS  0|AC  0|TAMS 0x00000006c8600000, 0x00000006c8600000|
|  51|0x00000006c8700000, 0x00000006c8700000, 0x00000006c8800000|  0%| F|  |TS  0|AC  0|TAMS 0x00000006c8700000, 0x00000006c8700000|
|  52|0x00000006c8800000, 0x00000006c8800000, 0x00000006c8900000|  0%| F|  |TS  0|AC  0|TAMS 0x00000006c8800000, 0x00000006c8800000|
|  53|0x00000006c8900000, 0x00000006c8900000, 0x00000006c8a00000|  0%| F|  |TS  0|AC  0|TAMS 0x00000006c8900000, 0x00000006c8900000|
|  54|0x00000006c8a00000, 0x00000006c8a00000, 0x00000006c8b00000|  0%| F|  |TS  0|AC  0|TAMS 0x00000006c8a00000, 0x00000006c8a00000|
|  55|0x00000006c8b00000, 0x00000006c8b00000, 0x00000006c8c00000|  0%| F|  |TS  0|AC  0|TAMS 0x00000006c8b00000, 0x00000006c8b00000|
|  56|0x00000006c8c00000, 0x00000006c8c00000, 0x00000006c8d00000|  0%| F|  |TS  0|AC  0|TAMS 0x00000006c8c00000, 0x00000006c8c00000|
|  57|0x00000006c8d00000, 0x00000006c8d00000, 0x00000006c8e00000|  0%| F|  |TS  0|AC  0|TAMS 0x00000006c8d00000, 0x00000006c8d00000|
|  58|0x00000006c8e00000, 0x00000006c8e00000, 0x00000006c8f00000|  0%| F|  |TS  0|AC  0|TAMS 0x00000006c8e00000, 0x00000006c8e00000|
|  59|0x00000006c8f00000, 0x00000006c8f00000, 0x00000006c9000000|  0%| F|  |TS  0|AC  0|TAMS 0x00000006c8f00000, 0x00000006c8f00000|
|  60|0x00000006c9000000, 0x00000006c9000000, 0x00000006c9100000|  0%| F|  |TS  0|AC  0|TAMS 0x00000006c9000000, 0x00000006c9000000|
|  61|0x00000006c9100000, 0x00000006c9100000, 0x00000006c9200000|  0%| F|  |TS  0|AC  0|TAMS 0x00000006c9100000, 0x00000006c9100000|
|  62|0x00000006c9200000, 0x00000006c9200000, 0x00000006c9300000|  0%| F|  |TS  0|AC  0|TAMS 0x00000006c9200000, 0x00000006c9200000|
|  63|0x00000006c9300000, 0x00000006c9300000, 0x00000006c9400000|  0%| F|  |TS  0|AC  0|TAMS 0x00000006c9300000, 0x00000006c9300000|
|  64|0x00000006c9400000, 0x00000006c9400000, 0x00000006c9500000|  0%| F|  |TS  0|AC  0|TAMS 0x00000006c9400000, 0x00000006c9400000|
|  65|0x00000006c9500000, 0x00000006c9500000, 0x00000006c9600000|  0%| F|  |TS  0|AC  0|TAMS 0x00000006c9500000, 0x00000006c9500000|
|  66|0x00000006c9600000, 0x00000006c9600000, 0x00000006c9700000|  0%| F|  |TS  0|AC  0|TAMS 0x00000006c9600000, 0x00000006c9600000|
|  67|0x00000006c9700000, 0x00000006c9700000, 0x00000006c9800000|  0%| F|  |TS  0|AC  0|TAMS 0x00000006c9700000, 0x00000006c9700000|
|  68|0x00000006c9800000, 0x00000006c9800000, 0x00000006c9900000|  0%| F|  |TS  0|AC  0|TAMS 0x00000006c9800000, 0x00000006c9800000|
|  69|0x00000006c9900000, 0x00000006c9900000, 0x00000006c9a00000|  0%| F|  |TS  0|AC  0|TAMS 0x00000006c9900000, 0x00000006c9900000|
|  70|0x00000006c9a00000, 0x00000006c9a00000, 0x00000006c9b00000|  0%| F|  |TS  0|AC  0|TAMS 0x00000006c9a00000, 0x00000006c9a00000|
|  71|0x00000006c9b00000, 0x00000006c9b00000, 0x00000006c9c00000|  0%| F|  |TS  0|AC  0|TAMS 0x00000006c9b00000, 0x00000006c9b00000|
|  72|0x00000006c9c00000, 0x00000006c9c00000, 0x00000006c9d00000|  0%| F|  |TS  0|AC  0|TAMS 0x00000006c9c00000, 0x00000006c9c00000|
|  73|0x00000006c9d00000, 0x00000006c9d00000, 0x00000006c9e00000|  0%| F|  |TS  0|AC  0|TAMS 0x00000006c9d00000, 0x00000006c9d00000|
|  74|0x00000006c9e00000, 0x00000006c9e00000, 0x00000006c9f00000|  0%| F|  |TS  0|AC  0|TAMS 0x00000006c9e00000, 0x00000006c9e00000|
|  75|0x00000006c9f00000, 0x00000006c9f00000, 0x00000006ca000000|  0%| F|  |TS  0|AC  0|TAMS 0x00000006c9f00000, 0x00000006c9f00000|
|  76|0x00000006ca000000, 0x00000006ca000000, 0x00000006ca100000|  0%| F|  |TS  0|AC  0|TAMS 0x00000006ca000000, 0x00000006ca000000|
|  77|0x00000006ca100000, 0x00000006ca100000, 0x00000006ca200000|  0%| F|  |TS  0|AC  0|TAMS 0x00000006ca100000, 0x00000006ca100000|
|  78|0x00000006ca200000, 0x00000006ca200000, 0x00000006ca300000|  0%| F|  |TS  0|AC  0|TAMS 0x00000006ca200000, 0x00000006ca200000|
|  79|0x00000006ca300000, 0x00000006ca300000, 0x00000006ca400000|  0%| F|  |TS  0|AC  0|TAMS 0x00000006ca300000, 0x00000006ca300000|
|  80|0x00000006ca400000, 0x00000006ca400000, 0x00000006ca500000|  0%| F|  |TS  0|AC  0|TAMS 0x00000006ca400000, 0x00000006ca400000|
|  81|0x00000006ca500000, 0x00000006ca500000, 0x00000006ca600000|  0%| F|  |TS  0|AC  0|TAMS 0x00000006ca500000, 0x00000006ca500000|
|  82|0x00000006ca600000, 0x00000006ca600000, 0x00000006ca700000|  0%| F|  |TS  0|AC  0|TAMS 0x00000006ca600000, 0x00000006ca600000|
|  83|0x00000006ca700000, 0x00000006ca700000, 0x00000006ca800000|  0%| F|  |TS  0|AC  0|TAMS 0x00000006ca700000, 0x00000006ca700000|
|  84|0x00000006ca800000, 0x00000006ca800000, 0x00000006ca900000|  0%| F|  |TS  0|AC  0|TAMS 0x00000006ca800000, 0x00000006ca800000|
|  85|0x00000006ca900000, 0x00000006ca900000, 0x00000006caa00000|  0%| F|  |TS  0|AC  0|TAMS 0x00000006ca900000, 0x00000006ca900000|
|  86|0x00000006caa00000, 0x00000006caa00000, 0x00000006cab00000|  0%| F|  |TS  0|AC  0|TAMS 0x00000006caa00000, 0x00000006caa00000|
|  87|0x00000006cab00000, 0x00000006cab00000, 0x00000006cac00000|  0%| F|  |TS  0|AC  0|TAMS 0x00000006cab00000, 0x00000006cab00000|
|  88|0x00000006cac00000, 0x00000006cac00000, 0x00000006cad00000|  0%| F|  |TS  0|AC  0|TAMS 0x00000006cac00000, 0x00000006cac00000|
|  89|0x00000006cad00000, 0x00000006cad00000, 0x00000006cae00000|  0%| F|  |TS  0|AC  0|TAMS 0x00000006cad00000, 0x00000006cad00000|
|  90|0x00000006cae00000, 0x00000006cae00000, 0x00000006caf00000|  0%| F|  |TS  0|AC  0|TAMS 0x00000006cae00000, 0x00000006cae00000|
|  91|0x00000006caf00000, 0x00000006caf00000, 0x00000006cb000000|  0%| F|  |TS  0|AC  0|TAMS 0x00000006caf00000, 0x00000006caf00000|
|  92|0x00000006cb000000, 0x00000006cb000000, 0x00000006cb100000|  0%| F|  |TS  0|AC  0|TAMS 0x00000006cb000000, 0x00000006cb000000|
|  93|0x00000006cb100000, 0x00000006cb100000, 0x00000006cb200000|  0%| F|  |TS  0|AC  0|TAMS 0x00000006cb100000, 0x00000006cb100000|
|  94|0x00000006cb200000, 0x00000006cb200000, 0x00000006cb300000|  0%| F|  |TS  0|AC  0|TAMS 0x00000006cb200000, 0x00000006cb200000|
|  95|0x00000006cb300000, 0x00000006cb300000, 0x00000006cb400000|  0%| F|  |TS  0|AC  0|TAMS 0x00000006cb300000, 0x00000006cb300000|
|  96|0x00000006cb400000, 0x00000006cb400000, 0x00000006cb500000|  0%| F|  |TS  0|AC  0|TAMS 0x00000006cb400000, 0x00000006cb400000|
|  97|0x00000006cb500000, 0x00000006cb500000, 0x00000006cb600000|  0%| F|  |TS  0|AC  0|TAMS 0x00000006cb500000, 0x00000006cb500000|
|  98|0x00000006cb600000, 0x00000006cb600000, 0x00000006cb700000|  0%| F|  |TS  0|AC  0|TAMS 0x00000006cb600000, 0x00000006cb600000|
|  99|0x00000006cb700000, 0x00000006cb700000, 0x00000006cb800000|  0%| F|  |TS  0|AC  0|TAMS 0x00000006cb700000, 0x00000006cb700000|
| 100|0x00000006cb800000, 0x00000006cb800000, 0x00000006cb900000|  0%| F|  |TS  0|AC  0|TAMS 0x00000006cb800000, 0x00000006cb800000|
| 101|0x00000006cb900000, 0x00000006cb900000, 0x00000006cba00000|  0%| F|  |TS  0|AC  0|TAMS 0x00000006cb900000, 0x00000006cb900000|
| 102|0x00000006cba00000, 0x00000006cba00000, 0x00000006cbb00000|  0%| F|  |TS  0|AC  0|TAMS 0x00000006cba00000, 0x00000006cba00000|
| 103|0x00000006cbb00000, 0x00000006cbb00000, 0x00000006cbc00000|  0%| F|  |TS  0|AC  0|TAMS 0x00000006cbb00000, 0x00000006cbb00000|
| 104|0x00000006cbc00000, 0x00000006cbc00000, 0x00000006cbd00000|  0%| F|  |TS  0|AC  0|TAMS 0x00000006cbc00000, 0x00000006cbc00000|
| 105|0x00000006cbd00000, 0x00000006cbd00000, 0x00000006cbe00000|  0%| F|  |TS  0|AC  0|TAMS 0x00000006cbd00000, 0x00000006cbd00000|
| 106|0x00000006cbe00000, 0x00000006cbe00000, 0x00000006cbf00000|  0%| F|  |TS  0|AC  0|TAMS 0x00000006cbe00000, 0x00000006cbe00000|
| 107|0x00000006cbf00000, 0x00000006cbf00000, 0x00000006cc000000|  0%| F|  |TS  0|AC  0|TAMS 0x00000006cbf00000, 0x00000006cbf00000|
| 108|0x00000006cc000000, 0x00000006cc000000, 0x00000006cc100000|  0%| F|  |TS  0|AC  0|TAMS 0x00000006cc000000, 0x00000006cc000000|
| 109|0x00000006cc100000, 0x00000006cc100000, 0x00000006cc200000|  0%| F|  |TS  0|AC  0|TAMS 0x00000006cc100000, 0x00000006cc100000|
| 110|0x00000006cc200000, 0x00000006cc200000, 0x00000006cc300000|  0%| F|  |TS  0|AC  0|TAMS 0x00000006cc200000, 0x00000006cc200000|
| 111|0x00000006cc300000, 0x00000006cc300000, 0x00000006cc400000|  0%| F|  |TS  0|AC  0|TAMS 0x00000006cc300000, 0x00000006cc300000|
| 112|0x00000006cc400000, 0x00000006cc400000, 0x00000006cc500000|  0%| F|  |TS  0|AC  0|TAMS 0x00000006cc400000, 0x00000006cc400000|
| 113|0x00000006cc500000, 0x00000006cc500000, 0x00000006cc600000|  0%| F|  |TS  0|AC  0|TAMS 0x00000006cc500000, 0x00000006cc500000|
| 114|0x00000006cc600000, 0x00000006cc600000, 0x00000006cc700000|  0%| F|  |TS  0|AC  0|TAMS 0x00000006cc600000, 0x00000006cc600000|
| 115|0x00000006cc700000, 0x00000006cc700000, 0x00000006cc800000|  0%| F|  |TS  0|AC  0|TAMS 0x00000006cc700000, 0x00000006cc700000|
| 116|0x00000006cc800000, 0x00000006cc800000, 0x00000006cc900000|  0%| F|  |TS  0|AC  0|TAMS 0x00000006cc800000, 0x00000006cc800000|
| 117|0x00000006cc900000, 0x00000006cc900000, 0x00000006cca00000|  0%| F|  |TS  0|AC  0|TAMS 0x00000006cc900000, 0x00000006cc900000|
| 118|0x00000006cca00000, 0x00000006cca00000, 0x00000006ccb00000|  0%| F|  |TS  0|AC  0|TAMS 0x00000006cca00000, 0x00000006cca00000|
| 119|0x00000006ccb00000, 0x00000006ccb00000, 0x00000006ccc00000|  0%| F|  |TS  0|AC  0|TAMS 0x00000006ccb00000, 0x00000006ccb00000|
| 120|0x00000006ccc00000, 0x00000006ccc00000, 0x00000006ccd00000|  0%| F|  |TS  0|AC  0|TAMS 0x00000006ccc00000, 0x00000006ccc00000|
| 121|0x00000006ccd00000, 0x00000006ccd00000, 0x00000006cce00000|  0%| F|  |TS  0|AC  0|TAMS 0x00000006ccd00000, 0x00000006ccd00000|
| 122|0x00000006cce00000, 0x00000006cce00000, 0x00000006ccf00000|  0%| F|  |TS  0|AC  0|TAMS 0x00000006cce00000, 0x00000006cce00000|
| 123|0x00000006ccf00000, 0x00000006ccf00000, 0x00000006cd000000|  0%| F|  |TS  0|AC  0|TAMS 0x00000006ccf00000, 0x00000006ccf00000|
| 124|0x00000006cd000000, 0x00000006cd000000, 0x00000006cd100000|  0%| F|  |TS  0|AC  0|TAMS 0x00000006cd000000, 0x00000006cd000000|
| 125|0x00000006cd100000, 0x00000006cd100000, 0x00000006cd200000|  0%| F|  |TS  0|AC  0|TAMS 0x00000006cd100000, 0x00000006cd100000|
| 126|0x00000006cd200000, 0x00000006cd200000, 0x00000006cd300000|  0%| F|  |TS  0|AC  0|TAMS 0x00000006cd200000, 0x00000006cd200000|
| 127|0x00000006cd300000, 0x00000006cd300000, 0x00000006cd400000|  0%| F|  |TS  0|AC  0|TAMS 0x00000006cd300000, 0x00000006cd300000|
| 128|0x00000006cd400000, 0x00000006cd400000, 0x00000006cd500000|  0%| F|  |TS  0|AC  0|TAMS 0x00000006cd400000, 0x00000006cd400000|
| 129|0x00000006cd500000, 0x00000006cd500000, 0x00000006cd600000|  0%| F|  |TS  0|AC  0|TAMS 0x00000006cd500000, 0x00000006cd500000|
| 130|0x00000006cd600000, 0x00000006cd600000, 0x00000006cd700000|  0%| F|  |TS  0|AC  0|TAMS 0x00000006cd600000, 0x00000006cd600000|
| 131|0x00000006cd700000, 0x00000006cd700000, 0x00000006cd800000|  0%| F|  |TS  0|AC  0|TAMS 0x00000006cd700000, 0x00000006cd700000|
| 132|0x00000006cd800000, 0x00000006cd800000, 0x00000006cd900000|  0%| F|  |TS  0|AC  0|TAMS 0x00000006cd800000, 0x00000006cd800000|
| 133|0x00000006cd900000, 0x00000006cd900000, 0x00000006cda00000|  0%| F|  |TS  0|AC  0|TAMS 0x00000006cd900000, 0x00000006cd900000|
| 134|0x00000006cda00000, 0x00000006cda00000, 0x00000006cdb00000|  0%| F|  |TS  0|AC  0|TAMS 0x00000006cda00000, 0x00000006cda00000|
| 135|0x00000006cdb00000, 0x00000006cdb00000, 0x00000006cdc00000|  0%| F|  |TS  0|AC  0|TAMS 0x00000006cdb00000, 0x00000006cdb00000|
| 136|0x00000006cdc00000, 0x00000006cdc00000, 0x00000006cdd00000|  0%| F|  |TS  0|AC  0|TAMS 0x00000006cdc00000, 0x00000006cdc00000|
| 137|0x00000006cdd00000, 0x00000006cdd00000, 0x00000006cde00000|  0%| F|  |TS  0|AC  0|TAMS 0x00000006cdd00000, 0x00000006cdd00000|
| 138|0x00000006cde00000, 0x00000006cde00000, 0x00000006cdf00000|  0%| F|  |TS  0|AC  0|TAMS 0x00000006cde00000, 0x00000006cde00000|
| 139|0x00000006cdf00000, 0x00000006cdf00000, 0x00000006ce000000|  0%| F|  |TS  0|AC  0|TAMS 0x00000006cdf00000, 0x00000006cdf00000|
| 140|0x00000006ce000000, 0x00000006ce000000, 0x00000006ce100000|  0%| F|  |TS  0|AC  0|TAMS 0x00000006ce000000, 0x00000006ce000000|
| 141|0x00000006ce100000, 0x00000006ce100000, 0x00000006ce200000|  0%| F|  |TS  0|AC  0|TAMS 0x00000006ce100000, 0x00000006ce100000|
| 142|0x00000006ce200000, 0x00000006ce200000, 0x00000006ce300000|  0%| F|  |TS  0|AC  0|TAMS 0x00000006ce200000, 0x00000006ce200000|
| 143|0x00000006ce300000, 0x00000006ce300000, 0x00000006ce400000|  0%| F|  |TS  0|AC  0|TAMS 0x00000006ce300000, 0x00000006ce300000|
| 144|0x00000006ce400000, 0x00000006ce400000, 0x00000006ce500000|  0%| F|  |TS  0|AC  0|TAMS 0x00000006ce400000, 0x00000006ce400000|
| 145|0x00000006ce500000, 0x00000006ce500000, 0x00000006ce600000|  0%| F|  |TS  0|AC  0|TAMS 0x00000006ce500000, 0x00000006ce500000|
| 146|0x00000006ce600000, 0x00000006ce600000, 0x00000006ce700000|  0%| F|  |TS  0|AC  0|TAMS 0x00000006ce600000, 0x00000006ce600000|
| 147|0x00000006ce700000, 0x00000006ce700000, 0x00000006ce800000|  0%| F|  |TS  0|AC  0|TAMS 0x00000006ce700000, 0x00000006ce700000|
| 148|0x00000006ce800000, 0x00000006ce800000, 0x00000006ce900000|  0%| F|  |TS  0|AC  0|TAMS 0x00000006ce800000, 0x00000006ce800000|
| 149|0x00000006ce900000, 0x00000006ce900000, 0x00000006cea00000|  0%| F|  |TS  0|AC  0|TAMS 0x00000006ce900000, 0x00000006ce900000|
| 150|0x00000006cea00000, 0x00000006cea00000, 0x00000006ceb00000|  0%| F|  |TS  0|AC  0|TAMS 0x00000006cea00000, 0x00000006cea00000|
| 151|0x00000006ceb00000, 0x00000006ceb00000, 0x00000006cec00000|  0%| F|  |TS  0|AC  0|TAMS 0x00000006ceb00000, 0x00000006ceb00000|
| 152|0x00000006cec00000, 0x00000006cec00000, 0x00000006ced00000|  0%| F|  |TS  0|AC  0|TAMS 0x00000006cec00000, 0x00000006cec00000|
| 153|0x00000006ced00000, 0x00000006ced00000, 0x00000006cee00000|  0%| F|  |TS  0|AC  0|TAMS 0x00000006ced00000, 0x00000006ced00000|
| 154|0x00000006cee00000, 0x00000006cee00000, 0x00000006cef00000|  0%| F|  |TS  0|AC  0|TAMS 0x00000006cee00000, 0x00000006cee00000|
| 155|0x00000006cef00000, 0x00000006cef00000, 0x00000006cf000000|  0%| F|  |TS  0|AC  0|TAMS 0x00000006cef00000, 0x00000006cef00000|
| 156|0x00000006cf000000, 0x00000006cf000000, 0x00000006cf100000|  0%| F|  |TS  0|AC  0|TAMS 0x00000006cf000000, 0x00000006cf000000|
| 157|0x00000006cf100000, 0x00000006cf100000, 0x00000006cf200000|  0%| F|  |TS  0|AC  0|TAMS 0x00000006cf100000, 0x00000006cf100000|
| 158|0x00000006cf200000, 0x00000006cf200000, 0x00000006cf300000|  0%| F|  |TS  0|AC  0|TAMS 0x00000006cf200000, 0x00000006cf200000|
| 159|0x00000006cf300000, 0x00000006cf300000, 0x00000006cf400000|  0%| F|  |TS  0|AC  0|TAMS 0x00000006cf300000, 0x00000006cf300000|
| 160|0x00000006cf400000, 0x00000006cf400000, 0x00000006cf500000|  0%| F|  |TS  0|AC  0|TAMS 0x00000006cf400000, 0x00000006cf400000|
| 161|0x00000006cf500000, 0x00000006cf500000, 0x00000006cf600000|  0%| F|  |TS  0|AC  0|TAMS 0x00000006cf500000, 0x00000006cf500000|
| 162|0x00000006cf600000, 0x00000006cf600000, 0x00000006cf700000|  0%| F|  |TS  0|AC  0|TAMS 0x00000006cf600000, 0x00000006cf600000|
| 163|0x00000006cf700000, 0x00000006cf700000, 0x00000006cf800000|  0%| F|  |TS  0|AC  0|TAMS 0x00000006cf700000, 0x00000006cf700000|
| 164|0x00000006cf800000, 0x00000006cf800000, 0x00000006cf900000|  0%| F|  |TS  0|AC  0|TAMS 0x00000006cf800000, 0x00000006cf800000|
| 165|0x00000006cf900000, 0x00000006cf900000, 0x00000006cfa00000|  0%| F|  |TS  0|AC  0|TAMS 0x00000006cf900000, 0x00000006cf900000|
| 166|0x00000006cfa00000, 0x00000006cfa00000, 0x00000006cfb00000|  0%| F|  |TS  0|AC  0|TAMS 0x00000006cfa00000, 0x00000006cfa00000|
| 167|0x00000006cfb00000, 0x00000006cfb00000, 0x00000006cfc00000|  0%| F|  |TS  0|AC  0|TAMS 0x00000006cfb00000, 0x00000006cfb00000|
| 168|0x00000006cfc00000, 0x00000006cfc00000, 0x00000006cfd00000|  0%| F|  |TS  0|AC  0|TAMS 0x00000006cfc00000, 0x00000006cfc00000|
| 169|0x00000006cfd00000, 0x00000006cfd00000, 0x00000006cfe00000|  0%| F|  |TS  0|AC  0|TAMS 0x00000006cfd00000, 0x00000006cfd00000|
| 170|0x00000006cfe00000, 0x00000006cfe00000, 0x00000006cff00000|  0%| F|  |TS  0|AC  0|TAMS 0x00000006cfe00000, 0x00000006cfe00000|
| 171|0x00000006cff00000, 0x00000006cff00000, 0x00000006d0000000|  0%| F|  |TS  0|AC  0|TAMS 0x00000006cff00000, 0x00000006cff00000|
| 172|0x00000006d0000000, 0x00000006d0000000, 0x00000006d0100000|  0%| F|  |TS  0|AC  0|TAMS 0x00000006d0000000, 0x00000006d0000000|
| 173|0x00000006d0100000, 0x00000006d0100000, 0x00000006d0200000|  0%| F|  |TS  0|AC  0|TAMS 0x00000006d0100000, 0x00000006d0100000|
| 174|0x00000006d0200000, 0x00000006d0200000, 0x00000006d0300000|  0%| F|  |TS  0|AC  0|TAMS 0x00000006d0200000, 0x00000006d0200000|
| 175|0x00000006d0300000, 0x00000006d0300000, 0x00000006d0400000|  0%| F|  |TS  0|AC  0|TAMS 0x00000006d0300000, 0x00000006d0300000|
| 176|0x00000006d0400000, 0x00000006d0400000, 0x00000006d0500000|  0%| F|  |TS  0|AC  0|TAMS 0x00000006d0400000, 0x00000006d0400000|
| 177|0x00000006d0500000, 0x00000006d0500000, 0x00000006d0600000|  0%| F|  |TS  0|AC  0|TAMS 0x00000006d0500000, 0x00000006d0500000|
| 178|0x00000006d0600000, 0x00000006d0600000, 0x00000006d0700000|  0%| F|  |TS  0|AC  0|TAMS 0x00000006d0600000, 0x00000006d0600000|
| 179|0x00000006d0700000, 0x00000006d0700000, 0x00000006d0800000|  0%| F|  |TS  0|AC  0|TAMS 0x00000006d0700000, 0x00000006d0700000|
| 180|0x00000006d0800000, 0x00000006d0800000, 0x00000006d0900000|  0%| F|  |TS  0|AC  0|TAMS 0x00000006d0800000, 0x00000006d0800000|
| 181|0x00000006d0900000, 0x00000006d0900000, 0x00000006d0a00000|  0%| F|  |TS  0|AC  0|TAMS 0x00000006d0900000, 0x00000006d0900000|
| 182|0x00000006d0a00000, 0x00000006d0a00000, 0x00000006d0b00000|  0%| F|  |TS  0|AC  0|TAMS 0x00000006d0a00000, 0x00000006d0a00000|
| 183|0x00000006d0b00000, 0x00000006d0b00000, 0x00000006d0c00000|  0%| F|  |TS  0|AC  0|TAMS 0x00000006d0b00000, 0x00000006d0b00000|
| 184|0x00000006d0c00000, 0x00000006d0c00000, 0x00000006d0d00000|  0%| F|  |TS  0|AC  0|TAMS 0x00000006d0c00000, 0x00000006d0c00000|
| 185|0x00000006d0d00000, 0x00000006d0d00000, 0x00000006d0e00000|  0%| F|  |TS  0|AC  0|TAMS 0x00000006d0d00000, 0x00000006d0d00000|
| 186|0x00000006d0e00000, 0x00000006d0e00000, 0x00000006d0f00000|  0%| F|  |TS  0|AC  0|TAMS 0x00000006d0e00000, 0x00000006d0e00000|
| 187|0x00000006d0f00000, 0x00000006d0f00000, 0x00000006d1000000|  0%| F|  |TS  0|AC  0|TAMS 0x00000006d0f00000, 0x00000006d0f00000|
| 188|0x00000006d1000000, 0x00000006d1000000, 0x00000006d1100000|  0%| F|  |TS  0|AC  0|TAMS 0x00000006d1000000, 0x00000006d1000000|
| 189|0x00000006d1100000, 0x00000006d1100000, 0x00000006d1200000|  0%| F|  |TS  0|AC  0|TAMS 0x00000006d1100000, 0x00000006d1100000|
| 190|0x00000006d1200000, 0x00000006d1200000, 0x00000006d1300000|  0%| F|  |TS  0|AC  0|TAMS 0x00000006d1200000, 0x00000006d1200000|
| 191|0x00000006d1300000, 0x00000006d1300000, 0x00000006d1400000|  0%| F|  |TS  0|AC  0|TAMS 0x00000006d1300000, 0x00000006d1300000|
| 192|0x00000006d1400000, 0x00000006d1400000, 0x00000006d1500000|  0%| F|  |TS  0|AC  0|TAMS 0x00000006d1400000, 0x00000006d1400000|
| 193|0x00000006d1500000, 0x00000006d1500000, 0x00000006d1600000|  0%| F|  |TS  0|AC  0|TAMS 0x00000006d1500000, 0x00000006d1500000|
| 194|0x00000006d1600000, 0x00000006d1600000, 0x00000006d1700000|  0%| F|  |TS  0|AC  0|TAMS 0x00000006d1600000, 0x00000006d1600000|
| 195|0x00000006d1700000, 0x00000006d1700000, 0x00000006d1800000|  0%| F|  |TS  0|AC  0|TAMS 0x00000006d1700000, 0x00000006d1700000|
| 196|0x00000006d1800000, 0x00000006d1800000, 0x00000006d1900000|  0%| F|  |TS  0|AC  0|TAMS 0x00000006d1800000, 0x00000006d1800000|
| 197|0x00000006d1900000, 0x00000006d1900000, 0x00000006d1a00000|  0%| F|  |TS  0|AC  0|TAMS 0x00000006d1900000, 0x00000006d1900000|
| 198|0x00000006d1a00000, 0x00000006d1a00000, 0x00000006d1b00000|  0%| F|  |TS  0|AC  0|TAMS 0x00000006d1a00000, 0x00000006d1a00000|
| 199|0x00000006d1b00000, 0x00000006d1b00000, 0x00000006d1c00000|  0%| F|  |TS  0|AC  0|TAMS 0x00000006d1b00000, 0x00000006d1b00000|
| 200|0x00000006d1c00000, 0x00000006d1c00000, 0x00000006d1d00000|  0%| F|  |TS  0|AC  0|TAMS 0x00000006d1c00000, 0x00000006d1c00000|
| 201|0x00000006d1d00000, 0x00000006d1d00000, 0x00000006d1e00000|  0%| F|  |TS  0|AC  0|TAMS 0x00000006d1d00000, 0x00000006d1d00000|
| 202|0x00000006d1e00000, 0x00000006d1e00000, 0x00000006d1f00000|  0%| F|  |TS  0|AC  0|TAMS 0x00000006d1e00000, 0x00000006d1e00000|
| 203|0x00000006d1f00000, 0x00000006d1f00000, 0x00000006d2000000|  0%| F|  |TS  0|AC  0|TAMS 0x00000006d1f00000, 0x00000006d1f00000|
| 204|0x00000006d2000000, 0x00000006d2000000, 0x00000006d2100000|  0%| F|  |TS  0|AC  0|TAMS 0x00000006d2000000, 0x00000006d2000000|
| 205|0x00000006d2100000, 0x00000006d2100000, 0x00000006d2200000|  0%| F|  |TS  0|AC  0|TAMS 0x00000006d2100000, 0x00000006d2100000|
| 206|0x00000006d2200000, 0x00000006d2200000, 0x00000006d2300000|  0%| F|  |TS  0|AC  0|TAMS 0x00000006d2200000, 0x00000006d2200000|
| 207|0x00000006d2300000, 0x00000006d2300000, 0x00000006d2400000|  0%| F|  |TS  0|AC  0|TAMS 0x00000006d2300000, 0x00000006d2300000|
| 208|0x00000006d2400000, 0x00000006d2400000, 0x00000006d2500000|  0%| F|  |TS  0|AC  0|TAMS 0x00000006d2400000, 0x00000006d2400000|
| 209|0x00000006d2500000, 0x00000006d2500000, 0x00000006d2600000|  0%| F|  |TS  0|AC  0|TAMS 0x00000006d2500000, 0x00000006d2500000|
| 210|0x00000006d2600000, 0x00000006d2600000, 0x00000006d2700000|  0%| F|  |TS  0|AC  0|TAMS 0x00000006d2600000, 0x00000006d2600000|
| 211|0x00000006d2700000, 0x00000006d2700000, 0x00000006d2800000|  0%| F|  |TS  0|AC  0|TAMS 0x00000006d2700000, 0x00000006d2700000|
| 212|0x00000006d2800000, 0x00000006d2800000, 0x00000006d2900000|  0%| F|  |TS  0|AC  0|TAMS 0x00000006d2800000, 0x00000006d2800000|
| 213|0x00000006d2900000, 0x00000006d2900000, 0x00000006d2a00000|  0%| F|  |TS  0|AC  0|TAMS 0x00000006d2900000, 0x00000006d2900000|
| 214|0x00000006d2a00000, 0x00000006d2a00000, 0x00000006d2b00000|  0%| F|  |TS  0|AC  0|TAMS 0x00000006d2a00000, 0x00000006d2a00000|
| 215|0x00000006d2b00000, 0x00000006d2b00000, 0x00000006d2c00000|  0%| F|  |TS  0|AC  0|TAMS 0x00000006d2b00000, 0x00000006d2b00000|
| 216|0x00000006d2c00000, 0x00000006d2c00000, 0x00000006d2d00000|  0%| F|  |TS  0|AC  0|TAMS 0x00000006d2c00000, 0x00000006d2c00000|
| 217|0x00000006d2d00000, 0x00000006d2d00000, 0x00000006d2e00000|  0%| F|  |TS  0|AC  0|TAMS 0x00000006d2d00000, 0x00000006d2d00000|
| 218|0x00000006d2e00000, 0x00000006d2e00000, 0x00000006d2f00000|  0%| F|  |TS  0|AC  0|TAMS 0x00000006d2e00000, 0x00000006d2e00000|
| 219|0x00000006d2f00000, 0x00000006d2f00000, 0x00000006d3000000|  0%| F|  |TS  0|AC  0|TAMS 0x00000006d2f00000, 0x00000006d2f00000|
| 220|0x00000006d3000000, 0x00000006d3000000, 0x00000006d3100000|  0%| F|  |TS  0|AC  0|TAMS 0x00000006d3000000, 0x00000006d3000000|
| 221|0x00000006d3100000, 0x00000006d3100000, 0x00000006d3200000|  0%| F|  |TS  0|AC  0|TAMS 0x00000006d3100000, 0x00000006d3100000|
| 222|0x00000006d3200000, 0x00000006d3200000, 0x00000006d3300000|  0%| F|  |TS  0|AC  0|TAMS 0x00000006d3200000, 0x00000006d3200000|
| 223|0x00000006d3300000, 0x00000006d3300000, 0x00000006d3400000|  0%| F|  |TS  0|AC  0|TAMS 0x00000006d3300000, 0x00000006d3300000|
| 224|0x00000006d3400000, 0x00000006d3400000, 0x00000006d3500000|  0%| F|  |TS  0|AC  0|TAMS 0x00000006d3400000, 0x00000006d3400000|
| 225|0x00000006d3500000, 0x00000006d3500000, 0x00000006d3600000|  0%| F|  |TS  0|AC  0|TAMS 0x00000006d3500000, 0x00000006d3500000|
| 226|0x00000006d3600000, 0x00000006d3600000, 0x00000006d3700000|  0%| F|  |TS  0|AC  0|TAMS 0x00000006d3600000, 0x00000006d3600000|
| 227|0x00000006d3700000, 0x00000006d3700000, 0x00000006d3800000|  0%| F|  |TS  0|AC  0|TAMS 0x00000006d3700000, 0x00000006d3700000|
| 228|0x00000006d3800000, 0x00000006d3800000, 0x00000006d3900000|  0%| F|  |TS  0|AC  0|TAMS 0x00000006d3800000, 0x00000006d3800000|
| 229|0x00000006d3900000, 0x00000006d3900000, 0x00000006d3a00000|  0%| F|  |TS  0|AC  0|TAMS 0x00000006d3900000, 0x00000006d3900000|
| 230|0x00000006d3a00000, 0x00000006d3a00000, 0x00000006d3b00000|  0%| F|  |TS  0|AC  0|TAMS 0x00000006d3a00000, 0x00000006d3a00000|
| 231|0x00000006d3b00000, 0x00000006d3b00000, 0x00000006d3c00000|  0%| F|  |TS  0|AC  0|TAMS 0x00000006d3b00000, 0x00000006d3b00000|
| 232|0x00000006d3c00000, 0x00000006d3c00000, 0x00000006d3d00000|  0%| F|  |TS  0|AC  0|TAMS 0x00000006d3c00000, 0x00000006d3c00000|
| 233|0x00000006d3d00000, 0x00000006d3d00000, 0x00000006d3e00000|  0%| F|  |TS  0|AC  0|TAMS 0x00000006d3d00000, 0x00000006d3d00000|
| 234|0x00000006d3e00000, 0x00000006d3e00000, 0x00000006d3f00000|  0%| F|  |TS  0|AC  0|TAMS 0x00000006d3e00000, 0x00000006d3e00000|
| 235|0x00000006d3f00000, 0x00000006d3f00000, 0x00000006d4000000|  0%| F|  |TS  0|AC  0|TAMS 0x00000006d3f00000, 0x00000006d3f00000|
| 236|0x00000006d4000000, 0x00000006d4000000, 0x00000006d4100000|  0%| F|  |TS  0|AC  0|TAMS 0x00000006d4000000, 0x00000006d4000000|
| 237|0x00000006d4100000, 0x00000006d4100000, 0x00000006d4200000|  0%| F|  |TS  0|AC  0|TAMS 0x00000006d4100000, 0x00000006d4100000|
| 238|0x00000006d4200000, 0x00000006d4200000, 0x00000006d4300000|  0%| F|  |TS  0|AC  0|TAMS 0x00000006d4200000, 0x00000006d4200000|
| 239|0x00000006d4300000, 0x00000006d4300000, 0x00000006d4400000|  0%| F|  |TS  0|AC  0|TAMS 0x00000006d4300000, 0x00000006d4300000|
| 240|0x00000006d4400000, 0x00000006d4400000, 0x00000006d4500000|  0%| F|  |TS  0|AC  0|TAMS 0x00000006d4400000, 0x00000006d4400000|
| 241|0x00000006d4500000, 0x00000006d4500000, 0x00000006d4600000|  0%| F|  |TS  0|AC  0|TAMS 0x00000006d4500000, 0x00000006d4500000|
| 242|0x00000006d4600000, 0x00000006d4600000, 0x00000006d4700000|  0%| F|  |TS  0|AC  0|TAMS 0x00000006d4600000, 0x00000006d4600000|
| 243|0x00000006d4700000, 0x00000006d4700000, 0x00000006d4800000|  0%| F|  |TS  0|AC  0|TAMS 0x00000006d4700000, 0x00000006d4700000|
| 244|0x00000006d4800000, 0x00000006d4800000, 0x00000006d4900000|  0%| F|  |TS  0|AC  0|TAMS 0x00000006d4800000, 0x00000006d4800000|
| 245|0x00000006d4900000, 0x00000006d4900000, 0x00000006d4a00000|  0%| F|  |TS  0|AC  0|TAMS 0x00000006d4900000, 0x00000006d4900000|
| 246|0x00000006d4a00000, 0x00000006d4abcdf8, 0x00000006d4b00000| 73%| E|  |TS  0|AC  0|TAMS 0x00000006d4a00000, 0x00000006d4a00000|
| 247|0x00000006d4b00000, 0x00000006d4c00000, 0x00000006d4c00000|100%| E|CS|TS  0|AC  0|TAMS 0x00000006d4b00000, 0x00000006d4b00000|
| 248|0x00000006d4c00000, 0x00000006d4d00000, 0x00000006d4d00000|100%| E|CS|TS  0|AC  0|TAMS 0x00000006d4c00000, 0x00000006d4c00000|
| 249|0x00000006d4d00000, 0x00000006d4e00000, 0x00000006d4e00000|100%| E|CS|TS  0|AC  0|TAMS 0x00000006d4d00000, 0x00000006d4d00000|
| 250|0x00000006d4e00000, 0x00000006d4f00000, 0x00000006d4f00000|100%| E|CS|TS  0|AC  0|TAMS 0x00000006d4e00000, 0x00000006d4e00000|
| 251|0x00000006d4f00000, 0x00000006d5000000, 0x00000006d5000000|100%| E|CS|TS  0|AC  0|TAMS 0x00000006d4f00000, 0x00000006d4f00000|

Card table byte_map: [0x00007f2a484cf000,0x00007f2a48ca5000] byte_map_base: 0x00007f2a44ea5000

Marking Bits (Prev, Next): (CMBitMap*) 0x00007f2a60077690, (CMBitMap*) 0x00007f2a600776e8
 Prev Bits: [0x00007f29ff97a000, 0x00007f2a0382a000)
 Next Bits: [0x00007f29fbaca000, 0x00007f29ff97a000)

Polling page: 0x00007f2a69b18000

CodeHeap 'non-nmethods': size=5700Kb used=1203Kb max_used=1205Kb free=4496Kb
 bounds [0x00007f2a49c51000, 0x00007f2a49ec1000, 0x00007f2a4a1e2000]
CodeHeap 'profiled nmethods': size=120028Kb used=558Kb max_used=558Kb free=119469Kb
 bounds [0x00007f2a4a1e2000, 0x00007f2a4a452000, 0x00007f2a51719000]
CodeHeap 'non-profiled nmethods': size=120032Kb used=115Kb max_used=115Kb free=119916Kb
 bounds [0x00007f2a51719000, 0x00007f2a51989000, 0x00007f2a58c51000]
 total_blobs=937 nmethods=387 adapters=341
 compilation: enabled

Compilation events (10 events):
Event: 0.320 Thread 0x00007f2a60259000  385       3       java.lang.ThreadLocal$ThreadLocalMap::access$000 (6 bytes)
Event: 0.320 Thread 0x00007f2a60259000 nmethod 385 0x00007f2a4a26c310 code [0x00007f2a4a26c4a0, 0x00007f2a4a26c608]
Event: 0.320 Thread 0x00007f2a60259000  387       3       java.nio.HeapByteBuffer::_get (7 bytes)
Event: 0.320 Thread 0x00007f2a60259000 nmethod 387 0x00007f2a4a26c710 code [0x00007f2a4a26c880, 0x00007f2a4a26c9f0]
Event: 0.320 Thread 0x00007f2a60259000  386       3       java.lang.ThreadLocal$ThreadLocalMap::getEntry (42 bytes)
Event: 0.321 Thread 0x00007f2a60259000 nmethod 386 0x00007f2a4a26cb10 code [0x00007f2a4a26cca0, 0x00007f2a4a26cfc8]
Event: 0.321 Thread 0x00007f2a60259000  388       3       java.lang.Number::<init> (5 bytes)
Event: 0.321 Thread 0x00007f2a60259000 nmethod 388 0x00007f2a4a26d110 code [0x00007f2a4a26d280, 0x00007f2a4a26d430]
Event: 0.322 Thread 0x00007f2a60259000  389       3       java.nio.Buffer::nextGetIndex (31 bytes)
Event: 0.322 Thread 0x00007f2a60259000 nmethod 389 0x00007f2a4a26d510 code [0x00007f2a4a26d6a0, 0x00007f2a4a26d8a8]

GC Heap History (0 events):
No events

Deoptimization events (10 events):
Event: 0.103 Thread 0x00007f2a60010800 Uncommon trap: reason=unstable_if action=reinterpret pc=0x00007f2a5171b654 method=java.lang.String.hashCode()I @ 12
Event: 0.150 Thread 0x00007f2a60010800 Uncommon trap: reason=unstable_if action=reinterpret pc=0x00007f2a51724144 method=java.lang.StringLatin1.replace([BCC)Ljava/lang/String; @ 19
Event: 0.183 Thread 0x00007f2a60010800 Uncommon trap: reason=bimorphic_or_optimized_type_check action=maybe_recompile pc=0x00007f2a517223c0 method=java.util.Collections$UnmodifiableCollection$1.next()Ljava/lang/Object; @ 4
Event: 0.183 Thread 0x00007f2a60010800 Uncommon trap: reason=bimorphic_or_optimized_type_check action=maybe_recompile pc=0x00007f2a517223c0 method=java.util.Collections$UnmodifiableCollection$1.next()Ljava/lang/Object; @ 4
Event: 0.183 Thread 0x00007f2a60010800 Uncommon trap: reason=bimorphic_or_optimized_type_check action=maybe_recompile pc=0x00007f2a517223c0 method=java.util.Collections$UnmodifiableCollection$1.next()Ljava/lang/Object; @ 4
Event: 0.187 Thread 0x00007f2a60010800 Uncommon trap: reason=bimorphic_or_optimized_type_check action=maybe_recompile pc=0x00007f2a517223c0 method=java.util.Collections$UnmodifiableCollection$1.next()Ljava/lang/Object; @ 4
Event: 0.311 Thread 0x00007f2a60010800 Uncommon trap: reason=class_check action=maybe_recompile pc=0x00007f2a51723500 method=java.util.HashMap.putVal(ILjava/lang/Object;Ljava/lang/Object;ZZ)Ljava/lang/Object; @ 203
Event: 0.311 Thread 0x00007f2a60010800 Uncommon trap: reason=class_check action=maybe_recompile pc=0x00007f2a517234b4 method=java.util.HashMap.putVal(ILjava/lang/Object;Ljava/lang/Object;ZZ)Ljava/lang/Object; @ 91
Event: 0.311 Thread 0x00007f2a60010800 Uncommon trap: reason=class_check action=maybe_recompile pc=0x00007f2a517234b4 method=java.util.HashMap.putVal(ILjava/lang/Object;Ljava/lang/Object;ZZ)Ljava/lang/Object; @ 91
Event: 0.311 Thread 0x00007f2a60010800 Uncommon trap: reason=class_check action=maybe_recompile pc=0x00007f2a517234b4 method=java.util.HashMap.putVal(ILjava/lang/Object;Ljava/lang/Object;ZZ)Ljava/lang/Object; @ 91

Classes redefined (0 events):
No events

Internal exceptions (10 events):
Event: 0.244 Thread 0x00007f2a60010800 Exception <a 'java/security/PrivilegedActionException'> (0x00000006d4b96a20) thrown at [/build/openjdk-9-argm_o/openjdk-9-9~b114/src/hotspot/src/share/vm/prims/jvm.cpp, line 1375]
Event: 0.244 Thread 0x00007f2a60010800 Exception <a 'java/security/PrivilegedActionException'> (0x00000006d4b96c30) thrown at [/build/openjdk-9-argm_o/openjdk-9-9~b114/src/hotspot/src/share/vm/prims/jvm.cpp, line 1375]
Event: 0.244 Thread 0x00007f2a60010800 Exception <a 'java/security/PrivilegedActionException'> (0x00000006d4b97698) thrown at [/build/openjdk-9-argm_o/openjdk-9-9~b114/src/hotspot/src/share/vm/prims/jvm.cpp, line 1375]
Event: 0.244 Thread 0x00007f2a60010800 Exception <a 'java/security/PrivilegedActionException'> (0x00000006d4b978a8) thrown at [/build/openjdk-9-argm_o/openjdk-9-9~b114/src/hotspot/src/share/vm/prims/jvm.cpp, line 1375]
Event: 0.244 Thread 0x00007f2a60010800 Exception <a 'java/security/PrivilegedActionException'> (0x00000006d4b983d8) thrown at [/build/openjdk-9-argm_o/openjdk-9-9~b114/src/hotspot/src/share/vm/prims/jvm.cpp, line 1375]
Event: 0.244 Thread 0x00007f2a60010800 Exception <a 'java/security/PrivilegedActionException'> (0x00000006d4b985e8) thrown at [/build/openjdk-9-argm_o/openjdk-9-9~b114/src/hotspot/src/share/vm/prims/jvm.cpp, line 1375]
Event: 0.245 Thread 0x00007f2a60010800 Exception <a 'java/security/PrivilegedActionException'> (0x00000006d4b99118) thrown at [/build/openjdk-9-argm_o/openjdk-9-9~b114/src/hotspot/src/share/vm/prims/jvm.cpp, line 1375]
Event: 0.245 Thread 0x00007f2a60010800 Exception <a 'java/security/PrivilegedActionException'> (0x00000006d4b99328) thrown at [/build/openjdk-9-argm_o/openjdk-9-9~b114/src/hotspot/src/share/vm/prims/jvm.cpp, line 1375]
Event: 0.245 Thread 0x00007f2a60010800 Exception <a 'java/security/PrivilegedActionException'> (0x00000006d4b99e60) thrown at [/build/openjdk-9-argm_o/openjdk-9-9~b114/src/hotspot/src/share/vm/prims/jvm.cpp, line 1375]
Event: 0.245 Thread 0x00007f2a60010800 Exception <a 'java/security/PrivilegedActionException'> (0x00000006d4b9a070) thrown at [/build/openjdk-9-argm_o/openjdk-9-9~b114/src/hotspot/src/share/vm/prims/jvm.cpp, line 1375]

Events (10 events):
Event: 0.321 loading class sun/nio/cs/UTF_16$Decoder
Event: 0.321 loading class sun/nio/cs/UnicodeDecoder
Event: 0.321 loading class sun/nio/cs/UnicodeDecoder done
Event: 0.321 loading class sun/nio/cs/UTF_16$Decoder done
Event: 0.322 loading class sun/font/FileFontStrike
Event: 0.322 loading class sun/font/FileFontStrike done
Event: 0.322 loading class sun/font/FontScaler
Event: 0.323 loading class sun/font/FontScaler done
Event: 0.323 loading class sun/font/FreetypeFontScaler
Event: 0.323 loading class sun/font/FreetypeFontScaler done


Dynamic libraries:
00400000-00401000 r-xp 00000000 fd:01 922754                             /usr/lib/jvm/java-9-openjdk-amd64/bin/java
00600000-00601000 r--p 00000000 fd:01 922754                             /usr/lib/jvm/java-9-openjdk-amd64/bin/java
00601000-00602000 rw-p 00001000 fd:01 922754                             /usr/lib/jvm/java-9-openjdk-amd64/bin/java
01506000-01527000 rw-p 00000000 00:00 0                                  [heap]
6c5400000-6d5000000 rw-p 00000000 00:00 0 
6d5000000-7c0000000 ---p 00000000 00:00 0 
7c0000000-7c00e0000 rw-p 00000000 00:00 0 
7c00e0000-800000000 ---p 00000000 00:00 0 
7f29b0000000-7f29b0021000 rw-p 00000000 00:00 0 
7f29b0021000-7f29b4000000 ---p 00000000 00:00 0 
7f29b4000000-7f29b4021000 rw-p 00000000 00:00 0 
7f29b4021000-7f29b8000000 ---p 00000000 00:00 0 
7f29b8000000-7f29b8021000 rw-p 00000000 00:00 0 
7f29b8021000-7f29bc000000 ---p 00000000 00:00 0 
7f29bc000000-7f29bc021000 rw-p 00000000 00:00 0 
7f29bc021000-7f29c0000000 ---p 00000000 00:00 0 
7f29c0000000-7f29c0108000 rw-p 00000000 00:00 0 
7f29c0108000-7f29c4000000 ---p 00000000 00:00 0 
7f29c4000000-7f29c4021000 rw-p 00000000 00:00 0 
7f29c4021000-7f29c8000000 ---p 00000000 00:00 0 
7f29c8000000-7f29c8163000 rw-p 00000000 00:00 0 
7f29c8163000-7f29cc000000 ---p 00000000 00:00 0 
7f29cc000000-7f29cc195000 rw-p 00000000 00:00 0 
7f29cc195000-7f29d0000000 ---p 00000000 00:00 0 
7f29d0000000-7f29d0161000 rw-p 00000000 00:00 0 
7f29d0161000-7f29d4000000 ---p 00000000 00:00 0 
7f29d4000000-7f29d4021000 rw-p 00000000 00:00 0 
7f29d4021000-7f29d8000000 ---p 00000000 00:00 0 
7f29da35c000-7f29da380000 r-xp 00000000 fd:01 1048837                    /lib/x86_64-linux-gnu/libpng12.so.0.54.0
7f29da380000-7f29da57f000 ---p 00024000 fd:01 1048837                    /lib/x86_64-linux-gnu/libpng12.so.0.54.0
7f29da57f000-7f29da580000 r--p 00023000 fd:01 1048837                    /lib/x86_64-linux-gnu/libpng12.so.0.54.0
7f29da580000-7f29da581000 rw-p 00024000 fd:01 1048837                    /lib/x86_64-linux-gnu/libpng12.so.0.54.0
7f29da581000-7f29da625000 r-xp 00000000 fd:01 658480                     /usr/lib/x86_64-linux-gnu/libfreetype.so.6.12.1
7f29da625000-7f29da824000 ---p 000a4000 fd:01 658480                     /usr/lib/x86_64-linux-gnu/libfreetype.so.6.12.1
7f29da824000-7f29da82a000 r--p 000a3000 fd:01 658480                     /usr/lib/x86_64-linux-gnu/libfreetype.so.6.12.1
7f29da82a000-7f29da82b000 rw-p 000a9000 fd:01 658480                     /usr/lib/x86_64-linux-gnu/libfreetype.so.6.12.1
7f29da82b000-7f29da8f1000 r-xp 00000000 fd:01 922781                     /usr/lib/jvm/java-9-openjdk-amd64/lib/amd64/libfontmanager.so
7f29da8f1000-7f29daaf0000 ---p 000c6000 fd:01 922781                     /usr/lib/jvm/java-9-openjdk-amd64/lib/amd64/libfontmanager.so
7f29daaf0000-7f29daaf3000 r--p 000c5000 fd:01 922781                     /usr/lib/jvm/java-9-openjdk-amd64/lib/amd64/libfontmanager.so
7f29daaf3000-7f29daaf4000 rw-p 000c8000 fd:01 922781                     /usr/lib/jvm/java-9-openjdk-amd64/lib/amd64/libfontmanager.so
7f29daaf4000-7f29daaf5000 rw-p 00000000 00:00 0 
7f29daaf5000-7f29daaf9000 ---p 00000000 00:00 0 
7f29daaf9000-7f29dabf6000 rw-p 00000000 00:00 0 
7f29dabf6000-7f29dabfd000 r-xp 00000000 fd:01 922797                     /usr/lib/jvm/java-9-openjdk-amd64/lib/amd64/libawt_headless.so
7f29dabfd000-7f29dadfc000 ---p 00007000 fd:01 922797                     /usr/lib/jvm/java-9-openjdk-amd64/lib/amd64/libawt_headless.so
7f29dadfc000-7f29dadfd000 r--p 00006000 fd:01 922797                     /usr/lib/jvm/java-9-openjdk-amd64/lib/amd64/libawt_headless.so
7f29dadfd000-7f29dadfe000 rw-p 00007000 fd:01 922797                     /usr/lib/jvm/java-9-openjdk-amd64/lib/amd64/libawt_headless.so
7f29dadfe000-7f29dae9e000 r-xp 00000000 fd:01 922780                     /usr/lib/jvm/java-9-openjdk-amd64/lib/amd64/libawt.so
7f29dae9e000-7f29db09d000 ---p 000a0000 fd:01 922780                     /usr/lib/jvm/java-9-openjdk-amd64/lib/amd64/libawt.so
7f29db09d000-7f29db09e000 r--p 0009f000 fd:01 922780                     /usr/lib/jvm/java-9-openjdk-amd64/lib/amd64/libawt.so
7f29db09e000-7f29db0a9000 rw-p 000a0000 fd:01 922780                     /usr/lib/jvm/java-9-openjdk-amd64/lib/amd64/libawt.so
7f29db0a9000-7f29db0ce000 rw-p 00000000 00:00 0 
7f29db0ce000-7f29db0cf000 ---p 00000000 00:00 0 
7f29db0cf000-7f29db1cf000 rw-p 00000000 00:00 0 
7f29db1cf000-7f29db1d3000 ---p 00000000 00:00 0 
7f29db1d3000-7f29db2d0000 rw-p 00000000 00:00 0 
7f29db2d0000-7f29db2d4000 ---p 00000000 00:00 0 
7f29db2d4000-7f29db6d1000 rw-p 00000000 00:00 0 
7f29db6d1000-7f29db6e7000 r-xp 00000000 fd:01 922782                     /usr/lib/jvm/java-9-openjdk-amd64/lib/amd64/libnet.so
7f29db6e7000-7f29db8e6000 ---p 00016000 fd:01 922782                     /usr/lib/jvm/java-9-openjdk-amd64/lib/amd64/libnet.so
7f29db8e6000-7f29db8e7000 r--p 00015000 fd:01 922782                     /usr/lib/jvm/java-9-openjdk-amd64/lib/amd64/libnet.so
7f29db8e7000-7f29db8e8000 rw-p 00016000 fd:01 922782                     /usr/lib/jvm/java-9-openjdk-amd64/lib/amd64/libnet.so
7f29db8e8000-7f29db8f9000 r-xp 00000000 fd:01 922809                     /usr/lib/jvm/java-9-openjdk-amd64/lib/amd64/libnio.so
7f29db8f9000-7f29dbaf9000 ---p 00011000 fd:01 922809                     /usr/lib/jvm/java-9-openjdk-amd64/lib/amd64/libnio.so
7f29dbaf9000-7f29dbafa000 r--p 00011000 fd:01 922809                     /usr/lib/jvm/java-9-openjdk-amd64/lib/amd64/libnio.so
7f29dbafa000-7f29dbafb000 rw-p 00012000 fd:01 922809                     /usr/lib/jvm/java-9-openjdk-amd64/lib/amd64/libnio.so
7f29dbafb000-7f29dbaff000 ---p 00000000 00:00 0 
7f29dbaff000-7f29dbbfc000 rw-p 00000000 00:00 0 
7f29dbbfc000-7f29dbc00000 ---p 00000000 00:00 0 
7f29dbc00000-7f29dbcfd000 rw-p 00000000 00:00 0 
7f29dbcfd000-7f29dbd01000 ---p 00000000 00:00 0 
7f29dbd01000-7f29dbdfe000 rw-p 00000000 00:00 0 
7f29dbdfe000-7f29dbe02000 ---p 00000000 00:00 0 
7f29dbe02000-7f29dbeff000 rw-p 00000000 00:00 0 
7f29dbeff000-7f29dbf03000 ---p 00000000 00:00 0 
7f29dbf03000-7f29dc000000 rw-p 00000000 00:00 0 
7f29dc000000-7f29dc021000 rw-p 00000000 00:00 0 
7f29dc021000-7f29e0000000 ---p 00000000 00:00 0 
7f29e0000000-7f29e0021000 rw-p 00000000 00:00 0 
7f29e0021000-7f29e4000000 ---p 00000000 00:00 0 
7f29e4000000-7f29e4021000 rw-p 00000000 00:00 0 
7f29e4021000-7f29e8000000 ---p 00000000 00:00 0 
7f29e8000000-7f29e8021000 rw-p 00000000 00:00 0 
7f29e8021000-7f29ec000000 ---p 00000000 00:00 0 
7f29ec000000-7f29ec021000 rw-p 00000000 00:00 0 
7f29ec021000-7f29f0000000 ---p 00000000 00:00 0 
7f29f0000000-7f29f0021000 rw-p 00000000 00:00 0 
7f29f0021000-7f29f4000000 ---p 00000000 00:00 0 
7f29f4000000-7f29f4021000 rw-p 00000000 00:00 0 
7f29f4021000-7f29f8000000 ---p 00000000 00:00 0 
7f29f8006000-7f29f800a000 ---p 00000000 00:00 0 
7f29f800a000-7f29f8107000 rw-p 00000000 00:00 0 
7f29f8107000-7f29f810b000 ---p 00000000 00:00 0 
7f29f810b000-7f29f8208000 rw-p 00000000 00:00 0 
7f29f8208000-7f29f84e0000 r--p 00000000 fd:01 661649                     /usr/lib/locale/locale-archive
7f29f84e0000-7f29f84e4000 ---p 00000000 00:00 0 
7f29f84e4000-7f29f85e1000 rw-p 00000000 00:00 0 
7f29f85e1000-7f29f85e5000 ---p 00000000 00:00 0 
7f29f85e5000-7f29f86e2000 rw-p 00000000 00:00 0 
7f29f86e2000-7f29f86e3000 ---p 00000000 00:00 0 
7f29f86e3000-7f29f8ee3000 rw-p 00000000 00:00 0 
7f29f8ee3000-7f29f8fe3000 ---p 00000000 00:00 0 
7f29f8fe3000-7f29fbeba000 rw-p 00000000 00:00 0 
7f29fbeba000-7f29ff97a000 ---p 00000000 00:00 0 
7f29ff97a000-7f29ffd6a000 rw-p 00000000 00:00 0 
7f29ffd6a000-7f2a0382a000 ---p 00000000 00:00 0 
7f2a0382a000-7f2a038a8000 rw-p 00000000 00:00 0 
7f2a038a8000-7f2a04000000 ---p 00000000 00:00 0 
7f2a04000000-7f2a04021000 rw-p 00000000 00:00 0 
7f2a04021000-7f2a08000000 ---p 00000000 00:00 0 
7f2a08000000-7f2a08021000 rw-p 00000000 00:00 0 
7f2a08021000-7f2a0c000000 ---p 00000000 00:00 0 
7f2a0c000000-7f2a0c021000 rw-p 00000000 00:00 0 
7f2a0c021000-7f2a10000000 ---p 00000000 00:00 0 
7f2a10000000-7f2a10021000 rw-p 00000000 00:00 0 
7f2a10021000-7f2a14000000 ---p 00000000 00:00 0 
7f2a14000000-7f2a14021000 rw-p 00000000 00:00 0 
7f2a14021000-7f2a18000000 ---p 00000000 00:00 0 
7f2a18000000-7f2a18021000 rw-p 00000000 00:00 0 
7f2a18021000-7f2a1c000000 ---p 00000000 00:00 0 
7f2a1c000000-7f2a1c021000 rw-p 00000000 00:00 0 
7f2a1c021000-7f2a20000000 ---p 00000000 00:00 0 
7f2a20000000-7f2a20021000 rw-p 00000000 00:00 0 
7f2a20021000-7f2a24000000 ---p 00000000 00:00 0 
7f2a24000000-7f2a24021000 rw-p 00000000 00:00 0 
7f2a24021000-7f2a28000000 ---p 00000000 00:00 0 
7f2a28000000-7f2a28021000 rw-p 00000000 00:00 0 
7f2a28021000-7f2a2c000000 ---p 00000000 00:00 0 
7f2a2c000000-7f2a2c021000 rw-p 00000000 00:00 0 
7f2a2c021000-7f2a30000000 ---p 00000000 00:00 0 
7f2a30000000-7f2a30021000 rw-p 00000000 00:00 0 
7f2a30021000-7f2a34000000 ---p 00000000 00:00 0 
7f2a34000000-7f2a34021000 rw-p 00000000 00:00 0 
7f2a34021000-7f2a38000000 ---p 00000000 00:00 0 
7f2a38000000-7f2a38021000 rw-p 00000000 00:00 0 
7f2a38021000-7f2a3c000000 ---p 00000000 00:00 0 
7f2a3c000000-7f2a3c021000 rw-p 00000000 00:00 0 
7f2a3c021000-7f2a40000000 ---p 00000000 00:00 0 
7f2a40000000-7f2a40021000 rw-p 00000000 00:00 0 
7f2a40021000-7f2a44000000 ---p 00000000 00:00 0 
7f2a44000000-7f2a44021000 rw-p 00000000 00:00 0 
7f2a44021000-7f2a48000000 ---p 00000000 00:00 0 
7f2a48061000-7f2a4854d000 rw-p 00000000 00:00 0 
7f2a4854d000-7f2a4947b000 ---p 00000000 00:00 0 
7f2a4947b000-7f2a494f9000 rw-p 00000000 00:00 0 
7f2a494f9000-7f2a49c51000 ---p 00000000 00:00 0 
7f2a49c51000-7f2a49ec1000 rwxp 00000000 00:00 0 
7f2a49ec1000-7f2a4a1e2000 ---p 00000000 00:00 0 
7f2a4a1e2000-7f2a4a452000 rwxp 00000000 00:00 0 
7f2a4a452000-7f2a51719000 ---p 00000000 00:00 0 
7f2a51719000-7f2a51989000 rwxp 00000000 00:00 0 
7f2a51989000-7f2a58c51000 ---p 00000000 00:00 0 
7f2a58c51000-7f2a60000000 r--s 00000000 fd:01 922763                     /usr/lib/jvm/java-9-openjdk-amd64/lib/modules
7f2a60000000-7f2a603e2000 rw-p 00000000 00:00 0 
7f2a603e2000-7f2a64000000 ---p 00000000 00:00 0 
7f2a6403a000-7f2a6413b000 rw-p 00000000 00:00 0 
7f2a6413b000-7f2a6413c000 ---p 00000000 00:00 0 
7f2a6413c000-7f2a6423c000 rw-p 00000000 00:00 0 
7f2a6423c000-7f2a6423d000 ---p 00000000 00:00 0 
7f2a6423d000-7f2a6433d000 rw-p 00000000 00:00 0 
7f2a6433d000-7f2a6433e000 ---p 00000000 00:00 0 
7f2a6433e000-7f2a64539000 rw-p 00000000 00:00 0 
7f2a64539000-7f2a6453a000 ---p 00000000 00:00 0 
7f2a6453a000-7f2a6463a000 rw-p 00000000 00:00 0 
7f2a6463a000-7f2a6463b000 ---p 00000000 00:00 0 
7f2a6463b000-7f2a6473b000 rw-p 00000000 00:00 0 
7f2a6473b000-7f2a6473c000 ---p 00000000 00:00 0 
7f2a6473c000-7f2a6483c000 rw-p 00000000 00:00 0 
7f2a6483c000-7f2a6483d000 ---p 00000000 00:00 0 
7f2a6483d000-7f2a6493d000 rw-p 00000000 00:00 0 
7f2a6493d000-7f2a6493e000 ---p 00000000 00:00 0 
7f2a6493e000-7f2a64a3e000 rw-p 00000000 00:00 0 
7f2a64a3e000-7f2a64a3f000 ---p 00000000 00:00 0 
7f2a64a3f000-7f2a64b3f000 rw-p 00000000 00:00 0 
7f2a64b3f000-7f2a64b40000 ---p 00000000 00:00 0 
7f2a64b40000-7f2a64c40000 rw-p 00000000 00:00 0 
7f2a64c40000-7f2a64c41000 ---p 00000000 00:00 0 
7f2a64c41000-7f2a64d41000 rw-p 00000000 00:00 0 
7f2a64d41000-7f2a64d42000 ---p 00000000 00:00 0 
7f2a64d42000-7f2a6564a000 rw-p 00000000 00:00 0 
7f2a6564a000-7f2a6564b000 ---p 00000000 00:00 0 
7f2a6564b000-7f2a6574b000 rw-p 00000000 00:00 0 
7f2a6574b000-7f2a6574c000 ---p 00000000 00:00 0 
7f2a6574c000-7f2a6584c000 rw-p 00000000 00:00 0 
7f2a6584c000-7f2a6584d000 ---p 00000000 00:00 0 
7f2a6584d000-7f2a6594d000 rw-p 00000000 00:00 0 
7f2a6594d000-7f2a6594e000 ---p 00000000 00:00 0 
7f2a6594e000-7f2a65a4e000 rw-p 00000000 00:00 0 
7f2a65a4e000-7f2a65a4f000 ---p 00000000 00:00 0 
7f2a65a4f000-7f2a65b4f000 rw-p 00000000 00:00 0 
7f2a65b4f000-7f2a65b50000 ---p 00000000 00:00 0 
7f2a65b50000-7f2a65c50000 rw-p 00000000 00:00 0 
7f2a65c50000-7f2a65c51000 ---p 00000000 00:00 0 
7f2a65c51000-7f2a65d51000 rw-p 00000000 00:00 0 
7f2a65d51000-7f2a65d52000 ---p 00000000 00:00 0 
7f2a65d52000-7f2a65e57000 rw-p 00000000 00:00 0 
7f2a65e57000-7f2a65f3d000 ---p 00000000 00:00 0 
7f2a65f3d000-7f2a65f42000 rw-p 00000000 00:00 0 
7f2a65f42000-7f2a66028000 ---p 00000000 00:00 0 
7f2a66028000-7f2a6602d000 r-xp 00000000 fd:01 922796                     /usr/lib/jvm/java-9-openjdk-amd64/lib/amd64/libjimage.so
7f2a6602d000-7f2a6622c000 ---p 00005000 fd:01 922796                     /usr/lib/jvm/java-9-openjdk-amd64/lib/amd64/libjimage.so
7f2a6622c000-7f2a6622d000 r--p 00004000 fd:01 922796                     /usr/lib/jvm/java-9-openjdk-amd64/lib/amd64/libjimage.so
7f2a6622d000-7f2a6622e000 rw-p 00005000 fd:01 922796                     /usr/lib/jvm/java-9-openjdk-amd64/lib/amd64/libjimage.so
7f2a6622e000-7f2a66235000 r-xp 00000000 fd:01 922792                     /usr/lib/jvm/java-9-openjdk-amd64/lib/amd64/libzip.so
7f2a66235000-7f2a66434000 ---p 00007000 fd:01 922792                     /usr/lib/jvm/java-9-openjdk-amd64/lib/amd64/libzip.so
7f2a66434000-7f2a66435000 r--p 00006000 fd:01 922792                     /usr/lib/jvm/java-9-openjdk-amd64/lib/amd64/libzip.so
7f2a66435000-7f2a66436000 rw-p 00007000 fd:01 922792                     /usr/lib/jvm/java-9-openjdk-amd64/lib/amd64/libzip.so
7f2a66436000-7f2a66441000 r-xp 00000000 fd:01 1050458                    /lib/x86_64-linux-gnu/libnss_files-2.23.so
7f2a66441000-7f2a66640000 ---p 0000b000 fd:01 1050458                    /lib/x86_64-linux-gnu/libnss_files-2.23.so
7f2a66640000-7f2a66641000 r--p 0000a000 fd:01 1050458                    /lib/x86_64-linux-gnu/libnss_files-2.23.so
7f2a66641000-7f2a66642000 rw-p 0000b000 fd:01 1050458                    /lib/x86_64-linux-gnu/libnss_files-2.23.so
7f2a66642000-7f2a66648000 rw-p 00000000 00:00 0 
7f2a66648000-7f2a66653000 r-xp 00000000 fd:01 1050464                    /lib/x86_64-linux-gnu/libnss_nis-2.23.so
7f2a66653000-7f2a66852000 ---p 0000b000 fd:01 1050464                    /lib/x86_64-linux-gnu/libnss_nis-2.23.so
7f2a66852000-7f2a66853000 r--p 0000a000 fd:01 1050464                    /lib/x86_64-linux-gnu/libnss_nis-2.23.so
7f2a66853000-7f2a66854000 rw-p 0000b000 fd:01 1050464                    /lib/x86_64-linux-gnu/libnss_nis-2.23.so
7f2a66854000-7f2a6686a000 r-xp 00000000 fd:01 1050453                    /lib/x86_64-linux-gnu/libnsl-2.23.so
7f2a6686a000-7f2a66a69000 ---p 00016000 fd:01 1050453                    /lib/x86_64-linux-gnu/libnsl-2.23.so
7f2a66a69000-7f2a66a6a000 r--p 00015000 fd:01 1050453                    /lib/x86_64-linux-gnu/libnsl-2.23.so
7f2a66a6a000-7f2a66a6b000 rw-p 00016000 fd:01 1050453                    /lib/x86_64-linux-gnu/libnsl-2.23.so
7f2a66a6b000-7f2a66a6d000 rw-p 00000000 00:00 0 
7f2a66a6d000-7f2a66a75000 r-xp 00000000 fd:01 1050472                    /lib/x86_64-linux-gnu/libnss_compat-2.23.so
7f2a66a75000-7f2a66c74000 ---p 00008000 fd:01 1050472                    /lib/x86_64-linux-gnu/libnss_compat-2.23.so
7f2a66c74000-7f2a66c75000 r--p 00007000 fd:01 1050472                    /lib/x86_64-linux-gnu/libnss_compat-2.23.so
7f2a66c75000-7f2a66c76000 rw-p 00008000 fd:01 1050472                    /lib/x86_64-linux-gnu/libnss_compat-2.23.so
7f2a66c76000-7f2a66ca1000 r-xp 00000000 fd:01 922775                     /usr/lib/jvm/java-9-openjdk-amd64/lib/amd64/libjava.so
7f2a66ca1000-7f2a66ea0000 ---p 0002b000 fd:01 922775                     /usr/lib/jvm/java-9-openjdk-amd64/lib/amd64/libjava.so
7f2a66ea0000-7f2a66ea1000 r--p 0002a000 fd:01 922775                     /usr/lib/jvm/java-9-openjdk-amd64/lib/amd64/libjava.so
7f2a66ea1000-7f2a66ea3000 rw-p 0002b000 fd:01 922775                     /usr/lib/jvm/java-9-openjdk-amd64/lib/amd64/libjava.so
7f2a66ea3000-7f2a66eb0000 r-xp 00000000 fd:01 922776                     /usr/lib/jvm/java-9-openjdk-amd64/lib/amd64/libverify.so
7f2a66eb0000-7f2a670af000 ---p 0000d000 fd:01 922776                     /usr/lib/jvm/java-9-openjdk-amd64/lib/amd64/libverify.so
7f2a670af000-7f2a670b1000 r--p 0000c000 fd:01 922776                     /usr/lib/jvm/java-9-openjdk-amd64/lib/amd64/libverify.so
7f2a670b1000-7f2a670b2000 rw-p 0000e000 fd:01 922776                     /usr/lib/jvm/java-9-openjdk-amd64/lib/amd64/libverify.so
7f2a670b2000-7f2a670b9000 r-xp 00000000 fd:01 1050467                    /lib/x86_64-linux-gnu/librt-2.23.so
7f2a670b9000-7f2a672b8000 ---p 00007000 fd:01 1050467                    /lib/x86_64-linux-gnu/librt-2.23.so
7f2a672b8000-7f2a672b9000 r--p 00006000 fd:01 1050467                    /lib/x86_64-linux-gnu/librt-2.23.so
7f2a672b9000-7f2a672ba000 rw-p 00007000 fd:01 1050467                    /lib/x86_64-linux-gnu/librt-2.23.so
7f2a672ba000-7f2a672d0000 r-xp 00000000 fd:01 1048791                    /lib/x86_64-linux-gnu/libgcc_s.so.1
7f2a672d0000-7f2a674cf000 ---p 00016000 fd:01 1048791                    /lib/x86_64-linux-gnu/libgcc_s.so.1
7f2a674cf000-7f2a674d0000 rw-p 00015000 fd:01 1048791                    /lib/x86_64-linux-gnu/libgcc_s.so.1
7f2a674d0000-7f2a675d8000 r-xp 00000000 fd:01 1050478                    /lib/x86_64-linux-gnu/libm-2.23.so
7f2a675d8000-7f2a677d7000 ---p 00108000 fd:01 1050478                    /lib/x86_64-linux-gnu/libm-2.23.so
7f2a677d7000-7f2a677d8000 r--p 00107000 fd:01 1050478                    /lib/x86_64-linux-gnu/libm-2.23.so
7f2a677d8000-7f2a677d9000 rw-p 00108000 fd:01 1050478                    /lib/x86_64-linux-gnu/libm-2.23.so
7f2a677d9000-7f2a6794b000 r-xp 00000000 fd:01 660770                     /usr/lib/x86_64-linux-gnu/libstdc++.so.6.0.21
7f2a6794b000-7f2a67b4b000 ---p 00172000 fd:01 660770                     /usr/lib/x86_64-linux-gnu/libstdc++.so.6.0.21
7f2a67b4b000-7f2a67b55000 r--p 00172000 fd:01 660770                     /usr/lib/x86_64-linux-gnu/libstdc++.so.6.0.21
7f2a67b55000-7f2a67b57000 rw-p 0017c000 fd:01 660770                     /usr/lib/x86_64-linux-gnu/libstdc++.so.6.0.21
7f2a67b57000-7f2a67b5b000 rw-p 00000000 00:00 0 
7f2a67b5b000-7f2a689b9000 r-xp 00000000 fd:01 922789                     /usr/lib/jvm/java-9-openjdk-amd64/lib/amd64/server/libjvm.so
7f2a689b9000-7f2a68bb9000 ---p 00e5e000 fd:01 922789                     /usr/lib/jvm/java-9-openjdk-amd64/lib/amd64/server/libjvm.so
7f2a68bb9000-7f2a68c6b000 r--p 00e5e000 fd:01 922789                     /usr/lib/jvm/java-9-openjdk-amd64/lib/amd64/server/libjvm.so
7f2a68c6b000-7f2a68c9d000 rw-p 00f10000 fd:01 922789                     /usr/lib/jvm/java-9-openjdk-amd64/lib/amd64/server/libjvm.so
7f2a68c9d000-7f2a68ce2000 rw-p 00000000 00:00 0 
7f2a68ce2000-7f2a68cfa000 r-xp 00000000 fd:01 1050462                    /lib/x86_64-linux-gnu/libpthread-2.23.so
7f2a68cfa000-7f2a68ef9000 ---p 00018000 fd:01 1050462                    /lib/x86_64-linux-gnu/libpthread-2.23.so
7f2a68ef9000-7f2a68efa000 r--p 00017000 fd:01 1050462                    /lib/x86_64-linux-gnu/libpthread-2.23.so
7f2a68efa000-7f2a68efb000 rw-p 00018000 fd:01 1050462                    /lib/x86_64-linux-gnu/libpthread-2.23.so
7f2a68efb000-7f2a68eff000 rw-p 00000000 00:00 0 
7f2a68eff000-7f2a68f02000 r-xp 00000000 fd:01 1050471                    /lib/x86_64-linux-gnu/libdl-2.23.so
7f2a68f02000-7f2a69101000 ---p 00003000 fd:01 1050471                    /lib/x86_64-linux-gnu/libdl-2.23.so
7f2a69101000-7f2a69102000 r--p 00002000 fd:01 1050471                    /lib/x86_64-linux-gnu/libdl-2.23.so
7f2a69102000-7f2a69103000 rw-p 00003000 fd:01 1050471                    /lib/x86_64-linux-gnu/libdl-2.23.so
7f2a69103000-7f2a6911c000 r-xp 00000000 fd:01 1048873                    /lib/x86_64-linux-gnu/libz.so.1.2.8
7f2a6911c000-7f2a6931b000 ---p 00019000 fd:01 1048873                    /lib/x86_64-linux-gnu/libz.so.1.2.8
7f2a6931b000-7f2a6931c000 r--p 00018000 fd:01 1048873                    /lib/x86_64-linux-gnu/libz.so.1.2.8
7f2a6931c000-7f2a6931d000 rw-p 00019000 fd:01 1048873                    /lib/x86_64-linux-gnu/libz.so.1.2.8
7f2a6931d000-7f2a694dd000 r-xp 00000000 fd:01 1050483                    /lib/x86_64-linux-gnu/libc-2.23.so
7f2a694dd000-7f2a696dd000 ---p 001c0000 fd:01 1050483                    /lib/x86_64-linux-gnu/libc-2.23.so
7f2a696dd000-7f2a696e1000 r--p 001c0000 fd:01 1050483                    /lib/x86_64-linux-gnu/libc-2.23.so
7f2a696e1000-7f2a696e3000 rw-p 001c4000 fd:01 1050483                    /lib/x86_64-linux-gnu/libc-2.23.so
7f2a696e3000-7f2a696e7000 rw-p 00000000 00:00 0 
7f2a696e7000-7f2a696f5000 r-xp 00000000 fd:01 922806                     /usr/lib/jvm/java-9-openjdk-amd64/lib/amd64/jli/libjli.so
7f2a696f5000-7f2a698f4000 ---p 0000e000 fd:01 922806                     /usr/lib/jvm/java-9-openjdk-amd64/lib/amd64/jli/libjli.so
7f2a698f4000-7f2a698f5000 r--p 0000d000 fd:01 922806                     /usr/lib/jvm/java-9-openjdk-amd64/lib/amd64/jli/libjli.so
7f2a698f5000-7f2a698f6000 rw-p 0000e000 fd:01 922806                     /usr/lib/jvm/java-9-openjdk-amd64/lib/amd64/jli/libjli.so
7f2a698f6000-7f2a6991c000 r-xp 00000000 fd:01 1050454                    /lib/x86_64-linux-gnu/ld-2.23.so
7f2a69960000-7f2a69a00000 rw-p 00000000 00:00 0 
7f2a69a00000-7f2a69a07000 ---p 00000000 00:00 0 
7f2a69a07000-7f2a69a0b000 ---p 00000000 00:00 0 
7f2a69a0b000-7f2a69b0d000 rw-p 00000000 00:00 0 
7f2a69b0f000-7f2a69b17000 rw-s 00000000 fd:01 923389                     /tmp/hsperfdata_zhang/2445
7f2a69b17000-7f2a69b18000 rw-p 00000000 00:00 0 
7f2a69b18000-7f2a69b19000 r--p 00000000 00:00 0 
7f2a69b19000-7f2a69b1b000 rw-p 00000000 00:00 0 
7f2a69b1b000-7f2a69b1c000 r--p 00025000 fd:01 1050454                    /lib/x86_64-linux-gnu/ld-2.23.so
7f2a69b1c000-7f2a69b1d000 rw-p 00026000 fd:01 1050454                    /lib/x86_64-linux-gnu/ld-2.23.so
7f2a69b1d000-7f2a69b1e000 rw-p 00000000 00:00 0 
7ffff9b09000-7ffff9b2a000 rw-p 00000000 00:00 0                          [stack]
7ffff9b4f000-7ffff9b51000 r--p 00000000 00:00 0                          [vvar]
7ffff9b51000-7ffff9b53000 r-xp 00000000 00:00 0                          [vdso]
ffffffffff600000-ffffffffff601000 r-xp 00000000 00:00 0                  [vsyscall]

VM Arguments:
java_command: plantuml.jar test.uml
java_class_path (initial): plantuml.jar
Launcher Type: SUN_STANDARD

Environment Variables:
PATH=/usr/local/sbin:/usr/local/bin:/usr/sbin:/usr/bin:/sbin:/bin:/usr/games:/usr/local/games
SHELL=/usr/bin/zsh

Signal Handlers:
SIGSEGV: [libjvm.so+0xc12c20], sa_mask[0]=11111111011111111101111111111110, sa_flags=SA_RESTART|SA_SIGINFO
SIGBUS: [libjvm.so+0xc12c20], sa_mask[0]=11111111011111111101111111111110, sa_flags=SA_RESTART|SA_SIGINFO
SIGFPE: [libjvm.so+0xc12c20], sa_mask[0]=11111111011111111101111111111110, sa_flags=SA_RESTART|SA_SIGINFO
SIGPIPE: [libjvm.so+0xa3b600], sa_mask[0]=11111111011111111101111111111110, sa_flags=SA_RESTART|SA_SIGINFO
SIGXFSZ: [libjvm.so+0xa3b600], sa_mask[0]=11111111011111111101111111111110, sa_flags=SA_RESTART|SA_SIGINFO
SIGILL: [libjvm.so+0xc12c20], sa_mask[0]=11111111011111111101111111111110, sa_flags=SA_RESTART|SA_SIGINFO
SIGUSR2: [libjvm.so+0xa3b4a0], sa_mask[0]=00000000000000000000000000000000, sa_flags=SA_RESTART|SA_SIGINFO
SIGHUP: [libjvm.so+0xa3b870], sa_mask[0]=11111111011111111101111111111110, sa_flags=SA_RESTART|SA_SIGINFO
SIGINT: [libjvm.so+0xa3b870], sa_mask[0]=11111111011111111101111111111110, sa_flags=SA_RESTART|SA_SIGINFO
SIGTERM: [libjvm.so+0xa3b870], sa_mask[0]=11111111011111111101111111111110, sa_flags=SA_RESTART|SA_SIGINFO
SIGQUIT: [libjvm.so+0xa3b870], sa_mask[0]=11111111011111111101111111111110, sa_flags=SA_RESTART|SA_SIGINFO


---------------  S Y S T E M  ---------------

OS:DISTRIB_ID=Ubuntu
DISTRIB_RELEASE=16.04
DISTRIB_CODENAME=xenial
DISTRIB_DESCRIPTION="Ubuntu 16.04.3 LTS"
uname:Linux 4.4.0-78-generic #99-Ubuntu SMP Thu Apr 27 15:29:09 UTC 2017 x86_64
libc:glibc 2.23 NPTL 2.23 
rlimit: STACK 8192k, CORE 0k, NPROC 64042, NOFILE 65535, AS infinity
load average:0.44 0.60 0.64

/proc/meminfo:
MemTotal:       16431932 kB
MemFree:         1693556 kB
MemAvailable:   14199208 kB
Buffers:          276576 kB
Cached:         11358808 kB
SwapCached:            0 kB
Active:         10282540 kB
Inactive:        2850108 kB
Active(anon):    1560108 kB
Inactive(anon):   110944 kB
Active(file):    8722432 kB
Inactive(file):  2739164 kB
Unevictable:           0 kB
Mlocked:               0 kB
SwapTotal:             0 kB
SwapFree:              0 kB
Dirty:             49776 kB
Writeback:             0 kB
AnonPages:       1497328 kB
Mapped:           518672 kB
Shmem:            173796 kB
Slab:            1501872 kB
SReclaimable:    1382396 kB
SUnreclaim:       119476 kB
KernelStack:       20992 kB
PageTables:        17460 kB
NFS_Unstable:          0 kB
Bounce:                0 kB
WritebackTmp:          0 kB
CommitLimit:     8215964 kB
Committed_AS:    7095224 kB
VmallocTotal:   34359738367 kB
VmallocUsed:           0 kB
VmallocChunk:          0 kB
HardwareCorrupted:     0 kB
AnonHugePages:    446464 kB
CmaTotal:              0 kB
CmaFree:               0 kB
HugePages_Total:       0
HugePages_Free:        0
HugePages_Rsvd:        0
HugePages_Surp:        0
Hugepagesize:       2048 kB
DirectMap4k:      208764 kB
DirectMap2M:    14471168 kB
DirectMap1G:     4194304 kB


CPU:total 8 (1 cores per cpu, 1 threads per core) family 6 model 45 stepping 7, cmov, cx8, fxsr, mmx, sse, sse2, sse3, ssse3, sse4.1, sse4.2, popcnt, avx, aes, clmul, tsc

CPU Model and flags from /proc/cpuinfo:
model name	: Intel(R) Xeon(R) CPU E5-4610 0 @ 2.40GHz
flags		: fpu vme de pse tsc msr pae mce cx8 apic sep mtrr pge mca cmov pat pse36 clflush mmx fxsr sse sse2 ss syscall nx pdpe1gb rdtscp lm constant_tsc arch_perfmon rep_good nopl eagerfpu pni pclmulqdq vmx ssse3 cx16 pcid sse4_1 sse4_2 x2apic popcnt tsc_deadline_timer aes xsave avx hypervisor lahf_lm tpr_shadow vnmi flexpriority ept tsc_adjust xsaveopt

Memory: 4k page, physical 16431932k(1693184k free), swap 0k(0k free)

vm_info: OpenJDK 64-Bit Server VM (9-internal+0-2016-04-14-195246.buildd.src) for linux-amd64 JRE (9-internal+0-2016-04-14-195246.buildd.src), built on Apr 14 2016 20:05:37 by "buildd" with gcc 5.3.1 20160413

END.
