#
# A fatal error has been detected by the Java Runtime Environment:
#
#  SIGSEGV (0xb) at pc=0x00007fc6f2515009, pid=22825, tid=22826
#
# JRE version: OpenJDK Runtime Environment (9.0) (build 9-internal+0-2016-04-14-195246.buildd.src)
# Java VM: OpenJDK 64-Bit Server VM (9-internal+0-2016-04-14-195246.buildd.src, mixed mode, tiered, compressed oops, g1 gc, linux-amd64)
# Problematic frame:
# C  [libjava.so+0x1d009]  JNU_GetEnv+0x19
#
# Core dump will be written. Default location: Core dumps may be processed with "/usr/share/apport/apport %p %s %c %d %P" (or dumping to /home/zhang/myScript/tools/core.22825)
#
# If you would like to submit a bug report, please visit:
#   http://bugreport.java.com/bugreport/crash.jsp
# The crash happened outside the Java Virtual Machine in native code.
# See problematic frame for where to report the bug.
#

---------------  S U M M A R Y ------------

Command Line: plantuml.jar test.uml

Host: Intel(R) Xeon(R) CPU E5-4610 0 @ 2.40GHz, 8 cores, 15G, Ubuntu 16.04.3 LTS
Time: Thu Jun  6 16:23:05 2019 CST elapsed time: 0 seconds (0d 0h 0m 0s)

---------------  T H R E A D  ---------------

Current thread (0x00007fc6ec010800):  JavaThread "main" [_thread_in_native, id=22826, stack(0x00007fc6f5289000,0x00007fc6f538a000)]

Stack: [0x00007fc6f5289000,0x00007fc6f538a000],  sp=0x00007fc6f53876e0,  free space=1017k
Native frames: (J=compiled Java code, j=interpreted, Vv=VM code, C=native code)
C  [libjava.so+0x1d009]  JNU_GetEnv+0x19
C  [libfontmanager.so+0x33f8e]
C  [libfreetype.so.6+0x14d2b]  FT_Stream_Seek+0x1b

Java frames: (J=compiled Java code, j=interpreted, Vv=VM code)
j  sun.font.FreetypeFontScaler.initNativeScaler(Lsun/font/Font2D;IIZI)J+0 java.desktop@9-internal
j  sun.font.FreetypeFontScaler.<init>(Lsun/font/Font2D;IZI)V+26 java.desktop@9-internal
v  ~StubRoutines::call_stub
j  sun.reflect.NativeConstructorAccessorImpl.newInstance0(Ljava/lang/reflect/Constructor;[Ljava/lang/Object;)Ljava/lang/Object;+0 java.base@9-internal
j  sun.reflect.NativeConstructorAccessorImpl.newInstance([Ljava/lang/Object;)Ljava/lang/Object;+85 java.base@9-internal
j  sun.reflect.DelegatingConstructorAccessorImpl.newInstance([Ljava/lang/Object;)Ljava/lang/Object;+5 java.base@9-internal
j  java.lang.reflect.Constructor.newInstance([Ljava/lang/Object;)Ljava/lang/Object;+65 java.base@9-internal
j  sun.font.FontScaler.getScaler(Lsun/font/Font2D;IZI)Lsun/font/FontScaler;+39 java.desktop@9-internal
j  sun.font.TrueTypeFont.getScaler()Lsun/font/FontScaler;+21 java.desktop@9-internal
j  sun.font.FileFontStrike.<init>(Lsun/font/FileFont;Lsun/font/FontStrikeDesc;)V+204 java.desktop@9-internal
j  sun.font.FileFont.createStrike(Lsun/font/FontStrikeDesc;)Lsun/font/FontStrike;+18 java.desktop@9-internal
j  sun.font.Font2D.getStrike(Lsun/font/FontStrikeDesc;Z)Lsun/font/FontStrike;+92 java.desktop@9-internal
j  sun.font.Font2D.getStrike(Lsun/font/FontStrikeDesc;)Lsun/font/FontStrike;+3 java.desktop@9-internal
j  sun.font.CompositeStrike.getStrikeForSlot(I)Lsun/font/PhysicalStrike;+23 java.desktop@9-internal
j  sun.font.CompositeStrike.getFontMetrics()Lsun/font/StrikeMetrics;+31 java.desktop@9-internal
j  sun.font.FontDesignMetrics.initMatrixAndMetrics()V+28 java.desktop@9-internal
j  sun.font.FontDesignMetrics.<init>(Ljava/awt/Font;Ljava/awt/font/FontRenderContext;)V+62 java.desktop@9-internal
j  sun.font.FontDesignMetrics.getMetrics(Ljava/awt/Font;Ljava/awt/font/FontRenderContext;)Lsun/font/FontDesignMetrics;+128 java.desktop@9-internal
j  sun.java2d.SunGraphics2D.getFontMetrics(Ljava/awt/Font;)Ljava/awt/FontMetrics;+25 java.desktop@9-internal
j  net.sourceforge.plantuml.Run.forceOpenJdkResourceLoad()V+47
j  net.sourceforge.plantuml.Run.main([Ljava/lang/String;)V+271
v  ~StubRoutines::call_stub

siginfo: si_signo: 11 (SIGSEGV), si_code: 1 (SEGV_MAPERR), si_addr: 0x0000000000000000

Register to memory mapping:

RAX=0x0000000000000000 is an unknown value
RBX=0x0000000000000000 is an unknown value
RCX=0x0000000000000000 is an unknown value
RDX=0x0000000000010002 is an unknown value
RSP=0x00007fc6f53876e0 is pointing into the stack for thread: 0x00007fc6ec010800
RBP=0x00007fc6f53876f0 is pointing into the stack for thread: 0x00007fc6ec010800
RSI=0x0000000000010002 is an unknown value
RDI=0x0000000000000000 is an unknown value
R8 =0x0000000000000000 is an unknown value
R9 =0x0000000000000000 is an unknown value
R10=0x00000000000001db is an unknown value
R11=0x00007fc6f2514ff0: JNU_GetEnv+0x0000000000000000 in /usr/lib/jvm/java-9-openjdk-amd64/lib/amd64/libjava.so at 0x00007fc6f24f8000
R12=0x00007fc6ec3c86a0 is an unknown value
R13=0x0000000000000000 is an unknown value
R14=0x0000000000000000 is an unknown value
R15=0x00007fc6ec3cf3e0 is an unknown value


Registers:
RAX=0x0000000000000000, RBX=0x0000000000000000, RCX=0x0000000000000000, RDX=0x0000000000010002
RSP=0x00007fc6f53876e0, RBP=0x00007fc6f53876f0, RSI=0x0000000000010002, RDI=0x0000000000000000
R8 =0x0000000000000000, R9 =0x0000000000000000, R10=0x00000000000001db, R11=0x00007fc6f2514ff0
R12=0x00007fc6ec3c86a0, R13=0x0000000000000000, R14=0x0000000000000000, R15=0x00007fc6ec3cf3e0
RIP=0x00007fc6f2515009, EFLAGS=0x0000000000010246, CSGSFS=0x0000000000000033, ERR=0x0000000000000004
  TRAPNO=0x000000000000000e

Top of Stack: (sp=0x00007fc6f53876e0)
0x00007fc6f53876e0:   0000000000000000 09ba1ff0cdf97100
0x00007fc6f53876f0:   00007fc6f5387730 00007fc67605ef8e
0x00007fc6f5387700:   00007fc6ec3ce810 00007fc6ec3c86a0
0x00007fc6f5387710:   0000000000000000 0000000000000000
0x00007fc6f5387720:   00007fc6ec3c86a0 00007fc6ec3cf3e0
0x00007fc6f5387730:   0000000000000000 00007fc675d95d2b
0x00007fc6f5387740:   0000000000000000 00007fc676027d80
0x00007fc6f5387750:   0000000000000000 00007fc675da98e0
0x00007fc6f5387760:   0000000000000002 0000003200000008
0x00007fc6f5387770:   0000000000000000 0000000000000000
0x00007fc6f5387780:   0000006e0000005b 0000000000000000
0x00007fc6f5387790:   0000000000000000 0000007c00000077
0x00007fc6f53877a0:   0202020202020202 0202020202020202
0x00007fc6f53877b0:   0000000000000000 0000000000000000
0x00007fc6f53877c0:   0101010101010101 00007fc6ec000020
0x00007fc6f53877d0:   0000000000000070 00007fc6f5387884
0x00007fc6f53877e0:   00007fc6ec3ce810 00007fc6ec3cf3e0
0x00007fc6f53877f0:   00007fc6f5387884 00007fc6f4c23184
0x00007fc6f5387800:   00007fc6f3b9af00 00007fc6f5387834
0x00007fc6f5387810:   00007fc6760249e0 09ba1ff0cdf97100
0x00007fc6f5387820:   0000000000000070 00007fc6ec3c87b0
0x00007fc6f5387830:   00007fc6760249e0 00007fc6f5387948
0x00007fc6f5387840:   00007fc6ec3ce810 00007fc6ec3cf3e0
0x00007fc6f5387850:   00007fc6ec3cf910 00007fc675d984c2
0x00007fc6f5387860:   0000000100000000 00007fc6f5387950
0x00007fc6f5387870:   0000000000000000 0000000000000000
0x00007fc6f5387880:   00000000f5387948 09ba1ff0cdf97100
0x00007fc6f5387890:   00007fc6ec3c87b0 00007fc6f5387950
0x00007fc6f53878a0:   0000000000000000 00007fc6ec3ce738
0x00007fc6f53878b0:   00007fc6f5387b50 00007fc6ec3ce698
0x00007fc6f53878c0:   00007fc6ec3ce810 00007fc675d9a581
0x00007fc6f53878d0:   00007fc6f5387950 00007fc675d9a376 

Instructions: (pc=0x00007fc6f2515009)
0x00007fc6f2514fe9:   ff eb ea 0f 1f 40 00 55 89 f2 48 89 e5 48 83 ec
0x00007fc6f2514ff9:   10 64 48 8b 04 25 28 00 00 00 48 89 45 f8 31 c0
0x00007fc6f2515009:   48 8b 07 48 8d 75 f0 ff 50 30 48 8b 4d f8 64 48
0x00007fc6f2515019:   33 0c 25 28 00 00 00 48 8b 45 f0 75 02 c9 c3 e8 


---------------  P R O C E S S  ---------------

Java Threads: ( => current thread )
  0x00007fc6ec393000 JavaThread "Java2D Disposer" daemon [_thread_blocked, id=22860, stack(0x00007fc6762f5000,0x00007fc6763f6000)]
  0x00007fc6ec311800 JavaThread "Service Thread" daemon [_thread_blocked, id=22858, stack(0x00007fc6769cf000,0x00007fc676ad0000)]
  0x00007fc6ec282800 JavaThread "Common-Cleaner" daemon [_thread_blocked, id=22857, stack(0x00007fc676ad0000,0x00007fc676bd1000)]
  0x00007fc6ec262800 JavaThread "Sweeper thread" daemon [_thread_blocked, id=22856, stack(0x00007fc6772fb000,0x00007fc6773fc000)]
  0x00007fc6ec261000 JavaThread "C1 CompilerThread3" daemon [_thread_blocked, id=22855, stack(0x00007fc6773fc000,0x00007fc6774fd000)]
  0x00007fc6ec25f000 JavaThread "C2 CompilerThread2" daemon [_thread_blocked, id=22854, stack(0x00007fc6774fd000,0x00007fc6775fe000)]
  0x00007fc6ec25d000 JavaThread "C2 CompilerThread1" daemon [_thread_in_native, id=22853, stack(0x00007fc6775fe000,0x00007fc6776ff000)]
  0x00007fc6ec25b800 JavaThread "C2 CompilerThread0" daemon [_thread_blocked, id=22852, stack(0x00007fc6776ff000,0x00007fc677800000)]
  0x00007fc6ec257000 JavaThread "Signal Dispatcher" daemon [_thread_blocked, id=22851, stack(0x00007fc68400a000,0x00007fc68410b000)]
  0x00007fc6ec255000 JavaThread "Surrogate Locker Thread (Concurrent GC)" daemon [_thread_blocked, id=22850, stack(0x00007fc68410b000,0x00007fc68420c000)]
  0x00007fc6ec243800 JavaThread "Finalizer" daemon [_thread_blocked, id=22849, stack(0x00007fc6844e4000,0x00007fc6845e5000)]
  0x00007fc6ec237800 JavaThread "Reference Handler" daemon [_thread_blocked, id=22848, stack(0x00007fc6845e5000,0x00007fc6846e6000)]
=>0x00007fc6ec010800 JavaThread "main" [_thread_in_native, id=22826, stack(0x00007fc6f5289000,0x00007fc6f538a000)]

Other Threads:
  0x00007fc6ec22d800 VMThread [stack: 0x00007fc6846e6000,0x00007fc6847e7000] [id=22847]
  0x00007fc6ec314800 WatcherThread [stack: 0x00007fc6768ce000,0x00007fc6769cf000] [id=22859]

Threads with active compile tasks:
C2 CompilerThread1 364       4       java.util.HashMap::putVal (300 bytes)

VM state:not at safepoint (normal execution)

VM Mutex/Monitor currently owned by a thread: None

heap address: 0x00000006c5400000, size: 4012 MB, Compressed Oops mode: Zero based, Oop shift amount: 3
Narrow klass base: 0x0000000000000000, Narrow klass shift: 3
Compressed class space size: 1073741824 Address: 0x00000007c0000000

Heap:
 garbage-first heap   total 258048K, used 5120K [0x00000006c5400000, 0x00000006c55007e0, 0x00000007c0000000)
  region size 1024K, 6 young (6144K), 0 survivors (0K)
 Metaspace       used 7679K, capacity 7896K, committed 8064K, reserved 1056768K
  class space    used 807K, capacity 881K, committed 896K, reserved 1048576K

Heap Regions: E=young(eden), S=young(survivor), O=old, HS=humongous(starts), HC=humongous(continues), CS=collection set, F=free, A=archive, TS=gc time stamp, AC=allocation context, TAMS=top-at-mark-start (previous, next)
|   0|0x00000006c5400000, 0x00000006c5400000, 0x00000006c5500000|  0%| F|  |TS  0|AC  0|TAMS 0x00000006c5400000, 0x00000006c5400000|
|   1|0x00000006c5500000, 0x00000006c5500000, 0x00000006c5600000|  0%| F|  |TS  0|AC  0|TAMS 0x00000006c5500000, 0x00000006c5500000|
|   2|0x00000006c5600000, 0x00000006c5600000, 0x00000006c5700000|  0%| F|  |TS  0|AC  0|TAMS 0x00000006c5600000, 0x00000006c5600000|
|   3|0x00000006c5700000, 0x00000006c5700000, 0x00000006c5800000|  0%| F|  |TS  0|AC  0|TAMS 0x00000006c5700000, 0x00000006c5700000|
|   4|0x00000006c5800000, 0x00000006c5800000, 0x00000006c5900000|  0%| F|  |TS  0|AC  0|TAMS 0x00000006c5800000, 0x00000006c5800000|
|   5|0x00000006c5900000, 0x00000006c5900000, 0x00000006c5a00000|  0%| F|  |TS  0|AC  0|TAMS 0x00000006c5900000, 0x00000006c5900000|
|   6|0x00000006c5a00000, 0x00000006c5a00000, 0x00000006c5b00000|  0%| F|  |TS  0|AC  0|TAMS 0x00000006c5a00000, 0x00000006c5a00000|
|   7|0x00000006c5b00000, 0x00000006c5b00000, 0x00000006c5c00000|  0%| F|  |TS  0|AC  0|TAMS 0x00000006c5b00000, 0x00000006c5b00000|
|   8|0x00000006c5c00000, 0x00000006c5c00000, 0x00000006c5d00000|  0%| F|  |TS  0|AC  0|TAMS 0x00000006c5c00000, 0x00000006c5c00000|
|   9|0x00000006c5d00000, 0x00000006c5d00000, 0x00000006c5e00000|  0%| F|  |TS  0|AC  0|TAMS 0x00000006c5d00000, 0x00000006c5d00000|
|  10|0x00000006c5e00000, 0x00000006c5e00000, 0x00000006c5f00000|  0%| F|  |TS  0|AC  0|TAMS 0x00000006c5e00000, 0x00000006c5e00000|
|  11|0x00000006c5f00000, 0x00000006c5f00000, 0x00000006c6000000|  0%| F|  |TS  0|AC  0|TAMS 0x00000006c5f00000, 0x00000006c5f00000|
|  12|0x00000006c6000000, 0x00000006c6000000, 0x00000006c6100000|  0%| F|  |TS  0|AC  0|TAMS 0x00000006c6000000, 0x00000006c6000000|
|  13|0x00000006c6100000, 0x00000006c6100000, 0x00000006c6200000|  0%| F|  |TS  0|AC  0|TAMS 0x00000006c6100000, 0x00000006c6100000|
|  14|0x00000006c6200000, 0x00000006c6200000, 0x00000006c6300000|  0%| F|  |TS  0|AC  0|TAMS 0x00000006c6200000, 0x00000006c6200000|
|  15|0x00000006c6300000, 0x00000006c6300000, 0x00000006c6400000|  0%| F|  |TS  0|AC  0|TAMS 0x00000006c6300000, 0x00000006c6300000|
|  16|0x00000006c6400000, 0x00000006c6400000, 0x00000006c6500000|  0%| F|  |TS  0|AC  0|TAMS 0x00000006c6400000, 0x00000006c6400000|
|  17|0x00000006c6500000, 0x00000006c6500000, 0x00000006c6600000|  0%| F|  |TS  0|AC  0|TAMS 0x00000006c6500000, 0x00000006c6500000|
|  18|0x00000006c6600000, 0x00000006c6600000, 0x00000006c6700000|  0%| F|  |TS  0|AC  0|TAMS 0x00000006c6600000, 0x00000006c6600000|
|  19|0x00000006c6700000, 0x00000006c6700000, 0x00000006c6800000|  0%| F|  |TS  0|AC  0|TAMS 0x00000006c6700000, 0x00000006c6700000|
|  20|0x00000006c6800000, 0x00000006c6800000, 0x00000006c6900000|  0%| F|  |TS  0|AC  0|TAMS 0x00000006c6800000, 0x00000006c6800000|
|  21|0x00000006c6900000, 0x00000006c6900000, 0x00000006c6a00000|  0%| F|  |TS  0|AC  0|TAMS 0x00000006c6900000, 0x00000006c6900000|
|  22|0x00000006c6a00000, 0x00000006c6a00000, 0x00000006c6b00000|  0%| F|  |TS  0|AC  0|TAMS 0x00000006c6a00000, 0x00000006c6a00000|
|  23|0x00000006c6b00000, 0x00000006c6b00000, 0x00000006c6c00000|  0%| F|  |TS  0|AC  0|TAMS 0x00000006c6b00000, 0x00000006c6b00000|
|  24|0x00000006c6c00000, 0x00000006c6c00000, 0x00000006c6d00000|  0%| F|  |TS  0|AC  0|TAMS 0x00000006c6c00000, 0x00000006c6c00000|
|  25|0x00000006c6d00000, 0x00000006c6d00000, 0x00000006c6e00000|  0%| F|  |TS  0|AC  0|TAMS 0x00000006c6d00000, 0x00000006c6d00000|
|  26|0x00000006c6e00000, 0x00000006c6e00000, 0x00000006c6f00000|  0%| F|  |TS  0|AC  0|TAMS 0x00000006c6e00000, 0x00000006c6e00000|
|  27|0x00000006c6f00000, 0x00000006c6f00000, 0x00000006c7000000|  0%| F|  |TS  0|AC  0|TAMS 0x00000006c6f00000, 0x00000006c6f00000|
|  28|0x00000006c7000000, 0x00000006c7000000, 0x00000006c7100000|  0%| F|  |TS  0|AC  0|TAMS 0x00000006c7000000, 0x00000006c7000000|
|  29|0x00000006c7100000, 0x00000006c7100000, 0x00000006c7200000|  0%| F|  |TS  0|AC  0|TAMS 0x00000006c7100000, 0x00000006c7100000|
|  30|0x00000006c7200000, 0x00000006c7200000, 0x00000006c7300000|  0%| F|  |TS  0|AC  0|TAMS 0x00000006c7200000, 0x00000006c7200000|
|  31|0x00000006c7300000, 0x00000006c7300000, 0x00000006c7400000|  0%| F|  |TS  0|AC  0|TAMS 0x00000006c7300000, 0x00000006c7300000|
|  32|0x00000006c7400000, 0x00000006c7400000, 0x00000006c7500000|  0%| F|  |TS  0|AC  0|TAMS 0x00000006c7400000, 0x00000006c7400000|
|  33|0x00000006c7500000, 0x00000006c7500000, 0x00000006c7600000|  0%| F|  |TS  0|AC  0|TAMS 0x00000006c7500000, 0x00000006c7500000|
|  34|0x00000006c7600000, 0x00000006c7600000, 0x00000006c7700000|  0%| F|  |TS  0|AC  0|TAMS 0x00000006c7600000, 0x00000006c7600000|
|  35|0x00000006c7700000, 0x00000006c7700000, 0x00000006c7800000|  0%| F|  |TS  0|AC  0|TAMS 0x00000006c7700000, 0x00000006c7700000|
|  36|0x00000006c7800000, 0x00000006c7800000, 0x00000006c7900000|  0%| F|  |TS  0|AC  0|TAMS 0x00000006c7800000, 0x00000006c7800000|
|  37|0x00000006c7900000, 0x00000006c7900000, 0x00000006c7a00000|  0%| F|  |TS  0|AC  0|TAMS 0x00000006c7900000, 0x00000006c7900000|
|  38|0x00000006c7a00000, 0x00000006c7a00000, 0x00000006c7b00000|  0%| F|  |TS  0|AC  0|TAMS 0x00000006c7a00000, 0x00000006c7a00000|
|  39|0x00000006c7b00000, 0x00000006c7b00000, 0x00000006c7c00000|  0%| F|  |TS  0|AC  0|TAMS 0x00000006c7b00000, 0x00000006c7b00000|
|  40|0x00000006c7c00000, 0x00000006c7c00000, 0x00000006c7d00000|  0%| F|  |TS  0|AC  0|TAMS 0x00000006c7c00000, 0x00000006c7c00000|
|  41|0x00000006c7d00000, 0x00000006c7d00000, 0x00000006c7e00000|  0%| F|  |TS  0|AC  0|TAMS 0x00000006c7d00000, 0x00000006c7d00000|
|  42|0x00000006c7e00000, 0x00000006c7e00000, 0x00000006c7f00000|  0%| F|  |TS  0|AC  0|TAMS 0x00000006c7e00000, 0x00000006c7e00000|
|  43|0x00000006c7f00000, 0x00000006c7f00000, 0x00000006c8000000|  0%| F|  |TS  0|AC  0|TAMS 0x00000006c7f00000, 0x00000006c7f00000|
|  44|0x00000006c8000000, 0x00000006c8000000, 0x00000006c8100000|  0%| F|  |TS  0|AC  0|TAMS 0x00000006c8000000, 0x00000006c8000000|
|  45|0x00000006c8100000, 0x00000006c8100000, 0x00000006c8200000|  0%| F|  |TS  0|AC  0|TAMS 0x00000006c8100000, 0x00000006c8100000|
|  46|0x00000006c8200000, 0x00000006c8200000, 0x00000006c8300000|  0%| F|  |TS  0|AC  0|TAMS 0x00000006c8200000, 0x00000006c8200000|
|  47|0x00000006c8300000, 0x00000006c8300000, 0x00000006c8400000|  0%| F|  |TS  0|AC  0|TAMS 0x00000006c8300000, 0x00000006c8300000|
|  48|0x00000006c8400000, 0x00000006c8400000, 0x00000006c8500000|  0%| F|  |TS  0|AC  0|TAMS 0x00000006c8400000, 0x00000006c8400000|
|  49|0x00000006c8500000, 0x00000006c8500000, 0x00000006c8600000|  0%| F|  |TS  0|AC  0|TAMS 0x00000006c8500000, 0x00000006c8500000|
|  50|0x00000006c8600000, 0x00000006c8600000, 0x00000006c8700000|  0%| F|  |TS  0|AC  0|TAMS 0x00000006c8600000, 0x00000006c8600000|
|  51|0x00000006c8700000, 0x00000006c8700000, 0x00000006c8800000|  0%| F|  |TS  0|AC  0|TAMS 0x00000006c8700000, 0x00000006c8700000|
|  52|0x00000006c8800000, 0x00000006c8800000, 0x00000006c8900000|  0%| F|  |TS  0|AC  0|TAMS 0x00000006c8800000, 0x00000006c8800000|
|  53|0x00000006c8900000, 0x00000006c8900000, 0x00000006c8a00000|  0%| F|  |TS  0|AC  0|TAMS 0x00000006c8900000, 0x00000006c8900000|
|  54|0x00000006c8a00000, 0x00000006c8a00000, 0x00000006c8b00000|  0%| F|  |TS  0|AC  0|TAMS 0x00000006c8a00000, 0x00000006c8a00000|
|  55|0x00000006c8b00000, 0x00000006c8b00000, 0x00000006c8c00000|  0%| F|  |TS  0|AC  0|TAMS 0x00000006c8b00000, 0x00000006c8b00000|
|  56|0x00000006c8c00000, 0x00000006c8c00000, 0x00000006c8d00000|  0%| F|  |TS  0|AC  0|TAMS 0x00000006c8c00000, 0x00000006c8c00000|
|  57|0x00000006c8d00000, 0x00000006c8d00000, 0x00000006c8e00000|  0%| F|  |TS  0|AC  0|TAMS 0x00000006c8d00000, 0x00000006c8d00000|
|  58|0x00000006c8e00000, 0x00000006c8e00000, 0x00000006c8f00000|  0%| F|  |TS  0|AC  0|TAMS 0x00000006c8e00000, 0x00000006c8e00000|
|  59|0x00000006c8f00000, 0x00000006c8f00000, 0x00000006c9000000|  0%| F|  |TS  0|AC  0|TAMS 0x00000006c8f00000, 0x00000006c8f00000|
|  60|0x00000006c9000000, 0x00000006c9000000, 0x00000006c9100000|  0%| F|  |TS  0|AC  0|TAMS 0x00000006c9000000, 0x00000006c9000000|
|  61|0x00000006c9100000, 0x00000006c9100000, 0x00000006c9200000|  0%| F|  |TS  0|AC  0|TAMS 0x00000006c9100000, 0x00000006c9100000|
|  62|0x00000006c9200000, 0x00000006c9200000, 0x00000006c9300000|  0%| F|  |TS  0|AC  0|TAMS 0x00000006c9200000, 0x00000006c9200000|
|  63|0x00000006c9300000, 0x00000006c9300000, 0x00000006c9400000|  0%| F|  |TS  0|AC  0|TAMS 0x00000006c9300000, 0x00000006c9300000|
|  64|0x00000006c9400000, 0x00000006c9400000, 0x00000006c9500000|  0%| F|  |TS  0|AC  0|TAMS 0x00000006c9400000, 0x00000006c9400000|
|  65|0x00000006c9500000, 0x00000006c9500000, 0x00000006c9600000|  0%| F|  |TS  0|AC  0|TAMS 0x00000006c9500000, 0x00000006c9500000|
|  66|0x00000006c9600000, 0x00000006c9600000, 0x00000006c9700000|  0%| F|  |TS  0|AC  0|TAMS 0x00000006c9600000, 0x00000006c9600000|
|  67|0x00000006c9700000, 0x00000006c9700000, 0x00000006c9800000|  0%| F|  |TS  0|AC  0|TAMS 0x00000006c9700000, 0x00000006c9700000|
|  68|0x00000006c9800000, 0x00000006c9800000, 0x00000006c9900000|  0%| F|  |TS  0|AC  0|TAMS 0x00000006c9800000, 0x00000006c9800000|
|  69|0x00000006c9900000, 0x00000006c9900000, 0x00000006c9a00000|  0%| F|  |TS  0|AC  0|TAMS 0x00000006c9900000, 0x00000006c9900000|
|  70|0x00000006c9a00000, 0x00000006c9a00000, 0x00000006c9b00000|  0%| F|  |TS  0|AC  0|TAMS 0x00000006c9a00000, 0x00000006c9a00000|
|  71|0x00000006c9b00000, 0x00000006c9b00000, 0x00000006c9c00000|  0%| F|  |TS  0|AC  0|TAMS 0x00000006c9b00000, 0x00000006c9b00000|
|  72|0x00000006c9c00000, 0x00000006c9c00000, 0x00000006c9d00000|  0%| F|  |TS  0|AC  0|TAMS 0x00000006c9c00000, 0x00000006c9c00000|
|  73|0x00000006c9d00000, 0x00000006c9d00000, 0x00000006c9e00000|  0%| F|  |TS  0|AC  0|TAMS 0x00000006c9d00000, 0x00000006c9d00000|
|  74|0x00000006c9e00000, 0x00000006c9e00000, 0x00000006c9f00000|  0%| F|  |TS  0|AC  0|TAMS 0x00000006c9e00000, 0x00000006c9e00000|
|  75|0x00000006c9f00000, 0x00000006c9f00000, 0x00000006ca000000|  0%| F|  |TS  0|AC  0|TAMS 0x00000006c9f00000, 0x00000006c9f00000|
|  76|0x00000006ca000000, 0x00000006ca000000, 0x00000006ca100000|  0%| F|  |TS  0|AC  0|TAMS 0x00000006ca000000, 0x00000006ca000000|
|  77|0x00000006ca100000, 0x00000006ca100000, 0x00000006ca200000|  0%| F|  |TS  0|AC  0|TAMS 0x00000006ca100000, 0x00000006ca100000|
|  78|0x00000006ca200000, 0x00000006ca200000, 0x00000006ca300000|  0%| F|  |TS  0|AC  0|TAMS 0x00000006ca200000, 0x00000006ca200000|
|  79|0x00000006ca300000, 0x00000006ca300000, 0x00000006ca400000|  0%| F|  |TS  0|AC  0|TAMS 0x00000006ca300000, 0x00000006ca300000|
|  80|0x00000006ca400000, 0x00000006ca400000, 0x00000006ca500000|  0%| F|  |TS  0|AC  0|TAMS 0x00000006ca400000, 0x00000006ca400000|
|  81|0x00000006ca500000, 0x00000006ca500000, 0x00000006ca600000|  0%| F|  |TS  0|AC  0|TAMS 0x00000006ca500000, 0x00000006ca500000|
|  82|0x00000006ca600000, 0x00000006ca600000, 0x00000006ca700000|  0%| F|  |TS  0|AC  0|TAMS 0x00000006ca600000, 0x00000006ca600000|
|  83|0x00000006ca700000, 0x00000006ca700000, 0x00000006ca800000|  0%| F|  |TS  0|AC  0|TAMS 0x00000006ca700000, 0x00000006ca700000|
|  84|0x00000006ca800000, 0x00000006ca800000, 0x00000006ca900000|  0%| F|  |TS  0|AC  0|TAMS 0x00000006ca800000, 0x00000006ca800000|
|  85|0x00000006ca900000, 0x00000006ca900000, 0x00000006caa00000|  0%| F|  |TS  0|AC  0|TAMS 0x00000006ca900000, 0x00000006ca900000|
|  86|0x00000006caa00000, 0x00000006caa00000, 0x00000006cab00000|  0%| F|  |TS  0|AC  0|TAMS 0x00000006caa00000, 0x00000006caa00000|
|  87|0x00000006cab00000, 0x00000006cab00000, 0x00000006cac00000|  0%| F|  |TS  0|AC  0|TAMS 0x00000006cab00000, 0x00000006cab00000|
|  88|0x00000006cac00000, 0x00000006cac00000, 0x00000006cad00000|  0%| F|  |TS  0|AC  0|TAMS 0x00000006cac00000, 0x00000006cac00000|
|  89|0x00000006cad00000, 0x00000006cad00000, 0x00000006cae00000|  0%| F|  |TS  0|AC  0|TAMS 0x00000006cad00000, 0x00000006cad00000|
|  90|0x00000006cae00000, 0x00000006cae00000, 0x00000006caf00000|  0%| F|  |TS  0|AC  0|TAMS 0x00000006cae00000, 0x00000006cae00000|
|  91|0x00000006caf00000, 0x00000006caf00000, 0x00000006cb000000|  0%| F|  |TS  0|AC  0|TAMS 0x00000006caf00000, 0x00000006caf00000|
|  92|0x00000006cb000000, 0x00000006cb000000, 0x00000006cb100000|  0%| F|  |TS  0|AC  0|TAMS 0x00000006cb000000, 0x00000006cb000000|
|  93|0x00000006cb100000, 0x00000006cb100000, 0x00000006cb200000|  0%| F|  |TS  0|AC  0|TAMS 0x00000006cb100000, 0x00000006cb100000|
|  94|0x00000006cb200000, 0x00000006cb200000, 0x00000006cb300000|  0%| F|  |TS  0|AC  0|TAMS 0x00000006cb200000, 0x00000006cb200000|
|  95|0x00000006cb300000, 0x00000006cb300000, 0x00000006cb400000|  0%| F|  |TS  0|AC  0|TAMS 0x00000006cb300000, 0x00000006cb300000|
|  96|0x00000006cb400000, 0x00000006cb400000, 0x00000006cb500000|  0%| F|  |TS  0|AC  0|TAMS 0x00000006cb400000, 0x00000006cb400000|
|  97|0x00000006cb500000, 0x00000006cb500000, 0x00000006cb600000|  0%| F|  |TS  0|AC  0|TAMS 0x00000006cb500000, 0x00000006cb500000|
|  98|0x00000006cb600000, 0x00000006cb600000, 0x00000006cb700000|  0%| F|  |TS  0|AC  0|TAMS 0x00000006cb600000, 0x00000006cb600000|
|  99|0x00000006cb700000, 0x00000006cb700000, 0x00000006cb800000|  0%| F|  |TS  0|AC  0|TAMS 0x00000006cb700000, 0x00000006cb700000|
| 100|0x00000006cb800000, 0x00000006cb800000, 0x00000006cb900000|  0%| F|  |TS  0|AC  0|TAMS 0x00000006cb800000, 0x00000006cb800000|
| 101|0x00000006cb900000, 0x00000006cb900000, 0x00000006cba00000|  0%| F|  |TS  0|AC  0|TAMS 0x00000006cb900000, 0x00000006cb900000|
| 102|0x00000006cba00000, 0x00000006cba00000, 0x00000006cbb00000|  0%| F|  |TS  0|AC  0|TAMS 0x00000006cba00000, 0x00000006cba00000|
| 103|0x00000006cbb00000, 0x00000006cbb00000, 0x00000006cbc00000|  0%| F|  |TS  0|AC  0|TAMS 0x00000006cbb00000, 0x00000006cbb00000|
| 104|0x00000006cbc00000, 0x00000006cbc00000, 0x00000006cbd00000|  0%| F|  |TS  0|AC  0|TAMS 0x00000006cbc00000, 0x00000006cbc00000|
| 105|0x00000006cbd00000, 0x00000006cbd00000, 0x00000006cbe00000|  0%| F|  |TS  0|AC  0|TAMS 0x00000006cbd00000, 0x00000006cbd00000|
| 106|0x00000006cbe00000, 0x00000006cbe00000, 0x00000006cbf00000|  0%| F|  |TS  0|AC  0|TAMS 0x00000006cbe00000, 0x00000006cbe00000|
| 107|0x00000006cbf00000, 0x00000006cbf00000, 0x00000006cc000000|  0%| F|  |TS  0|AC  0|TAMS 0x00000006cbf00000, 0x00000006cbf00000|
| 108|0x00000006cc000000, 0x00000006cc000000, 0x00000006cc100000|  0%| F|  |TS  0|AC  0|TAMS 0x00000006cc000000, 0x00000006cc000000|
| 109|0x00000006cc100000, 0x00000006cc100000, 0x00000006cc200000|  0%| F|  |TS  0|AC  0|TAMS 0x00000006cc100000, 0x00000006cc100000|
| 110|0x00000006cc200000, 0x00000006cc200000, 0x00000006cc300000|  0%| F|  |TS  0|AC  0|TAMS 0x00000006cc200000, 0x00000006cc200000|
| 111|0x00000006cc300000, 0x00000006cc300000, 0x00000006cc400000|  0%| F|  |TS  0|AC  0|TAMS 0x00000006cc300000, 0x00000006cc300000|
| 112|0x00000006cc400000, 0x00000006cc400000, 0x00000006cc500000|  0%| F|  |TS  0|AC  0|TAMS 0x00000006cc400000, 0x00000006cc400000|
| 113|0x00000006cc500000, 0x00000006cc500000, 0x00000006cc600000|  0%| F|  |TS  0|AC  0|TAMS 0x00000006cc500000, 0x00000006cc500000|
| 114|0x00000006cc600000, 0x00000006cc600000, 0x00000006cc700000|  0%| F|  |TS  0|AC  0|TAMS 0x00000006cc600000, 0x00000006cc600000|
| 115|0x00000006cc700000, 0x00000006cc700000, 0x00000006cc800000|  0%| F|  |TS  0|AC  0|TAMS 0x00000006cc700000, 0x00000006cc700000|
| 116|0x00000006cc800000, 0x00000006cc800000, 0x00000006cc900000|  0%| F|  |TS  0|AC  0|TAMS 0x00000006cc800000, 0x00000006cc800000|
| 117|0x00000006cc900000, 0x00000006cc900000, 0x00000006cca00000|  0%| F|  |TS  0|AC  0|TAMS 0x00000006cc900000, 0x00000006cc900000|
| 118|0x00000006cca00000, 0x00000006cca00000, 0x00000006ccb00000|  0%| F|  |TS  0|AC  0|TAMS 0x00000006cca00000, 0x00000006cca00000|
| 119|0x00000006ccb00000, 0x00000006ccb00000, 0x00000006ccc00000|  0%| F|  |TS  0|AC  0|TAMS 0x00000006ccb00000, 0x00000006ccb00000|
| 120|0x00000006ccc00000, 0x00000006ccc00000, 0x00000006ccd00000|  0%| F|  |TS  0|AC  0|TAMS 0x00000006ccc00000, 0x00000006ccc00000|
| 121|0x00000006ccd00000, 0x00000006ccd00000, 0x00000006cce00000|  0%| F|  |TS  0|AC  0|TAMS 0x00000006ccd00000, 0x00000006ccd00000|
| 122|0x00000006cce00000, 0x00000006cce00000, 0x00000006ccf00000|  0%| F|  |TS  0|AC  0|TAMS 0x00000006cce00000, 0x00000006cce00000|
| 123|0x00000006ccf00000, 0x00000006ccf00000, 0x00000006cd000000|  0%| F|  |TS  0|AC  0|TAMS 0x00000006ccf00000, 0x00000006ccf00000|
| 124|0x00000006cd000000, 0x00000006cd000000, 0x00000006cd100000|  0%| F|  |TS  0|AC  0|TAMS 0x00000006cd000000, 0x00000006cd000000|
| 125|0x00000006cd100000, 0x00000006cd100000, 0x00000006cd200000|  0%| F|  |TS  0|AC  0|TAMS 0x00000006cd100000, 0x00000006cd100000|
| 126|0x00000006cd200000, 0x00000006cd200000, 0x00000006cd300000|  0%| F|  |TS  0|AC  0|TAMS 0x00000006cd200000, 0x00000006cd200000|
| 127|0x00000006cd300000, 0x00000006cd300000, 0x00000006cd400000|  0%| F|  |TS  0|AC  0|TAMS 0x00000006cd300000, 0x00000006cd300000|
| 128|0x00000006cd400000, 0x00000006cd400000, 0x00000006cd500000|  0%| F|  |TS  0|AC  0|TAMS 0x00000006cd400000, 0x00000006cd400000|
| 129|0x00000006cd500000, 0x00000006cd500000, 0x00000006cd600000|  0%| F|  |TS  0|AC  0|TAMS 0x00000006cd500000, 0x00000006cd500000|
| 130|0x00000006cd600000, 0x00000006cd600000, 0x00000006cd700000|  0%| F|  |TS  0|AC  0|TAMS 0x00000006cd600000, 0x00000006cd600000|
| 131|0x00000006cd700000, 0x00000006cd700000, 0x00000006cd800000|  0%| F|  |TS  0|AC  0|TAMS 0x00000006cd700000, 0x00000006cd700000|
| 132|0x00000006cd800000, 0x00000006cd800000, 0x00000006cd900000|  0%| F|  |TS  0|AC  0|TAMS 0x00000006cd800000, 0x00000006cd800000|
| 133|0x00000006cd900000, 0x00000006cd900000, 0x00000006cda00000|  0%| F|  |TS  0|AC  0|TAMS 0x00000006cd900000, 0x00000006cd900000|
| 134|0x00000006cda00000, 0x00000006cda00000, 0x00000006cdb00000|  0%| F|  |TS  0|AC  0|TAMS 0x00000006cda00000, 0x00000006cda00000|
| 135|0x00000006cdb00000, 0x00000006cdb00000, 0x00000006cdc00000|  0%| F|  |TS  0|AC  0|TAMS 0x00000006cdb00000, 0x00000006cdb00000|
| 136|0x00000006cdc00000, 0x00000006cdc00000, 0x00000006cdd00000|  0%| F|  |TS  0|AC  0|TAMS 0x00000006cdc00000, 0x00000006cdc00000|
| 137|0x00000006cdd00000, 0x00000006cdd00000, 0x00000006cde00000|  0%| F|  |TS  0|AC  0|TAMS 0x00000006cdd00000, 0x00000006cdd00000|
| 138|0x00000006cde00000, 0x00000006cde00000, 0x00000006cdf00000|  0%| F|  |TS  0|AC  0|TAMS 0x00000006cde00000, 0x00000006cde00000|
| 139|0x00000006cdf00000, 0x00000006cdf00000, 0x00000006ce000000|  0%| F|  |TS  0|AC  0|TAMS 0x00000006cdf00000, 0x00000006cdf00000|
| 140|0x00000006ce000000, 0x00000006ce000000, 0x00000006ce100000|  0%| F|  |TS  0|AC  0|TAMS 0x00000006ce000000, 0x00000006ce000000|
| 141|0x00000006ce100000, 0x00000006ce100000, 0x00000006ce200000|  0%| F|  |TS  0|AC  0|TAMS 0x00000006ce100000, 0x00000006ce100000|
| 142|0x00000006ce200000, 0x00000006ce200000, 0x00000006ce300000|  0%| F|  |TS  0|AC  0|TAMS 0x00000006ce200000, 0x00000006ce200000|
| 143|0x00000006ce300000, 0x00000006ce300000, 0x00000006ce400000|  0%| F|  |TS  0|AC  0|TAMS 0x00000006ce300000, 0x00000006ce300000|
| 144|0x00000006ce400000, 0x00000006ce400000, 0x00000006ce500000|  0%| F|  |TS  0|AC  0|TAMS 0x00000006ce400000, 0x00000006ce400000|
| 145|0x00000006ce500000, 0x00000006ce500000, 0x00000006ce600000|  0%| F|  |TS  0|AC  0|TAMS 0x00000006ce500000, 0x00000006ce500000|
| 146|0x00000006ce600000, 0x00000006ce600000, 0x00000006ce700000|  0%| F|  |TS  0|AC  0|TAMS 0x00000006ce600000, 0x00000006ce600000|
| 147|0x00000006ce700000, 0x00000006ce700000, 0x00000006ce800000|  0%| F|  |TS  0|AC  0|TAMS 0x00000006ce700000, 0x00000006ce700000|
| 148|0x00000006ce800000, 0x00000006ce800000, 0x00000006ce900000|  0%| F|  |TS  0|AC  0|TAMS 0x00000006ce800000, 0x00000006ce800000|
| 149|0x00000006ce900000, 0x00000006ce900000, 0x00000006cea00000|  0%| F|  |TS  0|AC  0|TAMS 0x00000006ce900000, 0x00000006ce900000|
| 150|0x00000006cea00000, 0x00000006cea00000, 0x00000006ceb00000|  0%| F|  |TS  0|AC  0|TAMS 0x00000006cea00000, 0x00000006cea00000|
| 151|0x00000006ceb00000, 0x00000006ceb00000, 0x00000006cec00000|  0%| F|  |TS  0|AC  0|TAMS 0x00000006ceb00000, 0x00000006ceb00000|
| 152|0x00000006cec00000, 0x00000006cec00000, 0x00000006ced00000|  0%| F|  |TS  0|AC  0|TAMS 0x00000006cec00000, 0x00000006cec00000|
| 153|0x00000006ced00000, 0x00000006ced00000, 0x00000006cee00000|  0%| F|  |TS  0|AC  0|TAMS 0x00000006ced00000, 0x00000006ced00000|
| 154|0x00000006cee00000, 0x00000006cee00000, 0x00000006cef00000|  0%| F|  |TS  0|AC  0|TAMS 0x00000006cee00000, 0x00000006cee00000|
| 155|0x00000006cef00000, 0x00000006cef00000, 0x00000006cf000000|  0%| F|  |TS  0|AC  0|TAMS 0x00000006cef00000, 0x00000006cef00000|
| 156|0x00000006cf000000, 0x00000006cf000000, 0x00000006cf100000|  0%| F|  |TS  0|AC  0|TAMS 0x00000006cf000000, 0x00000006cf000000|
| 157|0x00000006cf100000, 0x00000006cf100000, 0x00000006cf200000|  0%| F|  |TS  0|AC  0|TAMS 0x00000006cf100000, 0x00000006cf100000|
| 158|0x00000006cf200000, 0x00000006cf200000, 0x00000006cf300000|  0%| F|  |TS  0|AC  0|TAMS 0x00000006cf200000, 0x00000006cf200000|
| 159|0x00000006cf300000, 0x00000006cf300000, 0x00000006cf400000|  0%| F|  |TS  0|AC  0|TAMS 0x00000006cf300000, 0x00000006cf300000|
| 160|0x00000006cf400000, 0x00000006cf400000, 0x00000006cf500000|  0%| F|  |TS  0|AC  0|TAMS 0x00000006cf400000, 0x00000006cf400000|
| 161|0x00000006cf500000, 0x00000006cf500000, 0x00000006cf600000|  0%| F|  |TS  0|AC  0|TAMS 0x00000006cf500000, 0x00000006cf500000|
| 162|0x00000006cf600000, 0x00000006cf600000, 0x00000006cf700000|  0%| F|  |TS  0|AC  0|TAMS 0x00000006cf600000, 0x00000006cf600000|
| 163|0x00000006cf700000, 0x00000006cf700000, 0x00000006cf800000|  0%| F|  |TS  0|AC  0|TAMS 0x00000006cf700000, 0x00000006cf700000|
| 164|0x00000006cf800000, 0x00000006cf800000, 0x00000006cf900000|  0%| F|  |TS  0|AC  0|TAMS 0x00000006cf800000, 0x00000006cf800000|
| 165|0x00000006cf900000, 0x00000006cf900000, 0x00000006cfa00000|  0%| F|  |TS  0|AC  0|TAMS 0x00000006cf900000, 0x00000006cf900000|
| 166|0x00000006cfa00000, 0x00000006cfa00000, 0x00000006cfb00000|  0%| F|  |TS  0|AC  0|TAMS 0x00000006cfa00000, 0x00000006cfa00000|
| 167|0x00000006cfb00000, 0x00000006cfb00000, 0x00000006cfc00000|  0%| F|  |TS  0|AC  0|TAMS 0x00000006cfb00000, 0x00000006cfb00000|
| 168|0x00000006cfc00000, 0x00000006cfc00000, 0x00000006cfd00000|  0%| F|  |TS  0|AC  0|TAMS 0x00000006cfc00000, 0x00000006cfc00000|
| 169|0x00000006cfd00000, 0x00000006cfd00000, 0x00000006cfe00000|  0%| F|  |TS  0|AC  0|TAMS 0x00000006cfd00000, 0x00000006cfd00000|
| 170|0x00000006cfe00000, 0x00000006cfe00000, 0x00000006cff00000|  0%| F|  |TS  0|AC  0|TAMS 0x00000006cfe00000, 0x00000006cfe00000|
| 171|0x00000006cff00000, 0x00000006cff00000, 0x00000006d0000000|  0%| F|  |TS  0|AC  0|TAMS 0x00000006cff00000, 0x00000006cff00000|
| 172|0x00000006d0000000, 0x00000006d0000000, 0x00000006d0100000|  0%| F|  |TS  0|AC  0|TAMS 0x00000006d0000000, 0x00000006d0000000|
| 173|0x00000006d0100000, 0x00000006d0100000, 0x00000006d0200000|  0%| F|  |TS  0|AC  0|TAMS 0x00000006d0100000, 0x00000006d0100000|
| 174|0x00000006d0200000, 0x00000006d0200000, 0x00000006d0300000|  0%| F|  |TS  0|AC  0|TAMS 0x00000006d0200000, 0x00000006d0200000|
| 175|0x00000006d0300000, 0x00000006d0300000, 0x00000006d0400000|  0%| F|  |TS  0|AC  0|TAMS 0x00000006d0300000, 0x00000006d0300000|
| 176|0x00000006d0400000, 0x00000006d0400000, 0x00000006d0500000|  0%| F|  |TS  0|AC  0|TAMS 0x00000006d0400000, 0x00000006d0400000|
| 177|0x00000006d0500000, 0x00000006d0500000, 0x00000006d0600000|  0%| F|  |TS  0|AC  0|TAMS 0x00000006d0500000, 0x00000006d0500000|
| 178|0x00000006d0600000, 0x00000006d0600000, 0x00000006d0700000|  0%| F|  |TS  0|AC  0|TAMS 0x00000006d0600000, 0x00000006d0600000|
| 179|0x00000006d0700000, 0x00000006d0700000, 0x00000006d0800000|  0%| F|  |TS  0|AC  0|TAMS 0x00000006d0700000, 0x00000006d0700000|
| 180|0x00000006d0800000, 0x00000006d0800000, 0x00000006d0900000|  0%| F|  |TS  0|AC  0|TAMS 0x00000006d0800000, 0x00000006d0800000|
| 181|0x00000006d0900000, 0x00000006d0900000, 0x00000006d0a00000|  0%| F|  |TS  0|AC  0|TAMS 0x00000006d0900000, 0x00000006d0900000|
| 182|0x00000006d0a00000, 0x00000006d0a00000, 0x00000006d0b00000|  0%| F|  |TS  0|AC  0|TAMS 0x00000006d0a00000, 0x00000006d0a00000|
| 183|0x00000006d0b00000, 0x00000006d0b00000, 0x00000006d0c00000|  0%| F|  |TS  0|AC  0|TAMS 0x00000006d0b00000, 0x00000006d0b00000|
| 184|0x00000006d0c00000, 0x00000006d0c00000, 0x00000006d0d00000|  0%| F|  |TS  0|AC  0|TAMS 0x00000006d0c00000, 0x00000006d0c00000|
| 185|0x00000006d0d00000, 0x00000006d0d00000, 0x00000006d0e00000|  0%| F|  |TS  0|AC  0|TAMS 0x00000006d0d00000, 0x00000006d0d00000|
| 186|0x00000006d0e00000, 0x00000006d0e00000, 0x00000006d0f00000|  0%| F|  |TS  0|AC  0|TAMS 0x00000006d0e00000, 0x00000006d0e00000|
| 187|0x00000006d0f00000, 0x00000006d0f00000, 0x00000006d1000000|  0%| F|  |TS  0|AC  0|TAMS 0x00000006d0f00000, 0x00000006d0f00000|
| 188|0x00000006d1000000, 0x00000006d1000000, 0x00000006d1100000|  0%| F|  |TS  0|AC  0|TAMS 0x00000006d1000000, 0x00000006d1000000|
| 189|0x00000006d1100000, 0x00000006d1100000, 0x00000006d1200000|  0%| F|  |TS  0|AC  0|TAMS 0x00000006d1100000, 0x00000006d1100000|
| 190|0x00000006d1200000, 0x00000006d1200000, 0x00000006d1300000|  0%| F|  |TS  0|AC  0|TAMS 0x00000006d1200000, 0x00000006d1200000|
| 191|0x00000006d1300000, 0x00000006d1300000, 0x00000006d1400000|  0%| F|  |TS  0|AC  0|TAMS 0x00000006d1300000, 0x00000006d1300000|
| 192|0x00000006d1400000, 0x00000006d1400000, 0x00000006d1500000|  0%| F|  |TS  0|AC  0|TAMS 0x00000006d1400000, 0x00000006d1400000|
| 193|0x00000006d1500000, 0x00000006d1500000, 0x00000006d1600000|  0%| F|  |TS  0|AC  0|TAMS 0x00000006d1500000, 0x00000006d1500000|
| 194|0x00000006d1600000, 0x00000006d1600000, 0x00000006d1700000|  0%| F|  |TS  0|AC  0|TAMS 0x00000006d1600000, 0x00000006d1600000|
| 195|0x00000006d1700000, 0x00000006d1700000, 0x00000006d1800000|  0%| F|  |TS  0|AC  0|TAMS 0x00000006d1700000, 0x00000006d1700000|
| 196|0x00000006d1800000, 0x00000006d1800000, 0x00000006d1900000|  0%| F|  |TS  0|AC  0|TAMS 0x00000006d1800000, 0x00000006d1800000|
| 197|0x00000006d1900000, 0x00000006d1900000, 0x00000006d1a00000|  0%| F|  |TS  0|AC  0|TAMS 0x00000006d1900000, 0x00000006d1900000|
| 198|0x00000006d1a00000, 0x00000006d1a00000, 0x00000006d1b00000|  0%| F|  |TS  0|AC  0|TAMS 0x00000006d1a00000, 0x00000006d1a00000|
| 199|0x00000006d1b00000, 0x00000006d1b00000, 0x00000006d1c00000|  0%| F|  |TS  0|AC  0|TAMS 0x00000006d1b00000, 0x00000006d1b00000|
| 200|0x00000006d1c00000, 0x00000006d1c00000, 0x00000006d1d00000|  0%| F|  |TS  0|AC  0|TAMS 0x00000006d1c00000, 0x00000006d1c00000|
| 201|0x00000006d1d00000, 0x00000006d1d00000, 0x00000006d1e00000|  0%| F|  |TS  0|AC  0|TAMS 0x00000006d1d00000, 0x00000006d1d00000|
| 202|0x00000006d1e00000, 0x00000006d1e00000, 0x00000006d1f00000|  0%| F|  |TS  0|AC  0|TAMS 0x00000006d1e00000, 0x00000006d1e00000|
| 203|0x00000006d1f00000, 0x00000006d1f00000, 0x00000006d2000000|  0%| F|  |TS  0|AC  0|TAMS 0x00000006d1f00000, 0x00000006d1f00000|
| 204|0x00000006d2000000, 0x00000006d2000000, 0x00000006d2100000|  0%| F|  |TS  0|AC  0|TAMS 0x00000006d2000000, 0x00000006d2000000|
| 205|0x00000006d2100000, 0x00000006d2100000, 0x00000006d2200000|  0%| F|  |TS  0|AC  0|TAMS 0x00000006d2100000, 0x00000006d2100000|
| 206|0x00000006d2200000, 0x00000006d2200000, 0x00000006d2300000|  0%| F|  |TS  0|AC  0|TAMS 0x00000006d2200000, 0x00000006d2200000|
| 207|0x00000006d2300000, 0x00000006d2300000, 0x00000006d2400000|  0%| F|  |TS  0|AC  0|TAMS 0x00000006d2300000, 0x00000006d2300000|
| 208|0x00000006d2400000, 0x00000006d2400000, 0x00000006d2500000|  0%| F|  |TS  0|AC  0|TAMS 0x00000006d2400000, 0x00000006d2400000|
| 209|0x00000006d2500000, 0x00000006d2500000, 0x00000006d2600000|  0%| F|  |TS  0|AC  0|TAMS 0x00000006d2500000, 0x00000006d2500000|
| 210|0x00000006d2600000, 0x00000006d2600000, 0x00000006d2700000|  0%| F|  |TS  0|AC  0|TAMS 0x00000006d2600000, 0x00000006d2600000|
| 211|0x00000006d2700000, 0x00000006d2700000, 0x00000006d2800000|  0%| F|  |TS  0|AC  0|TAMS 0x00000006d2700000, 0x00000006d2700000|
| 212|0x00000006d2800000, 0x00000006d2800000, 0x00000006d2900000|  0%| F|  |TS  0|AC  0|TAMS 0x00000006d2800000, 0x00000006d2800000|
| 213|0x00000006d2900000, 0x00000006d2900000, 0x00000006d2a00000|  0%| F|  |TS  0|AC  0|TAMS 0x00000006d2900000, 0x00000006d2900000|
| 214|0x00000006d2a00000, 0x00000006d2a00000, 0x00000006d2b00000|  0%| F|  |TS  0|AC  0|TAMS 0x00000006d2a00000, 0x00000006d2a00000|
| 215|0x00000006d2b00000, 0x00000006d2b00000, 0x00000006d2c00000|  0%| F|  |TS  0|AC  0|TAMS 0x00000006d2b00000, 0x00000006d2b00000|
| 216|0x00000006d2c00000, 0x00000006d2c00000, 0x00000006d2d00000|  0%| F|  |TS  0|AC  0|TAMS 0x00000006d2c00000, 0x00000006d2c00000|
| 217|0x00000006d2d00000, 0x00000006d2d00000, 0x00000006d2e00000|  0%| F|  |TS  0|AC  0|TAMS 0x00000006d2d00000, 0x00000006d2d00000|
| 218|0x00000006d2e00000, 0x00000006d2e00000, 0x00000006d2f00000|  0%| F|  |TS  0|AC  0|TAMS 0x00000006d2e00000, 0x00000006d2e00000|
| 219|0x00000006d2f00000, 0x00000006d2f00000, 0x00000006d3000000|  0%| F|  |TS  0|AC  0|TAMS 0x00000006d2f00000, 0x00000006d2f00000|
| 220|0x00000006d3000000, 0x00000006d3000000, 0x00000006d3100000|  0%| F|  |TS  0|AC  0|TAMS 0x00000006d3000000, 0x00000006d3000000|
| 221|0x00000006d3100000, 0x00000006d3100000, 0x00000006d3200000|  0%| F|  |TS  0|AC  0|TAMS 0x00000006d3100000, 0x00000006d3100000|
| 222|0x00000006d3200000, 0x00000006d3200000, 0x00000006d3300000|  0%| F|  |TS  0|AC  0|TAMS 0x00000006d3200000, 0x00000006d3200000|
| 223|0x00000006d3300000, 0x00000006d3300000, 0x00000006d3400000|  0%| F|  |TS  0|AC  0|TAMS 0x00000006d3300000, 0x00000006d3300000|
| 224|0x00000006d3400000, 0x00000006d3400000, 0x00000006d3500000|  0%| F|  |TS  0|AC  0|TAMS 0x00000006d3400000, 0x00000006d3400000|
| 225|0x00000006d3500000, 0x00000006d3500000, 0x00000006d3600000|  0%| F|  |TS  0|AC  0|TAMS 0x00000006d3500000, 0x00000006d3500000|
| 226|0x00000006d3600000, 0x00000006d3600000, 0x00000006d3700000|  0%| F|  |TS  0|AC  0|TAMS 0x00000006d3600000, 0x00000006d3600000|
| 227|0x00000006d3700000, 0x00000006d3700000, 0x00000006d3800000|  0%| F|  |TS  0|AC  0|TAMS 0x00000006d3700000, 0x00000006d3700000|
| 228|0x00000006d3800000, 0x00000006d3800000, 0x00000006d3900000|  0%| F|  |TS  0|AC  0|TAMS 0x00000006d3800000, 0x00000006d3800000|
| 229|0x00000006d3900000, 0x00000006d3900000, 0x00000006d3a00000|  0%| F|  |TS  0|AC  0|TAMS 0x00000006d3900000, 0x00000006d3900000|
| 230|0x00000006d3a00000, 0x00000006d3a00000, 0x00000006d3b00000|  0%| F|  |TS  0|AC  0|TAMS 0x00000006d3a00000, 0x00000006d3a00000|
| 231|0x00000006d3b00000, 0x00000006d3b00000, 0x00000006d3c00000|  0%| F|  |TS  0|AC  0|TAMS 0x00000006d3b00000, 0x00000006d3b00000|
| 232|0x00000006d3c00000, 0x00000006d3c00000, 0x00000006d3d00000|  0%| F|  |TS  0|AC  0|TAMS 0x00000006d3c00000, 0x00000006d3c00000|
| 233|0x00000006d3d00000, 0x00000006d3d00000, 0x00000006d3e00000|  0%| F|  |TS  0|AC  0|TAMS 0x00000006d3d00000, 0x00000006d3d00000|
| 234|0x00000006d3e00000, 0x00000006d3e00000, 0x00000006d3f00000|  0%| F|  |TS  0|AC  0|TAMS 0x00000006d3e00000, 0x00000006d3e00000|
| 235|0x00000006d3f00000, 0x00000006d3f00000, 0x00000006d4000000|  0%| F|  |TS  0|AC  0|TAMS 0x00000006d3f00000, 0x00000006d3f00000|
| 236|0x00000006d4000000, 0x00000006d4000000, 0x00000006d4100000|  0%| F|  |TS  0|AC  0|TAMS 0x00000006d4000000, 0x00000006d4000000|
| 237|0x00000006d4100000, 0x00000006d4100000, 0x00000006d4200000|  0%| F|  |TS  0|AC  0|TAMS 0x00000006d4100000, 0x00000006d4100000|
| 238|0x00000006d4200000, 0x00000006d4200000, 0x00000006d4300000|  0%| F|  |TS  0|AC  0|TAMS 0x00000006d4200000, 0x00000006d4200000|
| 239|0x00000006d4300000, 0x00000006d4300000, 0x00000006d4400000|  0%| F|  |TS  0|AC  0|TAMS 0x00000006d4300000, 0x00000006d4300000|
| 240|0x00000006d4400000, 0x00000006d4400000, 0x00000006d4500000|  0%| F|  |TS  0|AC  0|TAMS 0x00000006d4400000, 0x00000006d4400000|
| 241|0x00000006d4500000, 0x00000006d4500000, 0x00000006d4600000|  0%| F|  |TS  0|AC  0|TAMS 0x00000006d4500000, 0x00000006d4500000|
| 242|0x00000006d4600000, 0x00000006d4600000, 0x00000006d4700000|  0%| F|  |TS  0|AC  0|TAMS 0x00000006d4600000, 0x00000006d4600000|
| 243|0x00000006d4700000, 0x00000006d4700000, 0x00000006d4800000|  0%| F|  |TS  0|AC  0|TAMS 0x00000006d4700000, 0x00000006d4700000|
| 244|0x00000006d4800000, 0x00000006d4800000, 0x00000006d4900000|  0%| F|  |TS  0|AC  0|TAMS 0x00000006d4800000, 0x00000006d4800000|
| 245|0x00000006d4900000, 0x00000006d4900000, 0x00000006d4a00000|  0%| F|  |TS  0|AC  0|TAMS 0x00000006d4900000, 0x00000006d4900000|
| 246|0x00000006d4a00000, 0x00000006d4abcdf8, 0x00000006d4b00000| 73%| E|  |TS  0|AC  0|TAMS 0x00000006d4a00000, 0x00000006d4a00000|
| 247|0x00000006d4b00000, 0x00000006d4c00000, 0x00000006d4c00000|100%| E|CS|TS  0|AC  0|TAMS 0x00000006d4b00000, 0x00000006d4b00000|
| 248|0x00000006d4c00000, 0x00000006d4d00000, 0x00000006d4d00000|100%| E|CS|TS  0|AC  0|TAMS 0x00000006d4c00000, 0x00000006d4c00000|
| 249|0x00000006d4d00000, 0x00000006d4e00000, 0x00000006d4e00000|100%| E|CS|TS  0|AC  0|TAMS 0x00000006d4d00000, 0x00000006d4d00000|
| 250|0x00000006d4e00000, 0x00000006d4f00000, 0x00000006d4f00000|100%| E|CS|TS  0|AC  0|TAMS 0x00000006d4e00000, 0x00000006d4e00000|
| 251|0x00000006d4f00000, 0x00000006d5000000, 0x00000006d5000000|100%| E|CS|TS  0|AC  0|TAMS 0x00000006d4f00000, 0x00000006d4f00000|

Card table byte_map: [0x00007fc6d41cc000,0x00007fc6d49a2000] byte_map_base: 0x00007fc6d0ba2000

Marking Bits (Prev, Next): (CMBitMap*) 0x00007fc6ec077690, (CMBitMap*) 0x00007fc6ec0776e8
 Prev Bits: [0x00007fc68b97a000, 0x00007fc68f82a000)
 Next Bits: [0x00007fc687aca000, 0x00007fc68b97a000)

Polling page: 0x00007fc6f539a000

CodeHeap 'non-nmethods': size=5700Kb used=1204Kb max_used=1205Kb free=4495Kb
 bounds [0x00007fc6d5c51000, 0x00007fc6d5ec1000, 0x00007fc6d61e2000]
CodeHeap 'profiled nmethods': size=120028Kb used=554Kb max_used=554Kb free=119473Kb
 bounds [0x00007fc6d61e2000, 0x00007fc6d6452000, 0x00007fc6dd719000]
CodeHeap 'non-profiled nmethods': size=120032Kb used=112Kb max_used=112Kb free=119919Kb
 bounds [0x00007fc6dd719000, 0x00007fc6dd989000, 0x00007fc6e4c51000]
 total_blobs=924 nmethods=376 adapters=341
 compilation: enabled

Compilation events (10 events):
Event: 0.290 Thread 0x00007fc6ec261000  373       3       java.lang.ThreadLocal$ThreadLocalMap::access$000 (6 bytes)
Event: 0.290 Thread 0x00007fc6ec261000 nmethod 373 0x00007fc6d626b510 code [0x00007fc6d626b6a0, 0x00007fc6d626b808]
Event: 0.290 Thread 0x00007fc6ec261000  374       3       java.lang.ThreadLocal$ThreadLocalMap::getEntry (42 bytes)
Event: 0.290 Thread 0x00007fc6ec261000 nmethod 374 0x00007fc6d626b910 code [0x00007fc6d626baa0, 0x00007fc6d626bdc8]
Event: 0.291 Thread 0x00007fc6ec261000  375       3       java.lang.Number::<init> (5 bytes)
Event: 0.291 Thread 0x00007fc6ec261000 nmethod 375 0x00007fc6d626bf10 code [0x00007fc6d626c080, 0x00007fc6d626c230]
Event: 0.291 Thread 0x00007fc6ec261000  376       3       java.nio.Buffer::nextGetIndex (31 bytes)
Event: 0.292 Thread 0x00007fc6ec261000 nmethod 376 0x00007fc6d626c310 code [0x00007fc6d626c4a0, 0x00007fc6d626c6a8]
Event: 0.292 Thread 0x00007fc6ec261000  377       3       java.nio.HeapByteBuffer::_get (7 bytes)
Event: 0.292 Thread 0x00007fc6ec261000 nmethod 377 0x00007fc6d626c790 code [0x00007fc6d626c900, 0x00007fc6d626ca70]

GC Heap History (0 events):
No events

Deoptimization events (9 events):
Event: 0.087 Thread 0x00007fc6ec010800 Uncommon trap: reason=unstable_if action=reinterpret pc=0x00007fc6dd71b254 method=java.lang.String.hashCode()I @ 12
Event: 0.166 Thread 0x00007fc6ec010800 Uncommon trap: reason=bimorphic_or_optimized_type_check action=maybe_recompile pc=0x00007fc6dd722c38 method=java.util.Collections$UnmodifiableCollection$1.next()Ljava/lang/Object; @ 4
Event: 0.166 Thread 0x00007fc6ec010800 Uncommon trap: reason=bimorphic_or_optimized_type_check action=maybe_recompile pc=0x00007fc6dd722c38 method=java.util.Collections$UnmodifiableCollection$1.next()Ljava/lang/Object; @ 4
Event: 0.166 Thread 0x00007fc6ec010800 Uncommon trap: reason=bimorphic_or_optimized_type_check action=maybe_recompile pc=0x00007fc6dd722c38 method=java.util.Collections$UnmodifiableCollection$1.next()Ljava/lang/Object; @ 4
Event: 0.169 Thread 0x00007fc6ec010800 Uncommon trap: reason=bimorphic_or_optimized_type_check action=maybe_recompile pc=0x00007fc6dd722c38 method=java.util.Collections$UnmodifiableCollection$1.next()Ljava/lang/Object; @ 4
Event: 0.280 Thread 0x00007fc6ec010800 Uncommon trap: reason=class_check action=maybe_recompile pc=0x00007fc6dd721a0c method=java.util.HashMap.putVal(ILjava/lang/Object;Ljava/lang/Object;ZZ)Ljava/lang/Object; @ 203
Event: 0.281 Thread 0x00007fc6ec010800 Uncommon trap: reason=class_check action=maybe_recompile pc=0x00007fc6dd7219c0 method=java.util.HashMap.putVal(ILjava/lang/Object;Ljava/lang/Object;ZZ)Ljava/lang/Object; @ 91
Event: 0.281 Thread 0x00007fc6ec010800 Uncommon trap: reason=class_check action=maybe_recompile pc=0x00007fc6dd7219c0 method=java.util.HashMap.putVal(ILjava/lang/Object;Ljava/lang/Object;ZZ)Ljava/lang/Object; @ 91
Event: 0.281 Thread 0x00007fc6ec010800 Uncommon trap: reason=class_check action=maybe_recompile pc=0x00007fc6dd7219c0 method=java.util.HashMap.putVal(ILjava/lang/Object;Ljava/lang/Object;ZZ)Ljava/lang/Object; @ 91

Classes redefined (0 events):
No events

Internal exceptions (10 events):
Event: 0.218 Thread 0x00007fc6ec010800 Exception <a 'java/security/PrivilegedActionException'> (0x00000006d4b96a20) thrown at [/build/openjdk-9-argm_o/openjdk-9-9~b114/src/hotspot/src/share/vm/prims/jvm.cpp, line 1375]
Event: 0.218 Thread 0x00007fc6ec010800 Exception <a 'java/security/PrivilegedActionException'> (0x00000006d4b96c30) thrown at [/build/openjdk-9-argm_o/openjdk-9-9~b114/src/hotspot/src/share/vm/prims/jvm.cpp, line 1375]
Event: 0.218 Thread 0x00007fc6ec010800 Exception <a 'java/security/PrivilegedActionException'> (0x00000006d4b97698) thrown at [/build/openjdk-9-argm_o/openjdk-9-9~b114/src/hotspot/src/share/vm/prims/jvm.cpp, line 1375]
Event: 0.218 Thread 0x00007fc6ec010800 Exception <a 'java/security/PrivilegedActionException'> (0x00000006d4b978a8) thrown at [/build/openjdk-9-argm_o/openjdk-9-9~b114/src/hotspot/src/share/vm/prims/jvm.cpp, line 1375]
Event: 0.218 Thread 0x00007fc6ec010800 Exception <a 'java/security/PrivilegedActionException'> (0x00000006d4b983d8) thrown at [/build/openjdk-9-argm_o/openjdk-9-9~b114/src/hotspot/src/share/vm/prims/jvm.cpp, line 1375]
Event: 0.218 Thread 0x00007fc6ec010800 Exception <a 'java/security/PrivilegedActionException'> (0x00000006d4b985e8) thrown at [/build/openjdk-9-argm_o/openjdk-9-9~b114/src/hotspot/src/share/vm/prims/jvm.cpp, line 1375]
Event: 0.218 Thread 0x00007fc6ec010800 Exception <a 'java/security/PrivilegedActionException'> (0x00000006d4b99118) thrown at [/build/openjdk-9-argm_o/openjdk-9-9~b114/src/hotspot/src/share/vm/prims/jvm.cpp, line 1375]
Event: 0.218 Thread 0x00007fc6ec010800 Exception <a 'java/security/PrivilegedActionException'> (0x00000006d4b99328) thrown at [/build/openjdk-9-argm_o/openjdk-9-9~b114/src/hotspot/src/share/vm/prims/jvm.cpp, line 1375]
Event: 0.218 Thread 0x00007fc6ec010800 Exception <a 'java/security/PrivilegedActionException'> (0x00000006d4b99e60) thrown at [/build/openjdk-9-argm_o/openjdk-9-9~b114/src/hotspot/src/share/vm/prims/jvm.cpp, line 1375]
Event: 0.218 Thread 0x00007fc6ec010800 Exception <a 'java/security/PrivilegedActionException'> (0x00000006d4b9a070) thrown at [/build/openjdk-9-argm_o/openjdk-9-9~b114/src/hotspot/src/share/vm/prims/jvm.cpp, line 1375]

Events (10 events):
Event: 0.291 loading class sun/nio/cs/UTF_16$Decoder
Event: 0.291 loading class sun/nio/cs/UnicodeDecoder
Event: 0.291 loading class sun/nio/cs/UnicodeDecoder done
Event: 0.291 loading class sun/nio/cs/UTF_16$Decoder done
Event: 0.292 loading class sun/font/FileFontStrike
Event: 0.292 loading class sun/font/FileFontStrike done
Event: 0.292 loading class sun/font/FontScaler
Event: 0.292 loading class sun/font/FontScaler done
Event: 0.292 loading class sun/font/FreetypeFontScaler
Event: 0.292 loading class sun/font/FreetypeFontScaler done


Dynamic libraries:
00400000-00401000 r-xp 00000000 fd:01 922754                             /usr/lib/jvm/java-9-openjdk-amd64/bin/java
00600000-00601000 r--p 00000000 fd:01 922754                             /usr/lib/jvm/java-9-openjdk-amd64/bin/java
00601000-00602000 rw-p 00001000 fd:01 922754                             /usr/lib/jvm/java-9-openjdk-amd64/bin/java
01894000-018b5000 rw-p 00000000 00:00 0                                  [heap]
6c5400000-6d5000000 rw-p 00000000 00:00 0 
6d5000000-7c0000000 ---p 00000000 00:00 0 
7c0000000-7c00e0000 rw-p 00000000 00:00 0 
7c00e0000-800000000 ---p 00000000 00:00 0 
7fc638000000-7fc638021000 rw-p 00000000 00:00 0 
7fc638021000-7fc63c000000 ---p 00000000 00:00 0 
7fc640000000-7fc640021000 rw-p 00000000 00:00 0 
7fc640021000-7fc644000000 ---p 00000000 00:00 0 
7fc644000000-7fc644021000 rw-p 00000000 00:00 0 
7fc644021000-7fc648000000 ---p 00000000 00:00 0 
7fc648000000-7fc648021000 rw-p 00000000 00:00 0 
7fc648021000-7fc64c000000 ---p 00000000 00:00 0 
7fc64c000000-7fc64c021000 rw-p 00000000 00:00 0 
7fc64c021000-7fc650000000 ---p 00000000 00:00 0 
7fc650000000-7fc650115000 rw-p 00000000 00:00 0 
7fc650115000-7fc654000000 ---p 00000000 00:00 0 
7fc654000000-7fc654058000 rw-p 00000000 00:00 0 
7fc654058000-7fc658000000 ---p 00000000 00:00 0 
7fc658000000-7fc65821f000 rw-p 00000000 00:00 0 
7fc65821f000-7fc65c000000 ---p 00000000 00:00 0 
7fc65c000000-7fc65c101000 rw-p 00000000 00:00 0 
7fc65c101000-7fc660000000 ---p 00000000 00:00 0 
7fc660000000-7fc660021000 rw-p 00000000 00:00 0 
7fc660021000-7fc664000000 ---p 00000000 00:00 0 
7fc664000000-7fc664021000 rw-p 00000000 00:00 0 
7fc664021000-7fc668000000 ---p 00000000 00:00 0 
7fc668000000-7fc668021000 rw-p 00000000 00:00 0 
7fc668021000-7fc66c000000 ---p 00000000 00:00 0 
7fc66c000000-7fc66c021000 rw-p 00000000 00:00 0 
7fc66c021000-7fc670000000 ---p 00000000 00:00 0 
7fc670000000-7fc670021000 rw-p 00000000 00:00 0 
7fc670021000-7fc674000000 ---p 00000000 00:00 0 
7fc675b5c000-7fc675b80000 r-xp 00000000 fd:01 1048837                    /lib/x86_64-linux-gnu/libpng12.so.0.54.0
7fc675b80000-7fc675d7f000 ---p 00024000 fd:01 1048837                    /lib/x86_64-linux-gnu/libpng12.so.0.54.0
7fc675d7f000-7fc675d80000 r--p 00023000 fd:01 1048837                    /lib/x86_64-linux-gnu/libpng12.so.0.54.0
7fc675d80000-7fc675d81000 rw-p 00024000 fd:01 1048837                    /lib/x86_64-linux-gnu/libpng12.so.0.54.0
7fc675d81000-7fc675e25000 r-xp 00000000 fd:01 658480                     /usr/lib/x86_64-linux-gnu/libfreetype.so.6.12.1
7fc675e25000-7fc676024000 ---p 000a4000 fd:01 658480                     /usr/lib/x86_64-linux-gnu/libfreetype.so.6.12.1
7fc676024000-7fc67602a000 r--p 000a3000 fd:01 658480                     /usr/lib/x86_64-linux-gnu/libfreetype.so.6.12.1
7fc67602a000-7fc67602b000 rw-p 000a9000 fd:01 658480                     /usr/lib/x86_64-linux-gnu/libfreetype.so.6.12.1
7fc67602b000-7fc6760f1000 r-xp 00000000 fd:01 922781                     /usr/lib/jvm/java-9-openjdk-amd64/lib/amd64/libfontmanager.so
7fc6760f1000-7fc6762f0000 ---p 000c6000 fd:01 922781                     /usr/lib/jvm/java-9-openjdk-amd64/lib/amd64/libfontmanager.so
7fc6762f0000-7fc6762f3000 r--p 000c5000 fd:01 922781                     /usr/lib/jvm/java-9-openjdk-amd64/lib/amd64/libfontmanager.so
7fc6762f3000-7fc6762f4000 rw-p 000c8000 fd:01 922781                     /usr/lib/jvm/java-9-openjdk-amd64/lib/amd64/libfontmanager.so
7fc6762f4000-7fc6762f5000 rw-p 00000000 00:00 0 
7fc6762f5000-7fc6762f9000 ---p 00000000 00:00 0 
7fc6762f9000-7fc6763f6000 rw-p 00000000 00:00 0 
7fc6763f6000-7fc6763fd000 r-xp 00000000 fd:01 922797                     /usr/lib/jvm/java-9-openjdk-amd64/lib/amd64/libawt_headless.so
7fc6763fd000-7fc6765fc000 ---p 00007000 fd:01 922797                     /usr/lib/jvm/java-9-openjdk-amd64/lib/amd64/libawt_headless.so
7fc6765fc000-7fc6765fd000 r--p 00006000 fd:01 922797                     /usr/lib/jvm/java-9-openjdk-amd64/lib/amd64/libawt_headless.so
7fc6765fd000-7fc6765fe000 rw-p 00007000 fd:01 922797                     /usr/lib/jvm/java-9-openjdk-amd64/lib/amd64/libawt_headless.so
7fc6765fe000-7fc67669e000 r-xp 00000000 fd:01 922780                     /usr/lib/jvm/java-9-openjdk-amd64/lib/amd64/libawt.so
7fc67669e000-7fc67689d000 ---p 000a0000 fd:01 922780                     /usr/lib/jvm/java-9-openjdk-amd64/lib/amd64/libawt.so
7fc67689d000-7fc67689e000 r--p 0009f000 fd:01 922780                     /usr/lib/jvm/java-9-openjdk-amd64/lib/amd64/libawt.so
7fc67689e000-7fc6768a9000 rw-p 000a0000 fd:01 922780                     /usr/lib/jvm/java-9-openjdk-amd64/lib/amd64/libawt.so
7fc6768a9000-7fc6768ce000 rw-p 00000000 00:00 0 
7fc6768ce000-7fc6768cf000 ---p 00000000 00:00 0 
7fc6768cf000-7fc6769cf000 rw-p 00000000 00:00 0 
7fc6769cf000-7fc6769d3000 ---p 00000000 00:00 0 
7fc6769d3000-7fc676ad0000 rw-p 00000000 00:00 0 
7fc676ad0000-7fc676ad4000 ---p 00000000 00:00 0 
7fc676ad4000-7fc676ed1000 rw-p 00000000 00:00 0 
7fc676ed1000-7fc676ee7000 r-xp 00000000 fd:01 922782                     /usr/lib/jvm/java-9-openjdk-amd64/lib/amd64/libnet.so
7fc676ee7000-7fc6770e6000 ---p 00016000 fd:01 922782                     /usr/lib/jvm/java-9-openjdk-amd64/lib/amd64/libnet.so
7fc6770e6000-7fc6770e7000 r--p 00015000 fd:01 922782                     /usr/lib/jvm/java-9-openjdk-amd64/lib/amd64/libnet.so
7fc6770e7000-7fc6770e8000 rw-p 00016000 fd:01 922782                     /usr/lib/jvm/java-9-openjdk-amd64/lib/amd64/libnet.so
7fc6770e8000-7fc6770f9000 r-xp 00000000 fd:01 922809                     /usr/lib/jvm/java-9-openjdk-amd64/lib/amd64/libnio.so
7fc6770f9000-7fc6772f9000 ---p 00011000 fd:01 922809                     /usr/lib/jvm/java-9-openjdk-amd64/lib/amd64/libnio.so
7fc6772f9000-7fc6772fa000 r--p 00011000 fd:01 922809                     /usr/lib/jvm/java-9-openjdk-amd64/lib/amd64/libnio.so
7fc6772fa000-7fc6772fb000 rw-p 00012000 fd:01 922809                     /usr/lib/jvm/java-9-openjdk-amd64/lib/amd64/libnio.so
7fc6772fb000-7fc6772ff000 ---p 00000000 00:00 0 
7fc6772ff000-7fc6773fc000 rw-p 00000000 00:00 0 
7fc6773fc000-7fc677400000 ---p 00000000 00:00 0 
7fc677400000-7fc6774fd000 rw-p 00000000 00:00 0 
7fc6774fd000-7fc677501000 ---p 00000000 00:00 0 
7fc677501000-7fc6775fe000 rw-p 00000000 00:00 0 
7fc6775fe000-7fc677602000 ---p 00000000 00:00 0 
7fc677602000-7fc6776ff000 rw-p 00000000 00:00 0 
7fc6776ff000-7fc677703000 ---p 00000000 00:00 0 
7fc677703000-7fc677f00000 rw-p 00000000 00:00 0 
7fc677f00000-7fc678000000 ---p 00000000 00:00 0 
7fc678000000-7fc678021000 rw-p 00000000 00:00 0 
7fc678021000-7fc67c000000 ---p 00000000 00:00 0 
7fc67c000000-7fc67c021000 rw-p 00000000 00:00 0 
7fc67c021000-7fc680000000 ---p 00000000 00:00 0 
7fc680000000-7fc680021000 rw-p 00000000 00:00 0 
7fc680021000-7fc684000000 ---p 00000000 00:00 0 
7fc68400a000-7fc68400e000 ---p 00000000 00:00 0 
7fc68400e000-7fc68410b000 rw-p 00000000 00:00 0 
7fc68410b000-7fc68410f000 ---p 00000000 00:00 0 
7fc68410f000-7fc68420c000 rw-p 00000000 00:00 0 
7fc68420c000-7fc6844e4000 r--p 00000000 fd:01 661649                     /usr/lib/locale/locale-archive
7fc6844e4000-7fc6844e8000 ---p 00000000 00:00 0 
7fc6844e8000-7fc6845e5000 rw-p 00000000 00:00 0 
7fc6845e5000-7fc6845e9000 ---p 00000000 00:00 0 
7fc6845e9000-7fc6846e6000 rw-p 00000000 00:00 0 
7fc6846e6000-7fc6846e7000 ---p 00000000 00:00 0 
7fc6846e7000-7fc6877c7000 rw-p 00000000 00:00 0 
7fc6877c7000-7fc6877c8000 ---p 00000000 00:00 0 
7fc6877c8000-7fc6878c8000 rw-p 00000000 00:00 0 
7fc6878c8000-7fc6878c9000 ---p 00000000 00:00 0 
7fc6878c9000-7fc6879c9000 rw-p 00000000 00:00 0 
7fc6879c9000-7fc6879ca000 ---p 00000000 00:00 0 
7fc6879ca000-7fc687eba000 rw-p 00000000 00:00 0 
7fc687eba000-7fc68b97a000 ---p 00000000 00:00 0 
7fc68b97a000-7fc68bd6a000 rw-p 00000000 00:00 0 
7fc68bd6a000-7fc68f82a000 ---p 00000000 00:00 0 
7fc68f82a000-7fc68f8a8000 rw-p 00000000 00:00 0 
7fc68f8a8000-7fc690000000 ---p 00000000 00:00 0 
7fc690000000-7fc690021000 rw-p 00000000 00:00 0 
7fc690021000-7fc694000000 ---p 00000000 00:00 0 
7fc694000000-7fc694021000 rw-p 00000000 00:00 0 
7fc694021000-7fc698000000 ---p 00000000 00:00 0 
7fc698000000-7fc698021000 rw-p 00000000 00:00 0 
7fc698021000-7fc69c000000 ---p 00000000 00:00 0 
7fc69c000000-7fc69c021000 rw-p 00000000 00:00 0 
7fc69c021000-7fc6a0000000 ---p 00000000 00:00 0 
7fc6a0000000-7fc6a0021000 rw-p 00000000 00:00 0 
7fc6a0021000-7fc6a4000000 ---p 00000000 00:00 0 
7fc6a4000000-7fc6a4021000 rw-p 00000000 00:00 0 
7fc6a4021000-7fc6a8000000 ---p 00000000 00:00 0 
7fc6a8000000-7fc6a8021000 rw-p 00000000 00:00 0 
7fc6a8021000-7fc6ac000000 ---p 00000000 00:00 0 
7fc6ac000000-7fc6ac021000 rw-p 00000000 00:00 0 
7fc6ac021000-7fc6b0000000 ---p 00000000 00:00 0 
7fc6b0000000-7fc6b0021000 rw-p 00000000 00:00 0 
7fc6b0021000-7fc6b4000000 ---p 00000000 00:00 0 
7fc6b4000000-7fc6b4021000 rw-p 00000000 00:00 0 
7fc6b4021000-7fc6b8000000 ---p 00000000 00:00 0 
7fc6b8000000-7fc6b8021000 rw-p 00000000 00:00 0 
7fc6b8021000-7fc6bc000000 ---p 00000000 00:00 0 
7fc6bc000000-7fc6bc021000 rw-p 00000000 00:00 0 
7fc6bc021000-7fc6c0000000 ---p 00000000 00:00 0 
7fc6c0000000-7fc6c0021000 rw-p 00000000 00:00 0 
7fc6c0021000-7fc6c4000000 ---p 00000000 00:00 0 
7fc6c4000000-7fc6c4021000 rw-p 00000000 00:00 0 
7fc6c4021000-7fc6c8000000 ---p 00000000 00:00 0 
7fc6c8000000-7fc6c8021000 rw-p 00000000 00:00 0 
7fc6c8021000-7fc6cc000000 ---p 00000000 00:00 0 
7fc6cc000000-7fc6cc021000 rw-p 00000000 00:00 0 
7fc6cc021000-7fc6d0000000 ---p 00000000 00:00 0 
7fc6d0000000-7fc6d0021000 rw-p 00000000 00:00 0 
7fc6d0021000-7fc6d4000000 ---p 00000000 00:00 0 
7fc6d40d1000-7fc6d424a000 rw-p 00000000 00:00 0 
7fc6d424a000-7fc6d5178000 ---p 00000000 00:00 0 
7fc6d5178000-7fc6d51f6000 rw-p 00000000 00:00 0 
7fc6d51f6000-7fc6d594e000 ---p 00000000 00:00 0 
7fc6d594e000-7fc6d594f000 ---p 00000000 00:00 0 
7fc6d594f000-7fc6d5a4f000 rw-p 00000000 00:00 0 
7fc6d5a4f000-7fc6d5a50000 ---p 00000000 00:00 0 
7fc6d5a50000-7fc6d5b50000 rw-p 00000000 00:00 0 
7fc6d5b50000-7fc6d5b51000 ---p 00000000 00:00 0 
7fc6d5b51000-7fc6d5c51000 rw-p 00000000 00:00 0 
7fc6d5c51000-7fc6d5ec1000 rwxp 00000000 00:00 0 
7fc6d5ec1000-7fc6d61e2000 ---p 00000000 00:00 0 
7fc6d61e2000-7fc6d6452000 rwxp 00000000 00:00 0 
7fc6d6452000-7fc6dd719000 ---p 00000000 00:00 0 
7fc6dd719000-7fc6dd989000 rwxp 00000000 00:00 0 
7fc6dd989000-7fc6e4c51000 ---p 00000000 00:00 0 
7fc6e4c51000-7fc6ec000000 r--s 00000000 fd:01 922763                     /usr/lib/jvm/java-9-openjdk-amd64/lib/modules
7fc6ec000000-7fc6ec3d3000 rw-p 00000000 00:00 0 
7fc6ec3d3000-7fc6f0000000 ---p 00000000 00:00 0 
7fc6f0048000-7fc6f00be000 rw-p 00000000 00:00 0 
7fc6f00be000-7fc6f00bf000 ---p 00000000 00:00 0 
7fc6f00bf000-7fc6f01bf000 rw-p 00000000 00:00 0 
7fc6f01bf000-7fc6f01c0000 ---p 00000000 00:00 0 
7fc6f01c0000-7fc6f02c0000 rw-p 00000000 00:00 0 
7fc6f02c0000-7fc6f02c1000 ---p 00000000 00:00 0 
7fc6f02c1000-7fc6f03c1000 rw-p 00000000 00:00 0 
7fc6f03c1000-7fc6f03c2000 ---p 00000000 00:00 0 
7fc6f03c2000-7fc6f04c2000 rw-p 00000000 00:00 0 
7fc6f04c2000-7fc6f04c3000 ---p 00000000 00:00 0 
7fc6f04c3000-7fc6f05c3000 rw-p 00000000 00:00 0 
7fc6f05c3000-7fc6f05c4000 ---p 00000000 00:00 0 
7fc6f05c4000-7fc6f0ecc000 rw-p 00000000 00:00 0 
7fc6f0ecc000-7fc6f0ecd000 ---p 00000000 00:00 0 
7fc6f0ecd000-7fc6f0fcd000 rw-p 00000000 00:00 0 
7fc6f0fcd000-7fc6f0fce000 ---p 00000000 00:00 0 
7fc6f0fce000-7fc6f10ce000 rw-p 00000000 00:00 0 
7fc6f10ce000-7fc6f10cf000 ---p 00000000 00:00 0 
7fc6f10cf000-7fc6f11cf000 rw-p 00000000 00:00 0 
7fc6f11cf000-7fc6f11d0000 ---p 00000000 00:00 0 
7fc6f11d0000-7fc6f12d0000 rw-p 00000000 00:00 0 
7fc6f12d0000-7fc6f12d1000 ---p 00000000 00:00 0 
7fc6f12d1000-7fc6f13d1000 rw-p 00000000 00:00 0 
7fc6f13d1000-7fc6f13d2000 ---p 00000000 00:00 0 
7fc6f13d2000-7fc6f14d2000 rw-p 00000000 00:00 0 
7fc6f14d2000-7fc6f14d3000 ---p 00000000 00:00 0 
7fc6f14d3000-7fc6f15d3000 rw-p 00000000 00:00 0 
7fc6f15d3000-7fc6f15d4000 ---p 00000000 00:00 0 
7fc6f15d4000-7fc6f16d9000 rw-p 00000000 00:00 0 
7fc6f16d9000-7fc6f17bf000 ---p 00000000 00:00 0 
7fc6f17bf000-7fc6f17c4000 rw-p 00000000 00:00 0 
7fc6f17c4000-7fc6f18aa000 ---p 00000000 00:00 0 
7fc6f18aa000-7fc6f18af000 r-xp 00000000 fd:01 922796                     /usr/lib/jvm/java-9-openjdk-amd64/lib/amd64/libjimage.so
7fc6f18af000-7fc6f1aae000 ---p 00005000 fd:01 922796                     /usr/lib/jvm/java-9-openjdk-amd64/lib/amd64/libjimage.so
7fc6f1aae000-7fc6f1aaf000 r--p 00004000 fd:01 922796                     /usr/lib/jvm/java-9-openjdk-amd64/lib/amd64/libjimage.so
7fc6f1aaf000-7fc6f1ab0000 rw-p 00005000 fd:01 922796                     /usr/lib/jvm/java-9-openjdk-amd64/lib/amd64/libjimage.so
7fc6f1ab0000-7fc6f1ab7000 r-xp 00000000 fd:01 922792                     /usr/lib/jvm/java-9-openjdk-amd64/lib/amd64/libzip.so
7fc6f1ab7000-7fc6f1cb6000 ---p 00007000 fd:01 922792                     /usr/lib/jvm/java-9-openjdk-amd64/lib/amd64/libzip.so
7fc6f1cb6000-7fc6f1cb7000 r--p 00006000 fd:01 922792                     /usr/lib/jvm/java-9-openjdk-amd64/lib/amd64/libzip.so
7fc6f1cb7000-7fc6f1cb8000 rw-p 00007000 fd:01 922792                     /usr/lib/jvm/java-9-openjdk-amd64/lib/amd64/libzip.so
7fc6f1cb8000-7fc6f1cc3000 r-xp 00000000 fd:01 1050458                    /lib/x86_64-linux-gnu/libnss_files-2.23.so
7fc6f1cc3000-7fc6f1ec2000 ---p 0000b000 fd:01 1050458                    /lib/x86_64-linux-gnu/libnss_files-2.23.so
7fc6f1ec2000-7fc6f1ec3000 r--p 0000a000 fd:01 1050458                    /lib/x86_64-linux-gnu/libnss_files-2.23.so
7fc6f1ec3000-7fc6f1ec4000 rw-p 0000b000 fd:01 1050458                    /lib/x86_64-linux-gnu/libnss_files-2.23.so
7fc6f1ec4000-7fc6f1eca000 rw-p 00000000 00:00 0 
7fc6f1eca000-7fc6f1ed5000 r-xp 00000000 fd:01 1050464                    /lib/x86_64-linux-gnu/libnss_nis-2.23.so
7fc6f1ed5000-7fc6f20d4000 ---p 0000b000 fd:01 1050464                    /lib/x86_64-linux-gnu/libnss_nis-2.23.so
7fc6f20d4000-7fc6f20d5000 r--p 0000a000 fd:01 1050464                    /lib/x86_64-linux-gnu/libnss_nis-2.23.so
7fc6f20d5000-7fc6f20d6000 rw-p 0000b000 fd:01 1050464                    /lib/x86_64-linux-gnu/libnss_nis-2.23.so
7fc6f20d6000-7fc6f20ec000 r-xp 00000000 fd:01 1050453                    /lib/x86_64-linux-gnu/libnsl-2.23.so
7fc6f20ec000-7fc6f22eb000 ---p 00016000 fd:01 1050453                    /lib/x86_64-linux-gnu/libnsl-2.23.so
7fc6f22eb000-7fc6f22ec000 r--p 00015000 fd:01 1050453                    /lib/x86_64-linux-gnu/libnsl-2.23.so
7fc6f22ec000-7fc6f22ed000 rw-p 00016000 fd:01 1050453                    /lib/x86_64-linux-gnu/libnsl-2.23.so
7fc6f22ed000-7fc6f22ef000 rw-p 00000000 00:00 0 
7fc6f22ef000-7fc6f22f7000 r-xp 00000000 fd:01 1050472                    /lib/x86_64-linux-gnu/libnss_compat-2.23.so
7fc6f22f7000-7fc6f24f6000 ---p 00008000 fd:01 1050472                    /lib/x86_64-linux-gnu/libnss_compat-2.23.so
7fc6f24f6000-7fc6f24f7000 r--p 00007000 fd:01 1050472                    /lib/x86_64-linux-gnu/libnss_compat-2.23.so
7fc6f24f7000-7fc6f24f8000 rw-p 00008000 fd:01 1050472                    /lib/x86_64-linux-gnu/libnss_compat-2.23.so
7fc6f24f8000-7fc6f2523000 r-xp 00000000 fd:01 922775                     /usr/lib/jvm/java-9-openjdk-amd64/lib/amd64/libjava.so
7fc6f2523000-7fc6f2722000 ---p 0002b000 fd:01 922775                     /usr/lib/jvm/java-9-openjdk-amd64/lib/amd64/libjava.so
7fc6f2722000-7fc6f2723000 r--p 0002a000 fd:01 922775                     /usr/lib/jvm/java-9-openjdk-amd64/lib/amd64/libjava.so
7fc6f2723000-7fc6f2725000 rw-p 0002b000 fd:01 922775                     /usr/lib/jvm/java-9-openjdk-amd64/lib/amd64/libjava.so
7fc6f2725000-7fc6f2732000 r-xp 00000000 fd:01 922776                     /usr/lib/jvm/java-9-openjdk-amd64/lib/amd64/libverify.so
7fc6f2732000-7fc6f2931000 ---p 0000d000 fd:01 922776                     /usr/lib/jvm/java-9-openjdk-amd64/lib/amd64/libverify.so
7fc6f2931000-7fc6f2933000 r--p 0000c000 fd:01 922776                     /usr/lib/jvm/java-9-openjdk-amd64/lib/amd64/libverify.so
7fc6f2933000-7fc6f2934000 rw-p 0000e000 fd:01 922776                     /usr/lib/jvm/java-9-openjdk-amd64/lib/amd64/libverify.so
7fc6f2934000-7fc6f293b000 r-xp 00000000 fd:01 1050467                    /lib/x86_64-linux-gnu/librt-2.23.so
7fc6f293b000-7fc6f2b3a000 ---p 00007000 fd:01 1050467                    /lib/x86_64-linux-gnu/librt-2.23.so
7fc6f2b3a000-7fc6f2b3b000 r--p 00006000 fd:01 1050467                    /lib/x86_64-linux-gnu/librt-2.23.so
7fc6f2b3b000-7fc6f2b3c000 rw-p 00007000 fd:01 1050467                    /lib/x86_64-linux-gnu/librt-2.23.so
7fc6f2b3c000-7fc6f2b52000 r-xp 00000000 fd:01 1048791                    /lib/x86_64-linux-gnu/libgcc_s.so.1
7fc6f2b52000-7fc6f2d51000 ---p 00016000 fd:01 1048791                    /lib/x86_64-linux-gnu/libgcc_s.so.1
7fc6f2d51000-7fc6f2d52000 rw-p 00015000 fd:01 1048791                    /lib/x86_64-linux-gnu/libgcc_s.so.1
7fc6f2d52000-7fc6f2e5a000 r-xp 00000000 fd:01 1050478                    /lib/x86_64-linux-gnu/libm-2.23.so
7fc6f2e5a000-7fc6f3059000 ---p 00108000 fd:01 1050478                    /lib/x86_64-linux-gnu/libm-2.23.so
7fc6f3059000-7fc6f305a000 r--p 00107000 fd:01 1050478                    /lib/x86_64-linux-gnu/libm-2.23.so
7fc6f305a000-7fc6f305b000 rw-p 00108000 fd:01 1050478                    /lib/x86_64-linux-gnu/libm-2.23.so
7fc6f305b000-7fc6f31cd000 r-xp 00000000 fd:01 660770                     /usr/lib/x86_64-linux-gnu/libstdc++.so.6.0.21
7fc6f31cd000-7fc6f33cd000 ---p 00172000 fd:01 660770                     /usr/lib/x86_64-linux-gnu/libstdc++.so.6.0.21
7fc6f33cd000-7fc6f33d7000 r--p 00172000 fd:01 660770                     /usr/lib/x86_64-linux-gnu/libstdc++.so.6.0.21
7fc6f33d7000-7fc6f33d9000 rw-p 0017c000 fd:01 660770                     /usr/lib/x86_64-linux-gnu/libstdc++.so.6.0.21
7fc6f33d9000-7fc6f33dd000 rw-p 00000000 00:00 0 
7fc6f33dd000-7fc6f423b000 r-xp 00000000 fd:01 922789                     /usr/lib/jvm/java-9-openjdk-amd64/lib/amd64/server/libjvm.so
7fc6f423b000-7fc6f443b000 ---p 00e5e000 fd:01 922789                     /usr/lib/jvm/java-9-openjdk-amd64/lib/amd64/server/libjvm.so
7fc6f443b000-7fc6f44ed000 r--p 00e5e000 fd:01 922789                     /usr/lib/jvm/java-9-openjdk-amd64/lib/amd64/server/libjvm.so
7fc6f44ed000-7fc6f451f000 rw-p 00f10000 fd:01 922789                     /usr/lib/jvm/java-9-openjdk-amd64/lib/amd64/server/libjvm.so
7fc6f451f000-7fc6f4564000 rw-p 00000000 00:00 0 
7fc6f4564000-7fc6f457c000 r-xp 00000000 fd:01 1050462                    /lib/x86_64-linux-gnu/libpthread-2.23.so
7fc6f457c000-7fc6f477b000 ---p 00018000 fd:01 1050462                    /lib/x86_64-linux-gnu/libpthread-2.23.so
7fc6f477b000-7fc6f477c000 r--p 00017000 fd:01 1050462                    /lib/x86_64-linux-gnu/libpthread-2.23.so
7fc6f477c000-7fc6f477d000 rw-p 00018000 fd:01 1050462                    /lib/x86_64-linux-gnu/libpthread-2.23.so
7fc6f477d000-7fc6f4781000 rw-p 00000000 00:00 0 
7fc6f4781000-7fc6f4784000 r-xp 00000000 fd:01 1050471                    /lib/x86_64-linux-gnu/libdl-2.23.so
7fc6f4784000-7fc6f4983000 ---p 00003000 fd:01 1050471                    /lib/x86_64-linux-gnu/libdl-2.23.so
7fc6f4983000-7fc6f4984000 r--p 00002000 fd:01 1050471                    /lib/x86_64-linux-gnu/libdl-2.23.so
7fc6f4984000-7fc6f4985000 rw-p 00003000 fd:01 1050471                    /lib/x86_64-linux-gnu/libdl-2.23.so
7fc6f4985000-7fc6f499e000 r-xp 00000000 fd:01 1048873                    /lib/x86_64-linux-gnu/libz.so.1.2.8
7fc6f499e000-7fc6f4b9d000 ---p 00019000 fd:01 1048873                    /lib/x86_64-linux-gnu/libz.so.1.2.8
7fc6f4b9d000-7fc6f4b9e000 r--p 00018000 fd:01 1048873                    /lib/x86_64-linux-gnu/libz.so.1.2.8
7fc6f4b9e000-7fc6f4b9f000 rw-p 00019000 fd:01 1048873                    /lib/x86_64-linux-gnu/libz.so.1.2.8
7fc6f4b9f000-7fc6f4d5f000 r-xp 00000000 fd:01 1050483                    /lib/x86_64-linux-gnu/libc-2.23.so
7fc6f4d5f000-7fc6f4f5f000 ---p 001c0000 fd:01 1050483                    /lib/x86_64-linux-gnu/libc-2.23.so
7fc6f4f5f000-7fc6f4f63000 r--p 001c0000 fd:01 1050483                    /lib/x86_64-linux-gnu/libc-2.23.so
7fc6f4f63000-7fc6f4f65000 rw-p 001c4000 fd:01 1050483                    /lib/x86_64-linux-gnu/libc-2.23.so
7fc6f4f65000-7fc6f4f69000 rw-p 00000000 00:00 0 
7fc6f4f69000-7fc6f4f77000 r-xp 00000000 fd:01 922806                     /usr/lib/jvm/java-9-openjdk-amd64/lib/amd64/jli/libjli.so
7fc6f4f77000-7fc6f5176000 ---p 0000e000 fd:01 922806                     /usr/lib/jvm/java-9-openjdk-amd64/lib/amd64/jli/libjli.so
7fc6f5176000-7fc6f5177000 r--p 0000d000 fd:01 922806                     /usr/lib/jvm/java-9-openjdk-amd64/lib/amd64/jli/libjli.so
7fc6f5177000-7fc6f5178000 rw-p 0000e000 fd:01 922806                     /usr/lib/jvm/java-9-openjdk-amd64/lib/amd64/jli/libjli.so
7fc6f5178000-7fc6f519e000 r-xp 00000000 fd:01 1050454                    /lib/x86_64-linux-gnu/ld-2.23.so
7fc6f51e2000-7fc6f5282000 rw-p 00000000 00:00 0 
7fc6f5282000-7fc6f5289000 ---p 00000000 00:00 0 
7fc6f5289000-7fc6f528d000 ---p 00000000 00:00 0 
7fc6f528d000-7fc6f538f000 rw-p 00000000 00:00 0 
7fc6f5391000-7fc6f5399000 rw-s 00000000 fd:01 923397                     /tmp/hsperfdata_zhang/22825
7fc6f5399000-7fc6f539a000 rw-p 00000000 00:00 0 
7fc6f539a000-7fc6f539b000 r--p 00000000 00:00 0 
7fc6f539b000-7fc6f539d000 rw-p 00000000 00:00 0 
7fc6f539d000-7fc6f539e000 r--p 00025000 fd:01 1050454                    /lib/x86_64-linux-gnu/ld-2.23.so
7fc6f539e000-7fc6f539f000 rw-p 00026000 fd:01 1050454                    /lib/x86_64-linux-gnu/ld-2.23.so
7fc6f539f000-7fc6f53a0000 rw-p 00000000 00:00 0 
7ffe51746000-7ffe51767000 rw-p 00000000 00:00 0                          [stack]
7ffe517b9000-7ffe517bb000 r--p 00000000 00:00 0                          [vvar]
7ffe517bb000-7ffe517bd000 r-xp 00000000 00:00 0                          [vdso]
ffffffffff600000-ffffffffff601000 r-xp 00000000 00:00 0                  [vsyscall]

VM Arguments:
java_command: plantuml.jar test.uml
java_class_path (initial): plantuml.jar
Launcher Type: SUN_STANDARD

Environment Variables:
PATH=/usr/local/sbin:/usr/local/bin:/usr/sbin:/usr/bin:/sbin:/bin:/usr/games:/usr/local/games
SHELL=/usr/bin/zsh

Signal Handlers:
SIGSEGV: [libjvm.so+0xc12c20], sa_mask[0]=11111111011111111101111111111110, sa_flags=SA_RESTART|SA_SIGINFO
SIGBUS: [libjvm.so+0xc12c20], sa_mask[0]=11111111011111111101111111111110, sa_flags=SA_RESTART|SA_SIGINFO
SIGFPE: [libjvm.so+0xc12c20], sa_mask[0]=11111111011111111101111111111110, sa_flags=SA_RESTART|SA_SIGINFO
SIGPIPE: [libjvm.so+0xa3b600], sa_mask[0]=11111111011111111101111111111110, sa_flags=SA_RESTART|SA_SIGINFO
SIGXFSZ: [libjvm.so+0xa3b600], sa_mask[0]=11111111011111111101111111111110, sa_flags=SA_RESTART|SA_SIGINFO
SIGILL: [libjvm.so+0xc12c20], sa_mask[0]=11111111011111111101111111111110, sa_flags=SA_RESTART|SA_SIGINFO
SIGUSR2: [libjvm.so+0xa3b4a0], sa_mask[0]=00000000000000000000000000000000, sa_flags=SA_RESTART|SA_SIGINFO
SIGHUP: [libjvm.so+0xa3b870], sa_mask[0]=11111111011111111101111111111110, sa_flags=SA_RESTART|SA_SIGINFO
SIGINT: [libjvm.so+0xa3b870], sa_mask[0]=11111111011111111101111111111110, sa_flags=SA_RESTART|SA_SIGINFO
SIGTERM: [libjvm.so+0xa3b870], sa_mask[0]=11111111011111111101111111111110, sa_flags=SA_RESTART|SA_SIGINFO
SIGQUIT: [libjvm.so+0xa3b870], sa_mask[0]=11111111011111111101111111111110, sa_flags=SA_RESTART|SA_SIGINFO


---------------  S Y S T E M  ---------------

OS:DISTRIB_ID=Ubuntu
DISTRIB_RELEASE=16.04
DISTRIB_CODENAME=xenial
DISTRIB_DESCRIPTION="Ubuntu 16.04.3 LTS"
uname:Linux 4.4.0-78-generic #99-Ubuntu SMP Thu Apr 27 15:29:09 UTC 2017 x86_64
libc:glibc 2.23 NPTL 2.23 
rlimit: STACK 8192k, CORE 0k, NPROC 64042, NOFILE 65535, AS infinity
load average:0.40 0.53 0.59

/proc/meminfo:
MemTotal:       16431932 kB
MemFree:         1581204 kB
MemAvailable:   14193188 kB
Buffers:          276600 kB
Cached:         11461092 kB
SwapCached:            0 kB
Active:         10335888 kB
Inactive:        2903036 kB
Active(anon):    1564076 kB
Inactive(anon):   110944 kB
Active(file):    8771812 kB
Inactive(file):  2792092 kB
Unevictable:           0 kB
Mlocked:               0 kB
SwapTotal:             0 kB
SwapFree:              0 kB
Dirty:               232 kB
Writeback:             0 kB
AnonPages:       1503392 kB
Mapped:           518704 kB
Shmem:            173796 kB
Slab:            1504868 kB
SReclaimable:    1386420 kB
SUnreclaim:       118448 kB
KernelStack:       21008 kB
PageTables:        17432 kB
NFS_Unstable:          0 kB
Bounce:                0 kB
WritebackTmp:          0 kB
CommitLimit:     8215964 kB
Committed_AS:    7084288 kB
VmallocTotal:   34359738367 kB
VmallocUsed:           0 kB
VmallocChunk:          0 kB
HardwareCorrupted:     0 kB
AnonHugePages:    512000 kB
CmaTotal:              0 kB
CmaFree:               0 kB
HugePages_Total:       0
HugePages_Free:        0
HugePages_Rsvd:        0
HugePages_Surp:        0
Hugepagesize:       2048 kB
DirectMap4k:      208764 kB
DirectMap2M:    14471168 kB
DirectMap1G:     4194304 kB


CPU:total 8 (1 cores per cpu, 1 threads per core) family 6 model 45 stepping 7, cmov, cx8, fxsr, mmx, sse, sse2, sse3, ssse3, sse4.1, sse4.2, popcnt, avx, aes, clmul, tsc

CPU Model and flags from /proc/cpuinfo:
model name	: Intel(R) Xeon(R) CPU E5-4610 0 @ 2.40GHz
flags		: fpu vme de pse tsc msr pae mce cx8 apic sep mtrr pge mca cmov pat pse36 clflush mmx fxsr sse sse2 ss syscall nx pdpe1gb rdtscp lm constant_tsc arch_perfmon rep_good nopl eagerfpu pni pclmulqdq vmx ssse3 cx16 pcid sse4_1 sse4_2 x2apic popcnt tsc_deadline_timer aes xsave avx hypervisor lahf_lm tpr_shadow vnmi flexpriority ept tsc_adjust xsaveopt

Memory: 4k page, physical 16431932k(1581204k free), swap 0k(0k free)

vm_info: OpenJDK 64-Bit Server VM (9-internal+0-2016-04-14-195246.buildd.src) for linux-amd64 JRE (9-internal+0-2016-04-14-195246.buildd.src), built on Apr 14 2016 20:05:37 by "buildd" with gcc 5.3.1 20160413

END.
