#
# A fatal error has been detected by the Java Runtime Environment:
#
#  SIGSEGV (0xb) at pc=0x00007f689ae1b009, pid=20225, tid=20226
#
# JRE version: OpenJDK Runtime Environment (9.0) (build 9-internal+0-2016-04-14-195246.buildd.src)
# Java VM: OpenJDK 64-Bit Server VM (9-internal+0-2016-04-14-195246.buildd.src, mixed mode, tiered, compressed oops, g1 gc, linux-amd64)
# Problematic frame:
# C  [libjava.so+0x1d009]  JNU_GetEnv+0x19
#
# Core dump will be written. Default location: Core dumps may be processed with "/usr/share/apport/apport %p %s %c %d %P" (or dumping to /home/zhang/myScript/tools/core.20225)
#
# If you would like to submit a bug report, please visit:
#   http://bugreport.java.com/bugreport/crash.jsp
# The crash happened outside the Java Virtual Machine in native code.
# See problematic frame for where to report the bug.
#

---------------  S U M M A R Y ------------

Command Line: plantuml.jar test.uml

Host: Intel(R) Xeon(R) CPU E5-4610 0 @ 2.40GHz, 8 cores, 15G, Ubuntu 16.04.3 LTS
Time: Thu Jun  6 15:58:43 2019 CST elapsed time: 0 seconds (0d 0h 0m 0s)

---------------  T H R E A D  ---------------

Current thread (0x00007f6894010800):  JavaThread "main" [_thread_in_native, id=20226, stack(0x00007f689db8f000,0x00007f689dc90000)]

Stack: [0x00007f689db8f000,0x00007f689dc90000],  sp=0x00007f689dc8d6e0,  free space=1017k
Native frames: (J=compiled Java code, j=interpreted, Vv=VM code, C=native code)
C  [libjava.so+0x1d009]  JNU_GetEnv+0x19
C  [libfontmanager.so+0x33f8e]
C  [libfreetype.so.6+0x14d2b]  FT_Stream_Seek+0x1b

Java frames: (J=compiled Java code, j=interpreted, Vv=VM code)
j  sun.font.FreetypeFontScaler.initNativeScaler(Lsun/font/Font2D;IIZI)J+0 java.desktop@9-internal
j  sun.font.FreetypeFontScaler.<init>(Lsun/font/Font2D;IZI)V+26 java.desktop@9-internal
v  ~StubRoutines::call_stub
j  sun.reflect.NativeConstructorAccessorImpl.newInstance0(Ljava/lang/reflect/Constructor;[Ljava/lang/Object;)Ljava/lang/Object;+0 java.base@9-internal
j  sun.reflect.NativeConstructorAccessorImpl.newInstance([Ljava/lang/Object;)Ljava/lang/Object;+85 java.base@9-internal
j  sun.reflect.DelegatingConstructorAccessorImpl.newInstance([Ljava/lang/Object;)Ljava/lang/Object;+5 java.base@9-internal
j  java.lang.reflect.Constructor.newInstance([Ljava/lang/Object;)Ljava/lang/Object;+65 java.base@9-internal
j  sun.font.FontScaler.getScaler(Lsun/font/Font2D;IZI)Lsun/font/FontScaler;+39 java.desktop@9-internal
j  sun.font.TrueTypeFont.getScaler()Lsun/font/FontScaler;+21 java.desktop@9-internal
j  sun.font.FileFontStrike.<init>(Lsun/font/FileFont;Lsun/font/FontStrikeDesc;)V+204 java.desktop@9-internal
j  sun.font.FileFont.createStrike(Lsun/font/FontStrikeDesc;)Lsun/font/FontStrike;+18 java.desktop@9-internal
j  sun.font.Font2D.getStrike(Lsun/font/FontStrikeDesc;Z)Lsun/font/FontStrike;+92 java.desktop@9-internal
j  sun.font.Font2D.getStrike(Lsun/font/FontStrikeDesc;)Lsun/font/FontStrike;+3 java.desktop@9-internal
j  sun.font.CompositeStrike.getStrikeForSlot(I)Lsun/font/PhysicalStrike;+23 java.desktop@9-internal
j  sun.font.CompositeStrike.getFontMetrics()Lsun/font/StrikeMetrics;+31 java.desktop@9-internal
j  sun.font.FontDesignMetrics.initMatrixAndMetrics()V+28 java.desktop@9-internal
j  sun.font.FontDesignMetrics.<init>(Ljava/awt/Font;Ljava/awt/font/FontRenderContext;)V+62 java.desktop@9-internal
j  sun.font.FontDesignMetrics.getMetrics(Ljava/awt/Font;Ljava/awt/font/FontRenderContext;)Lsun/font/FontDesignMetrics;+128 java.desktop@9-internal
j  sun.java2d.SunGraphics2D.getFontMetrics(Ljava/awt/Font;)Ljava/awt/FontMetrics;+25 java.desktop@9-internal
j  net.sourceforge.plantuml.Run.forceOpenJdkResourceLoad()V+47
j  net.sourceforge.plantuml.Run.main([Ljava/lang/String;)V+271
v  ~StubRoutines::call_stub

siginfo: si_signo: 11 (SIGSEGV), si_code: 1 (SEGV_MAPERR), si_addr: 0x0000000000000000

Register to memory mapping:

RAX=0x0000000000000000 is an unknown value
RBX=0x0000000000000000 is an unknown value
RCX=0x0000000000000000 is an unknown value
RDX=0x0000000000010002 is an unknown value
RSP=0x00007f689dc8d6e0 is pointing into the stack for thread: 0x00007f6894010800
RBP=0x00007f689dc8d6f0 is pointing into the stack for thread: 0x00007f6894010800
RSI=0x0000000000010002 is an unknown value
RDI=0x0000000000000000 is an unknown value
R8 =0x0000000000000000 is an unknown value
R9 =0x0000000000000000 is an unknown value
R10=0x00000000000001db is an unknown value
R11=0x00007f689ae1aff0: JNU_GetEnv+0x0000000000000000 in /usr/lib/jvm/java-9-openjdk-amd64/lib/amd64/libjava.so at 0x00007f689adfe000
R12=0x00007f68943d7650 is an unknown value
R13=0x0000000000000000 is an unknown value
R14=0x0000000000000000 is an unknown value
R15=0x00007f68943d76b0 is an unknown value


Registers:
RAX=0x0000000000000000, RBX=0x0000000000000000, RCX=0x0000000000000000, RDX=0x0000000000010002
RSP=0x00007f689dc8d6e0, RBP=0x00007f689dc8d6f0, RSI=0x0000000000010002, RDI=0x0000000000000000
R8 =0x0000000000000000, R9 =0x0000000000000000, R10=0x00000000000001db, R11=0x00007f689ae1aff0
R12=0x00007f68943d7650, R13=0x0000000000000000, R14=0x0000000000000000, R15=0x00007f68943d76b0
RIP=0x00007f689ae1b009, EFLAGS=0x0000000000010246, CSGSFS=0x0000000000000033, ERR=0x0000000000000004
  TRAPNO=0x000000000000000e

Top of Stack: (sp=0x00007f689dc8d6e0)
0x00007f689dc8d6e0:   0000000000000000 b33004517e39cf00
0x00007f689dc8d6f0:   00007f689dc8d730 00007f680695ff8e
0x00007f689dc8d700:   00007f68943d6b00 00007f68943d7650
0x00007f689dc8d710:   0000000000000000 0000000000000000
0x00007f689dc8d720:   00007f68943d7650 00007f68943d76b0
0x00007f689dc8d730:   0000000000000000 00007f6806696d2b
0x00007f689dc8d740:   0000000000000000 00007f6806928d80
0x00007f689dc8d750:   0000000000000000 00007f68066aa8e0
0x00007f689dc8d760:   0000000000000002 0000003200000008
0x00007f689dc8d770:   0000000000000000 0000000000000000
0x00007f689dc8d780:   0000006e0000005b 0000000000000000
0x00007f689dc8d790:   0000000000000000 0000007c00000077
0x00007f689dc8d7a0:   0202020202020202 0202020202020202
0x00007f689dc8d7b0:   0000000000000000 0000000000000000
0x00007f689dc8d7c0:   0101010101010101 00007f6894000020
0x00007f689dc8d7d0:   0000000000000070 00007f689dc8d884
0x00007f689dc8d7e0:   00007f68943d6b00 00007f68943d76b0
0x00007f689dc8d7f0:   00007f689dc8d884 00007f689d529184
0x00007f689dc8d800:   00007f689c4a0f00 00007f689dc8d834
0x00007f689dc8d810:   00007f68069259e0 b33004517e39cf00
0x00007f689dc8d820:   0000000000000070 00007f68943d0aa0
0x00007f689dc8d830:   00007f68069259e0 00007f689dc8d948
0x00007f689dc8d840:   00007f68943d6b00 00007f68943d76b0
0x00007f689dc8d850:   00007f68943d7be0 00007f68066994c2
0x00007f689dc8d860:   0000000100000000 00007f689dc8d950
0x00007f689dc8d870:   0000000000000000 0000000000000000
0x00007f689dc8d880:   000000009dc8d948 b33004517e39cf00
0x00007f689dc8d890:   00007f68943d0aa0 00007f689dc8d950
0x00007f689dc8d8a0:   0000000000000000 00007f68943d6a28
0x00007f689dc8d8b0:   00007f689dc8db50 00007f68943d6988
0x00007f689dc8d8c0:   00007f68943d6b00 00007f680669b581
0x00007f689dc8d8d0:   00007f689dc8d950 00007f680669b376 

Instructions: (pc=0x00007f689ae1b009)
0x00007f689ae1afe9:   ff eb ea 0f 1f 40 00 55 89 f2 48 89 e5 48 83 ec
0x00007f689ae1aff9:   10 64 48 8b 04 25 28 00 00 00 48 89 45 f8 31 c0
0x00007f689ae1b009:   48 8b 07 48 8d 75 f0 ff 50 30 48 8b 4d f8 64 48
0x00007f689ae1b019:   33 0c 25 28 00 00 00 48 8b 45 f0 75 02 c9 c3 e8 


---------------  P R O C E S S  ---------------

Java Threads: ( => current thread )
  0x00007f689439b800 JavaThread "Java2D Disposer" daemon [_thread_blocked, id=20260, stack(0x00007f6806bf6000,0x00007f6806cf7000)]
  0x00007f6894319800 JavaThread "Service Thread" daemon [_thread_blocked, id=20258, stack(0x00007f68072d0000,0x00007f68073d1000)]
  0x00007f6894272800 JavaThread "Common-Cleaner" daemon [_thread_blocked, id=20257, stack(0x00007f68073d1000,0x00007f68074d2000)]
  0x00007f689425b000 JavaThread "Sweeper thread" daemon [_thread_blocked, id=20256, stack(0x00007f6807bfc000,0x00007f6807cfd000)]
  0x00007f6894259000 JavaThread "C1 CompilerThread3" daemon [_thread_blocked, id=20255, stack(0x00007f6807cfd000,0x00007f6807dfe000)]
  0x00007f6894257000 JavaThread "C2 CompilerThread2" daemon [_thread_blocked, id=20254, stack(0x00007f6807dfe000,0x00007f6807eff000)]
  0x00007f6894255000 JavaThread "C2 CompilerThread1" daemon [_thread_in_native, id=20253, stack(0x00007f6807eff000,0x00007f6808000000)]
  0x00007f6894253800 JavaThread "C2 CompilerThread0" daemon [_thread_blocked, id=20252, stack(0x00007f682c000000,0x00007f682c101000)]
  0x00007f689424f000 JavaThread "Signal Dispatcher" daemon [_thread_blocked, id=20251, stack(0x00007f682c101000,0x00007f682c202000)]
  0x00007f689424d000 JavaThread "Surrogate Locker Thread (Concurrent GC)" daemon [_thread_blocked, id=20250, stack(0x00007f682c202000,0x00007f682c303000)]
  0x00007f689423b800 JavaThread "Finalizer" daemon [_thread_blocked, id=20249, stack(0x00007f682c5db000,0x00007f682c6dc000)]
  0x00007f6894237800 JavaThread "Reference Handler" daemon [_thread_blocked, id=20248, stack(0x00007f682c6dc000,0x00007f682c7dd000)]
=>0x00007f6894010800 JavaThread "main" [_thread_in_native, id=20226, stack(0x00007f689db8f000,0x00007f689dc90000)]

Other Threads:
  0x00007f689422d800 VMThread [stack: 0x00007f682c7dd000,0x00007f682c8de000] [id=20247]
  0x00007f689431c800 WatcherThread [stack: 0x00007f68071cf000,0x00007f68072d0000] [id=20259]

Threads with active compile tasks:
C2 CompilerThread1 365       4       java.util.HashMap::putVal (300 bytes)

VM state:not at safepoint (normal execution)

VM Mutex/Monitor currently owned by a thread: None

heap address: 0x00000006c5400000, size: 4012 MB, Compressed Oops mode: Zero based, Oop shift amount: 3
Narrow klass base: 0x0000000000000000, Narrow klass shift: 3
Compressed class space size: 1073741824 Address: 0x00000007c0000000

Heap:
 garbage-first heap   total 258048K, used 5120K [0x00000006c5400000, 0x00000006c55007e0, 0x00000007c0000000)
  region size 1024K, 6 young (6144K), 0 survivors (0K)
 Metaspace       used 7683K, capacity 7896K, committed 8064K, reserved 1056768K
  class space    used 807K, capacity 881K, committed 896K, reserved 1048576K

Heap Regions: E=young(eden), S=young(survivor), O=old, HS=humongous(starts), HC=humongous(continues), CS=collection set, F=free, A=archive, TS=gc time stamp, AC=allocation context, TAMS=top-at-mark-start (previous, next)
|   0|0x00000006c5400000, 0x00000006c5400000, 0x00000006c5500000|  0%| F|  |TS  0|AC  0|TAMS 0x00000006c5400000, 0x00000006c5400000|
|   1|0x00000006c5500000, 0x00000006c5500000, 0x00000006c5600000|  0%| F|  |TS  0|AC  0|TAMS 0x00000006c5500000, 0x00000006c5500000|
|   2|0x00000006c5600000, 0x00000006c5600000, 0x00000006c5700000|  0%| F|  |TS  0|AC  0|TAMS 0x00000006c5600000, 0x00000006c5600000|
|   3|0x00000006c5700000, 0x00000006c5700000, 0x00000006c5800000|  0%| F|  |TS  0|AC  0|TAMS 0x00000006c5700000, 0x00000006c5700000|
|   4|0x00000006c5800000, 0x00000006c5800000, 0x00000006c5900000|  0%| F|  |TS  0|AC  0|TAMS 0x00000006c5800000, 0x00000006c5800000|
|   5|0x00000006c5900000, 0x00000006c5900000, 0x00000006c5a00000|  0%| F|  |TS  0|AC  0|TAMS 0x00000006c5900000, 0x00000006c5900000|
|   6|0x00000006c5a00000, 0x00000006c5a00000, 0x00000006c5b00000|  0%| F|  |TS  0|AC  0|TAMS 0x00000006c5a00000, 0x00000006c5a00000|
|   7|0x00000006c5b00000, 0x00000006c5b00000, 0x00000006c5c00000|  0%| F|  |TS  0|AC  0|TAMS 0x00000006c5b00000, 0x00000006c5b00000|
|   8|0x00000006c5c00000, 0x00000006c5c00000, 0x00000006c5d00000|  0%| F|  |TS  0|AC  0|TAMS 0x00000006c5c00000, 0x00000006c5c00000|
|   9|0x00000006c5d00000, 0x00000006c5d00000, 0x00000006c5e00000|  0%| F|  |TS  0|AC  0|TAMS 0x00000006c5d00000, 0x00000006c5d00000|
|  10|0x00000006c5e00000, 0x00000006c5e00000, 0x00000006c5f00000|  0%| F|  |TS  0|AC  0|TAMS 0x00000006c5e00000, 0x00000006c5e00000|
|  11|0x00000006c5f00000, 0x00000006c5f00000, 0x00000006c6000000|  0%| F|  |TS  0|AC  0|TAMS 0x00000006c5f00000, 0x00000006c5f00000|
|  12|0x00000006c6000000, 0x00000006c6000000, 0x00000006c6100000|  0%| F|  |TS  0|AC  0|TAMS 0x00000006c6000000, 0x00000006c6000000|
|  13|0x00000006c6100000, 0x00000006c6100000, 0x00000006c6200000|  0%| F|  |TS  0|AC  0|TAMS 0x00000006c6100000, 0x00000006c6100000|
|  14|0x00000006c6200000, 0x00000006c6200000, 0x00000006c6300000|  0%| F|  |TS  0|AC  0|TAMS 0x00000006c6200000, 0x00000006c6200000|
|  15|0x00000006c6300000, 0x00000006c6300000, 0x00000006c6400000|  0%| F|  |TS  0|AC  0|TAMS 0x00000006c6300000, 0x00000006c6300000|
|  16|0x00000006c6400000, 0x00000006c6400000, 0x00000006c6500000|  0%| F|  |TS  0|AC  0|TAMS 0x00000006c6400000, 0x00000006c6400000|
|  17|0x00000006c6500000, 0x00000006c6500000, 0x00000006c6600000|  0%| F|  |TS  0|AC  0|TAMS 0x00000006c6500000, 0x00000006c6500000|
|  18|0x00000006c6600000, 0x00000006c6600000, 0x00000006c6700000|  0%| F|  |TS  0|AC  0|TAMS 0x00000006c6600000, 0x00000006c6600000|
|  19|0x00000006c6700000, 0x00000006c6700000, 0x00000006c6800000|  0%| F|  |TS  0|AC  0|TAMS 0x00000006c6700000, 0x00000006c6700000|
|  20|0x00000006c6800000, 0x00000006c6800000, 0x00000006c6900000|  0%| F|  |TS  0|AC  0|TAMS 0x00000006c6800000, 0x00000006c6800000|
|  21|0x00000006c6900000, 0x00000006c6900000, 0x00000006c6a00000|  0%| F|  |TS  0|AC  0|TAMS 0x00000006c6900000, 0x00000006c6900000|
|  22|0x00000006c6a00000, 0x00000006c6a00000, 0x00000006c6b00000|  0%| F|  |TS  0|AC  0|TAMS 0x00000006c6a00000, 0x00000006c6a00000|
|  23|0x00000006c6b00000, 0x00000006c6b00000, 0x00000006c6c00000|  0%| F|  |TS  0|AC  0|TAMS 0x00000006c6b00000, 0x00000006c6b00000|
|  24|0x00000006c6c00000, 0x00000006c6c00000, 0x00000006c6d00000|  0%| F|  |TS  0|AC  0|TAMS 0x00000006c6c00000, 0x00000006c6c00000|
|  25|0x00000006c6d00000, 0x00000006c6d00000, 0x00000006c6e00000|  0%| F|  |TS  0|AC  0|TAMS 0x00000006c6d00000, 0x00000006c6d00000|
|  26|0x00000006c6e00000, 0x00000006c6e00000, 0x00000006c6f00000|  0%| F|  |TS  0|AC  0|TAMS 0x00000006c6e00000, 0x00000006c6e00000|
|  27|0x00000006c6f00000, 0x00000006c6f00000, 0x00000006c7000000|  0%| F|  |TS  0|AC  0|TAMS 0x00000006c6f00000, 0x00000006c6f00000|
|  28|0x00000006c7000000, 0x00000006c7000000, 0x00000006c7100000|  0%| F|  |TS  0|AC  0|TAMS 0x00000006c7000000, 0x00000006c7000000|
|  29|0x00000006c7100000, 0x00000006c7100000, 0x00000006c7200000|  0%| F|  |TS  0|AC  0|TAMS 0x00000006c7100000, 0x00000006c7100000|
|  30|0x00000006c7200000, 0x00000006c7200000, 0x00000006c7300000|  0%| F|  |TS  0|AC  0|TAMS 0x00000006c7200000, 0x00000006c7200000|
|  31|0x00000006c7300000, 0x00000006c7300000, 0x00000006c7400000|  0%| F|  |TS  0|AC  0|TAMS 0x00000006c7300000, 0x00000006c7300000|
|  32|0x00000006c7400000, 0x00000006c7400000, 0x00000006c7500000|  0%| F|  |TS  0|AC  0|TAMS 0x00000006c7400000, 0x00000006c7400000|
|  33|0x00000006c7500000, 0x00000006c7500000, 0x00000006c7600000|  0%| F|  |TS  0|AC  0|TAMS 0x00000006c7500000, 0x00000006c7500000|
|  34|0x00000006c7600000, 0x00000006c7600000, 0x00000006c7700000|  0%| F|  |TS  0|AC  0|TAMS 0x00000006c7600000, 0x00000006c7600000|
|  35|0x00000006c7700000, 0x00000006c7700000, 0x00000006c7800000|  0%| F|  |TS  0|AC  0|TAMS 0x00000006c7700000, 0x00000006c7700000|
|  36|0x00000006c7800000, 0x00000006c7800000, 0x00000006c7900000|  0%| F|  |TS  0|AC  0|TAMS 0x00000006c7800000, 0x00000006c7800000|
|  37|0x00000006c7900000, 0x00000006c7900000, 0x00000006c7a00000|  0%| F|  |TS  0|AC  0|TAMS 0x00000006c7900000, 0x00000006c7900000|
|  38|0x00000006c7a00000, 0x00000006c7a00000, 0x00000006c7b00000|  0%| F|  |TS  0|AC  0|TAMS 0x00000006c7a00000, 0x00000006c7a00000|
|  39|0x00000006c7b00000, 0x00000006c7b00000, 0x00000006c7c00000|  0%| F|  |TS  0|AC  0|TAMS 0x00000006c7b00000, 0x00000006c7b00000|
|  40|0x00000006c7c00000, 0x00000006c7c00000, 0x00000006c7d00000|  0%| F|  |TS  0|AC  0|TAMS 0x00000006c7c00000, 0x00000006c7c00000|
|  41|0x00000006c7d00000, 0x00000006c7d00000, 0x00000006c7e00000|  0%| F|  |TS  0|AC  0|TAMS 0x00000006c7d00000, 0x00000006c7d00000|
|  42|0x00000006c7e00000, 0x00000006c7e00000, 0x00000006c7f00000|  0%| F|  |TS  0|AC  0|TAMS 0x00000006c7e00000, 0x00000006c7e00000|
|  43|0x00000006c7f00000, 0x00000006c7f00000, 0x00000006c8000000|  0%| F|  |TS  0|AC  0|TAMS 0x00000006c7f00000, 0x00000006c7f00000|
|  44|0x00000006c8000000, 0x00000006c8000000, 0x00000006c8100000|  0%| F|  |TS  0|AC  0|TAMS 0x00000006c8000000, 0x00000006c8000000|
|  45|0x00000006c8100000, 0x00000006c8100000, 0x00000006c8200000|  0%| F|  |TS  0|AC  0|TAMS 0x00000006c8100000, 0x00000006c8100000|
|  46|0x00000006c8200000, 0x00000006c8200000, 0x00000006c8300000|  0%| F|  |TS  0|AC  0|TAMS 0x00000006c8200000, 0x00000006c8200000|
|  47|0x00000006c8300000, 0x00000006c8300000, 0x00000006c8400000|  0%| F|  |TS  0|AC  0|TAMS 0x00000006c8300000, 0x00000006c8300000|
|  48|0x00000006c8400000, 0x00000006c8400000, 0x00000006c8500000|  0%| F|  |TS  0|AC  0|TAMS 0x00000006c8400000, 0x00000006c8400000|
|  49|0x00000006c8500000, 0x00000006c8500000, 0x00000006c8600000|  0%| F|  |TS  0|AC  0|TAMS 0x00000006c8500000, 0x00000006c8500000|
|  50|0x00000006c8600000, 0x00000006c8600000, 0x00000006c8700000|  0%| F|  |TS  0|AC  0|TAMS 0x00000006c8600000, 0x00000006c8600000|
|  51|0x00000006c8700000, 0x00000006c8700000, 0x00000006c8800000|  0%| F|  |TS  0|AC  0|TAMS 0x00000006c8700000, 0x00000006c8700000|
|  52|0x00000006c8800000, 0x00000006c8800000, 0x00000006c8900000|  0%| F|  |TS  0|AC  0|TAMS 0x00000006c8800000, 0x00000006c8800000|
|  53|0x00000006c8900000, 0x00000006c8900000, 0x00000006c8a00000|  0%| F|  |TS  0|AC  0|TAMS 0x00000006c8900000, 0x00000006c8900000|
|  54|0x00000006c8a00000, 0x00000006c8a00000, 0x00000006c8b00000|  0%| F|  |TS  0|AC  0|TAMS 0x00000006c8a00000, 0x00000006c8a00000|
|  55|0x00000006c8b00000, 0x00000006c8b00000, 0x00000006c8c00000|  0%| F|  |TS  0|AC  0|TAMS 0x00000006c8b00000, 0x00000006c8b00000|
|  56|0x00000006c8c00000, 0x00000006c8c00000, 0x00000006c8d00000|  0%| F|  |TS  0|AC  0|TAMS 0x00000006c8c00000, 0x00000006c8c00000|
|  57|0x00000006c8d00000, 0x00000006c8d00000, 0x00000006c8e00000|  0%| F|  |TS  0|AC  0|TAMS 0x00000006c8d00000, 0x00000006c8d00000|
|  58|0x00000006c8e00000, 0x00000006c8e00000, 0x00000006c8f00000|  0%| F|  |TS  0|AC  0|TAMS 0x00000006c8e00000, 0x00000006c8e00000|
|  59|0x00000006c8f00000, 0x00000006c8f00000, 0x00000006c9000000|  0%| F|  |TS  0|AC  0|TAMS 0x00000006c8f00000, 0x00000006c8f00000|
|  60|0x00000006c9000000, 0x00000006c9000000, 0x00000006c9100000|  0%| F|  |TS  0|AC  0|TAMS 0x00000006c9000000, 0x00000006c9000000|
|  61|0x00000006c9100000, 0x00000006c9100000, 0x00000006c9200000|  0%| F|  |TS  0|AC  0|TAMS 0x00000006c9100000, 0x00000006c9100000|
|  62|0x00000006c9200000, 0x00000006c9200000, 0x00000006c9300000|  0%| F|  |TS  0|AC  0|TAMS 0x00000006c9200000, 0x00000006c9200000|
|  63|0x00000006c9300000, 0x00000006c9300000, 0x00000006c9400000|  0%| F|  |TS  0|AC  0|TAMS 0x00000006c9300000, 0x00000006c9300000|
|  64|0x00000006c9400000, 0x00000006c9400000, 0x00000006c9500000|  0%| F|  |TS  0|AC  0|TAMS 0x00000006c9400000, 0x00000006c9400000|
|  65|0x00000006c9500000, 0x00000006c9500000, 0x00000006c9600000|  0%| F|  |TS  0|AC  0|TAMS 0x00000006c9500000, 0x00000006c9500000|
|  66|0x00000006c9600000, 0x00000006c9600000, 0x00000006c9700000|  0%| F|  |TS  0|AC  0|TAMS 0x00000006c9600000, 0x00000006c9600000|
|  67|0x00000006c9700000, 0x00000006c9700000, 0x00000006c9800000|  0%| F|  |TS  0|AC  0|TAMS 0x00000006c9700000, 0x00000006c9700000|
|  68|0x00000006c9800000, 0x00000006c9800000, 0x00000006c9900000|  0%| F|  |TS  0|AC  0|TAMS 0x00000006c9800000, 0x00000006c9800000|
|  69|0x00000006c9900000, 0x00000006c9900000, 0x00000006c9a00000|  0%| F|  |TS  0|AC  0|TAMS 0x00000006c9900000, 0x00000006c9900000|
|  70|0x00000006c9a00000, 0x00000006c9a00000, 0x00000006c9b00000|  0%| F|  |TS  0|AC  0|TAMS 0x00000006c9a00000, 0x00000006c9a00000|
|  71|0x00000006c9b00000, 0x00000006c9b00000, 0x00000006c9c00000|  0%| F|  |TS  0|AC  0|TAMS 0x00000006c9b00000, 0x00000006c9b00000|
|  72|0x00000006c9c00000, 0x00000006c9c00000, 0x00000006c9d00000|  0%| F|  |TS  0|AC  0|TAMS 0x00000006c9c00000, 0x00000006c9c00000|
|  73|0x00000006c9d00000, 0x00000006c9d00000, 0x00000006c9e00000|  0%| F|  |TS  0|AC  0|TAMS 0x00000006c9d00000, 0x00000006c9d00000|
|  74|0x00000006c9e00000, 0x00000006c9e00000, 0x00000006c9f00000|  0%| F|  |TS  0|AC  0|TAMS 0x00000006c9e00000, 0x00000006c9e00000|
|  75|0x00000006c9f00000, 0x00000006c9f00000, 0x00000006ca000000|  0%| F|  |TS  0|AC  0|TAMS 0x00000006c9f00000, 0x00000006c9f00000|
|  76|0x00000006ca000000, 0x00000006ca000000, 0x00000006ca100000|  0%| F|  |TS  0|AC  0|TAMS 0x00000006ca000000, 0x00000006ca000000|
|  77|0x00000006ca100000, 0x00000006ca100000, 0x00000006ca200000|  0%| F|  |TS  0|AC  0|TAMS 0x00000006ca100000, 0x00000006ca100000|
|  78|0x00000006ca200000, 0x00000006ca200000, 0x00000006ca300000|  0%| F|  |TS  0|AC  0|TAMS 0x00000006ca200000, 0x00000006ca200000|
|  79|0x00000006ca300000, 0x00000006ca300000, 0x00000006ca400000|  0%| F|  |TS  0|AC  0|TAMS 0x00000006ca300000, 0x00000006ca300000|
|  80|0x00000006ca400000, 0x00000006ca400000, 0x00000006ca500000|  0%| F|  |TS  0|AC  0|TAMS 0x00000006ca400000, 0x00000006ca400000|
|  81|0x00000006ca500000, 0x00000006ca500000, 0x00000006ca600000|  0%| F|  |TS  0|AC  0|TAMS 0x00000006ca500000, 0x00000006ca500000|
|  82|0x00000006ca600000, 0x00000006ca600000, 0x00000006ca700000|  0%| F|  |TS  0|AC  0|TAMS 0x00000006ca600000, 0x00000006ca600000|
|  83|0x00000006ca700000, 0x00000006ca700000, 0x00000006ca800000|  0%| F|  |TS  0|AC  0|TAMS 0x00000006ca700000, 0x00000006ca700000|
|  84|0x00000006ca800000, 0x00000006ca800000, 0x00000006ca900000|  0%| F|  |TS  0|AC  0|TAMS 0x00000006ca800000, 0x00000006ca800000|
|  85|0x00000006ca900000, 0x00000006ca900000, 0x00000006caa00000|  0%| F|  |TS  0|AC  0|TAMS 0x00000006ca900000, 0x00000006ca900000|
|  86|0x00000006caa00000, 0x00000006caa00000, 0x00000006cab00000|  0%| F|  |TS  0|AC  0|TAMS 0x00000006caa00000, 0x00000006caa00000|
|  87|0x00000006cab00000, 0x00000006cab00000, 0x00000006cac00000|  0%| F|  |TS  0|AC  0|TAMS 0x00000006cab00000, 0x00000006cab00000|
|  88|0x00000006cac00000, 0x00000006cac00000, 0x00000006cad00000|  0%| F|  |TS  0|AC  0|TAMS 0x00000006cac00000, 0x00000006cac00000|
|  89|0x00000006cad00000, 0x00000006cad00000, 0x00000006cae00000|  0%| F|  |TS  0|AC  0|TAMS 0x00000006cad00000, 0x00000006cad00000|
|  90|0x00000006cae00000, 0x00000006cae00000, 0x00000006caf00000|  0%| F|  |TS  0|AC  0|TAMS 0x00000006cae00000, 0x00000006cae00000|
|  91|0x00000006caf00000, 0x00000006caf00000, 0x00000006cb000000|  0%| F|  |TS  0|AC  0|TAMS 0x00000006caf00000, 0x00000006caf00000|
|  92|0x00000006cb000000, 0x00000006cb000000, 0x00000006cb100000|  0%| F|  |TS  0|AC  0|TAMS 0x00000006cb000000, 0x00000006cb000000|
|  93|0x00000006cb100000, 0x00000006cb100000, 0x00000006cb200000|  0%| F|  |TS  0|AC  0|TAMS 0x00000006cb100000, 0x00000006cb100000|
|  94|0x00000006cb200000, 0x00000006cb200000, 0x00000006cb300000|  0%| F|  |TS  0|AC  0|TAMS 0x00000006cb200000, 0x00000006cb200000|
|  95|0x00000006cb300000, 0x00000006cb300000, 0x00000006cb400000|  0%| F|  |TS  0|AC  0|TAMS 0x00000006cb300000, 0x00000006cb300000|
|  96|0x00000006cb400000, 0x00000006cb400000, 0x00000006cb500000|  0%| F|  |TS  0|AC  0|TAMS 0x00000006cb400000, 0x00000006cb400000|
|  97|0x00000006cb500000, 0x00000006cb500000, 0x00000006cb600000|  0%| F|  |TS  0|AC  0|TAMS 0x00000006cb500000, 0x00000006cb500000|
|  98|0x00000006cb600000, 0x00000006cb600000, 0x00000006cb700000|  0%| F|  |TS  0|AC  0|TAMS 0x00000006cb600000, 0x00000006cb600000|
|  99|0x00000006cb700000, 0x00000006cb700000, 0x00000006cb800000|  0%| F|  |TS  0|AC  0|TAMS 0x00000006cb700000, 0x00000006cb700000|
| 100|0x00000006cb800000, 0x00000006cb800000, 0x00000006cb900000|  0%| F|  |TS  0|AC  0|TAMS 0x00000006cb800000, 0x00000006cb800000|
| 101|0x00000006cb900000, 0x00000006cb900000, 0x00000006cba00000|  0%| F|  |TS  0|AC  0|TAMS 0x00000006cb900000, 0x00000006cb900000|
| 102|0x00000006cba00000, 0x00000006cba00000, 0x00000006cbb00000|  0%| F|  |TS  0|AC  0|TAMS 0x00000006cba00000, 0x00000006cba00000|
| 103|0x00000006cbb00000, 0x00000006cbb00000, 0x00000006cbc00000|  0%| F|  |TS  0|AC  0|TAMS 0x00000006cbb00000, 0x00000006cbb00000|
| 104|0x00000006cbc00000, 0x00000006cbc00000, 0x00000006cbd00000|  0%| F|  |TS  0|AC  0|TAMS 0x00000006cbc00000, 0x00000006cbc00000|
| 105|0x00000006cbd00000, 0x00000006cbd00000, 0x00000006cbe00000|  0%| F|  |TS  0|AC  0|TAMS 0x00000006cbd00000, 0x00000006cbd00000|
| 106|0x00000006cbe00000, 0x00000006cbe00000, 0x00000006cbf00000|  0%| F|  |TS  0|AC  0|TAMS 0x00000006cbe00000, 0x00000006cbe00000|
| 107|0x00000006cbf00000, 0x00000006cbf00000, 0x00000006cc000000|  0%| F|  |TS  0|AC  0|TAMS 0x00000006cbf00000, 0x00000006cbf00000|
| 108|0x00000006cc000000, 0x00000006cc000000, 0x00000006cc100000|  0%| F|  |TS  0|AC  0|TAMS 0x00000006cc000000, 0x00000006cc000000|
| 109|0x00000006cc100000, 0x00000006cc100000, 0x00000006cc200000|  0%| F|  |TS  0|AC  0|TAMS 0x00000006cc100000, 0x00000006cc100000|
| 110|0x00000006cc200000, 0x00000006cc200000, 0x00000006cc300000|  0%| F|  |TS  0|AC  0|TAMS 0x00000006cc200000, 0x00000006cc200000|
| 111|0x00000006cc300000, 0x00000006cc300000, 0x00000006cc400000|  0%| F|  |TS  0|AC  0|TAMS 0x00000006cc300000, 0x00000006cc300000|
| 112|0x00000006cc400000, 0x00000006cc400000, 0x00000006cc500000|  0%| F|  |TS  0|AC  0|TAMS 0x00000006cc400000, 0x00000006cc400000|
| 113|0x00000006cc500000, 0x00000006cc500000, 0x00000006cc600000|  0%| F|  |TS  0|AC  0|TAMS 0x00000006cc500000, 0x00000006cc500000|
| 114|0x00000006cc600000, 0x00000006cc600000, 0x00000006cc700000|  0%| F|  |TS  0|AC  0|TAMS 0x00000006cc600000, 0x00000006cc600000|
| 115|0x00000006cc700000, 0x00000006cc700000, 0x00000006cc800000|  0%| F|  |TS  0|AC  0|TAMS 0x00000006cc700000, 0x00000006cc700000|
| 116|0x00000006cc800000, 0x00000006cc800000, 0x00000006cc900000|  0%| F|  |TS  0|AC  0|TAMS 0x00000006cc800000, 0x00000006cc800000|
| 117|0x00000006cc900000, 0x00000006cc900000, 0x00000006cca00000|  0%| F|  |TS  0|AC  0|TAMS 0x00000006cc900000, 0x00000006cc900000|
| 118|0x00000006cca00000, 0x00000006cca00000, 0x00000006ccb00000|  0%| F|  |TS  0|AC  0|TAMS 0x00000006cca00000, 0x00000006cca00000|
| 119|0x00000006ccb00000, 0x00000006ccb00000, 0x00000006ccc00000|  0%| F|  |TS  0|AC  0|TAMS 0x00000006ccb00000, 0x00000006ccb00000|
| 120|0x00000006ccc00000, 0x00000006ccc00000, 0x00000006ccd00000|  0%| F|  |TS  0|AC  0|TAMS 0x00000006ccc00000, 0x00000006ccc00000|
| 121|0x00000006ccd00000, 0x00000006ccd00000, 0x00000006cce00000|  0%| F|  |TS  0|AC  0|TAMS 0x00000006ccd00000, 0x00000006ccd00000|
| 122|0x00000006cce00000, 0x00000006cce00000, 0x00000006ccf00000|  0%| F|  |TS  0|AC  0|TAMS 0x00000006cce00000, 0x00000006cce00000|
| 123|0x00000006ccf00000, 0x00000006ccf00000, 0x00000006cd000000|  0%| F|  |TS  0|AC  0|TAMS 0x00000006ccf00000, 0x00000006ccf00000|
| 124|0x00000006cd000000, 0x00000006cd000000, 0x00000006cd100000|  0%| F|  |TS  0|AC  0|TAMS 0x00000006cd000000, 0x00000006cd000000|
| 125|0x00000006cd100000, 0x00000006cd100000, 0x00000006cd200000|  0%| F|  |TS  0|AC  0|TAMS 0x00000006cd100000, 0x00000006cd100000|
| 126|0x00000006cd200000, 0x00000006cd200000, 0x00000006cd300000|  0%| F|  |TS  0|AC  0|TAMS 0x00000006cd200000, 0x00000006cd200000|
| 127|0x00000006cd300000, 0x00000006cd300000, 0x00000006cd400000|  0%| F|  |TS  0|AC  0|TAMS 0x00000006cd300000, 0x00000006cd300000|
| 128|0x00000006cd400000, 0x00000006cd400000, 0x00000006cd500000|  0%| F|  |TS  0|AC  0|TAMS 0x00000006cd400000, 0x00000006cd400000|
| 129|0x00000006cd500000, 0x00000006cd500000, 0x00000006cd600000|  0%| F|  |TS  0|AC  0|TAMS 0x00000006cd500000, 0x00000006cd500000|
| 130|0x00000006cd600000, 0x00000006cd600000, 0x00000006cd700000|  0%| F|  |TS  0|AC  0|TAMS 0x00000006cd600000, 0x00000006cd600000|
| 131|0x00000006cd700000, 0x00000006cd700000, 0x00000006cd800000|  0%| F|  |TS  0|AC  0|TAMS 0x00000006cd700000, 0x00000006cd700000|
| 132|0x00000006cd800000, 0x00000006cd800000, 0x00000006cd900000|  0%| F|  |TS  0|AC  0|TAMS 0x00000006cd800000, 0x00000006cd800000|
| 133|0x00000006cd900000, 0x00000006cd900000, 0x00000006cda00000|  0%| F|  |TS  0|AC  0|TAMS 0x00000006cd900000, 0x00000006cd900000|
| 134|0x00000006cda00000, 0x00000006cda00000, 0x00000006cdb00000|  0%| F|  |TS  0|AC  0|TAMS 0x00000006cda00000, 0x00000006cda00000|
| 135|0x00000006cdb00000, 0x00000006cdb00000, 0x00000006cdc00000|  0%| F|  |TS  0|AC  0|TAMS 0x00000006cdb00000, 0x00000006cdb00000|
| 136|0x00000006cdc00000, 0x00000006cdc00000, 0x00000006cdd00000|  0%| F|  |TS  0|AC  0|TAMS 0x00000006cdc00000, 0x00000006cdc00000|
| 137|0x00000006cdd00000, 0x00000006cdd00000, 0x00000006cde00000|  0%| F|  |TS  0|AC  0|TAMS 0x00000006cdd00000, 0x00000006cdd00000|
| 138|0x00000006cde00000, 0x00000006cde00000, 0x00000006cdf00000|  0%| F|  |TS  0|AC  0|TAMS 0x00000006cde00000, 0x00000006cde00000|
| 139|0x00000006cdf00000, 0x00000006cdf00000, 0x00000006ce000000|  0%| F|  |TS  0|AC  0|TAMS 0x00000006cdf00000, 0x00000006cdf00000|
| 140|0x00000006ce000000, 0x00000006ce000000, 0x00000006ce100000|  0%| F|  |TS  0|AC  0|TAMS 0x00000006ce000000, 0x00000006ce000000|
| 141|0x00000006ce100000, 0x00000006ce100000, 0x00000006ce200000|  0%| F|  |TS  0|AC  0|TAMS 0x00000006ce100000, 0x00000006ce100000|
| 142|0x00000006ce200000, 0x00000006ce200000, 0x00000006ce300000|  0%| F|  |TS  0|AC  0|TAMS 0x00000006ce200000, 0x00000006ce200000|
| 143|0x00000006ce300000, 0x00000006ce300000, 0x00000006ce400000|  0%| F|  |TS  0|AC  0|TAMS 0x00000006ce300000, 0x00000006ce300000|
| 144|0x00000006ce400000, 0x00000006ce400000, 0x00000006ce500000|  0%| F|  |TS  0|AC  0|TAMS 0x00000006ce400000, 0x00000006ce400000|
| 145|0x00000006ce500000, 0x00000006ce500000, 0x00000006ce600000|  0%| F|  |TS  0|AC  0|TAMS 0x00000006ce500000, 0x00000006ce500000|
| 146|0x00000006ce600000, 0x00000006ce600000, 0x00000006ce700000|  0%| F|  |TS  0|AC  0|TAMS 0x00000006ce600000, 0x00000006ce600000|
| 147|0x00000006ce700000, 0x00000006ce700000, 0x00000006ce800000|  0%| F|  |TS  0|AC  0|TAMS 0x00000006ce700000, 0x00000006ce700000|
| 148|0x00000006ce800000, 0x00000006ce800000, 0x00000006ce900000|  0%| F|  |TS  0|AC  0|TAMS 0x00000006ce800000, 0x00000006ce800000|
| 149|0x00000006ce900000, 0x00000006ce900000, 0x00000006cea00000|  0%| F|  |TS  0|AC  0|TAMS 0x00000006ce900000, 0x00000006ce900000|
| 150|0x00000006cea00000, 0x00000006cea00000, 0x00000006ceb00000|  0%| F|  |TS  0|AC  0|TAMS 0x00000006cea00000, 0x00000006cea00000|
| 151|0x00000006ceb00000, 0x00000006ceb00000, 0x00000006cec00000|  0%| F|  |TS  0|AC  0|TAMS 0x00000006ceb00000, 0x00000006ceb00000|
| 152|0x00000006cec00000, 0x00000006cec00000, 0x00000006ced00000|  0%| F|  |TS  0|AC  0|TAMS 0x00000006cec00000, 0x00000006cec00000|
| 153|0x00000006ced00000, 0x00000006ced00000, 0x00000006cee00000|  0%| F|  |TS  0|AC  0|TAMS 0x00000006ced00000, 0x00000006ced00000|
| 154|0x00000006cee00000, 0x00000006cee00000, 0x00000006cef00000|  0%| F|  |TS  0|AC  0|TAMS 0x00000006cee00000, 0x00000006cee00000|
| 155|0x00000006cef00000, 0x00000006cef00000, 0x00000006cf000000|  0%| F|  |TS  0|AC  0|TAMS 0x00000006cef00000, 0x00000006cef00000|
| 156|0x00000006cf000000, 0x00000006cf000000, 0x00000006cf100000|  0%| F|  |TS  0|AC  0|TAMS 0x00000006cf000000, 0x00000006cf000000|
| 157|0x00000006cf100000, 0x00000006cf100000, 0x00000006cf200000|  0%| F|  |TS  0|AC  0|TAMS 0x00000006cf100000, 0x00000006cf100000|
| 158|0x00000006cf200000, 0x00000006cf200000, 0x00000006cf300000|  0%| F|  |TS  0|AC  0|TAMS 0x00000006cf200000, 0x00000006cf200000|
| 159|0x00000006cf300000, 0x00000006cf300000, 0x00000006cf400000|  0%| F|  |TS  0|AC  0|TAMS 0x00000006cf300000, 0x00000006cf300000|
| 160|0x00000006cf400000, 0x00000006cf400000, 0x00000006cf500000|  0%| F|  |TS  0|AC  0|TAMS 0x00000006cf400000, 0x00000006cf400000|
| 161|0x00000006cf500000, 0x00000006cf500000, 0x00000006cf600000|  0%| F|  |TS  0|AC  0|TAMS 0x00000006cf500000, 0x00000006cf500000|
| 162|0x00000006cf600000, 0x00000006cf600000, 0x00000006cf700000|  0%| F|  |TS  0|AC  0|TAMS 0x00000006cf600000, 0x00000006cf600000|
| 163|0x00000006cf700000, 0x00000006cf700000, 0x00000006cf800000|  0%| F|  |TS  0|AC  0|TAMS 0x00000006cf700000, 0x00000006cf700000|
| 164|0x00000006cf800000, 0x00000006cf800000, 0x00000006cf900000|  0%| F|  |TS  0|AC  0|TAMS 0x00000006cf800000, 0x00000006cf800000|
| 165|0x00000006cf900000, 0x00000006cf900000, 0x00000006cfa00000|  0%| F|  |TS  0|AC  0|TAMS 0x00000006cf900000, 0x00000006cf900000|
| 166|0x00000006cfa00000, 0x00000006cfa00000, 0x00000006cfb00000|  0%| F|  |TS  0|AC  0|TAMS 0x00000006cfa00000, 0x00000006cfa00000|
| 167|0x00000006cfb00000, 0x00000006cfb00000, 0x00000006cfc00000|  0%| F|  |TS  0|AC  0|TAMS 0x00000006cfb00000, 0x00000006cfb00000|
| 168|0x00000006cfc00000, 0x00000006cfc00000, 0x00000006cfd00000|  0%| F|  |TS  0|AC  0|TAMS 0x00000006cfc00000, 0x00000006cfc00000|
| 169|0x00000006cfd00000, 0x00000006cfd00000, 0x00000006cfe00000|  0%| F|  |TS  0|AC  0|TAMS 0x00000006cfd00000, 0x00000006cfd00000|
| 170|0x00000006cfe00000, 0x00000006cfe00000, 0x00000006cff00000|  0%| F|  |TS  0|AC  0|TAMS 0x00000006cfe00000, 0x00000006cfe00000|
| 171|0x00000006cff00000, 0x00000006cff00000, 0x00000006d0000000|  0%| F|  |TS  0|AC  0|TAMS 0x00000006cff00000, 0x00000006cff00000|
| 172|0x00000006d0000000, 0x00000006d0000000, 0x00000006d0100000|  0%| F|  |TS  0|AC  0|TAMS 0x00000006d0000000, 0x00000006d0000000|
| 173|0x00000006d0100000, 0x00000006d0100000, 0x00000006d0200000|  0%| F|  |TS  0|AC  0|TAMS 0x00000006d0100000, 0x00000006d0100000|
| 174|0x00000006d0200000, 0x00000006d0200000, 0x00000006d0300000|  0%| F|  |TS  0|AC  0|TAMS 0x00000006d0200000, 0x00000006d0200000|
| 175|0x00000006d0300000, 0x00000006d0300000, 0x00000006d0400000|  0%| F|  |TS  0|AC  0|TAMS 0x00000006d0300000, 0x00000006d0300000|
| 176|0x00000006d0400000, 0x00000006d0400000, 0x00000006d0500000|  0%| F|  |TS  0|AC  0|TAMS 0x00000006d0400000, 0x00000006d0400000|
| 177|0x00000006d0500000, 0x00000006d0500000, 0x00000006d0600000|  0%| F|  |TS  0|AC  0|TAMS 0x00000006d0500000, 0x00000006d0500000|
| 178|0x00000006d0600000, 0x00000006d0600000, 0x00000006d0700000|  0%| F|  |TS  0|AC  0|TAMS 0x00000006d0600000, 0x00000006d0600000|
| 179|0x00000006d0700000, 0x00000006d0700000, 0x00000006d0800000|  0%| F|  |TS  0|AC  0|TAMS 0x00000006d0700000, 0x00000006d0700000|
| 180|0x00000006d0800000, 0x00000006d0800000, 0x00000006d0900000|  0%| F|  |TS  0|AC  0|TAMS 0x00000006d0800000, 0x00000006d0800000|
| 181|0x00000006d0900000, 0x00000006d0900000, 0x00000006d0a00000|  0%| F|  |TS  0|AC  0|TAMS 0x00000006d0900000, 0x00000006d0900000|
| 182|0x00000006d0a00000, 0x00000006d0a00000, 0x00000006d0b00000|  0%| F|  |TS  0|AC  0|TAMS 0x00000006d0a00000, 0x00000006d0a00000|
| 183|0x00000006d0b00000, 0x00000006d0b00000, 0x00000006d0c00000|  0%| F|  |TS  0|AC  0|TAMS 0x00000006d0b00000, 0x00000006d0b00000|
| 184|0x00000006d0c00000, 0x00000006d0c00000, 0x00000006d0d00000|  0%| F|  |TS  0|AC  0|TAMS 0x00000006d0c00000, 0x00000006d0c00000|
| 185|0x00000006d0d00000, 0x00000006d0d00000, 0x00000006d0e00000|  0%| F|  |TS  0|AC  0|TAMS 0x00000006d0d00000, 0x00000006d0d00000|
| 186|0x00000006d0e00000, 0x00000006d0e00000, 0x00000006d0f00000|  0%| F|  |TS  0|AC  0|TAMS 0x00000006d0e00000, 0x00000006d0e00000|
| 187|0x00000006d0f00000, 0x00000006d0f00000, 0x00000006d1000000|  0%| F|  |TS  0|AC  0|TAMS 0x00000006d0f00000, 0x00000006d0f00000|
| 188|0x00000006d1000000, 0x00000006d1000000, 0x00000006d1100000|  0%| F|  |TS  0|AC  0|TAMS 0x00000006d1000000, 0x00000006d1000000|
| 189|0x00000006d1100000, 0x00000006d1100000, 0x00000006d1200000|  0%| F|  |TS  0|AC  0|TAMS 0x00000006d1100000, 0x00000006d1100000|
| 190|0x00000006d1200000, 0x00000006d1200000, 0x00000006d1300000|  0%| F|  |TS  0|AC  0|TAMS 0x00000006d1200000, 0x00000006d1200000|
| 191|0x00000006d1300000, 0x00000006d1300000, 0x00000006d1400000|  0%| F|  |TS  0|AC  0|TAMS 0x00000006d1300000, 0x00000006d1300000|
| 192|0x00000006d1400000, 0x00000006d1400000, 0x00000006d1500000|  0%| F|  |TS  0|AC  0|TAMS 0x00000006d1400000, 0x00000006d1400000|
| 193|0x00000006d1500000, 0x00000006d1500000, 0x00000006d1600000|  0%| F|  |TS  0|AC  0|TAMS 0x00000006d1500000, 0x00000006d1500000|
| 194|0x00000006d1600000, 0x00000006d1600000, 0x00000006d1700000|  0%| F|  |TS  0|AC  0|TAMS 0x00000006d1600000, 0x00000006d1600000|
| 195|0x00000006d1700000, 0x00000006d1700000, 0x00000006d1800000|  0%| F|  |TS  0|AC  0|TAMS 0x00000006d1700000, 0x00000006d1700000|
| 196|0x00000006d1800000, 0x00000006d1800000, 0x00000006d1900000|  0%| F|  |TS  0|AC  0|TAMS 0x00000006d1800000, 0x00000006d1800000|
| 197|0x00000006d1900000, 0x00000006d1900000, 0x00000006d1a00000|  0%| F|  |TS  0|AC  0|TAMS 0x00000006d1900000, 0x00000006d1900000|
| 198|0x00000006d1a00000, 0x00000006d1a00000, 0x00000006d1b00000|  0%| F|  |TS  0|AC  0|TAMS 0x00000006d1a00000, 0x00000006d1a00000|
| 199|0x00000006d1b00000, 0x00000006d1b00000, 0x00000006d1c00000|  0%| F|  |TS  0|AC  0|TAMS 0x00000006d1b00000, 0x00000006d1b00000|
| 200|0x00000006d1c00000, 0x00000006d1c00000, 0x00000006d1d00000|  0%| F|  |TS  0|AC  0|TAMS 0x00000006d1c00000, 0x00000006d1c00000|
| 201|0x00000006d1d00000, 0x00000006d1d00000, 0x00000006d1e00000|  0%| F|  |TS  0|AC  0|TAMS 0x00000006d1d00000, 0x00000006d1d00000|
| 202|0x00000006d1e00000, 0x00000006d1e00000, 0x00000006d1f00000|  0%| F|  |TS  0|AC  0|TAMS 0x00000006d1e00000, 0x00000006d1e00000|
| 203|0x00000006d1f00000, 0x00000006d1f00000, 0x00000006d2000000|  0%| F|  |TS  0|AC  0|TAMS 0x00000006d1f00000, 0x00000006d1f00000|
| 204|0x00000006d2000000, 0x00000006d2000000, 0x00000006d2100000|  0%| F|  |TS  0|AC  0|TAMS 0x00000006d2000000, 0x00000006d2000000|
| 205|0x00000006d2100000, 0x00000006d2100000, 0x00000006d2200000|  0%| F|  |TS  0|AC  0|TAMS 0x00000006d2100000, 0x00000006d2100000|
| 206|0x00000006d2200000, 0x00000006d2200000, 0x00000006d2300000|  0%| F|  |TS  0|AC  0|TAMS 0x00000006d2200000, 0x00000006d2200000|
| 207|0x00000006d2300000, 0x00000006d2300000, 0x00000006d2400000|  0%| F|  |TS  0|AC  0|TAMS 0x00000006d2300000, 0x00000006d2300000|
| 208|0x00000006d2400000, 0x00000006d2400000, 0x00000006d2500000|  0%| F|  |TS  0|AC  0|TAMS 0x00000006d2400000, 0x00000006d2400000|
| 209|0x00000006d2500000, 0x00000006d2500000, 0x00000006d2600000|  0%| F|  |TS  0|AC  0|TAMS 0x00000006d2500000, 0x00000006d2500000|
| 210|0x00000006d2600000, 0x00000006d2600000, 0x00000006d2700000|  0%| F|  |TS  0|AC  0|TAMS 0x00000006d2600000, 0x00000006d2600000|
| 211|0x00000006d2700000, 0x00000006d2700000, 0x00000006d2800000|  0%| F|  |TS  0|AC  0|TAMS 0x00000006d2700000, 0x00000006d2700000|
| 212|0x00000006d2800000, 0x00000006d2800000, 0x00000006d2900000|  0%| F|  |TS  0|AC  0|TAMS 0x00000006d2800000, 0x00000006d2800000|
| 213|0x00000006d2900000, 0x00000006d2900000, 0x00000006d2a00000|  0%| F|  |TS  0|AC  0|TAMS 0x00000006d2900000, 0x00000006d2900000|
| 214|0x00000006d2a00000, 0x00000006d2a00000, 0x00000006d2b00000|  0%| F|  |TS  0|AC  0|TAMS 0x00000006d2a00000, 0x00000006d2a00000|
| 215|0x00000006d2b00000, 0x00000006d2b00000, 0x00000006d2c00000|  0%| F|  |TS  0|AC  0|TAMS 0x00000006d2b00000, 0x00000006d2b00000|
| 216|0x00000006d2c00000, 0x00000006d2c00000, 0x00000006d2d00000|  0%| F|  |TS  0|AC  0|TAMS 0x00000006d2c00000, 0x00000006d2c00000|
| 217|0x00000006d2d00000, 0x00000006d2d00000, 0x00000006d2e00000|  0%| F|  |TS  0|AC  0|TAMS 0x00000006d2d00000, 0x00000006d2d00000|
| 218|0x00000006d2e00000, 0x00000006d2e00000, 0x00000006d2f00000|  0%| F|  |TS  0|AC  0|TAMS 0x00000006d2e00000, 0x00000006d2e00000|
| 219|0x00000006d2f00000, 0x00000006d2f00000, 0x00000006d3000000|  0%| F|  |TS  0|AC  0|TAMS 0x00000006d2f00000, 0x00000006d2f00000|
| 220|0x00000006d3000000, 0x00000006d3000000, 0x00000006d3100000|  0%| F|  |TS  0|AC  0|TAMS 0x00000006d3000000, 0x00000006d3000000|
| 221|0x00000006d3100000, 0x00000006d3100000, 0x00000006d3200000|  0%| F|  |TS  0|AC  0|TAMS 0x00000006d3100000, 0x00000006d3100000|
| 222|0x00000006d3200000, 0x00000006d3200000, 0x00000006d3300000|  0%| F|  |TS  0|AC  0|TAMS 0x00000006d3200000, 0x00000006d3200000|
| 223|0x00000006d3300000, 0x00000006d3300000, 0x00000006d3400000|  0%| F|  |TS  0|AC  0|TAMS 0x00000006d3300000, 0x00000006d3300000|
| 224|0x00000006d3400000, 0x00000006d3400000, 0x00000006d3500000|  0%| F|  |TS  0|AC  0|TAMS 0x00000006d3400000, 0x00000006d3400000|
| 225|0x00000006d3500000, 0x00000006d3500000, 0x00000006d3600000|  0%| F|  |TS  0|AC  0|TAMS 0x00000006d3500000, 0x00000006d3500000|
| 226|0x00000006d3600000, 0x00000006d3600000, 0x00000006d3700000|  0%| F|  |TS  0|AC  0|TAMS 0x00000006d3600000, 0x00000006d3600000|
| 227|0x00000006d3700000, 0x00000006d3700000, 0x00000006d3800000|  0%| F|  |TS  0|AC  0|TAMS 0x00000006d3700000, 0x00000006d3700000|
| 228|0x00000006d3800000, 0x00000006d3800000, 0x00000006d3900000|  0%| F|  |TS  0|AC  0|TAMS 0x00000006d3800000, 0x00000006d3800000|
| 229|0x00000006d3900000, 0x00000006d3900000, 0x00000006d3a00000|  0%| F|  |TS  0|AC  0|TAMS 0x00000006d3900000, 0x00000006d3900000|
| 230|0x00000006d3a00000, 0x00000006d3a00000, 0x00000006d3b00000|  0%| F|  |TS  0|AC  0|TAMS 0x00000006d3a00000, 0x00000006d3a00000|
| 231|0x00000006d3b00000, 0x00000006d3b00000, 0x00000006d3c00000|  0%| F|  |TS  0|AC  0|TAMS 0x00000006d3b00000, 0x00000006d3b00000|
| 232|0x00000006d3c00000, 0x00000006d3c00000, 0x00000006d3d00000|  0%| F|  |TS  0|AC  0|TAMS 0x00000006d3c00000, 0x00000006d3c00000|
| 233|0x00000006d3d00000, 0x00000006d3d00000, 0x00000006d3e00000|  0%| F|  |TS  0|AC  0|TAMS 0x00000006d3d00000, 0x00000006d3d00000|
| 234|0x00000006d3e00000, 0x00000006d3e00000, 0x00000006d3f00000|  0%| F|  |TS  0|AC  0|TAMS 0x00000006d3e00000, 0x00000006d3e00000|
| 235|0x00000006d3f00000, 0x00000006d3f00000, 0x00000006d4000000|  0%| F|  |TS  0|AC  0|TAMS 0x00000006d3f00000, 0x00000006d3f00000|
| 236|0x00000006d4000000, 0x00000006d4000000, 0x00000006d4100000|  0%| F|  |TS  0|AC  0|TAMS 0x00000006d4000000, 0x00000006d4000000|
| 237|0x00000006d4100000, 0x00000006d4100000, 0x00000006d4200000|  0%| F|  |TS  0|AC  0|TAMS 0x00000006d4100000, 0x00000006d4100000|
| 238|0x00000006d4200000, 0x00000006d4200000, 0x00000006d4300000|  0%| F|  |TS  0|AC  0|TAMS 0x00000006d4200000, 0x00000006d4200000|
| 239|0x00000006d4300000, 0x00000006d4300000, 0x00000006d4400000|  0%| F|  |TS  0|AC  0|TAMS 0x00000006d4300000, 0x00000006d4300000|
| 240|0x00000006d4400000, 0x00000006d4400000, 0x00000006d4500000|  0%| F|  |TS  0|AC  0|TAMS 0x00000006d4400000, 0x00000006d4400000|
| 241|0x00000006d4500000, 0x00000006d4500000, 0x00000006d4600000|  0%| F|  |TS  0|AC  0|TAMS 0x00000006d4500000, 0x00000006d4500000|
| 242|0x00000006d4600000, 0x00000006d4600000, 0x00000006d4700000|  0%| F|  |TS  0|AC  0|TAMS 0x00000006d4600000, 0x00000006d4600000|
| 243|0x00000006d4700000, 0x00000006d4700000, 0x00000006d4800000|  0%| F|  |TS  0|AC  0|TAMS 0x00000006d4700000, 0x00000006d4700000|
| 244|0x00000006d4800000, 0x00000006d4800000, 0x00000006d4900000|  0%| F|  |TS  0|AC  0|TAMS 0x00000006d4800000, 0x00000006d4800000|
| 245|0x00000006d4900000, 0x00000006d4900000, 0x00000006d4a00000|  0%| F|  |TS  0|AC  0|TAMS 0x00000006d4900000, 0x00000006d4900000|
| 246|0x00000006d4a00000, 0x00000006d4abcdf8, 0x00000006d4b00000| 73%| E|  |TS  0|AC  0|TAMS 0x00000006d4a00000, 0x00000006d4a00000|
| 247|0x00000006d4b00000, 0x00000006d4c00000, 0x00000006d4c00000|100%| E|CS|TS  0|AC  0|TAMS 0x00000006d4b00000, 0x00000006d4b00000|
| 248|0x00000006d4c00000, 0x00000006d4d00000, 0x00000006d4d00000|100%| E|CS|TS  0|AC  0|TAMS 0x00000006d4c00000, 0x00000006d4c00000|
| 249|0x00000006d4d00000, 0x00000006d4e00000, 0x00000006d4e00000|100%| E|CS|TS  0|AC  0|TAMS 0x00000006d4d00000, 0x00000006d4d00000|
| 250|0x00000006d4e00000, 0x00000006d4f00000, 0x00000006d4f00000|100%| E|CS|TS  0|AC  0|TAMS 0x00000006d4e00000, 0x00000006d4e00000|
| 251|0x00000006d4f00000, 0x00000006d5000000, 0x00000006d5000000|100%| E|CS|TS  0|AC  0|TAMS 0x00000006d4f00000, 0x00000006d4f00000|

Card table byte_map: [0x00007f687c4cf000,0x00007f687cca5000] byte_map_base: 0x00007f6878ea5000

Marking Bits (Prev, Next): (CMBitMap*) 0x00007f6894077690, (CMBitMap*) 0x00007f68940776e8
 Prev Bits: [0x00007f683397a000, 0x00007f683782a000)
 Next Bits: [0x00007f682faca000, 0x00007f683397a000)

Polling page: 0x00007f689dca0000

CodeHeap 'non-nmethods': size=5700Kb used=1205Kb max_used=1206Kb free=4495Kb
 bounds [0x00007f687dc51000, 0x00007f687dec1000, 0x00007f687e1e2000]
CodeHeap 'profiled nmethods': size=120028Kb used=552Kb max_used=552Kb free=119475Kb
 bounds [0x00007f687e1e2000, 0x00007f687e452000, 0x00007f6885719000]
CodeHeap 'non-profiled nmethods': size=120032Kb used=114Kb max_used=114Kb free=119918Kb
 bounds [0x00007f6885719000, 0x00007f6885989000, 0x00007f688cc51000]
 total_blobs=911 nmethods=367 adapters=341
 compilation: enabled

Compilation events (10 events):
Event: 0.309 Thread 0x00007f6894259000 nmethod 363 0x00007f687e269b90 code [0x00007f687e269d20, 0x00007f687e26a1b8]
Event: 0.309 Thread 0x00007f6894259000  364       3       jdk.internal.org.objectweb.asm.Type::getDescriptor (87 bytes)
Event: 0.309 Thread 0x00007f6894255000  365       4       java.util.HashMap::putVal (300 bytes)
Event: 0.309 Thread 0x00007f6894259000 nmethod 364 0x00007f687e26a290 code [0x00007f687e26a480, 0x00007f687e26ac28]
Event: 0.313 Thread 0x00007f6894259000  366       3       java.lang.ref.SoftReference::<init> (13 bytes)
Event: 0.314 Thread 0x00007f6894259000 nmethod 366 0x00007f687e26ae90 code [0x00007f687e26b020, 0x00007f687e26b3b0]
Event: 0.314 Thread 0x00007f6894259000  367       3       java.lang.String::substring (68 bytes)
Event: 0.314 Thread 0x00007f6894259000 nmethod 367 0x00007f687e26b510 code [0x00007f687e26b720, 0x00007f687e26bfb8]
Event: 0.314 Thread 0x00007f6894259000  368  s    1       java.util.Vector::size (5 bytes)
Event: 0.314 Thread 0x00007f6894259000 nmethod 368 0x00007f6885735390 code [0x00007f6885735500, 0x00007f6885735770]

GC Heap History (0 events):
No events

Deoptimization events (6 events):
Event: 0.103 Thread 0x00007f6894010800 Uncommon trap: reason=unstable_if action=reinterpret pc=0x00007f688571af54 method=java.lang.String.hashCode()I @ 12
Event: 0.157 Thread 0x00007f6894010800 Uncommon trap: reason=unstable_if action=reinterpret pc=0x00007f68857248c4 method=java.lang.StringLatin1.replace([BCC)Ljava/lang/String; @ 19
Event: 0.309 Thread 0x00007f6894010800 Uncommon trap: reason=class_check action=maybe_recompile pc=0x00007f68857224f0 method=java.util.HashMap.putVal(ILjava/lang/Object;Ljava/lang/Object;ZZ)Ljava/lang/Object; @ 203
Event: 0.309 Thread 0x00007f6894010800 Uncommon trap: reason=class_check action=maybe_recompile pc=0x00007f68857224a4 method=java.util.HashMap.putVal(ILjava/lang/Object;Ljava/lang/Object;ZZ)Ljava/lang/Object; @ 91
Event: 0.309 Thread 0x00007f6894010800 Uncommon trap: reason=class_check action=maybe_recompile pc=0x00007f68857224a4 method=java.util.HashMap.putVal(ILjava/lang/Object;Ljava/lang/Object;ZZ)Ljava/lang/Object; @ 91
Event: 0.309 Thread 0x00007f6894010800 Uncommon trap: reason=class_check action=maybe_recompile pc=0x00007f68857224a4 method=java.util.HashMap.putVal(ILjava/lang/Object;Ljava/lang/Object;ZZ)Ljava/lang/Object; @ 91

Classes redefined (0 events):
No events

Internal exceptions (10 events):
Event: 0.244 Thread 0x00007f6894010800 Exception <a 'java/security/PrivilegedActionException'> (0x00000006d4b96a20) thrown at [/build/openjdk-9-argm_o/openjdk-9-9~b114/src/hotspot/src/share/vm/prims/jvm.cpp, line 1375]
Event: 0.244 Thread 0x00007f6894010800 Exception <a 'java/security/PrivilegedActionException'> (0x00000006d4b96c30) thrown at [/build/openjdk-9-argm_o/openjdk-9-9~b114/src/hotspot/src/share/vm/prims/jvm.cpp, line 1375]
Event: 0.244 Thread 0x00007f6894010800 Exception <a 'java/security/PrivilegedActionException'> (0x00000006d4b97698) thrown at [/build/openjdk-9-argm_o/openjdk-9-9~b114/src/hotspot/src/share/vm/prims/jvm.cpp, line 1375]
Event: 0.244 Thread 0x00007f6894010800 Exception <a 'java/security/PrivilegedActionException'> (0x00000006d4b978a8) thrown at [/build/openjdk-9-argm_o/openjdk-9-9~b114/src/hotspot/src/share/vm/prims/jvm.cpp, line 1375]
Event: 0.244 Thread 0x00007f6894010800 Exception <a 'java/security/PrivilegedActionException'> (0x00000006d4b983d8) thrown at [/build/openjdk-9-argm_o/openjdk-9-9~b114/src/hotspot/src/share/vm/prims/jvm.cpp, line 1375]
Event: 0.244 Thread 0x00007f6894010800 Exception <a 'java/security/PrivilegedActionException'> (0x00000006d4b985e8) thrown at [/build/openjdk-9-argm_o/openjdk-9-9~b114/src/hotspot/src/share/vm/prims/jvm.cpp, line 1375]
Event: 0.244 Thread 0x00007f6894010800 Exception <a 'java/security/PrivilegedActionException'> (0x00000006d4b99118) thrown at [/build/openjdk-9-argm_o/openjdk-9-9~b114/src/hotspot/src/share/vm/prims/jvm.cpp, line 1375]
Event: 0.244 Thread 0x00007f6894010800 Exception <a 'java/security/PrivilegedActionException'> (0x00000006d4b99328) thrown at [/build/openjdk-9-argm_o/openjdk-9-9~b114/src/hotspot/src/share/vm/prims/jvm.cpp, line 1375]
Event: 0.244 Thread 0x00007f6894010800 Exception <a 'java/security/PrivilegedActionException'> (0x00000006d4b99e60) thrown at [/build/openjdk-9-argm_o/openjdk-9-9~b114/src/hotspot/src/share/vm/prims/jvm.cpp, line 1375]
Event: 0.244 Thread 0x00007f6894010800 Exception <a 'java/security/PrivilegedActionException'> (0x00000006d4b9a070) thrown at [/build/openjdk-9-argm_o/openjdk-9-9~b114/src/hotspot/src/share/vm/prims/jvm.cpp, line 1375]

Events (10 events):
Event: 0.316 loading class sun/nio/cs/UTF_16$Decoder
Event: 0.316 loading class sun/nio/cs/UnicodeDecoder
Event: 0.316 loading class sun/nio/cs/UnicodeDecoder done
Event: 0.316 loading class sun/nio/cs/UTF_16$Decoder done
Event: 0.316 loading class sun/font/FileFontStrike
Event: 0.317 loading class sun/font/FileFontStrike done
Event: 0.317 loading class sun/font/FontScaler
Event: 0.317 loading class sun/font/FontScaler done
Event: 0.317 loading class sun/font/FreetypeFontScaler
Event: 0.317 loading class sun/font/FreetypeFontScaler done


Dynamic libraries:
00400000-00401000 r-xp 00000000 fd:01 922754                             /usr/lib/jvm/java-9-openjdk-amd64/bin/java
00600000-00601000 r--p 00000000 fd:01 922754                             /usr/lib/jvm/java-9-openjdk-amd64/bin/java
00601000-00602000 rw-p 00001000 fd:01 922754                             /usr/lib/jvm/java-9-openjdk-amd64/bin/java
01ed5000-01ef6000 rw-p 00000000 00:00 0                                  [heap]
6c5400000-6d5000000 rw-p 00000000 00:00 0 
6d5000000-7c0000000 ---p 00000000 00:00 0 
7c0000000-7c00e0000 rw-p 00000000 00:00 0 
7c00e0000-800000000 ---p 00000000 00:00 0 
7f67e0000000-7f67e0021000 rw-p 00000000 00:00 0 
7f67e0021000-7f67e4000000 ---p 00000000 00:00 0 
7f67e8000000-7f67e8021000 rw-p 00000000 00:00 0 
7f67e8021000-7f67ec000000 ---p 00000000 00:00 0 
7f67ec000000-7f67ec021000 rw-p 00000000 00:00 0 
7f67ec021000-7f67f0000000 ---p 00000000 00:00 0 
7f67f0000000-7f67f0021000 rw-p 00000000 00:00 0 
7f67f0021000-7f67f4000000 ---p 00000000 00:00 0 
7f67f4000000-7f67f4021000 rw-p 00000000 00:00 0 
7f67f4021000-7f67f8000000 ---p 00000000 00:00 0 
7f67f8000000-7f67f81ce000 rw-p 00000000 00:00 0 
7f67f81ce000-7f67fc000000 ---p 00000000 00:00 0 
7f67fc000000-7f67fc070000 rw-p 00000000 00:00 0 
7f67fc070000-7f6800000000 ---p 00000000 00:00 0 
7f6800000000-7f68001d5000 rw-p 00000000 00:00 0 
7f68001d5000-7f6804000000 ---p 00000000 00:00 0 
7f680645d000-7f6806481000 r-xp 00000000 fd:01 1048837                    /lib/x86_64-linux-gnu/libpng12.so.0.54.0
7f6806481000-7f6806680000 ---p 00024000 fd:01 1048837                    /lib/x86_64-linux-gnu/libpng12.so.0.54.0
7f6806680000-7f6806681000 r--p 00023000 fd:01 1048837                    /lib/x86_64-linux-gnu/libpng12.so.0.54.0
7f6806681000-7f6806682000 rw-p 00024000 fd:01 1048837                    /lib/x86_64-linux-gnu/libpng12.so.0.54.0
7f6806682000-7f6806726000 r-xp 00000000 fd:01 658480                     /usr/lib/x86_64-linux-gnu/libfreetype.so.6.12.1
7f6806726000-7f6806925000 ---p 000a4000 fd:01 658480                     /usr/lib/x86_64-linux-gnu/libfreetype.so.6.12.1
7f6806925000-7f680692b000 r--p 000a3000 fd:01 658480                     /usr/lib/x86_64-linux-gnu/libfreetype.so.6.12.1
7f680692b000-7f680692c000 rw-p 000a9000 fd:01 658480                     /usr/lib/x86_64-linux-gnu/libfreetype.so.6.12.1
7f680692c000-7f68069f2000 r-xp 00000000 fd:01 922781                     /usr/lib/jvm/java-9-openjdk-amd64/lib/amd64/libfontmanager.so
7f68069f2000-7f6806bf1000 ---p 000c6000 fd:01 922781                     /usr/lib/jvm/java-9-openjdk-amd64/lib/amd64/libfontmanager.so
7f6806bf1000-7f6806bf4000 r--p 000c5000 fd:01 922781                     /usr/lib/jvm/java-9-openjdk-amd64/lib/amd64/libfontmanager.so
7f6806bf4000-7f6806bf5000 rw-p 000c8000 fd:01 922781                     /usr/lib/jvm/java-9-openjdk-amd64/lib/amd64/libfontmanager.so
7f6806bf5000-7f6806bf6000 rw-p 00000000 00:00 0 
7f6806bf6000-7f6806bfa000 ---p 00000000 00:00 0 
7f6806bfa000-7f6806cf7000 rw-p 00000000 00:00 0 
7f6806cf7000-7f6806cfe000 r-xp 00000000 fd:01 922797                     /usr/lib/jvm/java-9-openjdk-amd64/lib/amd64/libawt_headless.so
7f6806cfe000-7f6806efd000 ---p 00007000 fd:01 922797                     /usr/lib/jvm/java-9-openjdk-amd64/lib/amd64/libawt_headless.so
7f6806efd000-7f6806efe000 r--p 00006000 fd:01 922797                     /usr/lib/jvm/java-9-openjdk-amd64/lib/amd64/libawt_headless.so
7f6806efe000-7f6806eff000 rw-p 00007000 fd:01 922797                     /usr/lib/jvm/java-9-openjdk-amd64/lib/amd64/libawt_headless.so
7f6806eff000-7f6806f9f000 r-xp 00000000 fd:01 922780                     /usr/lib/jvm/java-9-openjdk-amd64/lib/amd64/libawt.so
7f6806f9f000-7f680719e000 ---p 000a0000 fd:01 922780                     /usr/lib/jvm/java-9-openjdk-amd64/lib/amd64/libawt.so
7f680719e000-7f680719f000 r--p 0009f000 fd:01 922780                     /usr/lib/jvm/java-9-openjdk-amd64/lib/amd64/libawt.so
7f680719f000-7f68071aa000 rw-p 000a0000 fd:01 922780                     /usr/lib/jvm/java-9-openjdk-amd64/lib/amd64/libawt.so
7f68071aa000-7f68071cf000 rw-p 00000000 00:00 0 
7f68071cf000-7f68071d0000 ---p 00000000 00:00 0 
7f68071d0000-7f68072d0000 rw-p 00000000 00:00 0 
7f68072d0000-7f68072d4000 ---p 00000000 00:00 0 
7f68072d4000-7f68073d1000 rw-p 00000000 00:00 0 
7f68073d1000-7f68073d5000 ---p 00000000 00:00 0 
7f68073d5000-7f68077d2000 rw-p 00000000 00:00 0 
7f68077d2000-7f68077e8000 r-xp 00000000 fd:01 922782                     /usr/lib/jvm/java-9-openjdk-amd64/lib/amd64/libnet.so
7f68077e8000-7f68079e7000 ---p 00016000 fd:01 922782                     /usr/lib/jvm/java-9-openjdk-amd64/lib/amd64/libnet.so
7f68079e7000-7f68079e8000 r--p 00015000 fd:01 922782                     /usr/lib/jvm/java-9-openjdk-amd64/lib/amd64/libnet.so
7f68079e8000-7f68079e9000 rw-p 00016000 fd:01 922782                     /usr/lib/jvm/java-9-openjdk-amd64/lib/amd64/libnet.so
7f68079e9000-7f68079fa000 r-xp 00000000 fd:01 922809                     /usr/lib/jvm/java-9-openjdk-amd64/lib/amd64/libnio.so
7f68079fa000-7f6807bfa000 ---p 00011000 fd:01 922809                     /usr/lib/jvm/java-9-openjdk-amd64/lib/amd64/libnio.so
7f6807bfa000-7f6807bfb000 r--p 00011000 fd:01 922809                     /usr/lib/jvm/java-9-openjdk-amd64/lib/amd64/libnio.so
7f6807bfb000-7f6807bfc000 rw-p 00012000 fd:01 922809                     /usr/lib/jvm/java-9-openjdk-amd64/lib/amd64/libnio.so
7f6807bfc000-7f6807c00000 ---p 00000000 00:00 0 
7f6807c00000-7f6807cfd000 rw-p 00000000 00:00 0 
7f6807cfd000-7f6807d01000 ---p 00000000 00:00 0 
7f6807d01000-7f6807dfe000 rw-p 00000000 00:00 0 
7f6807dfe000-7f6807e02000 ---p 00000000 00:00 0 
7f6807e02000-7f6807eff000 rw-p 00000000 00:00 0 
7f6807eff000-7f6807f03000 ---p 00000000 00:00 0 
7f6807f03000-7f6808000000 rw-p 00000000 00:00 0 
7f6808000000-7f6808021000 rw-p 00000000 00:00 0 
7f6808021000-7f680c000000 ---p 00000000 00:00 0 
7f680c000000-7f680c1e0000 rw-p 00000000 00:00 0 
7f680c1e0000-7f6810000000 ---p 00000000 00:00 0 
7f6810000000-7f6810021000 rw-p 00000000 00:00 0 
7f6810021000-7f6814000000 ---p 00000000 00:00 0 
7f6814000000-7f6814021000 rw-p 00000000 00:00 0 
7f6814021000-7f6818000000 ---p 00000000 00:00 0 
7f6818000000-7f6818021000 rw-p 00000000 00:00 0 
7f6818021000-7f681c000000 ---p 00000000 00:00 0 
7f681c000000-7f681c021000 rw-p 00000000 00:00 0 
7f681c021000-7f6820000000 ---p 00000000 00:00 0 
7f6820000000-7f6820021000 rw-p 00000000 00:00 0 
7f6820021000-7f6824000000 ---p 00000000 00:00 0 
7f6824000000-7f6824021000 rw-p 00000000 00:00 0 
7f6824021000-7f6828000000 ---p 00000000 00:00 0 
7f6828000000-7f6828021000 rw-p 00000000 00:00 0 
7f6828021000-7f682c000000 ---p 00000000 00:00 0 
7f682c000000-7f682c004000 ---p 00000000 00:00 0 
7f682c004000-7f682c101000 rw-p 00000000 00:00 0 
7f682c101000-7f682c105000 ---p 00000000 00:00 0 
7f682c105000-7f682c202000 rw-p 00000000 00:00 0 
7f682c202000-7f682c206000 ---p 00000000 00:00 0 
7f682c206000-7f682c303000 rw-p 00000000 00:00 0 
7f682c303000-7f682c5db000 r--p 00000000 fd:01 661649                     /usr/lib/locale/locale-archive
7f682c5db000-7f682c5df000 ---p 00000000 00:00 0 
7f682c5df000-7f682c6dc000 rw-p 00000000 00:00 0 
7f682c6dc000-7f682c6e0000 ---p 00000000 00:00 0 
7f682c6e0000-7f682c7dd000 rw-p 00000000 00:00 0 
7f682c7dd000-7f682c7de000 ---p 00000000 00:00 0 
7f682c7de000-7f682cfde000 rw-p 00000000 00:00 0 
7f682cfde000-7f682d0de000 ---p 00000000 00:00 0 
7f682d0de000-7f682feba000 rw-p 00000000 00:00 0 
7f682feba000-7f683397a000 ---p 00000000 00:00 0 
7f683397a000-7f6833d6a000 rw-p 00000000 00:00 0 
7f6833d6a000-7f683782a000 ---p 00000000 00:00 0 
7f683782a000-7f68378a8000 rw-p 00000000 00:00 0 
7f68378a8000-7f6838000000 ---p 00000000 00:00 0 
7f6838000000-7f6838021000 rw-p 00000000 00:00 0 
7f6838021000-7f683c000000 ---p 00000000 00:00 0 
7f683c000000-7f683c021000 rw-p 00000000 00:00 0 
7f683c021000-7f6840000000 ---p 00000000 00:00 0 
7f6840000000-7f6840021000 rw-p 00000000 00:00 0 
7f6840021000-7f6844000000 ---p 00000000 00:00 0 
7f6844000000-7f6844021000 rw-p 00000000 00:00 0 
7f6844021000-7f6848000000 ---p 00000000 00:00 0 
7f6848000000-7f6848021000 rw-p 00000000 00:00 0 
7f6848021000-7f684c000000 ---p 00000000 00:00 0 
7f684c000000-7f684c021000 rw-p 00000000 00:00 0 
7f684c021000-7f6850000000 ---p 00000000 00:00 0 
7f6850000000-7f6850021000 rw-p 00000000 00:00 0 
7f6850021000-7f6854000000 ---p 00000000 00:00 0 
7f6854000000-7f6854021000 rw-p 00000000 00:00 0 
7f6854021000-7f6858000000 ---p 00000000 00:00 0 
7f6858000000-7f6858021000 rw-p 00000000 00:00 0 
7f6858021000-7f685c000000 ---p 00000000 00:00 0 
7f685c000000-7f685c021000 rw-p 00000000 00:00 0 
7f685c021000-7f6860000000 ---p 00000000 00:00 0 
7f6860000000-7f6860021000 rw-p 00000000 00:00 0 
7f6860021000-7f6864000000 ---p 00000000 00:00 0 
7f6864000000-7f6864021000 rw-p 00000000 00:00 0 
7f6864021000-7f6868000000 ---p 00000000 00:00 0 
7f6868000000-7f6868021000 rw-p 00000000 00:00 0 
7f6868021000-7f686c000000 ---p 00000000 00:00 0 
7f686c000000-7f686c021000 rw-p 00000000 00:00 0 
7f686c021000-7f6870000000 ---p 00000000 00:00 0 
7f6870000000-7f6870021000 rw-p 00000000 00:00 0 
7f6870021000-7f6874000000 ---p 00000000 00:00 0 
7f6874000000-7f6874021000 rw-p 00000000 00:00 0 
7f6874021000-7f6878000000 ---p 00000000 00:00 0 
7f6878000000-7f6878021000 rw-p 00000000 00:00 0 
7f6878021000-7f687c000000 ---p 00000000 00:00 0 
7f687c0d7000-7f687c54d000 rw-p 00000000 00:00 0 
7f687c54d000-7f687d47b000 ---p 00000000 00:00 0 
7f687d47b000-7f687d4f9000 rw-p 00000000 00:00 0 
7f687d4f9000-7f687dc51000 ---p 00000000 00:00 0 
7f687dc51000-7f687dec1000 rwxp 00000000 00:00 0 
7f687dec1000-7f687e1e2000 ---p 00000000 00:00 0 
7f687e1e2000-7f687e452000 rwxp 00000000 00:00 0 
7f687e452000-7f6885719000 ---p 00000000 00:00 0 
7f6885719000-7f6885989000 rwxp 00000000 00:00 0 
7f6885989000-7f688cc51000 ---p 00000000 00:00 0 
7f688cc51000-7f6894000000 r--s 00000000 fd:01 922763                     /usr/lib/jvm/java-9-openjdk-amd64/lib/modules
7f6894000000-7f68943db000 rw-p 00000000 00:00 0 
7f68943db000-7f6898000000 ---p 00000000 00:00 0 
7f6898051000-7f68982c3000 rw-p 00000000 00:00 0 
7f68982c3000-7f68982c4000 ---p 00000000 00:00 0 
7f68982c4000-7f68983c4000 rw-p 00000000 00:00 0 
7f68983c4000-7f68983c5000 ---p 00000000 00:00 0 
7f68983c5000-7f68984c5000 rw-p 00000000 00:00 0 
7f68984c5000-7f68984c6000 ---p 00000000 00:00 0 
7f68984c6000-7f68986c1000 rw-p 00000000 00:00 0 
7f68986c1000-7f68986c2000 ---p 00000000 00:00 0 
7f68986c2000-7f68987c2000 rw-p 00000000 00:00 0 
7f68987c2000-7f68987c3000 ---p 00000000 00:00 0 
7f68987c3000-7f68988c3000 rw-p 00000000 00:00 0 
7f68988c3000-7f68988c4000 ---p 00000000 00:00 0 
7f68988c4000-7f68989c4000 rw-p 00000000 00:00 0 
7f68989c4000-7f68989c5000 ---p 00000000 00:00 0 
7f68989c5000-7f6898ac5000 rw-p 00000000 00:00 0 
7f6898ac5000-7f6898ac6000 ---p 00000000 00:00 0 
7f6898ac6000-7f6898bc6000 rw-p 00000000 00:00 0 
7f6898bc6000-7f6898bc7000 ---p 00000000 00:00 0 
7f6898bc7000-7f6898cc7000 rw-p 00000000 00:00 0 
7f6898cc7000-7f6898cc8000 ---p 00000000 00:00 0 
7f6898cc8000-7f6898dc8000 rw-p 00000000 00:00 0 
7f6898dc8000-7f6898dc9000 ---p 00000000 00:00 0 
7f6898dc9000-7f6898ec9000 rw-p 00000000 00:00 0 
7f6898ec9000-7f6898eca000 ---p 00000000 00:00 0 
7f6898eca000-7f68997d2000 rw-p 00000000 00:00 0 
7f68997d2000-7f68997d3000 ---p 00000000 00:00 0 
7f68997d3000-7f68998d3000 rw-p 00000000 00:00 0 
7f68998d3000-7f68998d4000 ---p 00000000 00:00 0 
7f68998d4000-7f68999d4000 rw-p 00000000 00:00 0 
7f68999d4000-7f68999d5000 ---p 00000000 00:00 0 
7f68999d5000-7f6899ad5000 rw-p 00000000 00:00 0 
7f6899ad5000-7f6899ad6000 ---p 00000000 00:00 0 
7f6899ad6000-7f6899bd6000 rw-p 00000000 00:00 0 
7f6899bd6000-7f6899bd7000 ---p 00000000 00:00 0 
7f6899bd7000-7f6899cd7000 rw-p 00000000 00:00 0 
7f6899cd7000-7f6899cd8000 ---p 00000000 00:00 0 
7f6899cd8000-7f6899dd8000 rw-p 00000000 00:00 0 
7f6899dd8000-7f6899dd9000 ---p 00000000 00:00 0 
7f6899dd9000-7f6899ed9000 rw-p 00000000 00:00 0 
7f6899ed9000-7f6899eda000 ---p 00000000 00:00 0 
7f6899eda000-7f6899fdf000 rw-p 00000000 00:00 0 
7f6899fdf000-7f689a0c5000 ---p 00000000 00:00 0 
7f689a0c5000-7f689a0ca000 rw-p 00000000 00:00 0 
7f689a0ca000-7f689a1b0000 ---p 00000000 00:00 0 
7f689a1b0000-7f689a1b5000 r-xp 00000000 fd:01 922796                     /usr/lib/jvm/java-9-openjdk-amd64/lib/amd64/libjimage.so
7f689a1b5000-7f689a3b4000 ---p 00005000 fd:01 922796                     /usr/lib/jvm/java-9-openjdk-amd64/lib/amd64/libjimage.so
7f689a3b4000-7f689a3b5000 r--p 00004000 fd:01 922796                     /usr/lib/jvm/java-9-openjdk-amd64/lib/amd64/libjimage.so
7f689a3b5000-7f689a3b6000 rw-p 00005000 fd:01 922796                     /usr/lib/jvm/java-9-openjdk-amd64/lib/amd64/libjimage.so
7f689a3b6000-7f689a3bd000 r-xp 00000000 fd:01 922792                     /usr/lib/jvm/java-9-openjdk-amd64/lib/amd64/libzip.so
7f689a3bd000-7f689a5bc000 ---p 00007000 fd:01 922792                     /usr/lib/jvm/java-9-openjdk-amd64/lib/amd64/libzip.so
7f689a5bc000-7f689a5bd000 r--p 00006000 fd:01 922792                     /usr/lib/jvm/java-9-openjdk-amd64/lib/amd64/libzip.so
7f689a5bd000-7f689a5be000 rw-p 00007000 fd:01 922792                     /usr/lib/jvm/java-9-openjdk-amd64/lib/amd64/libzip.so
7f689a5be000-7f689a5c9000 r-xp 00000000 fd:01 1050458                    /lib/x86_64-linux-gnu/libnss_files-2.23.so
7f689a5c9000-7f689a7c8000 ---p 0000b000 fd:01 1050458                    /lib/x86_64-linux-gnu/libnss_files-2.23.so
7f689a7c8000-7f689a7c9000 r--p 0000a000 fd:01 1050458                    /lib/x86_64-linux-gnu/libnss_files-2.23.so
7f689a7c9000-7f689a7ca000 rw-p 0000b000 fd:01 1050458                    /lib/x86_64-linux-gnu/libnss_files-2.23.so
7f689a7ca000-7f689a7d0000 rw-p 00000000 00:00 0 
7f689a7d0000-7f689a7db000 r-xp 00000000 fd:01 1050464                    /lib/x86_64-linux-gnu/libnss_nis-2.23.so
7f689a7db000-7f689a9da000 ---p 0000b000 fd:01 1050464                    /lib/x86_64-linux-gnu/libnss_nis-2.23.so
7f689a9da000-7f689a9db000 r--p 0000a000 fd:01 1050464                    /lib/x86_64-linux-gnu/libnss_nis-2.23.so
7f689a9db000-7f689a9dc000 rw-p 0000b000 fd:01 1050464                    /lib/x86_64-linux-gnu/libnss_nis-2.23.so
7f689a9dc000-7f689a9f2000 r-xp 00000000 fd:01 1050453                    /lib/x86_64-linux-gnu/libnsl-2.23.so
7f689a9f2000-7f689abf1000 ---p 00016000 fd:01 1050453                    /lib/x86_64-linux-gnu/libnsl-2.23.so
7f689abf1000-7f689abf2000 r--p 00015000 fd:01 1050453                    /lib/x86_64-linux-gnu/libnsl-2.23.so
7f689abf2000-7f689abf3000 rw-p 00016000 fd:01 1050453                    /lib/x86_64-linux-gnu/libnsl-2.23.so
7f689abf3000-7f689abf5000 rw-p 00000000 00:00 0 
7f689abf5000-7f689abfd000 r-xp 00000000 fd:01 1050472                    /lib/x86_64-linux-gnu/libnss_compat-2.23.so
7f689abfd000-7f689adfc000 ---p 00008000 fd:01 1050472                    /lib/x86_64-linux-gnu/libnss_compat-2.23.so
7f689adfc000-7f689adfd000 r--p 00007000 fd:01 1050472                    /lib/x86_64-linux-gnu/libnss_compat-2.23.so
7f689adfd000-7f689adfe000 rw-p 00008000 fd:01 1050472                    /lib/x86_64-linux-gnu/libnss_compat-2.23.so
7f689adfe000-7f689ae29000 r-xp 00000000 fd:01 922775                     /usr/lib/jvm/java-9-openjdk-amd64/lib/amd64/libjava.so
7f689ae29000-7f689b028000 ---p 0002b000 fd:01 922775                     /usr/lib/jvm/java-9-openjdk-amd64/lib/amd64/libjava.so
7f689b028000-7f689b029000 r--p 0002a000 fd:01 922775                     /usr/lib/jvm/java-9-openjdk-amd64/lib/amd64/libjava.so
7f689b029000-7f689b02b000 rw-p 0002b000 fd:01 922775                     /usr/lib/jvm/java-9-openjdk-amd64/lib/amd64/libjava.so
7f689b02b000-7f689b038000 r-xp 00000000 fd:01 922776                     /usr/lib/jvm/java-9-openjdk-amd64/lib/amd64/libverify.so
7f689b038000-7f689b237000 ---p 0000d000 fd:01 922776                     /usr/lib/jvm/java-9-openjdk-amd64/lib/amd64/libverify.so
7f689b237000-7f689b239000 r--p 0000c000 fd:01 922776                     /usr/lib/jvm/java-9-openjdk-amd64/lib/amd64/libverify.so
7f689b239000-7f689b23a000 rw-p 0000e000 fd:01 922776                     /usr/lib/jvm/java-9-openjdk-amd64/lib/amd64/libverify.so
7f689b23a000-7f689b241000 r-xp 00000000 fd:01 1050467                    /lib/x86_64-linux-gnu/librt-2.23.so
7f689b241000-7f689b440000 ---p 00007000 fd:01 1050467                    /lib/x86_64-linux-gnu/librt-2.23.so
7f689b440000-7f689b441000 r--p 00006000 fd:01 1050467                    /lib/x86_64-linux-gnu/librt-2.23.so
7f689b441000-7f689b442000 rw-p 00007000 fd:01 1050467                    /lib/x86_64-linux-gnu/librt-2.23.so
7f689b442000-7f689b458000 r-xp 00000000 fd:01 1048791                    /lib/x86_64-linux-gnu/libgcc_s.so.1
7f689b458000-7f689b657000 ---p 00016000 fd:01 1048791                    /lib/x86_64-linux-gnu/libgcc_s.so.1
7f689b657000-7f689b658000 rw-p 00015000 fd:01 1048791                    /lib/x86_64-linux-gnu/libgcc_s.so.1
7f689b658000-7f689b760000 r-xp 00000000 fd:01 1050478                    /lib/x86_64-linux-gnu/libm-2.23.so
7f689b760000-7f689b95f000 ---p 00108000 fd:01 1050478                    /lib/x86_64-linux-gnu/libm-2.23.so
7f689b95f000-7f689b960000 r--p 00107000 fd:01 1050478                    /lib/x86_64-linux-gnu/libm-2.23.so
7f689b960000-7f689b961000 rw-p 00108000 fd:01 1050478                    /lib/x86_64-linux-gnu/libm-2.23.so
7f689b961000-7f689bad3000 r-xp 00000000 fd:01 660770                     /usr/lib/x86_64-linux-gnu/libstdc++.so.6.0.21
7f689bad3000-7f689bcd3000 ---p 00172000 fd:01 660770                     /usr/lib/x86_64-linux-gnu/libstdc++.so.6.0.21
7f689bcd3000-7f689bcdd000 r--p 00172000 fd:01 660770                     /usr/lib/x86_64-linux-gnu/libstdc++.so.6.0.21
7f689bcdd000-7f689bcdf000 rw-p 0017c000 fd:01 660770                     /usr/lib/x86_64-linux-gnu/libstdc++.so.6.0.21
7f689bcdf000-7f689bce3000 rw-p 00000000 00:00 0 
7f689bce3000-7f689cb41000 r-xp 00000000 fd:01 922789                     /usr/lib/jvm/java-9-openjdk-amd64/lib/amd64/server/libjvm.so
7f689cb41000-7f689cd41000 ---p 00e5e000 fd:01 922789                     /usr/lib/jvm/java-9-openjdk-amd64/lib/amd64/server/libjvm.so
7f689cd41000-7f689cdf3000 r--p 00e5e000 fd:01 922789                     /usr/lib/jvm/java-9-openjdk-amd64/lib/amd64/server/libjvm.so
7f689cdf3000-7f689ce25000 rw-p 00f10000 fd:01 922789                     /usr/lib/jvm/java-9-openjdk-amd64/lib/amd64/server/libjvm.so
7f689ce25000-7f689ce6a000 rw-p 00000000 00:00 0 
7f689ce6a000-7f689ce82000 r-xp 00000000 fd:01 1050462                    /lib/x86_64-linux-gnu/libpthread-2.23.so
7f689ce82000-7f689d081000 ---p 00018000 fd:01 1050462                    /lib/x86_64-linux-gnu/libpthread-2.23.so
7f689d081000-7f689d082000 r--p 00017000 fd:01 1050462                    /lib/x86_64-linux-gnu/libpthread-2.23.so
7f689d082000-7f689d083000 rw-p 00018000 fd:01 1050462                    /lib/x86_64-linux-gnu/libpthread-2.23.so
7f689d083000-7f689d087000 rw-p 00000000 00:00 0 
7f689d087000-7f689d08a000 r-xp 00000000 fd:01 1050471                    /lib/x86_64-linux-gnu/libdl-2.23.so
7f689d08a000-7f689d289000 ---p 00003000 fd:01 1050471                    /lib/x86_64-linux-gnu/libdl-2.23.so
7f689d289000-7f689d28a000 r--p 00002000 fd:01 1050471                    /lib/x86_64-linux-gnu/libdl-2.23.so
7f689d28a000-7f689d28b000 rw-p 00003000 fd:01 1050471                    /lib/x86_64-linux-gnu/libdl-2.23.so
7f689d28b000-7f689d2a4000 r-xp 00000000 fd:01 1048873                    /lib/x86_64-linux-gnu/libz.so.1.2.8
7f689d2a4000-7f689d4a3000 ---p 00019000 fd:01 1048873                    /lib/x86_64-linux-gnu/libz.so.1.2.8
7f689d4a3000-7f689d4a4000 r--p 00018000 fd:01 1048873                    /lib/x86_64-linux-gnu/libz.so.1.2.8
7f689d4a4000-7f689d4a5000 rw-p 00019000 fd:01 1048873                    /lib/x86_64-linux-gnu/libz.so.1.2.8
7f689d4a5000-7f689d665000 r-xp 00000000 fd:01 1050483                    /lib/x86_64-linux-gnu/libc-2.23.so
7f689d665000-7f689d865000 ---p 001c0000 fd:01 1050483                    /lib/x86_64-linux-gnu/libc-2.23.so
7f689d865000-7f689d869000 r--p 001c0000 fd:01 1050483                    /lib/x86_64-linux-gnu/libc-2.23.so
7f689d869000-7f689d86b000 rw-p 001c4000 fd:01 1050483                    /lib/x86_64-linux-gnu/libc-2.23.so
7f689d86b000-7f689d86f000 rw-p 00000000 00:00 0 
7f689d86f000-7f689d87d000 r-xp 00000000 fd:01 922806                     /usr/lib/jvm/java-9-openjdk-amd64/lib/amd64/jli/libjli.so
7f689d87d000-7f689da7c000 ---p 0000e000 fd:01 922806                     /usr/lib/jvm/java-9-openjdk-amd64/lib/amd64/jli/libjli.so
7f689da7c000-7f689da7d000 r--p 0000d000 fd:01 922806                     /usr/lib/jvm/java-9-openjdk-amd64/lib/amd64/jli/libjli.so
7f689da7d000-7f689da7e000 rw-p 0000e000 fd:01 922806                     /usr/lib/jvm/java-9-openjdk-amd64/lib/amd64/jli/libjli.so
7f689da7e000-7f689daa4000 r-xp 00000000 fd:01 1050454                    /lib/x86_64-linux-gnu/ld-2.23.so
7f689dae8000-7f689db88000 rw-p 00000000 00:00 0 
7f689db88000-7f689db8f000 ---p 00000000 00:00 0 
7f689db8f000-7f689db93000 ---p 00000000 00:00 0 
7f689db93000-7f689dc95000 rw-p 00000000 00:00 0 
7f689dc97000-7f689dc9f000 rw-s 00000000 fd:01 923383                     /tmp/hsperfdata_zhang/20225
7f689dc9f000-7f689dca0000 rw-p 00000000 00:00 0 
7f689dca0000-7f689dca1000 r--p 00000000 00:00 0 
7f689dca1000-7f689dca3000 rw-p 00000000 00:00 0 
7f689dca3000-7f689dca4000 r--p 00025000 fd:01 1050454                    /lib/x86_64-linux-gnu/ld-2.23.so
7f689dca4000-7f689dca5000 rw-p 00026000 fd:01 1050454                    /lib/x86_64-linux-gnu/ld-2.23.so
7f689dca5000-7f689dca6000 rw-p 00000000 00:00 0 
7ffd538f1000-7ffd53912000 rw-p 00000000 00:00 0                          [stack]
7ffd5394e000-7ffd53950000 r--p 00000000 00:00 0                          [vvar]
7ffd53950000-7ffd53952000 r-xp 00000000 00:00 0                          [vdso]
ffffffffff600000-ffffffffff601000 r-xp 00000000 00:00 0                  [vsyscall]

VM Arguments:
java_command: plantuml.jar test.uml
java_class_path (initial): plantuml.jar
Launcher Type: SUN_STANDARD

Environment Variables:
PATH=/usr/local/sbin:/usr/local/bin:/usr/sbin:/usr/bin:/sbin:/bin:/usr/games:/usr/local/games
SHELL=/usr/bin/zsh

Signal Handlers:
SIGSEGV: [libjvm.so+0xc12c20], sa_mask[0]=11111111011111111101111111111110, sa_flags=SA_RESTART|SA_SIGINFO
SIGBUS: [libjvm.so+0xc12c20], sa_mask[0]=11111111011111111101111111111110, sa_flags=SA_RESTART|SA_SIGINFO
SIGFPE: [libjvm.so+0xc12c20], sa_mask[0]=11111111011111111101111111111110, sa_flags=SA_RESTART|SA_SIGINFO
SIGPIPE: [libjvm.so+0xa3b600], sa_mask[0]=11111111011111111101111111111110, sa_flags=SA_RESTART|SA_SIGINFO
SIGXFSZ: [libjvm.so+0xa3b600], sa_mask[0]=11111111011111111101111111111110, sa_flags=SA_RESTART|SA_SIGINFO
SIGILL: [libjvm.so+0xc12c20], sa_mask[0]=11111111011111111101111111111110, sa_flags=SA_RESTART|SA_SIGINFO
SIGUSR2: [libjvm.so+0xa3b4a0], sa_mask[0]=00000000000000000000000000000000, sa_flags=SA_RESTART|SA_SIGINFO
SIGHUP: [libjvm.so+0xa3b870], sa_mask[0]=11111111011111111101111111111110, sa_flags=SA_RESTART|SA_SIGINFO
SIGINT: [libjvm.so+0xa3b870], sa_mask[0]=11111111011111111101111111111110, sa_flags=SA_RESTART|SA_SIGINFO
SIGTERM: [libjvm.so+0xa3b870], sa_mask[0]=11111111011111111101111111111110, sa_flags=SA_RESTART|SA_SIGINFO
SIGQUIT: [libjvm.so+0xa3b870], sa_mask[0]=11111111011111111101111111111110, sa_flags=SA_RESTART|SA_SIGINFO


---------------  S Y S T E M  ---------------

OS:DISTRIB_ID=Ubuntu
DISTRIB_RELEASE=16.04
DISTRIB_CODENAME=xenial
DISTRIB_DESCRIPTION="Ubuntu 16.04.3 LTS"
uname:Linux 4.4.0-78-generic #99-Ubuntu SMP Thu Apr 27 15:29:09 UTC 2017 x86_64
libc:glibc 2.23 NPTL 2.23 
rlimit: STACK 8192k, CORE 0k, NPROC 64042, NOFILE 65535, AS infinity
load average:2.30 1.55 0.83

/proc/meminfo:
MemTotal:       16431932 kB
MemFree:         1725788 kB
MemAvailable:   14209476 kB
Buffers:          276508 kB
Cached:         11337288 kB
SwapCached:            0 kB
Active:         10263672 kB
Inactive:        2837628 kB
Active(anon):    1550348 kB
Inactive(anon):   110948 kB
Active(file):    8713324 kB
Inactive(file):  2726680 kB
Unevictable:           0 kB
Mlocked:               0 kB
SwapTotal:             0 kB
SwapFree:              0 kB
Dirty:                88 kB
Writeback:             0 kB
AnonPages:       1487668 kB
Mapped:           518132 kB
Shmem:            173800 kB
Slab:            1501124 kB
SReclaimable:    1382024 kB
SUnreclaim:       119100 kB
KernelStack:       21024 kB
PageTables:        17768 kB
NFS_Unstable:          0 kB
Bounce:                0 kB
WritebackTmp:          0 kB
CommitLimit:     8215964 kB
Committed_AS:    7077220 kB
VmallocTotal:   34359738367 kB
VmallocUsed:           0 kB
VmallocChunk:          0 kB
HardwareCorrupted:     0 kB
AnonHugePages:    417792 kB
CmaTotal:              0 kB
CmaFree:               0 kB
HugePages_Total:       0
HugePages_Free:        0
HugePages_Rsvd:        0
HugePages_Surp:        0
Hugepagesize:       2048 kB
DirectMap4k:      208764 kB
DirectMap2M:    14471168 kB
DirectMap1G:     4194304 kB


CPU:total 8 (1 cores per cpu, 1 threads per core) family 6 model 45 stepping 7, cmov, cx8, fxsr, mmx, sse, sse2, sse3, ssse3, sse4.1, sse4.2, popcnt, avx, aes, clmul, tsc

CPU Model and flags from /proc/cpuinfo:
model name	: Intel(R) Xeon(R) CPU E5-4610 0 @ 2.40GHz
flags		: fpu vme de pse tsc msr pae mce cx8 apic sep mtrr pge mca cmov pat pse36 clflush mmx fxsr sse sse2 ss syscall nx pdpe1gb rdtscp lm constant_tsc arch_perfmon rep_good nopl eagerfpu pni pclmulqdq vmx ssse3 cx16 pcid sse4_1 sse4_2 x2apic popcnt tsc_deadline_timer aes xsave avx hypervisor lahf_lm tpr_shadow vnmi flexpriority ept tsc_adjust xsaveopt

Memory: 4k page, physical 16431932k(1725788k free), swap 0k(0k free)

vm_info: OpenJDK 64-Bit Server VM (9-internal+0-2016-04-14-195246.buildd.src) for linux-amd64 JRE (9-internal+0-2016-04-14-195246.buildd.src), built on Apr 14 2016 20:05:37 by "buildd" with gcc 5.3.1 20160413

END.
